c:\hooman\gbc\game3121\ogre\build\components\rtshadersystem\ogrertshadersystem.dir\release\cmake_pch.pch
c:\hooman\gbc\game3121\ogre\build\components\rtshadersystem\ogrertshadersystem.dir\release\cmake_pch.obj
c:\hooman\gbc\game3121\ogre\build\components\rtshadersystem\ogrertshadersystem.dir\release\ogreshadercgprogramprocessor.obj
c:\hooman\gbc\game3121\ogre\build\components\rtshadersystem\ogrertshadersystem.dir\release\ogreshaderexintegratedpssm3.obj
c:\hooman\gbc\game3121\ogre\build\components\rtshadersystem\ogrertshadersystem.dir\release\ogreshaderextriplanartexturing.obj
c:\hooman\gbc\game3121\ogre\build\components\rtshadersystem\ogrertshadersystem.dir\release\ogreshaderfunctionatom.obj
c:\hooman\gbc\game3121\ogre\build\components\rtshadersystem\ogrertshadersystem.dir\release\ogreshadermaterialserializerlistener.obj
c:\hooman\gbc\game3121\ogre\build\components\rtshadersystem\ogrertshadersystem.dir\release\ogreshaderprogramset.obj
c:\hooman\gbc\game3121\ogre\build\components\rtshadersystem\ogrertshadersystem.dir\release\ogreshaderrenderstate.obj
c:\hooman\gbc\game3121\ogre\build\components\rtshadersystem\ogrertshadersystem.dir\release\ogreshaderexhardwareskinningtechnique.obj
c:\hooman\gbc\game3121\ogre\build\components\rtshadersystem\ogrertshadersystem.dir\release\ogreshaderexnormalmaplighting.obj
c:\hooman\gbc\game3121\ogre\build\components\rtshadersystem\ogrertshadersystem.dir\release\ogreshaderffplighting.obj
c:\hooman\gbc\game3121\ogre\build\components\rtshadersystem\ogrertshadersystem.dir\release\ogreshaderprogrammanager.obj
c:\hooman\gbc\game3121\ogre\build\components\rtshadersystem\ogrertshadersystem.dir\release\ogreshaderexlayeredblending.obj
c:\hooman\gbc\game3121\ogre\build\components\rtshadersystem\ogrertshadersystem.dir\release\ogreshaderffpalphatest.obj
c:\hooman\gbc\game3121\ogre\build\components\rtshadersystem\ogrertshadersystem.dir\release\ogreshaderffprenderstatebuilder.obj
c:\hooman\gbc\game3121\ogre\build\components\rtshadersystem\ogrertshadersystem.dir\release\ogreshaderglslesprogramwriter.obj
c:\hooman\gbc\game3121\ogre\build\components\rtshadersystem\ogrertshadersystem.dir\release\ogreshaderglslprogramwriter.obj
c:\hooman\gbc\game3121\ogre\build\components\rtshadersystem\ogrertshadersystem.dir\release\ogreshadersubrenderstate.obj
c:\hooman\gbc\game3121\ogre\build\components\rtshadersystem\ogrertshadersystem.dir\release\ogreshaderexgbuffer.obj
c:\hooman\gbc\game3121\ogre\build\components\rtshadersystem\ogrertshadersystem.dir\release\ogreshaderexperpixellighting.obj
c:\hooman\gbc\game3121\ogre\build\components\rtshadersystem\ogrertshadersystem.dir\release\ogreshaderffpfog.obj
c:\hooman\gbc\game3121\ogre\build\components\rtshadersystem\ogrertshadersystem.dir\release\ogreshaderfunction.obj
c:\hooman\gbc\game3121\ogre\build\components\rtshadersystem\ogrertshadersystem.dir\release\ogreshaderprogramwriter.obj
c:\hooman\gbc\game3121\ogre\build\components\rtshadersystem\ogrertshadersystem.dir\release\ogreshaderexlinearskinning.obj
c:\hooman\gbc\game3121\ogre\build\components\rtshadersystem\ogrertshadersystem.dir\release\ogreshaderglslesprogramprocessor.obj
c:\hooman\gbc\game3121\ogre\build\components\rtshadersystem\ogrertshadersystem.dir\release\ogreshadergenerator.obj
c:\hooman\gbc\game3121\ogre\build\components\rtshadersystem\ogrertshadersystem.dir\release\ogreshaderexhardwareskinning.obj
c:\hooman\gbc\game3121\ogre\build\components\rtshadersystem\ogrertshadersystem.dir\release\ogreshaderffptransform.obj
c:\hooman\gbc\game3121\ogre\build\components\rtshadersystem\ogrertshadersystem.dir\release\ogreshaderhlslprogramprocessor.obj
c:\hooman\gbc\game3121\ogre\build\components\rtshadersystem\ogrertshadersystem.dir\release\ogreshaderparameter.obj
c:\hooman\gbc\game3121\ogre\build\components\rtshadersystem\ogrertshadersystem.dir\release\ogreshaderprogramwritermanager.obj
c:\hooman\gbc\game3121\ogre\build\components\rtshadersystem\ogrertshadersystem.dir\release\ogreshadercgprogramwriter.obj
c:\hooman\gbc\game3121\ogre\build\components\rtshadersystem\ogrertshadersystem.dir\release\ogreshaderextextureatlassampler.obj
c:\hooman\gbc\game3121\ogre\build\components\rtshadersystem\ogrertshadersystem.dir\release\ogreshaderglslprogramprocessor.obj
c:\hooman\gbc\game3121\ogre\build\components\rtshadersystem\ogrertshadersystem.dir\release\ogreshaderhlslprogramwriter.obj
c:\hooman\gbc\game3121\ogre\build\components\rtshadersystem\ogrertshadersystem.dir\release\ogreshaderprogramprocessor.obj
c:\hooman\gbc\game3121\ogre\build\components\rtshadersystem\ogrertshadersystem.dir\release\ogreshaderexdualquaternionskinning.obj
c:\hooman\gbc\game3121\ogre\build\components\rtshadersystem\ogrertshadersystem.dir\release\ogreshaderffpcolour.obj
c:\hooman\gbc\game3121\ogre\build\components\rtshadersystem\ogrertshadersystem.dir\release\ogreshaderffptexturing.obj
c:\hooman\gbc\game3121\ogre\build\components\rtshadersystem\ogrertshadersystem.dir\release\ogreshaderprogram.obj
c:\hooman\gbc\game3121\ogre\build\components\rtshadersystem\ogrertshadersystem.dir\release\ogreshaderscripttranslator.obj
c:\hooman\gbc\game3121\ogre\build\bin\release\ogrertshadersystem.dll
c:\hooman\gbc\game3121\ogre\build\lib\release\ogrertshadersystem.lib
c:\hooman\gbc\game3121\ogre\build\lib\release\ogrertshadersystem.exp
c:\hooman\gbc\game3121\ogre\build\components\rtshadersystem\ogrertshadersystem.dir\release\ogrertsh.d6309576.tlog\cl.command.1.tlog
c:\hooman\gbc\game3121\ogre\build\components\rtshadersystem\ogrertshadersystem.dir\release\ogrertsh.d6309576.tlog\cl.read.1.tlog
c:\hooman\gbc\game3121\ogre\build\components\rtshadersystem\ogrertshadersystem.dir\release\ogrertsh.d6309576.tlog\cl.write.1.tlog
c:\hooman\gbc\game3121\ogre\build\components\rtshadersystem\ogrertshadersystem.dir\release\ogrertsh.d6309576.tlog\link.command.1.tlog
c:\hooman\gbc\game3121\ogre\build\components\rtshadersystem\ogrertshadersystem.dir\release\ogrertsh.d6309576.tlog\link.read.1.tlog
c:\hooman\gbc\game3121\ogre\build\components\rtshadersystem\ogrertshadersystem.dir\release\ogrertsh.d6309576.tlog\link.write.1.tlog
c:\hooman\gbc\game3121\ogre\build\components\rtshadersystem\ogrertshadersystem.dir\release\ogrertsh.d6309576.tlog\ogrertshadersystem.write.1u.tlog
