  OgreVolumeCSGSource.cpp
  OgreVolumeCacheSource.cpp
  OgreVolumeChunk.cpp
  OgreVolumeChunkHandler.cpp
  OgreVolumeDualGridGenerator.cpp
  OgreVolumeGridSource.cpp
  OgreVolumeHalfFloatGridSource.cpp
  OgreVolumeIsoSurface.cpp
  OgreVolumeIsoSurfaceMC.cpp
  OgreVolumeMeshBuilder.cpp
C:\Hooman\GBC\GAME3121\ogre\OgreMain\include\OgreRenderSystem.h(962,1): warning C4267: 'argument': conversion from 'size_t' to 'const T', possible loss of data
          with
          [
              T=long
          ] (compiling source file C:\Hooman\GBC\GAME3121\ogre\Components\Volume\src\OgreVolumeHalfFloatGridSource.cpp)
C:\Hooman\GBC\GAME3121\ogre\OgreMain\include\OgreRenderSystem.h(962,1): warning C4267: 'argument': conversion from 'size_t' to 'const T', possible loss of data
          with
          [
              T=long
          ] (compiling source file C:\Hooman\GBC\GAME3121\ogre\Components\Volume\src\OgreVolumeChunk.cpp)
  OgreVolumeOctreeNode.cpp
C:\Hooman\GBC\GAME3121\ogre\OgreMain\include\OgreRenderSystem.h(962,1): warning C4267: 'argument': conversion from 'size_t' to 'const T', possible loss of data
          with
          [
              T=long
          ] (compiling source file C:\Hooman\GBC\GAME3121\ogre\Components\Volume\src\OgreVolumeDualGridGenerator.cpp)
  OgreVolumeOctreeNodeSplitPolicy.cpp
C:\Hooman\GBC\GAME3121\ogre\OgreMain\include\OgreRenderSystem.h(962,1): warning C4267: 'argument': conversion from 'size_t' to 'const T', possible loss of data
          with
          [
              T=long
          ] (compiling source file C:\Hooman\GBC\GAME3121\ogre\Components\Volume\src\OgreVolumeChunkHandler.cpp)
  OgreVolumeSimplexNoise.cpp
  OgreVolumeSource.cpp
C:\Hooman\GBC\GAME3121\ogre\OgreMain\include\OgreRenderSystem.h(962,1): warning C4267: 'argument': conversion from 'size_t' to 'const T', possible loss of data
          with
          [
              T=long
          ] (compiling source file C:\Hooman\GBC\GAME3121\ogre\Components\Volume\src\OgreVolumeMeshBuilder.cpp)
  OgreVolumeTextureSource.cpp
C:\Hooman\GBC\GAME3121\ogre\OgreMain\include\OgreRenderSystem.h(962,1): warning C4267: 'argument': conversion from 'size_t' to 'const T', possible loss of data
          with
          [
              T=long
          ] (compiling source file C:\Hooman\GBC\GAME3121\ogre\Components\Volume\src\OgreVolumeOctreeNode.cpp)
C:\Hooman\GBC\GAME3121\ogre\Components\Volume\src\OgreVolumeTextureSource.cpp(75,45): warning C4267: '=': conversion from 'size_t' to 'unsigned long', possible loss of data
C:\Hooman\GBC\GAME3121\ogre\OgreMain\include\OgreRenderSystem.h(962,1): warning C4267: 'argument': conversion from 'size_t' to 'const T', possible loss of data
          with
          [
              T=long
          ] (compiling source file C:\Hooman\GBC\GAME3121\ogre\Components\Volume\src\OgreVolumeSource.cpp)
     Creating library C:/Hooman/GBC/GAME3121/ogre/build/lib/Debug/OgreVolume_d.lib and object C:/Hooman/GBC/GAME3121/ogre/build/lib/Debug/OgreVolume_d.exp
  OgreVolume.vcxproj -> C:\Hooman\GBC\GAME3121\ogre\build\bin\Debug\OgreVolume_d.dll
