c:\hooman\gbc\game3121\ogre\build\rendersystems\gl3plus\rendersystem_gl3plus.dir\release\gl3w.obj
c:\hooman\gbc\game3121\ogre\build\rendersystems\gl3plus\rendersystem_gl3plus.dir\release\ogreglslshader.obj
c:\hooman\gbc\game3121\ogre\build\rendersystems\gl3plus\rendersystem_gl3plus.dir\release\ogregl3plushardwareindexbuffer.obj
c:\hooman\gbc\game3121\ogre\build\rendersystems\gl3plus\rendersystem_gl3plus.dir\release\ogregl3plusrendertovertexbuffer.obj
c:\hooman\gbc\game3121\ogre\build\rendersystems\gl3plus\rendersystem_gl3plus.dir\release\ogreglslseparableprogram.obj
c:\hooman\gbc\game3121\ogre\build\rendersystems\gl3plus\rendersystem_gl3plus.dir\release\ogregl3plushardwarebuffermanager.obj
c:\hooman\gbc\game3121\ogre\build\rendersystems\gl3plus\rendersystem_gl3plus.dir\release\ogregl3plustexture.obj
c:\hooman\gbc\game3121\ogre\build\rendersystems\gl3plus\rendersystem_gl3plus.dir\release\ogreglslprogram.obj
c:\hooman\gbc\game3121\ogre\build\rendersystems\gl3plus\rendersystem_gl3plus.dir\release\ogregl3plusfborendertexture.obj
c:\hooman\gbc\game3121\ogre\build\rendersystems\gl3plus\rendersystem_gl3plus.dir\release\ogregl3pluspixelformat.obj
c:\hooman\gbc\game3121\ogre\build\rendersystems\gl3plus\rendersystem_gl3plus.dir\release\ogregl3plustexturemanager.obj
c:\hooman\gbc\game3121\ogre\build\rendersystems\gl3plus\rendersystem_gl3plus.dir\release\ogregl3plusdepthbuffer.obj
c:\hooman\gbc\game3121\ogre\build\rendersystems\gl3plus\rendersystem_gl3plus.dir\release\ogregl3plushardwarebuffer.obj
c:\hooman\gbc\game3121\ogre\build\rendersystems\gl3plus\rendersystem_gl3plus.dir\release\ogregl3plusplugin.obj
c:\hooman\gbc\game3121\ogre\build\rendersystems\gl3plus\rendersystem_gl3plus.dir\release\ogreglslextsupport.obj
c:\hooman\gbc\game3121\ogre\build\rendersystems\gl3plus\rendersystem_gl3plus.dir\release\ogregl3plusenginedll.obj
c:\hooman\gbc\game3121\ogre\build\rendersystems\gl3plus\rendersystem_gl3plus.dir\release\ogregl3plushardwarevertexbuffer.obj
c:\hooman\gbc\game3121\ogre\build\rendersystems\gl3plus\rendersystem_gl3plus.dir\release\ogrespirvshaderfactory.obj
c:\hooman\gbc\game3121\ogre\build\rendersystems\gl3plus\rendersystem_gl3plus.dir\release\ogreglslprogrammanager.obj
c:\hooman\gbc\game3121\ogre\build\rendersystems\gl3plus\rendersystem_gl3plus.dir\release\ogregl3plushardwarepixelbuffer.obj
c:\hooman\gbc\game3121\ogre\build\rendersystems\gl3plus\rendersystem_gl3plus.dir\release\ogregl3plustexturebuffer.obj
c:\hooman\gbc\game3121\ogre\build\rendersystems\gl3plus\rendersystem_gl3plus.dir\release\ogreglslshaderfactory.obj
c:\hooman\gbc\game3121\ogre\build\rendersystems\gl3plus\rendersystem_gl3plus.dir\release\ogregl3plusfbomultirendertarget.obj
c:\hooman\gbc\game3121\ogre\build\rendersystems\gl3plus\rendersystem_gl3plus.dir\release\ogregl3plushardwareocclusionquery.obj
c:\hooman\gbc\game3121\ogre\build\rendersystems\gl3plus\rendersystem_gl3plus.dir\release\ogregl3plushardwareuniformbuffer.obj
c:\hooman\gbc\game3121\ogre\build\rendersystems\gl3plus\rendersystem_gl3plus.dir\release\ogregl3plusrendersystem.obj
c:\hooman\gbc\game3121\ogre\build\rendersystems\gl3plus\rendersystem_gl3plus.dir\release\ogreglslmonolithicprogram.obj
c:\hooman\gbc\game3121\ogre\build\rendersystems\gl3plus\rendersystem_gl3plus.dir\release\ogregl3plusframebufferobject.obj
c:\hooman\gbc\game3121\ogre\build\rendersystems\gl3plus\rendersystem_gl3plus.dir\release\ogregl3plusstatecachemanager.obj
c:\hooman\gbc\game3121\ogre\build\bin\release\rendersystem_gl3plus.dll
c:\hooman\gbc\game3121\ogre\build\lib\release\rendersystem_gl3plus.lib
c:\hooman\gbc\game3121\ogre\build\lib\release\rendersystem_gl3plus.exp
c:\hooman\gbc\game3121\ogre\build\rendersystems\gl3plus\rendersystem_gl3plus.dir\release\rendersy.f2f7676e.tlog\cl.command.1.tlog
c:\hooman\gbc\game3121\ogre\build\rendersystems\gl3plus\rendersystem_gl3plus.dir\release\rendersy.f2f7676e.tlog\cl.read.1.tlog
c:\hooman\gbc\game3121\ogre\build\rendersystems\gl3plus\rendersystem_gl3plus.dir\release\rendersy.f2f7676e.tlog\cl.write.1.tlog
c:\hooman\gbc\game3121\ogre\build\rendersystems\gl3plus\rendersystem_gl3plus.dir\release\rendersy.f2f7676e.tlog\link.command.1.tlog
c:\hooman\gbc\game3121\ogre\build\rendersystems\gl3plus\rendersystem_gl3plus.dir\release\rendersy.f2f7676e.tlog\link.read.1.tlog
c:\hooman\gbc\game3121\ogre\build\rendersystems\gl3plus\rendersystem_gl3plus.dir\release\rendersy.f2f7676e.tlog\link.write.1.tlog
c:\hooman\gbc\game3121\ogre\build\rendersystems\gl3plus\rendersystem_gl3plus.dir\release\rendersy.f2f7676e.tlog\rendersystem_gl3plus.write.1u.tlog
