  OgreGLSLExtSupport.cpp
  OgreGLSLMonolithicProgram.cpp
  OgreGLSLProgram.cpp
  OgreGLSLProgramManager.cpp
  OgreGLSLSeparableProgram.cpp
  OgreGLSLShader.cpp
  OgreGLSLShaderFactory.cpp
  OgreGL3PlusDepthBuffer.cpp
C:\Hooman\GBC\GAME3121\ogre\OgreMain\include\OgreRenderSystem.h(962,1): warning C4267: 'argument': conversion from 'size_t' to 'const T', possible loss of data
          with
          [
              T=long
          ] (compiling source file C:\Hooman\GBC\GAME3121\ogre\RenderSystems\GL3Plus\src\GLSL\src\OgreGLSLProgramManager.cpp)
C:\Hooman\GBC\GAME3121\ogre\OgreMain\include\OgreRenderSystem.h(962,1): warning C4267: 'argument': conversion from 'size_t' to 'const T', possible loss of data
          with
          [
              T=long
          ] (compiling source file C:\Hooman\GBC\GAME3121\ogre\RenderSystems\GL3Plus\src\GLSL\src\OgreGLSLMonolithicProgram.cpp)
C:\Hooman\GBC\GAME3121\ogre\OgreMain\include\OgreRenderSystem.h(962,1): warning C4267: 'argument': conversion from 'size_t' to 'const T', possible loss of data
          with
          [
              T=long
          ] (compiling source file C:\Hooman\GBC\GAME3121\ogre\RenderSystems\GL3Plus\src\GLSL\src\OgreGLSLProgram.cpp)
C:\Hooman\GBC\GAME3121\ogre\OgreMain\include\OgreRenderSystem.h(962,1): warning C4267: 'argument': conversion from 'size_t' to 'const T', possible loss of data
          with
          [
              T=long
          ] (compiling source file C:\Hooman\GBC\GAME3121\ogre\RenderSystems\GL3Plus\src\GLSL\src\OgreGLSLSeparableProgram.cpp)
C:\Hooman\GBC\GAME3121\ogre\RenderSystems\GL3Plus\src\GLSL\src\OgreGLSLSeparableProgram.cpp(147,118): warning C4267: 'argument': conversion from 'size_t' to 'int', possible loss of data
C:\Hooman\GBC\GAME3121\ogre\RenderSystems\GL3Plus\src\GLSL\src\OgreGLSLSeparableProgram.cpp(152,92): warning C4267: 'argument': conversion from 'size_t' to 'int', possible loss of data
C:\Hooman\GBC\GAME3121\ogre\RenderSystems\GL3Plus\src\GLSL\src\OgreGLSLSeparableProgram.cpp(165,1): warning C4267: 'argument': conversion from 'size_t' to 'GLint', possible loss of data
C:\Hooman\GBC\GAME3121\ogre\RenderSystems\GL3Plus\src\GLSL\src\OgreGLSLSeparableProgram.cpp(169,1): warning C4267: 'argument': conversion from 'size_t' to 'GLint', possible loss of data
C:\Hooman\GBC\GAME3121\ogre\RenderSystems\GL3Plus\src\GLSL\src\OgreGLSLSeparableProgram.cpp(173,1): warning C4267: 'argument': conversion from 'size_t' to 'GLint', possible loss of data
C:\Hooman\GBC\GAME3121\ogre\RenderSystems\GL3Plus\src\GLSL\src\OgreGLSLSeparableProgram.cpp(177,1): warning C4267: 'argument': conversion from 'size_t' to 'GLint', possible loss of data
C:\Hooman\GBC\GAME3121\ogre\RenderSystems\GL3Plus\src\GLSL\src\OgreGLSLSeparableProgram.cpp(181,1): warning C4267: 'argument': conversion from 'size_t' to 'GLint', possible loss of data
C:\Hooman\GBC\GAME3121\ogre\RenderSystems\GL3Plus\src\GLSL\src\OgreGLSLSeparableProgram.cpp(185,1): warning C4267: 'argument': conversion from 'size_t' to 'GLint', possible loss of data
C:\Hooman\GBC\GAME3121\ogre\RenderSystems\GL3Plus\src\GLSL\src\OgreGLSLSeparableProgram.cpp(189,1): warning C4267: 'argument': conversion from 'size_t' to 'GLint', possible loss of data
C:\Hooman\GBC\GAME3121\ogre\RenderSystems\GL3Plus\src\GLSL\src\OgreGLSLSeparableProgram.cpp(202,1): warning C4267: 'argument': conversion from 'size_t' to 'GLint', possible loss of data
C:\Hooman\GBC\GAME3121\ogre\RenderSystems\GL3Plus\src\GLSL\src\OgreGLSLSeparableProgram.cpp(206,1): warning C4267: 'argument': conversion from 'size_t' to 'GLint', possible loss of data
C:\Hooman\GBC\GAME3121\ogre\RenderSystems\GL3Plus\src\GLSL\src\OgreGLSLSeparableProgram.cpp(210,1): warning C4267: 'argument': conversion from 'size_t' to 'GLint', possible loss of data
C:\Hooman\GBC\GAME3121\ogre\RenderSystems\GL3Plus\src\GLSL\src\OgreGLSLSeparableProgram.cpp(214,1): warning C4267: 'argument': conversion from 'size_t' to 'GLint', possible loss of data
C:\Hooman\GBC\GAME3121\ogre\RenderSystems\GL3Plus\src\GLSL\src\OgreGLSLSeparableProgram.cpp(218,1): warning C4267: 'argument': conversion from 'size_t' to 'GLint', possible loss of data
C:\Hooman\GBC\GAME3121\ogre\RenderSystems\GL3Plus\src\GLSL\src\OgreGLSLSeparableProgram.cpp(222,1): warning C4267: 'argument': conversion from 'size_t' to 'GLint', possible loss of data
C:\Hooman\GBC\GAME3121\ogre\RenderSystems\GL3Plus\src\GLSL\src\OgreGLSLSeparableProgram.cpp(226,1): warning C4267: 'argument': conversion from 'size_t' to 'GLint', possible loss of data
C:\Hooman\GBC\GAME3121\ogre\RenderSystems\GL3Plus\src\GLSL\src\OgreGLSLSeparableProgram.cpp(230,1): warning C4267: 'argument': conversion from 'size_t' to 'GLint', possible loss of data
C:\Hooman\GBC\GAME3121\ogre\RenderSystems\GL3Plus\src\GLSL\src\OgreGLSLSeparableProgram.cpp(234,1): warning C4267: 'argument': conversion from 'size_t' to 'GLint', possible loss of data
C:\Hooman\GBC\GAME3121\ogre\RenderSystems\GL3Plus\src\GLSL\src\OgreGLSLSeparableProgram.cpp(238,1): warning C4267: 'argument': conversion from 'size_t' to 'GLint', possible loss of data
C:\Hooman\GBC\GAME3121\ogre\RenderSystems\GL3Plus\src\GLSL\src\OgreGLSLSeparableProgram.cpp(242,1): warning C4267: 'argument': conversion from 'size_t' to 'GLint', possible loss of data
C:\Hooman\GBC\GAME3121\ogre\RenderSystems\GL3Plus\src\GLSL\src\OgreGLSLSeparableProgram.cpp(246,1): warning C4267: 'argument': conversion from 'size_t' to 'GLint', possible loss of data
C:\Hooman\GBC\GAME3121\ogre\RenderSystems\GL3Plus\src\GLSL\src\OgreGLSLSeparableProgram.cpp(250,1): warning C4267: 'argument': conversion from 'size_t' to 'GLint', possible loss of data
C:\Hooman\GBC\GAME3121\ogre\RenderSystems\GL3Plus\src\GLSL\src\OgreGLSLSeparableProgram.cpp(254,1): warning C4267: 'argument': conversion from 'size_t' to 'GLint', possible loss of data
C:\Hooman\GBC\GAME3121\ogre\RenderSystems\GL3Plus\src\GLSL\src\OgreGLSLSeparableProgram.cpp(258,1): warning C4267: 'argument': conversion from 'size_t' to 'GLint', possible loss of data
C:\Hooman\GBC\GAME3121\ogre\RenderSystems\GL3Plus\src\GLSL\src\OgreGLSLSeparableProgram.cpp(262,1): warning C4267: 'argument': conversion from 'size_t' to 'GLint', possible loss of data
C:\Hooman\GBC\GAME3121\ogre\RenderSystems\GL3Plus\src\GLSL\src\OgreGLSLSeparableProgram.cpp(266,1): warning C4267: 'argument': conversion from 'size_t' to 'GLint', possible loss of data
C:\Hooman\GBC\GAME3121\ogre\RenderSystems\GL3Plus\src\GLSL\src\OgreGLSLSeparableProgram.cpp(270,1): warning C4267: 'argument': conversion from 'size_t' to 'GLint', possible loss of data
C:\Hooman\GBC\GAME3121\ogre\RenderSystems\GL3Plus\src\GLSL\src\OgreGLSLSeparableProgram.cpp(274,1): warning C4267: 'argument': conversion from 'size_t' to 'GLint', possible loss of data
C:\Hooman\GBC\GAME3121\ogre\RenderSystems\GL3Plus\src\GLSL\src\OgreGLSLSeparableProgram.cpp(278,1): warning C4267: 'argument': conversion from 'size_t' to 'GLint', possible loss of data
C:\Hooman\GBC\GAME3121\ogre\RenderSystems\GL3Plus\src\GLSL\src\OgreGLSLSeparableProgram.cpp(282,1): warning C4267: 'argument': conversion from 'size_t' to 'GLint', possible loss of data
C:\Hooman\GBC\GAME3121\ogre\RenderSystems\GL3Plus\src\GLSL\src\OgreGLSLSeparableProgram.cpp(286,1): warning C4267: 'argument': conversion from 'size_t' to 'GLint', possible loss of data
C:\Hooman\GBC\GAME3121\ogre\RenderSystems\GL3Plus\src\GLSL\src\OgreGLSLSeparableProgram.cpp(290,1): warning C4267: 'argument': conversion from 'size_t' to 'GLint', possible loss of data
C:\Hooman\GBC\GAME3121\ogre\RenderSystems\GL3Plus\src\GLSL\src\OgreGLSLSeparableProgram.cpp(295,1): warning C4267: 'argument': conversion from 'size_t' to 'GLint', possible loss of data
C:\Hooman\GBC\GAME3121\ogre\RenderSystems\GL3Plus\src\GLSL\src\OgreGLSLSeparableProgram.cpp(300,1): warning C4267: 'argument': conversion from 'size_t' to 'GLint', possible loss of data
C:\Hooman\GBC\GAME3121\ogre\RenderSystems\GL3Plus\src\GLSL\src\OgreGLSLSeparableProgram.cpp(305,1): warning C4267: 'argument': conversion from 'size_t' to 'GLint', possible loss of data
C:\Hooman\GBC\GAME3121\ogre\RenderSystems\GL3Plus\src\GLSL\src\OgreGLSLSeparableProgram.cpp(310,1): warning C4267: 'argument': conversion from 'size_t' to 'GLint', possible loss of data
C:\Hooman\GBC\GAME3121\ogre\RenderSystems\GL3Plus\src\GLSL\src\OgreGLSLProgram.cpp(101,1): warning C4267: 'argument': conversion from 'size_t' to 'GLsizei', possible loss of data
C:\Hooman\GBC\GAME3121\ogre\OgreMain\include\OgreRenderSystem.h(962,1): warning C4267: 'argument': conversion from 'size_t' to 'const T', possible loss of data
          with
          [
              T=long
          ] (compiling source file C:\Hooman\GBC\GAME3121\ogre\RenderSystems\GL3Plus\src\OgreGL3PlusDepthBuffer.cpp)
C:\Hooman\GBC\GAME3121\ogre\OgreMain\include\OgreRenderSystem.h(962,1): warning C4267: 'argument': conversion from 'size_t' to 'const T', possible loss of data
          with
          [
              T=long
          ] (compiling source file C:\Hooman\GBC\GAME3121\ogre\RenderSystems\GL3Plus\src\GLSL\src\OgreGLSLExtSupport.cpp)
C:\Hooman\GBC\GAME3121\ogre\OgreMain\include\OgreRenderSystem.h(962,1): warning C4267: 'argument': conversion from 'size_t' to 'const T', possible loss of data
          with
          [
              T=long
          ] (compiling source file C:\Hooman\GBC\GAME3121\ogre\RenderSystems\GL3Plus\src\GLSL\src\OgreGLSLShader.cpp)
C:\Hooman\GBC\GAME3121\ogre\RenderSystems\GL3Plus\src\GLSL\src\OgreGLSLProgramManager.cpp(365,109): warning C4267: 'argument': conversion from 'size_t' to 'GLint', possible loss of data
C:\Hooman\GBC\GAME3121\ogre\OgreMain\include\OgreRenderSystem.h(962,1): warning C4267: 'argument': conversion from 'size_t' to 'const T', possible loss of data
          with
          [
              T=long
          ] (compiling source file C:\Hooman\GBC\GAME3121\ogre\RenderSystems\GL3Plus\src\GLSL\src\OgreGLSLShaderFactory.cpp)
  OgreGL3PlusEngineDll.cpp
  OgreGL3PlusFBOMultiRenderTarget.cpp
  OgreGL3PlusFBORenderTexture.cpp
  OgreGL3PlusFrameBufferObject.cpp
  OgreGL3PlusHardwareBuffer.cpp
  OgreGL3PlusHardwareBufferManager.cpp
  OgreGL3PlusHardwareIndexBuffer.cpp
  OgreGL3PlusHardwareOcclusionQuery.cpp
  OgreGL3PlusHardwarePixelBuffer.cpp
C:\Hooman\GBC\GAME3121\ogre\OgreMain\include\OgreRenderSystem.h(962,1): warning C4267: 'argument': conversion from 'size_t' to 'const T', possible loss of data
          with
          [
              T=long
          ] (compiling source file C:\Hooman\GBC\GAME3121\ogre\RenderSystems\GL3Plus\src\OgreGL3PlusEngineDll.cpp)
C:\Hooman\GBC\GAME3121\ogre\OgreMain\include\OgreRenderSystem.h(962,1): warning C4267: 'argument': conversion from 'size_t' to 'const T', possible loss of data
          with
          [
              T=long
          ] (compiling source file C:\Hooman\GBC\GAME3121\ogre\RenderSystems\GL3Plus\src\OgreGL3PlusFBORenderTexture.cpp)
C:\Hooman\GBC\GAME3121\ogre\OgreMain\include\OgreRenderSystem.h(962,1): warning C4267: 'argument': conversion from 'size_t' to 'const T', possible loss of data
          with
          [
              T=long
          ] (compiling source file C:\Hooman\GBC\GAME3121\ogre\RenderSystems\GL3Plus\src\OgreGL3PlusFrameBufferObject.cpp)
C:\Hooman\GBC\GAME3121\ogre\OgreMain\include\OgreRenderSystem.h(962,1): warning C4267: 'argument': conversion from 'size_t' to 'const T', possible loss of data
          with
          [
              T=long
          ] (compiling source file C:\Hooman\GBC\GAME3121\ogre\RenderSystems\GL3Plus\src\OgreGL3PlusHardwareBuffer.cpp)
  OgreGL3PlusHardwareUniformBuffer.cpp
  OgreGL3PlusHardwareVertexBuffer.cpp
  OgreGL3PlusPixelFormat.cpp
C:\Hooman\GBC\GAME3121\ogre\OgreMain\include\OgreRenderSystem.h(962,1): warning C4267: 'argument': conversion from 'size_t' to 'const T', possible loss of data
          with
          [
              T=long
          ] (compiling source file C:\Hooman\GBC\GAME3121\ogre\RenderSystems\GL3Plus\src\OgreGL3PlusHardwareBufferManager.cpp)
  OgreGL3PlusPlugin.cpp
C:\Hooman\GBC\GAME3121\ogre\OgreMain\include\OgreRenderSystem.h(962,1): warning C4267: 'argument': conversion from 'size_t' to 'const T', possible loss of data
          with
          [
              T=long
          ] (compiling source file C:\Hooman\GBC\GAME3121\ogre\RenderSystems\GL3Plus\src\OgreGL3PlusHardwarePixelBuffer.cpp)
  OgreGL3PlusRenderSystem.cpp
C:\Hooman\GBC\GAME3121\ogre\OgreMain\include\OgreRenderSystem.h(962,1): warning C4267: 'argument': conversion from 'size_t' to 'const T', possible loss of data
          with
          [
              T=long
          ] (compiling source file C:\Hooman\GBC\GAME3121\ogre\RenderSystems\GL3Plus\src\OgreGL3PlusHardwareIndexBuffer.cpp)
  OgreGL3PlusRenderToVertexBuffer.cpp
C:\Hooman\GBC\GAME3121\ogre\OgreMain\include\OgreRenderSystem.h(962,1): warning C4267: 'argument': conversion from 'size_t' to 'const T', possible loss of data
          with
          [
              T=long
          ] (compiling source file C:\Hooman\GBC\GAME3121\ogre\RenderSystems\GL3Plus\src\OgreGL3PlusPixelFormat.cpp)
C:\Hooman\GBC\GAME3121\ogre\OgreMain\include\OgreRenderSystem.h(962,1): warning C4267: 'argument': conversion from 'size_t' to 'const T', possible loss of data
          with
          [
              T=long
          ] (compiling source file C:\Hooman\GBC\GAME3121\ogre\RenderSystems\GL3Plus\src\OgreGL3PlusPlugin.cpp)
C:\Hooman\GBC\GAME3121\ogre\OgreMain\include\OgreRenderSystem.h(962,1): warning C4267: 'argument': conversion from 'size_t' to 'const T', possible loss of data
          with
          [
              T=long
          ] (compiling source file C:\Hooman\GBC\GAME3121\ogre\RenderSystems\GL3Plus\src\OgreGL3PlusHardwareVertexBuffer.cpp)
C:\Hooman\GBC\GAME3121\ogre\OgreMain\include\OgreRenderSystem.h(962,1): warning C4267: 'argument': conversion from 'size_t' to 'const T', possible loss of data
          with
          [
              T=long
          ] (compiling source file C:\Hooman\GBC\GAME3121\ogre\RenderSystems\GL3Plus\src\OgreGL3PlusRenderSystem.cpp)
  OgreGL3PlusStateCacheManager.cpp
  OgreGL3PlusTexture.cpp
  OgreGL3PlusTextureBuffer.cpp
C:\Hooman\GBC\GAME3121\ogre\RenderSystems\GL3Plus\src\OgreGL3PlusRenderSystem.cpp(773,56): warning C4267: 'argument': conversion from 'size_t' to 'Ogre::uint32', possible loss of data
C:\Hooman\GBC\GAME3121\ogre\RenderSystems\GL3Plus\src\OgreGL3PlusRenderSystem.cpp(1304,17): warning C4267: 'argument': conversion from 'size_t' to 'GLsizei', possible loss of data
C:\Hooman\GBC\GAME3121\ogre\RenderSystems\GL3Plus\src\OgreGL3PlusRenderSystem.cpp(1310,17): warning C4267: 'argument': conversion from 'size_t' to 'GLsizei', possible loss of data
C:\Hooman\GBC\GAME3121\ogre\RenderSystems\GL3Plus\src\OgreGL3PlusRenderSystem.cpp(1334,21): warning C4267: 'argument': conversion from 'size_t' to 'GLsizei', possible loss of data
C:\Hooman\GBC\GAME3121\ogre\RenderSystems\GL3Plus\src\OgreGL3PlusRenderSystem.cpp(1338,21): warning C4267: 'argument': conversion from 'size_t' to 'GLsizei', possible loss of data
C:\Hooman\GBC\GAME3121\ogre\RenderSystems\GL3Plus\src\OgreGL3PlusRenderSystem.cpp(1356,21): warning C4267: 'argument': conversion from 'size_t' to 'GLsizei', possible loss of data
C:\Hooman\GBC\GAME3121\ogre\RenderSystems\GL3Plus\src\OgreGL3PlusRenderSystem.cpp(1360,21): warning C4267: 'argument': conversion from 'size_t' to 'GLsizei', possible loss of data
C:\Hooman\GBC\GAME3121\ogre\OgreMain\include\OgreRenderSystem.h(962,1): warning C4267: 'argument': conversion from 'size_t' to 'const T', possible loss of data
          with
          [
              T=long
          ] (compiling source file C:\Hooman\GBC\GAME3121\ogre\RenderSystems\GL3Plus\src\OgreGL3PlusRenderToVertexBuffer.cpp)
C:\Hooman\GBC\GAME3121\ogre\RenderSystems\GL3Plus\src\OgreGL3PlusRenderSystem.cpp(1944,13): warning C4267: 'argument': conversion from 'size_t' to 'GLuint', possible loss of data
C:\Hooman\GBC\GAME3121\ogre\RenderSystems\GL3Plus\src\OgreGL3PlusRenderSystem.cpp(2032,59): warning C4267: 'argument': conversion from 'size_t' to 'GLint', possible loss of data
  OgreGL3PlusTextureManager.cpp
  OgreSPIRVShaderFactory.cpp
C:\Hooman\GBC\GAME3121\ogre\OgreMain\include\OgreRenderSystem.h(962,1): warning C4267: 'argument': conversion from 'size_t' to 'const T', possible loss of data
          with
          [
              T=long
          ] (compiling source file C:\Hooman\GBC\GAME3121\ogre\RenderSystems\GL3Plus\src\OgreGL3PlusStateCacheManager.cpp)
C:\Hooman\GBC\GAME3121\ogre\OgreMain\include\OgreRenderSystem.h(962,1): warning C4267: 'argument': conversion from 'size_t' to 'const T', possible loss of data
          with
          [
              T=long
          ] (compiling source file C:\Hooman\GBC\GAME3121\ogre\RenderSystems\GL3Plus\src\OgreGL3PlusTextureBuffer.cpp)
C:\Hooman\GBC\GAME3121\ogre\OgreMain\include\OgreRenderSystem.h(962,1): warning C4267: 'argument': conversion from 'size_t' to 'const T', possible loss of data
          with
          [
              T=long
          ] (compiling source file C:\Hooman\GBC\GAME3121\ogre\RenderSystems\GL3Plus\src\OgreGL3PlusTexture.cpp)
C:\Hooman\GBC\GAME3121\ogre\RenderSystems\GL3Plus\src\OgreGL3PlusStateCacheManager.cpp(330,9): warning C4267: 'argument': conversion from 'size_t' to 'GLenum', possible loss of data
C:\Hooman\GBC\GAME3121\ogre\RenderSystems\GL3Plus\src\OgreSPIRVShaderFactory.cpp(63,5): warning C4267: 'argument': conversion from 'size_t' to 'GLsizei', possible loss of data
C:\Hooman\GBC\GAME3121\ogre\RenderSystems\GL3Plus\src\OgreGL3PlusTexture.cpp(388,84): warning C4267: 'argument': conversion from 'size_t' to 'Ogre::uint32', possible loss of data
C:\Hooman\GBC\GAME3121\ogre\OgreMain\include\OgreRenderSystem.h(962,1): warning C4267: 'argument': conversion from 'size_t' to 'const T', possible loss of data
          with
          [
              T=long
          ] (compiling source file C:\Hooman\GBC\GAME3121\ogre\RenderSystems\GL3Plus\src\OgreGL3PlusTextureManager.cpp)
C:\Hooman\GBC\GAME3121\ogre\RenderSystems\GL3Plus\src\OgreGL3PlusTextureBuffer.cpp(174,1): warning C4267: 'argument': conversion from 'size_t' to 'GLsizei', possible loss of data
C:\Hooman\GBC\GAME3121\ogre\RenderSystems\GL3Plus\src\OgreGL3PlusTextureBuffer.cpp(184,1): warning C4267: 'argument': conversion from 'size_t' to 'GLsizei', possible loss of data
C:\Hooman\GBC\GAME3121\ogre\RenderSystems\GL3Plus\src\OgreGL3PlusTextureBuffer.cpp(193,1): warning C4267: 'argument': conversion from 'size_t' to 'GLsizei', possible loss of data
C:\Hooman\GBC\GAME3121\ogre\RenderSystems\GL3Plus\src\OgreGL3PlusTextureBuffer.cpp(202,17): warning C4267: 'argument': conversion from 'size_t' to 'GLint', possible loss of data
C:\Hooman\GBC\GAME3121\ogre\RenderSystems\GL3Plus\src\OgreGL3PlusTextureBuffer.cpp(204,17): warning C4267: 'argument': conversion from 'size_t' to 'GLint', possible loss of data
C:\Hooman\GBC\GAME3121\ogre\RenderSystems\GL3Plus\src\OgreGL3PlusTextureManager.cpp(132,1): warning C4244: 'argument': conversion from 'Ogre::Real' to 'const _Ty', possible loss of data
          with
          [
              _Ty=Ogre::uint
          ]
  gl3w.c
     Creating library C:/Hooman/GBC/GAME3121/ogre/build/lib/Release/RenderSystem_GL3Plus.lib and object C:/Hooman/GBC/GAME3121/ogre/build/lib/Release/RenderSystem_GL3Plus.exp
  RenderSystem_GL3Plus.vcxproj -> C:\Hooman\GBC\GAME3121\ogre\build\bin\Release\RenderSystem_GL3Plus.dll

Project Performance Summary:
        0 ms  C:\Hooman\GBC\GAME3121\ogre\build\OgreMain\OgreMain.vcxproj   4 calls
                  0 ms  GetTargetPath                              1 calls
                  0 ms  GetNativeManifest                          1 calls
                  0 ms  GetResolvedLinkLibs                        1 calls
                  0 ms  GetCopyToOutputDirectoryItems              1 calls
        1 ms  C:\Hooman\GBC\GAME3121\ogre\build\RenderSystems\GLSupport\OgreGLSupport.vcxproj   4 calls
                  0 ms  GetTargetPath                              1 calls
                  0 ms  GetNativeManifest                          1 calls
                  1 ms  GetResolvedLinkLibs                        1 calls
                  0 ms  GetCopyToOutputDirectoryItems              1 calls
    37093 ms  C:\Hooman\GBC\GAME3121\ogre\build\RenderSystems\GL3Plus\RenderSystem_GL3Plus.vcxproj   1 calls
              37093 ms  Rebuild                                    1 calls

Target Performance Summary:
        0 ms  _CheckForInvalidConfigurationAndPlatform   1 calls
        0 ms  PreLinkEvent                               1 calls
        0 ms  MakeDirsForLink                            1 calls
        0 ms  PrepareResourceNames                       1 calls
        0 ms  CreateCustomManifestResourceNames          1 calls
        0 ms  AssignTargetPaths                          1 calls
        0 ms  ComputeManifestInputsTargets               1 calls
        0 ms  ComputeReferenceLinkInputs                 1 calls
        0 ms  ComputeResolveLinkObj                      1 calls
        0 ms  ComputeLinkInputsFromProject               1 calls
        0 ms  ComputeCLGeneratedLinkInputs               1 calls
        0 ms  ComputeCLOutputs                           1 calls
        0 ms  ComputeManifestGeneratedLinkerInputs       1 calls
        0 ms  ComputeLinkSwitches                        1 calls
        0 ms  ComputeRCGeneratedLinkInputs               1 calls
        0 ms  BeforeLink                                 1 calls
        0 ms  BuildLinkTraverse                          1 calls
        0 ms  BuildCompile                               1 calls
        0 ms  _BuildCompileAction                        1 calls
        0 ms  AfterBuildCompileEvent                     1 calls
        0 ms  _ResourceCompile                           1 calls
        0 ms  AfterResourceCompile                       1 calls
        0 ms  AfterRebuild                               1 calls
        0 ms  BeforeResourceCompile                      1 calls
        0 ms  _ClCompile                                 1 calls
        0 ms  AfterClCompile                             1 calls
        0 ms  SelectClCompile                            1 calls
        0 ms  ComputeRCOutputs                           1 calls
        0 ms  MakeDirsForCl                              1 calls
        0 ms  AfterLink                                  1 calls
        0 ms  _ALink                                     1 calls
        0 ms  Build                                      1 calls
        0 ms  IncrementalClean                           1 calls
        0 ms  AfterBuild                                 1 calls
        0 ms  BuildLink                                  1 calls
        0 ms  _BuildLinkAction                           1 calls
        0 ms  PostBuildEvent                             1 calls
        0 ms  PrepareForRun                              1 calls
        0 ms  _CheckForCompileOutputs                    1 calls
        0 ms  _CopySourceItemsToOutputDirectory          1 calls
        0 ms  _GetCopyToOutputDirectoryItemsFromThisProject   1 calls
        0 ms  GetCopyToOutputDirectoryXamlAppDefs        1 calls
        0 ms  _PopulateCommonStateForGetCopyToOutputDirectoryItems   1 calls
        0 ms  _Link                                      1 calls
        0 ms  _Deploy                                    1 calls
        0 ms  CreateSatelliteAssemblies                  1 calls
        0 ms  _GenerateSatelliteAssemblyInputs           1 calls
        0 ms  MakeDirsForFxc                             1 calls
        0 ms  BuiltProjectOutputGroup                    1 calls
        0 ms  _BscMake                                   1 calls
        0 ms  MakeDirsForBscMake                         1 calls
        0 ms  ComputeCLCompileGeneratedSbrFiles          1 calls
        0 ms  _XdcMake                                   1 calls
        0 ms  MakeDirsForXdcMake                         1 calls
        0 ms  ComputeCLCompileGeneratedXDCFiles          1 calls
        0 ms  ResolvedXDCMake                            1 calls
        0 ms  _Manifest                                  1 calls
        0 ms  _Appverifier                               1 calls
        0 ms  ComputeReferenceCLInput                    1 calls
        0 ms  MakeDirsForResourceCompile                 1 calls
        0 ms  Rebuild                                    1 calls
        0 ms  ResolveAssemblyReferences                  1 calls
        0 ms  ExpandSDKReferences                        1 calls
        0 ms  ResolveSDKReferences                       1 calls
        0 ms  AssignProjectConfiguration                 1 calls
        0 ms  _GetProjectReferenceTargetFrameworkProperties   1 calls
        0 ms  SetCABuildNativeEnvironmentVariables       1 calls
        0 ms  PrepareProjectReferences                   1 calls
        0 ms  CleanReferencedProjects                    1 calls
        0 ms  CleanPublishFolder                         1 calls
        0 ms  FindReferenceAssembliesForReferences       1 calls
        0 ms  BeforeCppClean                             1 calls
        0 ms  GetResolvedWinMD                           1 calls
        0 ms  GetReferenceAssemblyPaths                  1 calls
        0 ms  GetFrameworkPaths                          1 calls
        0 ms  AfterClean                                 1 calls
        0 ms  _RemoveNameMetadataFromProjectReferenceItems   1 calls
        0 ms  BeforeResolveReferences                    1 calls
        0 ms  _PrepareForReferenceResolution             1 calls
        0 ms  _PrepareForBuild                           1 calls
        0 ms  Clean                                      1 calls
        0 ms  CppClean                                   1 calls
        0 ms  PGInstrumentedClean                        1 calls
        0 ms  SetBuildDefaultEnvironmentVariables        1 calls
        0 ms  ResolveReferences                          1 calls
        0 ms  AfterResolveReferences                     1 calls
        0 ms  BuildGenerateSourcesTraverse               1 calls
        0 ms  _PrepareForRebuild                         1 calls
        0 ms  ComputeCLInputPDBName                      1 calls
        0 ms  BeforeClCompile                            1 calls
        0 ms  BuildCompileTraverse                       1 calls
        0 ms  BuildGenerateSources                       1 calls
        0 ms  _BuildGenerateSourcesAction                1 calls
        0 ms  AfterBuildGenerateSourcesEvent             1 calls
        0 ms  AfterBuildGenerateSources                  1 calls
        0 ms  _Midl                                      1 calls
        0 ms  BeforeClean                                1 calls
        0 ms  ComputeMIDLGeneratedCompileInputs          1 calls
        0 ms  AfterMidl                                  1 calls
        0 ms  _Xsd                                       1 calls
        0 ms  CopyFileToFolders                          1 calls
        0 ms  BeforeRebuild                              1 calls
        0 ms  ComputeCustomBuildOutput                   1 calls
        0 ms  SelectCustomBuild                          1 calls
        0 ms  _SelectedFiles                             1 calls
        0 ms  PreBuildEvent                              1 calls
        0 ms  BeforeBuildGenerateSources                 1 calls
        0 ms  _PrepareForClean                           1 calls
        0 ms  MakeDirsForMidl                            1 calls
        0 ms  AfterCppClean                              1 calls
        1 ms  _CleanGetCurrentAndPriorFileWrites         1 calls
        1 ms  RegisterOutput                             1 calls
        1 ms  SatelliteDllsProjectOutputGroup            1 calls
        1 ms  SplitResourcesByCulture                    1 calls
        1 ms  ComputeLegacyManifestEmbedding             1 calls
        1 ms  _CheckWindowsSDKInstalled                  1 calls
        1 ms  CopyFilesToOutputDirectory                 1 calls
        1 ms  _SplitProjectReferencesByFileExistence     1 calls
        1 ms  DoLinkOutputFilesMatch                     1 calls
        1 ms  CoreClean                                  1 calls
        1 ms  CreateRecipeFile                           1 calls
        1 ms  ContentFilesProjectOutputGroup             1 calls
        1 ms  GetResolvedLinkLibs                        1 calls
        1 ms  CustomBuild                                1 calls
        1 ms  SetTelemetryEnvironmentVariables           1 calls
        2 ms  FinalizeBuildStatus                        1 calls
        2 ms  ComputeLinkImportLibraryOutputsForClean    1 calls
        2 ms  InitializeBuildStatus                      1 calls
        3 ms  FixupCLCompileOptions                      1 calls
        3 ms  WarnCompileDuplicatedFilename              1 calls
        4 ms  PrepareForBuild                            1 calls
       77 ms  ResolvedLinkLib                            1 calls
       99 ms  CoreCppClean                               1 calls
      352 ms  ResolveProjectReferences                   1 calls
      419 ms  _GetCopyToOutputDirectoryItemsFromTransitiveProjectReferences   1 calls
      419 ms  GetCopyToOutputDirectoryItems              1 calls
     2387 ms  Link                                       1 calls
    33722 ms  ClCompile                                  1 calls

Task Performance Summary:
        0 ms  Message                                    3 calls
        0 ms  AssignCulture                              1 calls
        0 ms  AssignTargetPath                           7 calls
        0 ms  CheckVCToolsetVersion                      1 calls
        0 ms  AssignProjectConfiguration                 1 calls
        0 ms  ConvertToAbsolutePath                      1 calls
        0 ms  FindUnderPath                              7 calls
        0 ms  SetEnv                                     8 calls
        0 ms  RemoveDuplicates                           3 calls
        1 ms  ReadLinesFromFile                          3 calls
        1 ms  CreateItem                                 2 calls
        1 ms  Delete                                     6 calls
        1 ms  ResolveNonMSBuildProjectOutput             1 calls
        1 ms  MakeDir                                   12 calls
        1 ms  GenerateDesktopDeployRecipe                1 calls
        1 ms  GetOutOfDateItems                          3 calls
        2 ms  Touch                                      2 calls
        5 ms  WriteLinesToFile                           4 calls
       97 ms  CppClean                                   1 calls
      419 ms  CallTarget                                 2 calls
      847 ms  MSBuild                                    4 calls
     2385 ms  Link                                       1 calls
    33720 ms  CL                                         2 calls
