  cmake_pch.cxx
C:\Hooman\GBC\GAME3121\ogre\OgreMain\include\OgreRenderSystem.h(962,1): warning C4267: 'argument': conversion from 'size_t' to 'const T', possible loss of data
          with
          [
              T=long
          ]
  OgreShaderCGProgramProcessor.cpp
  OgreShaderCGProgramWriter.cpp
  OgreShaderExDualQuaternionSkinning.cpp
  OgreShaderExGBuffer.cpp
  OgreShaderExHardwareSkinning.cpp
  OgreShaderExHardwareSkinningTechnique.cpp
  OgreShaderExIntegratedPSSM3.cpp
  OgreShaderExLayeredBlending.cpp
  OgreShaderExLinearSkinning.cpp
  OgreShaderExNormalMapLighting.cpp
C:\Hooman\GBC\GAME3121\ogre\Components\RTShaderSystem\src\OgreShaderExNormalMapLighting.cpp(88,44): warning C4267: '=': conversion from 'size_t' to 'unsigned int', possible loss of data
  OgreShaderExPerPixelLighting.cpp
  OgreShaderExTextureAtlasSampler.cpp
  OgreShaderExTriplanarTexturing.cpp
  OgreShaderFFPAlphaTest.cpp
  OgreShaderFFPColour.cpp
  OgreShaderFFPFog.cpp
  OgreShaderFFPLighting.cpp
C:\Hooman\GBC\GAME3121\ogre\Components\RTShaderSystem\src\OgreShaderFFPLighting.cpp(85,32): warning C4267: '=': conversion from 'size_t' to 'unsigned int', possible loss of data
  OgreShaderFFPRenderStateBuilder.cpp
  OgreShaderFFPTexturing.cpp
  OgreShaderFFPTransform.cpp
  OgreShaderFunction.cpp
  OgreShaderFunctionAtom.cpp
  OgreShaderGLSLESProgramProcessor.cpp
  OgreShaderGLSLESProgramWriter.cpp
C:\Hooman\GBC\GAME3121\ogre\Components\RTShaderSystem\src\OgreShaderFunction.cpp(155,57): warning C4267: 'argument': conversion from 'size_t' to 'int', possible loss of data
C:\Hooman\GBC\GAME3121\ogre\Components\RTShaderSystem\src\OgreShaderFunction.cpp(162,50): warning C4267: 'argument': conversion from 'size_t' to 'int', possible loss of data
C:\Hooman\GBC\GAME3121\ogre\Components\RTShaderSystem\src\OgreShaderFunction.cpp(169,47): warning C4267: 'argument': conversion from 'size_t' to 'int', possible loss of data
C:\Hooman\GBC\GAME3121\ogre\Components\RTShaderSystem\src\OgreShaderFunction.cpp(176,49): warning C4267: 'argument': conversion from 'size_t' to 'int', possible loss of data
C:\Hooman\GBC\GAME3121\ogre\Components\RTShaderSystem\src\OgreShaderFunctionAtom.cpp(312,65): warning C4267: 'return': conversion from 'size_t' to 'Ogre::uchar', possible loss of data
  OgreShaderGLSLProgramProcessor.cpp
  OgreShaderGLSLProgramWriter.cpp
  OgreShaderGenerator.cpp
  OgreShaderHLSLProgramProcessor.cpp
  OgreShaderHLSLProgramWriter.cpp
  OgreShaderMaterialSerializerListener.cpp
  OgreShaderParameter.cpp
  OgreShaderProgram.cpp
  OgreShaderProgramManager.cpp
  OgreShaderProgramProcessor.cpp
  OgreShaderProgramSet.cpp
  OgreShaderProgramWriter.cpp
  OgreShaderProgramWriterManager.cpp
  OgreShaderRenderState.cpp
  OgreShaderScriptTranslator.cpp
C:\Hooman\GBC\GAME3121\ogre\Components\RTShaderSystem\src\OgreShaderRenderState.cpp(168,28): warning C4101: 'e': unreferenced local variable
  OgreShaderSubRenderState.cpp
     Creating library C:/Hooman/GBC/GAME3121/ogre/build/lib/Debug/OgreRTShaderSystem_d.lib and object C:/Hooman/GBC/GAME3121/ogre/build/lib/Debug/OgreRTShaderSystem_d.exp
  OgreRTShaderSystem.vcxproj -> C:\Hooman\GBC\GAME3121\ogre\build\bin\Debug\OgreRTShaderSystem_d.dll
