c:\hooman\gbc\game3121\course materials\gameenginedevelopment\ogre-sdk-v2.1\build\ogremain\ogremain.dir\debug\ogremain_d.pch
c:\hooman\gbc\game3121\course materials\gameenginedevelopment\ogre-sdk-v2.1\build\ogremain\ogremain.dir\debug\vc142.pdb
c:\hooman\gbc\game3121\course materials\gameenginedevelopment\ogre-sdk-v2.1\build\ogremain\ogremain.dir\debug\ogremain_pch.obj
c:\hooman\gbc\game3121\course materials\gameenginedevelopment\ogre-sdk-v2.1\build\ogremain\ogremain.dir\debug\ogrearchivemanager.obj
c:\hooman\gbc\game3121\course materials\gameenginedevelopment\ogre-sdk-v2.1\build\ogremain\ogremain.dir\debug\ogrebillboardchain.obj
c:\hooman\gbc\game3121\course materials\gameenginedevelopment\ogre-sdk-v2.1\build\ogremain\ogremain.dir\debug\ogrecompositorinstance.obj
c:\hooman\gbc\game3121\course materials\gameenginedevelopment\ogre-sdk-v2.1\build\ogremain\ogremain.dir\debug\ogrehardwarecounterbuffer.obj
c:\hooman\gbc\game3121\course materials\gameenginedevelopment\ogre-sdk-v2.1\build\ogremain\ogremain.dir\debug\ogrehardwarevertexbuffer.obj
c:\hooman\gbc\game3121\course materials\gameenginedevelopment\ogre-sdk-v2.1\build\ogremain\ogremain.dir\debug\ogreinstancemanager.obj
c:\hooman\gbc\game3121\course materials\gameenginedevelopment\ogre-sdk-v2.1\build\ogremain\ogremain.dir\debug\ogremesh.obj
c:\hooman\gbc\game3121\course materials\gameenginedevelopment\ogre-sdk-v2.1\build\ogremain\ogremain.dir\debug\ogreprefabfactory.obj
c:\hooman\gbc\game3121\course materials\gameenginedevelopment\ogre-sdk-v2.1\build\ogremain\ogremain.dir\debug\ogrerenderqueue.obj
c:\hooman\gbc\game3121\course materials\gameenginedevelopment\ogre-sdk-v2.1\build\ogremain\ogremain.dir\debug\ogrerendertarget.obj
c:\hooman\gbc\game3121\course materials\gameenginedevelopment\ogre-sdk-v2.1\build\ogremain\ogremain.dir\debug\ogreroot.obj
c:\hooman\gbc\game3121\course materials\gameenginedevelopment\ogre-sdk-v2.1\build\ogremain\ogremain.dir\debug\ogrestring.obj
c:\hooman\gbc\game3121\course materials\gameenginedevelopment\ogre-sdk-v2.1\build\ogremain\ogremain.dir\debug\ogrestringinterface.obj
c:\hooman\gbc\game3121\course materials\gameenginedevelopment\ogre-sdk-v2.1\build\ogremain\ogremain.dir\debug\ogretangentspacecalc.obj
c:\hooman\gbc\game3121\course materials\gameenginedevelopment\ogre-sdk-v2.1\build\ogremain\ogremain.dir\debug\ogrevertexindexdata.obj
c:\hooman\gbc\game3121\course materials\gameenginedevelopment\ogre-sdk-v2.1\build\ogremain\ogremain.dir\debug\ogrefilesystemlayer.obj
c:\hooman\gbc\game3121\course materials\gameenginedevelopment\ogre-sdk-v2.1\build\ogremain\ogremain.dir\debug\ogreastccodec.obj
c:\hooman\gbc\game3121\course materials\gameenginedevelopment\ogre-sdk-v2.1\build\ogremain\ogremain.dir\debug\ogrecommon.obj
c:\hooman\gbc\game3121\course materials\gameenginedevelopment\ogre-sdk-v2.1\build\ogremain\ogremain.dir\debug\ogrecompositor.obj
c:\hooman\gbc\game3121\course materials\gameenginedevelopment\ogre-sdk-v2.1\build\ogremain\ogremain.dir\debug\ogredualquaternion.obj
c:\hooman\gbc\game3121\course materials\gameenginedevelopment\ogre-sdk-v2.1\build\ogremain\ogremain.dir\debug\ogreedgelistbuilder.obj
c:\hooman\gbc\game3121\course materials\gameenginedevelopment\ogre-sdk-v2.1\build\ogremain\ogremain.dir\debug\ogrehardwareindexbuffer.obj
c:\hooman\gbc\game3121\course materials\gameenginedevelopment\ogre-sdk-v2.1\build\ogremain\ogremain.dir\debug\ogreimage.obj
c:\hooman\gbc\game3121\course materials\gameenginedevelopment\ogre-sdk-v2.1\build\ogremain\ogremain.dir\debug\ogrekeyframe.obj
c:\hooman\gbc\game3121\course materials\gameenginedevelopment\ogre-sdk-v2.1\build\ogremain\ogremain.dir\debug\ogrelog.obj
c:\hooman\gbc\game3121\course materials\gameenginedevelopment\ogre-sdk-v2.1\build\ogremain\ogremain.dir\debug\ogreparticleemitter.obj
c:\hooman\gbc\game3121\course materials\gameenginedevelopment\ogre-sdk-v2.1\build\ogremain\ogremain.dir\debug\ogreparticlesystemmanager.obj
c:\hooman\gbc\game3121\course materials\gameenginedevelopment\ogre-sdk-v2.1\build\ogremain\ogremain.dir\debug\ogrerendertovertexbuffer.obj
c:\hooman\gbc\game3121\course materials\gameenginedevelopment\ogre-sdk-v2.1\build\ogremain\ogremain.dir\debug\ogreresourcebackgroundqueue.obj
c:\hooman\gbc\game3121\course materials\gameenginedevelopment\ogre-sdk-v2.1\build\ogremain\ogremain.dir\debug\ogrerotationspline.obj
c:\hooman\gbc\game3121\course materials\gameenginedevelopment\ogre-sdk-v2.1\build\ogremain\ogremain.dir\debug\ogrescenemanager.obj
c:\hooman\gbc\game3121\course materials\gameenginedevelopment\ogre-sdk-v2.1\build\ogremain\ogremain.dir\debug\ogreanimation.obj
c:\hooman\gbc\game3121\course materials\gameenginedevelopment\ogre-sdk-v2.1\build\ogremain\ogremain.dir\debug\ogrecompositiontechnique.obj
c:\hooman\gbc\game3121\course materials\gameenginedevelopment\ogre-sdk-v2.1\build\ogremain\ogremain.dir\debug\ogredatastream.obj
c:\hooman\gbc\game3121\course materials\gameenginedevelopment\ogre-sdk-v2.1\build\ogremain\ogremain.dir\debug\ogredefaulthardwarebuffermanager.obj
c:\hooman\gbc\game3121\course materials\gameenginedevelopment\ogre-sdk-v2.1\build\ogremain\ogremain.dir\debug\ogredeflate.obj
c:\hooman\gbc\game3121\course materials\gameenginedevelopment\ogre-sdk-v2.1\build\ogremain\ogremain.dir\debug\ogredynlibmanager.obj
c:\hooman\gbc\game3121\course materials\gameenginedevelopment\ogre-sdk-v2.1\build\ogremain\ogremain.dir\debug\ogreexternaltexturesourcemanager.obj
c:\hooman\gbc\game3121\course materials\gameenginedevelopment\ogre-sdk-v2.1\build\ogremain\ogremain.dir\debug\ogregpuprogram.obj
c:\hooman\gbc\game3121\course materials\gameenginedevelopment\ogre-sdk-v2.1\build\ogremain\ogremain.dir\debug\ogregpuprogramusage.obj
c:\hooman\gbc\game3121\course materials\gameenginedevelopment\ogre-sdk-v2.1\build\ogremain\ogremain.dir\debug\ogrehardwareocclusionquery.obj
c:\hooman\gbc\game3121\course materials\gameenginedevelopment\ogre-sdk-v2.1\build\ogremain\ogremain.dir\debug\ogrehighlevelgpuprogram.obj
c:\hooman\gbc\game3121\course materials\gameenginedevelopment\ogre-sdk-v2.1\build\ogremain\ogremain.dir\debug\ogreinstancebatchhw_vtf.obj
c:\hooman\gbc\game3121\course materials\gameenginedevelopment\ogre-sdk-v2.1\build\ogremain\ogremain.dir\debug\ogrelight.obj
c:\hooman\gbc\game3121\course materials\gameenginedevelopment\ogre-sdk-v2.1\build\ogremain\ogremain.dir\debug\ogrematerialmanager.obj
c:\hooman\gbc\game3121\course materials\gameenginedevelopment\ogre-sdk-v2.1\build\ogremain\ogremain.dir\debug\ogrematrix4.obj
c:\hooman\gbc\game3121\course materials\gameenginedevelopment\ogre-sdk-v2.1\build\ogremain\ogremain.dir\debug\ogremeshmanager.obj
c:\hooman\gbc\game3121\course materials\gameenginedevelopment\ogre-sdk-v2.1\build\ogremain\ogremain.dir\debug\ogremovableobject.obj
c:\hooman\gbc\game3121\course materials\gameenginedevelopment\ogre-sdk-v2.1\build\ogremain\ogremain.dir\debug\ogreoptimisedutilsse.obj
c:\hooman\gbc\game3121\course materials\gameenginedevelopment\ogre-sdk-v2.1\build\ogremain\ogremain.dir\debug\ogrepolygon.obj
c:\hooman\gbc\game3121\course materials\gameenginedevelopment\ogre-sdk-v2.1\build\ogremain\ogremain.dir\debug\ogrerendersystemcapabilities.obj
c:\hooman\gbc\game3121\course materials\gameenginedevelopment\ogre-sdk-v2.1\build\ogremain\ogremain.dir\debug\ogrerenderwindow.obj
c:\hooman\gbc\game3121\course materials\gameenginedevelopment\ogre-sdk-v2.1\build\ogremain\ogremain.dir\debug\ogreresourcemanager.obj
c:\hooman\gbc\game3121\course materials\gameenginedevelopment\ogre-sdk-v2.1\build\ogremain\ogremain.dir\debug\ogrescenenode.obj
c:\hooman\gbc\game3121\course materials\gameenginedevelopment\ogre-sdk-v2.1\build\ogremain\ogremain.dir\debug\ogrescripttranslator.obj
c:\hooman\gbc\game3121\course materials\gameenginedevelopment\ogre-sdk-v2.1\build\ogremain\ogremain.dir\debug\ogretexturemanager.obj
c:\hooman\gbc\game3121\course materials\gameenginedevelopment\ogre-sdk-v2.1\build\ogremain\ogremain.dir\debug\ogretimer.obj
c:\hooman\gbc\game3121\course materials\gameenginedevelopment\ogre-sdk-v2.1\build\ogremain\ogremain.dir\debug\ogreviewport.obj
c:\hooman\gbc\game3121\course materials\gameenginedevelopment\ogre-sdk-v2.1\build\ogremain\ogremain.dir\debug\ogredefaultworkqueuestandard.obj
c:\hooman\gbc\game3121\course materials\gameenginedevelopment\ogre-sdk-v2.1\build\ogremain\ogremain.dir\debug\ogrealignedallocator.obj
c:\hooman\gbc\game3121\course materials\gameenginedevelopment\ogre-sdk-v2.1\build\ogremain\ogremain.dir\debug\ogreautoparamdatasource.obj
c:\hooman\gbc\game3121\course materials\gameenginedevelopment\ogre-sdk-v2.1\build\ogremain\ogremain.dir\debug\ogrecolourvalue.obj
c:\hooman\gbc\game3121\course materials\gameenginedevelopment\ogre-sdk-v2.1\build\ogremain\ogremain.dir\debug\ogrecompositionpass.obj
c:\hooman\gbc\game3121\course materials\gameenginedevelopment\ogre-sdk-v2.1\build\ogremain\ogremain.dir\debug\ogrecompositorchain.obj
c:\hooman\gbc\game3121\course materials\gameenginedevelopment\ogre-sdk-v2.1\build\ogremain\ogremain.dir\debug\ogreexception.obj
c:\hooman\gbc\game3121\course materials\gameenginedevelopment\ogre-sdk-v2.1\build\ogremain\ogremain.dir\debug\ogrefilesystem.obj
c:\hooman\gbc\game3121\course materials\gameenginedevelopment\ogre-sdk-v2.1\build\ogremain\ogremain.dir\debug\ogrehardwarepixelbuffer.obj
c:\hooman\gbc\game3121\course materials\gameenginedevelopment\ogre-sdk-v2.1\build\ogremain\ogremain.dir\debug\ogrehighlevelgpuprogrammanager.obj
c:\hooman\gbc\game3121\course materials\gameenginedevelopment\ogre-sdk-v2.1\build\ogremain\ogremain.dir\debug\ogreinstancebatchvtf.obj
c:\hooman\gbc\game3121\course materials\gameenginedevelopment\ogre-sdk-v2.1\build\ogremain\ogremain.dir\debug\ogrematerial.obj
c:\hooman\gbc\game3121\course materials\gameenginedevelopment\ogre-sdk-v2.1\build\ogremain\ogremain.dir\debug\ogremovableplane.obj
c:\hooman\gbc\game3121\course materials\gameenginedevelopment\ogre-sdk-v2.1\build\ogremain\ogremain.dir\debug\ogrenumerics.obj
c:\hooman\gbc\game3121\course materials\gameenginedevelopment\ogre-sdk-v2.1\build\ogremain\ogremain.dir\debug\ogreoptimisedutilgeneral.obj
c:\hooman\gbc\game3121\course materials\gameenginedevelopment\ogre-sdk-v2.1\build\ogremain\ogremain.dir\debug\ogrepass.obj
c:\hooman\gbc\game3121\course materials\gameenginedevelopment\ogre-sdk-v2.1\build\ogremain\ogremain.dir\debug\ogrepose.obj
c:\hooman\gbc\game3121\course materials\gameenginedevelopment\ogre-sdk-v2.1\build\ogremain\ogremain.dir\debug\ogrequaternion.obj
c:\hooman\gbc\game3121\course materials\gameenginedevelopment\ogre-sdk-v2.1\build\ogremain\ogremain.dir\debug\ogrerenderqueuesortinggrouping.obj
c:\hooman\gbc\game3121\course materials\gameenginedevelopment\ogre-sdk-v2.1\build\ogremain\ogremain.dir\debug\ogreresource.obj
c:\hooman\gbc\game3121\course materials\gameenginedevelopment\ogre-sdk-v2.1\build\ogremain\ogremain.dir\debug\ogreribbontrail.obj
c:\hooman\gbc\game3121\course materials\gameenginedevelopment\ogre-sdk-v2.1\build\ogremain\ogremain.dir\debug\ogrescenequery.obj
c:\hooman\gbc\game3121\course materials\gameenginedevelopment\ogre-sdk-v2.1\build\ogremain\ogremain.dir\debug\ogreserializer.obj
c:\hooman\gbc\game3121\course materials\gameenginedevelopment\ogre-sdk-v2.1\build\ogremain\ogremain.dir\debug\ogreshadowcamerasetupfocused.obj
c:\hooman\gbc\game3121\course materials\gameenginedevelopment\ogre-sdk-v2.1\build\ogremain\ogremain.dir\debug\ogreshadowcaster.obj
c:\hooman\gbc\game3121\course materials\gameenginedevelopment\ogre-sdk-v2.1\build\ogremain\ogremain.dir\debug\ogreskyrenderer.obj
c:\hooman\gbc\game3121\course materials\gameenginedevelopment\ogre-sdk-v2.1\build\ogremain\ogremain.dir\debug\ogretechnique.obj
c:\hooman\gbc\game3121\course materials\gameenginedevelopment\ogre-sdk-v2.1\build\ogremain\ogremain.dir\debug\ogreunifiedhighlevelgpuprogram.obj
c:\hooman\gbc\game3121\course materials\gameenginedevelopment\ogre-sdk-v2.1\build\ogremain\ogremain.dir\debug\ogrezip.obj
c:\hooman\gbc\game3121\course materials\gameenginedevelopment\ogre-sdk-v2.1\build\ogremain\ogremain.dir\debug\ogreanimationtrack.obj
c:\hooman\gbc\game3121\course materials\gameenginedevelopment\ogre-sdk-v2.1\build\ogremain\ogremain.dir\debug\ogrecodec.obj
c:\hooman\gbc\game3121\course materials\gameenginedevelopment\ogre-sdk-v2.1\build\ogremain\ogremain.dir\debug\ogrecompositormanager.obj
c:\hooman\gbc\game3121\course materials\gameenginedevelopment\ogre-sdk-v2.1\build\ogremain\ogremain.dir\debug\ogrehardwarebuffermanager.obj
c:\hooman\gbc\game3121\course materials\gameenginedevelopment\ogre-sdk-v2.1\build\ogremain\ogremain.dir\debug\ogreinstancebatchhw.obj
c:\hooman\gbc\game3121\course materials\gameenginedevelopment\ogre-sdk-v2.1\build\ogremain\ogremain.dir\debug\ogreinstancedentity.obj
c:\hooman\gbc\game3121\course materials\gameenginedevelopment\ogre-sdk-v2.1\build\ogremain\ogremain.dir\debug\ogremeshserializerimpl.obj
c:\hooman\gbc\game3121\course materials\gameenginedevelopment\ogre-sdk-v2.1\build\ogremain\ogremain.dir\debug\ogrepixelformat.obj
c:\hooman\gbc\game3121\course materials\gameenginedevelopment\ogre-sdk-v2.1\build\ogremain\ogremain.dir\debug\ogreprofiler.obj
c:\hooman\gbc\game3121\course materials\gameenginedevelopment\ogre-sdk-v2.1\build\ogremain\ogremain.dir\debug\ogrerendersystemcapabilitiesserializer.obj
c:\hooman\gbc\game3121\course materials\gameenginedevelopment\ogre-sdk-v2.1\build\ogremain\ogremain.dir\debug\ogrescriptcompiler.obj
c:\hooman\gbc\game3121\course materials\gameenginedevelopment\ogre-sdk-v2.1\build\ogremain\ogremain.dir\debug\ogresimplerenderable.obj
c:\hooman\gbc\game3121\course materials\gameenginedevelopment\ogre-sdk-v2.1\build\ogremain\ogremain.dir\debug\ogreskeletoninstance.obj
c:\hooman\gbc\game3121\course materials\gameenginedevelopment\ogre-sdk-v2.1\build\ogremain\ogremain.dir\debug\ogreskeletonserializer.obj
c:\hooman\gbc\game3121\course materials\gameenginedevelopment\ogre-sdk-v2.1\build\ogremain\ogremain.dir\debug\ogrestringconverter.obj
c:\hooman\gbc\game3121\course materials\gameenginedevelopment\ogre-sdk-v2.1\build\ogremain\ogremain.dir\debug\ogretagpoint.obj
c:\hooman\gbc\game3121\course materials\gameenginedevelopment\ogre-sdk-v2.1\build\ogremain\ogremain.dir\debug\ogretextureunitstate.obj
c:\hooman\gbc\game3121\course materials\gameenginedevelopment\ogre-sdk-v2.1\build\ogremain\ogremain.dir\debug\ogreworkqueue.obj
c:\hooman\gbc\game3121\course materials\gameenginedevelopment\ogre-sdk-v2.1\build\ogremain\ogremain.dir\debug\ogreanimable.obj
c:\hooman\gbc\game3121\course materials\gameenginedevelopment\ogre-sdk-v2.1\build\ogremain\ogremain.dir\debug\ogrebillboardparticlerenderer.obj
c:\hooman\gbc\game3121\course materials\gameenginedevelopment\ogre-sdk-v2.1\build\ogremain\ogremain.dir\debug\ogrecompositiontargetpass.obj
c:\hooman\gbc\game3121\course materials\gameenginedevelopment\ogre-sdk-v2.1\build\ogremain\ogremain.dir\debug\ogrecontrollermanager.obj
c:\hooman\gbc\game3121\course materials\gameenginedevelopment\ogre-sdk-v2.1\build\ogremain\ogremain.dir\debug\ogredefaultscenequeries.obj
c:\hooman\gbc\game3121\course materials\gameenginedevelopment\ogre-sdk-v2.1\build\ogremain\ogremain.dir\debug\ogredistancelodstrategy.obj
c:\hooman\gbc\game3121\course materials\gameenginedevelopment\ogre-sdk-v2.1\build\ogremain\ogremain.dir\debug\ogreentity.obj
c:\hooman\gbc\game3121\course materials\gameenginedevelopment\ogre-sdk-v2.1\build\ogremain\ogremain.dir\debug\ogreinstancebatchshader.obj
c:\hooman\gbc\game3121\course materials\gameenginedevelopment\ogre-sdk-v2.1\build\ogremain\ogremain.dir\debug\ogrelodstrategy.obj
c:\hooman\gbc\game3121\course materials\gameenginedevelopment\ogre-sdk-v2.1\build\ogremain\ogremain.dir\debug\ogremanualobject.obj
c:\hooman\gbc\game3121\course materials\gameenginedevelopment\ogre-sdk-v2.1\build\ogremain\ogremain.dir\debug\ogrenode.obj
c:\hooman\gbc\game3121\course materials\gameenginedevelopment\ogre-sdk-v2.1\build\ogremain\ogremain.dir\debug\ogreparticle.obj
c:\hooman\gbc\game3121\course materials\gameenginedevelopment\ogre-sdk-v2.1\build\ogremain\ogremain.dir\debug\ogrepatchsurface.obj
c:\hooman\gbc\game3121\course materials\gameenginedevelopment\ogre-sdk-v2.1\build\ogremain\ogremain.dir\debug\ogrepredefinedcontrollers.obj
c:\hooman\gbc\game3121\course materials\gameenginedevelopment\ogre-sdk-v2.1\build\ogremain\ogremain.dir\debug\ogrerenderqueueinvocation.obj
c:\hooman\gbc\game3121\course materials\gameenginedevelopment\ogre-sdk-v2.1\build\ogremain\ogremain.dir\debug\ogrerendertexture.obj
c:\hooman\gbc\game3121\course materials\gameenginedevelopment\ogre-sdk-v2.1\build\ogremain\ogremain.dir\debug\ogreresourcegroupmanager.obj
c:\hooman\gbc\game3121\course materials\gameenginedevelopment\ogre-sdk-v2.1\build\ogremain\ogremain.dir\debug\ogreshadowrenderer.obj
c:\hooman\gbc\game3121\course materials\gameenginedevelopment\ogre-sdk-v2.1\build\ogremain\ogremain.dir\debug\ogrestaticgeometry.obj
c:\hooman\gbc\game3121\course materials\gameenginedevelopment\ogre-sdk-v2.1\build\ogremain\ogremain.dir\debug\ogrearchive.obj
c:\hooman\gbc\game3121\course materials\gameenginedevelopment\ogre-sdk-v2.1\build\ogremain\ogremain.dir\debug\ogreaxisalignedbox.obj
c:\hooman\gbc\game3121\course materials\gameenginedevelopment\ogre-sdk-v2.1\build\ogremain\ogremain.dir\debug\ogrebillboard.obj
c:\hooman\gbc\game3121\course materials\gameenginedevelopment\ogre-sdk-v2.1\build\ogremain\ogremain.dir\debug\ogrebone.obj
c:\hooman\gbc\game3121\course materials\gameenginedevelopment\ogre-sdk-v2.1\build\ogremain\ogremain.dir\debug\ogrecamera.obj
c:\hooman\gbc\game3121\course materials\gameenginedevelopment\ogre-sdk-v2.1\build\ogremain\ogremain.dir\debug\ogreconfigfile.obj
c:\hooman\gbc\game3121\course materials\gameenginedevelopment\ogre-sdk-v2.1\build\ogremain\ogremain.dir\debug\ogredepthbuffer.obj
c:\hooman\gbc\game3121\course materials\gameenginedevelopment\ogre-sdk-v2.1\build\ogremain\ogremain.dir\debug\ogreexternaltexturesource.obj
c:\hooman\gbc\game3121\course materials\gameenginedevelopment\ogre-sdk-v2.1\build\ogremain\ogremain.dir\debug\ogrefrustum.obj
c:\hooman\gbc\game3121\course materials\gameenginedevelopment\ogre-sdk-v2.1\build\ogremain\ogremain.dir\debug\ogregpuprogramparams.obj
c:\hooman\gbc\game3121\course materials\gameenginedevelopment\ogre-sdk-v2.1\build\ogremain\ogremain.dir\debug\ogrelogmanager.obj
c:\hooman\gbc\game3121\course materials\gameenginedevelopment\ogre-sdk-v2.1\build\ogremain\ogremain.dir\debug\ogremath.obj
c:\hooman\gbc\game3121\course materials\gameenginedevelopment\ogre-sdk-v2.1\build\ogremain\ogremain.dir\debug\ogrematrix3.obj
c:\hooman\gbc\game3121\course materials\gameenginedevelopment\ogre-sdk-v2.1\build\ogremain\ogremain.dir\debug\ogremeshserializer.obj
c:\hooman\gbc\game3121\course materials\gameenginedevelopment\ogre-sdk-v2.1\build\ogremain\ogremain.dir\debug\ogreparticleemittercommands.obj
c:\hooman\gbc\game3121\course materials\gameenginedevelopment\ogre-sdk-v2.1\build\ogremain\ogremain.dir\debug\ogreparticleiterator.obj
c:\hooman\gbc\game3121\course materials\gameenginedevelopment\ogre-sdk-v2.1\build\ogremain\ogremain.dir\debug\ogrepatchmesh.obj
c:\hooman\gbc\game3121\course materials\gameenginedevelopment\ogre-sdk-v2.1\build\ogremain\ogremain.dir\debug\ogrepixelcountlodstrategy.obj
c:\hooman\gbc\game3121\course materials\gameenginedevelopment\ogre-sdk-v2.1\build\ogremain\ogremain.dir\debug\ogreplatforminformation.obj
c:\hooman\gbc\game3121\course materials\gameenginedevelopment\ogre-sdk-v2.1\build\ogremain\ogremain.dir\debug\ogrerectangle2d.obj
c:\hooman\gbc\game3121\course materials\gameenginedevelopment\ogre-sdk-v2.1\build\ogremain\ogremain.dir\debug\ogrerendersystemcapabilitiesmanager.obj
c:\hooman\gbc\game3121\course materials\gameenginedevelopment\ogre-sdk-v2.1\build\ogremain\ogremain.dir\debug\ogrescenemanagerenumerator.obj
c:\hooman\gbc\game3121\course materials\gameenginedevelopment\ogre-sdk-v2.1\build\ogremain\ogremain.dir\debug\ogrescriptparser.obj
c:\hooman\gbc\game3121\course materials\gameenginedevelopment\ogre-sdk-v2.1\build\ogremain\ogremain.dir\debug\ogreshadowcamerasetuplispsm.obj
c:\hooman\gbc\game3121\course materials\gameenginedevelopment\ogre-sdk-v2.1\build\ogremain\ogremain.dir\debug\ogreshadowcamerasetupplaneoptimal.obj
c:\hooman\gbc\game3121\course materials\gameenginedevelopment\ogre-sdk-v2.1\build\ogremain\ogremain.dir\debug\ogreshadowvolumeextrudeprogram.obj
c:\hooman\gbc\game3121\course materials\gameenginedevelopment\ogre-sdk-v2.1\build\ogremain\ogremain.dir\debug\ogresimplespline.obj
c:\hooman\gbc\game3121\course materials\gameenginedevelopment\ogre-sdk-v2.1\build\ogremain\ogremain.dir\debug\ogreskeletonmanager.obj
c:\hooman\gbc\game3121\course materials\gameenginedevelopment\ogre-sdk-v2.1\build\ogremain\ogremain.dir\debug\ogrestreamserialiser.obj
c:\hooman\gbc\game3121\course materials\gameenginedevelopment\ogre-sdk-v2.1\build\ogremain\ogremain.dir\debug\ogresubentity.obj
c:\hooman\gbc\game3121\course materials\gameenginedevelopment\ogre-sdk-v2.1\build\ogremain\ogremain.dir\debug\ogretexture.obj
c:\hooman\gbc\game3121\course materials\gameenginedevelopment\ogre-sdk-v2.1\build\ogremain\ogremain.dir\debug\ogreuserobjectbindings.obj
c:\hooman\gbc\game3121\course materials\gameenginedevelopment\ogre-sdk-v2.1\build\ogremain\ogremain.dir\debug\ogreddscodec.obj
c:\hooman\gbc\game3121\course materials\gameenginedevelopment\ogre-sdk-v2.1\build\ogremain\ogremain.dir\debug\ogreanimationstate.obj
c:\hooman\gbc\game3121\course materials\gameenginedevelopment\ogre-sdk-v2.1\build\ogremain\ogremain.dir\debug\ogrebillboardset.obj
c:\hooman\gbc\game3121\course materials\gameenginedevelopment\ogre-sdk-v2.1\build\ogremain\ogremain.dir\debug\ogreconvexbody.obj
c:\hooman\gbc\game3121\course materials\gameenginedevelopment\ogre-sdk-v2.1\build\ogremain\ogremain.dir\debug\ogredynlib.obj
c:\hooman\gbc\game3121\course materials\gameenginedevelopment\ogre-sdk-v2.1\build\ogremain\ogremain.dir\debug\ogregpuprogrammanager.obj
c:\hooman\gbc\game3121\course materials\gameenginedevelopment\ogre-sdk-v2.1\build\ogremain\ogremain.dir\debug\ogrehardwareuniformbuffer.obj
c:\hooman\gbc\game3121\course materials\gameenginedevelopment\ogre-sdk-v2.1\build\ogremain\ogremain.dir\debug\ogreinstancebatch.obj
c:\hooman\gbc\game3121\course materials\gameenginedevelopment\ogre-sdk-v2.1\build\ogremain\ogremain.dir\debug\ogrelodstrategymanager.obj
c:\hooman\gbc\game3121\course materials\gameenginedevelopment\ogre-sdk-v2.1\build\ogremain\ogremain.dir\debug\ogrematerialserializer.obj
c:\hooman\gbc\game3121\course materials\gameenginedevelopment\ogre-sdk-v2.1\build\ogremain\ogremain.dir\debug\ogremurmurhash3.obj
c:\hooman\gbc\game3121\course materials\gameenginedevelopment\ogre-sdk-v2.1\build\ogremain\ogremain.dir\debug\ogreoptimisedutil.obj
c:\hooman\gbc\game3121\course materials\gameenginedevelopment\ogre-sdk-v2.1\build\ogremain\ogremain.dir\debug\ogreparticlesystem.obj
c:\hooman\gbc\game3121\course materials\gameenginedevelopment\ogre-sdk-v2.1\build\ogremain\ogremain.dir\debug\ogrerendersystem.obj
c:\hooman\gbc\game3121\course materials\gameenginedevelopment\ogre-sdk-v2.1\build\ogremain\ogremain.dir\debug\ogresceneloadermanager.obj
c:\hooman\gbc\game3121\course materials\gameenginedevelopment\ogre-sdk-v2.1\build\ogremain\ogremain.dir\debug\ogrescriptlexer.obj
c:\hooman\gbc\game3121\course materials\gameenginedevelopment\ogre-sdk-v2.1\build\ogremain\ogremain.dir\debug\ogreshadowcamerasetup.obj
c:\hooman\gbc\game3121\course materials\gameenginedevelopment\ogre-sdk-v2.1\build\ogremain\ogremain.dir\debug\ogreshadowcamerasetuppssm.obj
c:\hooman\gbc\game3121\course materials\gameenginedevelopment\ogre-sdk-v2.1\build\ogremain\ogremain.dir\debug\ogreshadowtexturemanager.obj
c:\hooman\gbc\game3121\course materials\gameenginedevelopment\ogre-sdk-v2.1\build\ogremain\ogremain.dir\debug\ogreskeleton.obj
c:\hooman\gbc\game3121\course materials\gameenginedevelopment\ogre-sdk-v2.1\build\ogremain\ogremain.dir\debug\ogresubmesh.obj
c:\hooman\gbc\game3121\course materials\gameenginedevelopment\ogre-sdk-v2.1\build\ogremain\ogremain.dir\debug\ogrevector.obj
c:\hooman\gbc\game3121\course materials\gameenginedevelopment\ogre-sdk-v2.1\build\ogremain\ogremain.dir\debug\ogrewireboundingbox.obj
c:\hooman\gbc\game3121\course materials\gameenginedevelopment\ogre-sdk-v2.1\build\ogremain\ogremain.dir\debug\ogreetccodec.obj
c:\hooman\gbc\game3121\course materials\gameenginedevelopment\ogre-sdk-v2.1\build\bin\debug\ogremain_d.ilk
c:\hooman\gbc\game3121\course materials\gameenginedevelopment\ogre-sdk-v2.1\build\bin\debug\ogremain_d.dll
c:\hooman\gbc\game3121\course materials\gameenginedevelopment\ogre-sdk-v2.1\build\bin\debug\ogremain_d.pdb
c:\hooman\gbc\game3121\course materials\gameenginedevelopment\ogre-sdk-v2.1\build\lib\debug\ogremain_d.lib
c:\hooman\gbc\game3121\course materials\gameenginedevelopment\ogre-sdk-v2.1\build\lib\debug\ogremain_d.exp
c:\hooman\gbc\game3121\course materials\gameenginedevelopment\ogre-sdk-v2.1\build\ogremain\ogremain.dir\debug\ogremain.tlog\cl.command.1.tlog
c:\hooman\gbc\game3121\course materials\gameenginedevelopment\ogre-sdk-v2.1\build\ogremain\ogremain.dir\debug\ogremain.tlog\cl.read.1.tlog
c:\hooman\gbc\game3121\course materials\gameenginedevelopment\ogre-sdk-v2.1\build\ogremain\ogremain.dir\debug\ogremain.tlog\cl.write.1.tlog
c:\hooman\gbc\game3121\course materials\gameenginedevelopment\ogre-sdk-v2.1\build\ogremain\ogremain.dir\debug\ogremain.tlog\link.command.1.tlog
c:\hooman\gbc\game3121\course materials\gameenginedevelopment\ogre-sdk-v2.1\build\ogremain\ogremain.dir\debug\ogremain.tlog\link.read.1.tlog
c:\hooman\gbc\game3121\course materials\gameenginedevelopment\ogre-sdk-v2.1\build\ogremain\ogremain.dir\debug\ogremain.tlog\link.write.1.tlog
c:\hooman\gbc\game3121\course materials\gameenginedevelopment\ogre-sdk-v2.1\build\ogremain\ogremain.dir\debug\ogremain.tlog\ogremain.write.1u.tlog
