  DotSceneLoader.cpp
C:\Hooman\GBC\GAME3121\ogre\OgreMain\include\OgreRenderSystem.h(962,1): warning C4267: 'argument': conversion from 'size_t' to 'const T', possible loss of data
          with
          [
              T=long
          ]
pugixml.lib(pugixml.obj) : error LNK2038: mismatch detected for '_ITERATOR_DEBUG_LEVEL': value '0' doesn't match value '2' in DotSceneLoader.obj
pugixml.lib(pugixml.obj) : error LNK2038: mismatch detected for 'RuntimeLibrary': value 'MD_DynamicRelease' doesn't match value 'MDd_DynamicDebug' in DotSceneLoader.obj
     Creating library C:/Hooman/GBC/GAME3121/ogre/build/lib/Debug/Plugin_DotScene_d.lib and object C:/Hooman/GBC/GAME3121/ogre/build/lib/Debug/Plugin_DotScene_d.exp
LINK : warning LNK4098: defaultlib 'MSVCRT' conflicts with use of other libs; use /NODEFAULTLIB:library
C:\Hooman\GBC\GAME3121\ogre\build\bin\Debug\Plugin_DotScene_d.dll : fatal error LNK1319: 2 mismatches detected

Project Performance Summary:
        0 ms  C:\Hooman\GBC\GAME3121\ogre\build\OgreMain\OgreMain.vcxproj   3 calls
                  0 ms  GetTargetPath                              1 calls
                  0 ms  GetNativeManifest                          1 calls
                  0 ms  GetResolvedLinkLibs                        1 calls
        0 ms  C:\Hooman\GBC\GAME3121\ogre\build\Components\Paging\OgrePaging.vcxproj   3 calls
                  0 ms  GetTargetPath                              1 calls
                  0 ms  GetNativeManifest                          1 calls
                  0 ms  GetResolvedLinkLibs                        1 calls
        3 ms  C:\Hooman\GBC\GAME3121\ogre\build\Components\Terrain\OgreTerrain.vcxproj   3 calls
                  1 ms  GetTargetPath                              1 calls
                  1 ms  GetNativeManifest                          1 calls
                  1 ms  GetResolvedLinkLibs                        1 calls
    14423 ms  C:\Hooman\GBC\GAME3121\ogre\build\PlugIns\DotScene\Plugin_DotScene.vcxproj   1 calls
              14423 ms  Rebuild                                    1 calls

Target Performance Summary:
        0 ms  _Xsd                                       1 calls
        0 ms  MakeDirsForCl                              1 calls
        0 ms  FixupCLCompileOptions                      1 calls
        0 ms  WarnCompileDuplicatedFilename              1 calls
        0 ms  FindReferenceAssembliesForReferences       1 calls
        0 ms  ComputeCLInputPDBName                      1 calls
        0 ms  BeforeClCompile                            1 calls
        0 ms  BuildCompileTraverse                       1 calls
        0 ms  BuildGenerateSources                       1 calls
        0 ms  SelectClCompile                            1 calls
        0 ms  _BuildGenerateSourcesAction                1 calls
        0 ms  AfterBuildGenerateSources                  1 calls
        0 ms  _Midl                                      1 calls
        0 ms  AfterMidl                                  1 calls
        0 ms  ComputeMIDLGeneratedCompileInputs          1 calls
        0 ms  MakeDirsForMidl                            1 calls
        0 ms  ComputeLinkSwitches                        1 calls
        0 ms  CopyFileToFolders                          1 calls
        0 ms  SplitResourcesByCulture                    1 calls
        0 ms  AfterBuildGenerateSourcesEvent             1 calls
        0 ms  AfterClCompile                             1 calls
        0 ms  _ClCompile                                 1 calls
        0 ms  BeforeResourceCompile                      1 calls
        0 ms  AssignTargetPaths                          1 calls
        0 ms  ComputeManifestInputsTargets               1 calls
        0 ms  ComputeReferenceLinkInputs                 1 calls
        0 ms  PrepareResourceNames                       1 calls
        0 ms  ComputeLinkInputsFromProject               1 calls
        0 ms  ComputeCLGeneratedLinkInputs               1 calls
        0 ms  ComputeCLOutputs                           1 calls
        0 ms  GetResolvedLinkLibs                        1 calls
        0 ms  ComputeManifestGeneratedLinkerInputs       1 calls
        0 ms  ComputeRCGeneratedLinkInputs               1 calls
        0 ms  ComputeRCOutputs                           1 calls
        0 ms  BeforeLink                                 1 calls
        0 ms  BuildLinkTraverse                          1 calls
        0 ms  BuildCompile                               1 calls
        0 ms  _BuildCompileAction                        1 calls
        0 ms  AfterBuildCompileEvent                     1 calls
        0 ms  _ResourceCompile                           1 calls
        0 ms  AfterResourceCompile                       1 calls
        0 ms  MakeDirsForResourceCompile                 1 calls
        0 ms  SelectCustomBuild                          1 calls
        0 ms  _SelectedFiles                             1 calls
        0 ms  ComputeCustomBuildOutput                   1 calls
        0 ms  BeforeBuildGenerateSources                 1 calls
        0 ms  BeforeResolveReferences                    1 calls
        0 ms  PreBuildEvent                              1 calls
        0 ms  _PrepareForBuild                           1 calls
        0 ms  Clean                                      1 calls
        0 ms  CppClean                                   1 calls
        0 ms  AfterCppClean                              1 calls
        0 ms  PreLinkEvent                               1 calls
        0 ms  BeforeCppClean                             1 calls
        0 ms  AfterClean                                 1 calls
        0 ms  CleanReferencedProjects                    1 calls
        0 ms  PrepareProjectReferences                   1 calls
        0 ms  _GetProjectReferenceTargetFrameworkProperties   1 calls
        0 ms  AssignProjectConfiguration                 1 calls
        0 ms  BeforeClean                                1 calls
        0 ms  BeforeRebuild                              1 calls
        0 ms  _PrepareForRebuild                         1 calls
        0 ms  SetTelemetryEnvironmentVariables           1 calls
        0 ms  _RemoveNameMetadataFromProjectReferenceItems   1 calls
        0 ms  DoLinkOutputFilesMatch                     1 calls
        0 ms  _PrepareForReferenceResolution             1 calls
        0 ms  GetTargetPath                              1 calls
        0 ms  BuildGenerateSourcesTraverse               1 calls
        0 ms  ResolveReferences                          1 calls
        0 ms  AfterResolveReferences                     1 calls
        0 ms  ExpandSDKReferences                        1 calls
        0 ms  ResolveSDKReferences                       1 calls
        0 ms  GetTargetPathWithTargetPlatformMoniker     1 calls
        0 ms  SetCABuildNativeEnvironmentVariables       1 calls
        0 ms  _CheckWindowsSDKInstalled                  1 calls
        0 ms  CreateCustomManifestResourceNames          1 calls
        0 ms  GetReferenceAssemblyPaths                  1 calls
        0 ms  GetFrameworkPaths                          1 calls
        0 ms  GetResolvedWinMD                           1 calls
        1 ms  ComputeLegacyManifestEmbedding             1 calls
        1 ms  CustomBuild                                1 calls
        1 ms  PGInstrumentedClean                        1 calls
        1 ms  ResolveAssemblyReferences                  1 calls
        1 ms  ComputeResolveLinkObj                      1 calls
        1 ms  MakeDirsForLink                            1 calls
        1 ms  SetBuildDefaultEnvironmentVariables        1 calls
        1 ms  GetNativeManifest                          1 calls
        1 ms  ComputeReferenceCLInput                    1 calls
        1 ms  _PrepareForClean                           1 calls
        1 ms  CleanPublishFolder                         1 calls
        2 ms  InitializeBuildStatus                      1 calls
        2 ms  _SplitProjectReferencesByFileExistence     1 calls
        3 ms  CoreClean                                  1 calls
        3 ms  PrepareForBuild                            1 calls
        3 ms  _CheckForInvalidConfigurationAndPlatform   1 calls
       15 ms  CoreCppClean                               1 calls
      297 ms  ResolvedLinkLib                            1 calls
      566 ms  ResolveProjectReferences                   1 calls
     6562 ms  Link                                       1 calls
     6958 ms  ClCompile                                  1 calls

Task Performance Summary:
        0 ms  ResolveNonMSBuildProjectOutput             1 calls
        0 ms  FindUnderPath                              2 calls
        0 ms  RemoveDuplicates                           1 calls
        0 ms  AssignProjectConfiguration                 1 calls
        0 ms  AssignCulture                              1 calls
        0 ms  AssignTargetPath                           4 calls
        0 ms  CheckVCToolsetVersion                      1 calls
        0 ms  Touch                                      1 calls
        1 ms  ReadLinesFromFile                          2 calls
        1 ms  GetOutOfDateItems                          3 calls
        1 ms  SetEnv                                     8 calls
        1 ms  MakeDir                                    9 calls
        1 ms  Delete                                     5 calls
        3 ms  WriteLinesToFile                           3 calls
        3 ms  Message                                    2 calls
       14 ms  CppClean                                   1 calls
      862 ms  MSBuild                                    3 calls
     6561 ms  Link                                       1 calls
     6957 ms  CL                                         1 calls
