  OgreOctree.cpp
  OgreOctreeCamera.cpp
  OgreOctreeNode.cpp
  OgreOctreePlugin.cpp
  OgreOctreeSceneManager.cpp
  OgreOctreeSceneManagerDll.cpp
  OgreOctreeSceneQuery.cpp
C:\Hooman\GBC\GAME3121\ogre\OgreMain\include\OgreRenderSystem.h(962,1): warning C4267: 'argument': conversion from 'size_t' to 'const T', possible loss of data
          with
          [
              T=long
          ] (compiling source file C:\Hooman\GBC\GAME3121\ogre\PlugIns\OctreeSceneManager\src\OgreOctreeNode.cpp)
C:\Hooman\GBC\GAME3121\ogre\OgreMain\include\OgreRenderSystem.h(962,1): warning C4267: 'argument': conversion from 'size_t' to 'const T', possible loss of data
          with
          [
              T=long
          ] (compiling source file C:\Hooman\GBC\GAME3121\ogre\PlugIns\OctreeSceneManager\src\OgreOctreePlugin.cpp)
C:\Hooman\GBC\GAME3121\ogre\OgreMain\include\OgreRenderSystem.h(962,1): warning C4267: 'argument': conversion from 'size_t' to 'const T', possible loss of data
          with
          [
              T=long
          ] (compiling source file C:\Hooman\GBC\GAME3121\ogre\PlugIns\OctreeSceneManager\src\OgreOctreeSceneManager.cpp)
C:\Hooman\GBC\GAME3121\ogre\OgreMain\include\OgreRenderSystem.h(962,1): warning C4267: 'argument': conversion from 'size_t' to 'const T', possible loss of data
          with
          [
              T=long
          ] (compiling source file C:\Hooman\GBC\GAME3121\ogre\PlugIns\OctreeSceneManager\src\OgreOctreeSceneManagerDll.cpp)
C:\Hooman\GBC\GAME3121\ogre\OgreMain\include\OgreRenderSystem.h(962,1): warning C4267: 'argument': conversion from 'size_t' to 'const T', possible loss of data
          with
          [
              T=long
          ] (compiling source file C:\Hooman\GBC\GAME3121\ogre\PlugIns\OctreeSceneManager\src\OgreOctreeSceneQuery.cpp)
     Creating library C:/Hooman/GBC/GAME3121/ogre/build/lib/Debug/Plugin_OctreeSceneManager_d.lib and object C:/Hooman/GBC/GAME3121/ogre/build/lib/Debug/Plugin_OctreeSceneManager_d.exp
  Plugin_OctreeSceneManager.vcxproj -> C:\Hooman\GBC\GAME3121\ogre\build\bin\Debug\Plugin_OctreeSceneManager_d.dll
