c:\hooman\gbc\game3121\ogre\build\components\meshlodgenerator\ogremeshlodgenerator.dir\release\cmake_pch.pch
c:\hooman\gbc\game3121\ogre\build\components\meshlodgenerator\ogremeshlodgenerator.dir\release\cmake_pch.obj
c:\hooman\gbc\game3121\ogre\build\components\meshlodgenerator\ogremeshlodgenerator.dir\release\ogrelodconfig.obj
c:\hooman\gbc\game3121\ogre\build\components\meshlodgenerator\ogremeshlodgenerator.dir\release\ogrelodoutsidemarker.obj
c:\hooman\gbc\game3121\ogre\build\components\meshlodgenerator\ogremeshlodgenerator.dir\release\ogrelodcollapser.obj
c:\hooman\gbc\game3121\ogre\build\components\meshlodgenerator\ogremeshlodgenerator.dir\release\ogrelodoutputprovidermesh.obj
c:\hooman\gbc\game3121\ogre\build\components\meshlodgenerator\ogremeshlodgenerator.dir\release\ogremeshlodgenerator.obj
c:\hooman\gbc\game3121\ogre\build\components\meshlodgenerator\ogremeshlodgenerator.dir\release\ogrelodcollapsecostquadric.obj
c:\hooman\gbc\game3121\ogre\build\components\meshlodgenerator\ogremeshlodgenerator.dir\release\ogrelodinputprovidermesh.obj
c:\hooman\gbc\game3121\ogre\build\components\meshlodgenerator\ogremeshlodgenerator.dir\release\ogrelodcollapsecostcurvature.obj
c:\hooman\gbc\game3121\ogre\build\components\meshlodgenerator\ogremeshlodgenerator.dir\release\ogrelodinputprovider.obj
c:\hooman\gbc\game3121\ogre\build\components\meshlodgenerator\ogremeshlodgenerator.dir\release\ogrelodoutputprovidercompressedmesh.obj
c:\hooman\gbc\game3121\ogre\build\components\meshlodgenerator\ogremeshlodgenerator.dir\release\ogrelodcollapsecostprofiler.obj
c:\hooman\gbc\game3121\ogre\build\components\meshlodgenerator\ogremeshlodgenerator.dir\release\ogrelodworkqueueinjector.obj
c:\hooman\gbc\game3121\ogre\build\components\meshlodgenerator\ogremeshlodgenerator.dir\release\ogrelodcollapsecost.obj
c:\hooman\gbc\game3121\ogre\build\components\meshlodgenerator\ogremeshlodgenerator.dir\release\ogrelodconfigserializer.obj
c:\hooman\gbc\game3121\ogre\build\components\meshlodgenerator\ogremeshlodgenerator.dir\release\ogrelodoutputproviderbuffer.obj
c:\hooman\gbc\game3121\ogre\build\components\meshlodgenerator\ogremeshlodgenerator.dir\release\ogresmallvector.obj
c:\hooman\gbc\game3121\ogre\build\components\meshlodgenerator\ogremeshlodgenerator.dir\release\ogrelodcollapsecostoutside.obj
c:\hooman\gbc\game3121\ogre\build\components\meshlodgenerator\ogremeshlodgenerator.dir\release\ogreloddata.obj
c:\hooman\gbc\game3121\ogre\build\components\meshlodgenerator\ogremeshlodgenerator.dir\release\ogrelodoutputprovidercompressedbuffer.obj
c:\hooman\gbc\game3121\ogre\build\components\meshlodgenerator\ogremeshlodgenerator.dir\release\ogrelodbuffer.obj
c:\hooman\gbc\game3121\ogre\build\components\meshlodgenerator\ogremeshlodgenerator.dir\release\ogrelodinputproviderbuffer.obj
c:\hooman\gbc\game3121\ogre\build\components\meshlodgenerator\ogremeshlodgenerator.dir\release\ogrelodworkqueueworker.obj
c:\hooman\gbc\game3121\ogre\build\bin\release\ogremeshlodgenerator.dll
c:\hooman\gbc\game3121\ogre\build\lib\release\ogremeshlodgenerator.lib
c:\hooman\gbc\game3121\ogre\build\lib\release\ogremeshlodgenerator.exp
c:\hooman\gbc\game3121\ogre\build\components\meshlodgenerator\ogremeshlodgenerator.dir\release\ogremesh.ab733a0d.tlog\cl.command.1.tlog
c:\hooman\gbc\game3121\ogre\build\components\meshlodgenerator\ogremeshlodgenerator.dir\release\ogremesh.ab733a0d.tlog\cl.read.1.tlog
c:\hooman\gbc\game3121\ogre\build\components\meshlodgenerator\ogremeshlodgenerator.dir\release\ogremesh.ab733a0d.tlog\cl.write.1.tlog
c:\hooman\gbc\game3121\ogre\build\components\meshlodgenerator\ogremeshlodgenerator.dir\release\ogremesh.ab733a0d.tlog\link.command.1.tlog
c:\hooman\gbc\game3121\ogre\build\components\meshlodgenerator\ogremeshlodgenerator.dir\release\ogremesh.ab733a0d.tlog\link.read.1.tlog
c:\hooman\gbc\game3121\ogre\build\components\meshlodgenerator\ogremeshlodgenerator.dir\release\ogremesh.ab733a0d.tlog\link.write.1.tlog
c:\hooman\gbc\game3121\ogre\build\components\meshlodgenerator\ogremeshlodgenerator.dir\release\ogremesh.ab733a0d.tlog\ogremeshlodgenerator.write.1u.tlog
