c:\hooman\gbc\game3121\course materials\gameenginedevelopment\ogre-sdk-v2.1\build\rendersystems\gl\rendersystem_gl.dir\debug\vc142.pdb
c:\hooman\gbc\game3121\course materials\gameenginedevelopment\ogre-sdk-v2.1\build\rendersystems\gl\rendersystem_gl.dir\debug\glew.obj
c:\hooman\gbc\game3121\course materials\gameenginedevelopment\ogre-sdk-v2.1\build\rendersystems\gl\rendersystem_gl.dir\debug\ogreglslextsupport.obj
c:\hooman\gbc\game3121\course materials\gameenginedevelopment\ogre-sdk-v2.1\build\rendersystems\gl\rendersystem_gl.dir\debug\_ps1.0_lexer.obj
c:\hooman\gbc\game3121\course materials\gameenginedevelopment\ogre-sdk-v2.1\build\rendersystems\gl\rendersystem_gl.dir\debug\_rc1.0_parser.obj
c:\hooman\gbc\game3121\course materials\gameenginedevelopment\ogre-sdk-v2.1\build\rendersystems\gl\rendersystem_gl.dir\debug\avp1.0_impl.obj
c:\hooman\gbc\game3121\course materials\gameenginedevelopment\ogre-sdk-v2.1\build\rendersystems\gl\rendersystem_gl.dir\debug\vcp1.0_impl.obj
c:\hooman\gbc\game3121\course materials\gameenginedevelopment\ogre-sdk-v2.1\build\rendersystems\gl\rendersystem_gl.dir\debug\ogreglcopyingrendertexture.obj
c:\hooman\gbc\game3121\course materials\gameenginedevelopment\ogre-sdk-v2.1\build\rendersystems\gl\rendersystem_gl.dir\debug\ogreglhardwareocclusionquery.obj
c:\hooman\gbc\game3121\course materials\gameenginedevelopment\ogre-sdk-v2.1\build\rendersystems\gl\rendersystem_gl.dir\debug\ogreglrendersystem.obj
c:\hooman\gbc\game3121\course materials\gameenginedevelopment\ogre-sdk-v2.1\build\rendersystems\gl\rendersystem_gl.dir\debug\ogreglslgpuprogram.obj
c:\hooman\gbc\game3121\course materials\gameenginedevelopment\ogre-sdk-v2.1\build\rendersystems\gl\rendersystem_gl.dir\debug\_vs1.0_lexer.obj
c:\hooman\gbc\game3121\course materials\gameenginedevelopment\ogre-sdk-v2.1\build\rendersystems\gl\rendersystem_gl.dir\debug\rc1.0_final.obj
c:\hooman\gbc\game3121\course materials\gameenginedevelopment\ogre-sdk-v2.1\build\rendersystems\gl\rendersystem_gl.dir\debug\ogregldepthbuffer.obj
c:\hooman\gbc\game3121\course materials\gameenginedevelopment\ogre-sdk-v2.1\build\rendersystems\gl\rendersystem_gl.dir\debug\ogreglhardwarebuffermanager.obj
c:\hooman\gbc\game3121\course materials\gameenginedevelopment\ogre-sdk-v2.1\build\rendersystems\gl\rendersystem_gl.dir\debug\ogregltexture.obj
c:\hooman\gbc\game3121\course materials\gameenginedevelopment\ogre-sdk-v2.1\build\rendersystems\gl\rendersystem_gl.dir\debug\ogreglsllinkprogram.obj
c:\hooman\gbc\game3121\course materials\gameenginedevelopment\ogre-sdk-v2.1\build\rendersystems\gl\rendersystem_gl.dir\debug\_ps1.0_parser.obj
c:\hooman\gbc\game3121\course materials\gameenginedevelopment\ogre-sdk-v2.1\build\rendersystems\gl\rendersystem_gl.dir\debug\ts1.0_inst_list.obj
c:\hooman\gbc\game3121\course materials\gameenginedevelopment\ogre-sdk-v2.1\build\rendersystems\gl\rendersystem_gl.dir\debug\ogreglfbomultirendertarget.obj
c:\hooman\gbc\game3121\course materials\gameenginedevelopment\ogre-sdk-v2.1\build\rendersystems\gl\rendersystem_gl.dir\debug\ogreglhardwareindexbuffer.obj
c:\hooman\gbc\game3121\course materials\gameenginedevelopment\ogre-sdk-v2.1\build\rendersystems\gl\rendersystem_gl.dir\debug\ogreglrendertovertexbuffer.obj
c:\hooman\gbc\game3121\course materials\gameenginedevelopment\ogre-sdk-v2.1\build\rendersystems\gl\rendersystem_gl.dir\debug\ogreglslprogram.obj
c:\hooman\gbc\game3121\course materials\gameenginedevelopment\ogre-sdk-v2.1\build\rendersystems\gl\rendersystem_gl.dir\debug\nvparse_errors.obj
c:\hooman\gbc\game3121\course materials\gameenginedevelopment\ogre-sdk-v2.1\build\rendersystems\gl\rendersystem_gl.dir\debug\ps1.0_program.obj
c:\hooman\gbc\game3121\course materials\gameenginedevelopment\ogre-sdk-v2.1\build\rendersystems\gl\rendersystem_gl.dir\debug\vs1.0_inst.obj
c:\hooman\gbc\game3121\course materials\gameenginedevelopment\ogre-sdk-v2.1\build\rendersystems\gl\rendersystem_gl.dir\debug\ogreglgpunvparseprogram.obj
c:\hooman\gbc\game3121\course materials\gameenginedevelopment\ogre-sdk-v2.1\build\rendersystems\gl\rendersystem_gl.dir\debug\ogreglpbrendertexture.obj
c:\hooman\gbc\game3121\course materials\gameenginedevelopment\ogre-sdk-v2.1\build\rendersystems\gl\rendersystem_gl.dir\debug\ogregltexturemanager.obj
c:\hooman\gbc\game3121\course materials\gameenginedevelopment\ogre-sdk-v2.1\build\rendersystems\gl\rendersystem_gl.dir\debug\compiler2pass.obj
c:\hooman\gbc\game3121\course materials\gameenginedevelopment\ogre-sdk-v2.1\build\rendersystems\gl\rendersystem_gl.dir\debug\ps_1_4.obj
c:\hooman\gbc\game3121\course materials\gameenginedevelopment\ogre-sdk-v2.1\build\rendersystems\gl\rendersystem_gl.dir\debug\_rc1.0_lexer.obj
c:\hooman\gbc\game3121\course materials\gameenginedevelopment\ogre-sdk-v2.1\build\rendersystems\gl\rendersystem_gl.dir\debug\rc1.0_general.obj
c:\hooman\gbc\game3121\course materials\gameenginedevelopment\ogre-sdk-v2.1\build\rendersystems\gl\rendersystem_gl.dir\debug\vs1.0_inst_list.obj
c:\hooman\gbc\game3121\course materials\gameenginedevelopment\ogre-sdk-v2.1\build\rendersystems\gl\rendersystem_gl.dir\debug\ogreglgpuprogram.obj
c:\hooman\gbc\game3121\course materials\gameenginedevelopment\ogre-sdk-v2.1\build\rendersystems\gl\rendersystem_gl.dir\debug\ogreglhardwarepixelbuffer.obj
c:\hooman\gbc\game3121\course materials\gameenginedevelopment\ogre-sdk-v2.1\build\rendersystems\gl\rendersystem_gl.dir\debug\ogreglsllinkprogrammanager.obj
c:\hooman\gbc\game3121\course materials\gameenginedevelopment\ogre-sdk-v2.1\build\rendersystems\gl\rendersystem_gl.dir\debug\_ts1.0_lexer.obj
c:\hooman\gbc\game3121\course materials\gameenginedevelopment\ogre-sdk-v2.1\build\rendersystems\gl\rendersystem_gl.dir\debug\nvparse.obj
c:\hooman\gbc\game3121\course materials\gameenginedevelopment\ogre-sdk-v2.1\build\rendersystems\gl\rendersystem_gl.dir\debug\ts1.0_inst.obj
c:\hooman\gbc\game3121\course materials\gameenginedevelopment\ogre-sdk-v2.1\build\rendersystems\gl\rendersystem_gl.dir\debug\ogreglenginedll.obj
c:\hooman\gbc\game3121\course materials\gameenginedevelopment\ogre-sdk-v2.1\build\rendersystems\gl\rendersystem_gl.dir\debug\ogreglgpuprogrammanager.obj
c:\hooman\gbc\game3121\course materials\gameenginedevelopment\ogre-sdk-v2.1\build\rendersystems\gl\rendersystem_gl.dir\debug\ogreglplugin.obj
c:\hooman\gbc\game3121\course materials\gameenginedevelopment\ogre-sdk-v2.1\build\rendersystems\gl\rendersystem_gl.dir\debug\ati_fs_glgpuprogram.obj
c:\hooman\gbc\game3121\course materials\gameenginedevelopment\ogre-sdk-v2.1\build\rendersystems\gl\rendersystem_gl.dir\debug\_ts1.0_parser.obj
c:\hooman\gbc\game3121\course materials\gameenginedevelopment\ogre-sdk-v2.1\build\rendersystems\gl\rendersystem_gl.dir\debug\vp1.0_impl.obj
c:\hooman\gbc\game3121\course materials\gameenginedevelopment\ogre-sdk-v2.1\build\rendersystems\gl\rendersystem_gl.dir\debug\ogreglfborendertexture.obj
c:\hooman\gbc\game3121\course materials\gameenginedevelopment\ogre-sdk-v2.1\build\rendersystems\gl\rendersystem_gl.dir\debug\ogreglpixelformat.obj
c:\hooman\gbc\game3121\course materials\gameenginedevelopment\ogre-sdk-v2.1\build\rendersystems\gl\rendersystem_gl.dir\debug\ogreglslprogramfactory.obj
c:\hooman\gbc\game3121\course materials\gameenginedevelopment\ogre-sdk-v2.1\build\rendersystems\gl\rendersystem_gl.dir\debug\_vs1.0_parser.obj
c:\hooman\gbc\game3121\course materials\gameenginedevelopment\ogre-sdk-v2.1\build\rendersystems\gl\rendersystem_gl.dir\debug\rc1.0_combiners.obj
c:\hooman\gbc\game3121\course materials\gameenginedevelopment\ogre-sdk-v2.1\build\rendersystems\gl\rendersystem_gl.dir\debug\vsp1.0_impl.obj
c:\hooman\gbc\game3121\course materials\gameenginedevelopment\ogre-sdk-v2.1\build\rendersystems\gl\rendersystem_gl.dir\debug\ogreglframebufferobject.obj
c:\hooman\gbc\game3121\course materials\gameenginedevelopment\ogre-sdk-v2.1\build\rendersystems\gl\rendersystem_gl.dir\debug\ogreglhardwarevertexbuffer.obj
c:\hooman\gbc\game3121\course materials\gameenginedevelopment\ogre-sdk-v2.1\build\rendersystems\gl\rendersystem_gl.dir\debug\ogreglstatecachemanager.obj
c:\hooman\gbc\game3121\course materials\gameenginedevelopment\ogre-sdk-v2.1\build\bin\debug\rendersystem_gl_d.ilk
c:\hooman\gbc\game3121\course materials\gameenginedevelopment\ogre-sdk-v2.1\build\bin\debug\rendersystem_gl_d.dll
c:\hooman\gbc\game3121\course materials\gameenginedevelopment\ogre-sdk-v2.1\build\bin\debug\rendersystem_gl_d.pdb
c:\hooman\gbc\game3121\course materials\gameenginedevelopment\ogre-sdk-v2.1\build\lib\debug\rendersystem_gl_d.lib
c:\hooman\gbc\game3121\course materials\gameenginedevelopment\ogre-sdk-v2.1\build\lib\debug\rendersystem_gl_d.exp
c:\hooman\gbc\game3121\course materials\gameenginedevelopment\ogre-sdk-v2.1\build\rendersystems\gl\rendersystem_gl.dir\debug\rendersystem_gl.tlog\cl.command.1.tlog
c:\hooman\gbc\game3121\course materials\gameenginedevelopment\ogre-sdk-v2.1\build\rendersystems\gl\rendersystem_gl.dir\debug\rendersystem_gl.tlog\cl.read.1.tlog
c:\hooman\gbc\game3121\course materials\gameenginedevelopment\ogre-sdk-v2.1\build\rendersystems\gl\rendersystem_gl.dir\debug\rendersystem_gl.tlog\cl.write.1.tlog
c:\hooman\gbc\game3121\course materials\gameenginedevelopment\ogre-sdk-v2.1\build\rendersystems\gl\rendersystem_gl.dir\debug\rendersystem_gl.tlog\link.command.1.tlog
c:\hooman\gbc\game3121\course materials\gameenginedevelopment\ogre-sdk-v2.1\build\rendersystems\gl\rendersystem_gl.dir\debug\rendersystem_gl.tlog\link.read.1.tlog
c:\hooman\gbc\game3121\course materials\gameenginedevelopment\ogre-sdk-v2.1\build\rendersystems\gl\rendersystem_gl.dir\debug\rendersystem_gl.tlog\link.write.1.tlog
c:\hooman\gbc\game3121\course materials\gameenginedevelopment\ogre-sdk-v2.1\build\rendersystems\gl\rendersystem_gl.dir\debug\rendersystem_gl.tlog\rendersystem_gl.write.1u.tlog
