  OgreGLSLExtSupport.cpp
  OgreGLSLGpuProgram.cpp
  OgreGLSLLinkProgram.cpp
  OgreGLSLLinkProgramManager.cpp
  OgreGLSLProgram.cpp
  OgreGLSLProgramFactory.cpp
  ATI_FS_GLGpuProgram.cpp
  Compiler2Pass.cpp
C:\Hooman\GBC\GAME3121\Course Materials\GameEngineDevelopment\ogre-sdk-v2.1\RenderSystems\GL\src\atifs\src\Compiler2Pass.cpp(104,35): warning C4267: '=': conversion from 'size_t' to 'int', possible loss of data
C:\Hooman\GBC\GAME3121\Course Materials\GameEngineDevelopment\ogre-sdk-v2.1\RenderSystems\GL\src\atifs\src\Compiler2Pass.cpp(127,59): warning C4267: 'initializing': conversion from 'size_t' to 'uint', possible loss of data
C:\Hooman\GBC\GAME3121\Course Materials\GameEngineDevelopment\ogre-sdk-v2.1\RenderSystems\GL\src\atifs\src\Compiler2Pass.cpp(130,46): warning C4267: 'initializing': conversion from 'size_t' to 'uint', possible loss of data
C:\Hooman\GBC\GAME3121\Course Materials\GameEngineDevelopment\ogre-sdk-v2.1\RenderSystems\GL\src\atifs\src\Compiler2Pass.cpp(295,31): warning C4244: '=': conversion from '__int64' to 'int', possible loss of data
C:\Hooman\GBC\GAME3121\Course Materials\GameEngineDevelopment\ogre-sdk-v2.1\RenderSystems\GL\src\atifs\src\Compiler2Pass.cpp(308,32): warning C4267: '=': conversion from 'size_t' to 'int', possible loss of data
C:\Hooman\GBC\GAME3121\Course Materials\GameEngineDevelopment\ogre-sdk-v2.1\RenderSystems\GL\src\atifs\src\Compiler2Pass.cpp(354,48): warning C4244: '+=': conversion from '__int64' to 'int', possible loss of data
  ps_1_4.cpp
  _ps1.0_lexer.cpp
  _ps1.0_parser.cpp
  _rc1.0_lexer.cpp
  _rc1.0_parser.cpp
  _ts1.0_lexer.cpp
C:\Hooman\GBC\GAME3121\Course Materials\GameEngineDevelopment\ogre-sdk-v2.1\RenderSystems\GL\src\atifs\src\ATI_FS_GLGpuProgram.cpp(83,83): warning C4267: 'argument': conversion from 'size_t' to 'GLuint', possible loss of data
C:\Hooman\GBC\GAME3121\Course Materials\GameEngineDevelopment\ogre-sdk-v2.1\RenderSystems\GL\src\atifs\src\ATI_FS_GLGpuProgram.cpp(141,9): warning C4996: 'sprintf': This function or variable may be unsafe. Consider using sprintf_s instead. To disable deprecation, use _CRT_SECURE_NO_WARNINGS. See online help for details.
C:\Hooman\GBC\GAME3121\Course Materials\GameEngineDevelopment\ogre-sdk-v2.1\RenderSystems\GL\src\atifs\src\ps_1_4.cpp(1843,8): warning C4996: 'fopen': This function or variable may be unsafe. Consider using fopen_s instead. To disable deprecation, use _CRT_SECURE_NO_WARNINGS. See online help for details.
C:\Hooman\GBC\GAME3121\Course Materials\GameEngineDevelopment\ogre-sdk-v2.1\RenderSystems\GL\src\atifs\src\ps_1_4.cpp(2085,17): warning C4477: 'fprintf' : format string '%d' requires an argument of type 'int', but variadic argument 2 has type 'unsigned __int64'
C:\Hooman\GBC\GAME3121\Course Materials\GameEngineDevelopment\ogre-sdk-v2.1\RenderSystems\GL\src\atifs\src\ps_1_4.cpp(2085,17): message : consider using '%zd' in the format string
C:\Hooman\GBC\GAME3121\Course Materials\GameEngineDevelopment\ogre-sdk-v2.1\RenderSystems\GL\src\atifs\src\ps_1_4.cpp(2102,21): warning C4477: 'fprintf' : format string '%d' requires an argument of type 'int', but variadic argument 1 has type 'size_t'
C:\Hooman\GBC\GAME3121\Course Materials\GameEngineDevelopment\ogre-sdk-v2.1\RenderSystems\GL\src\atifs\src\ps_1_4.cpp(2102,21): message : consider using '%zd' in the format string
C:\Hooman\GBC\GAME3121\Course Materials\GameEngineDevelopment\ogre-sdk-v2.1\RenderSystems\GL\src\atifs\src\ps_1_4.cpp(2109,24): warning C4477: 'fprintf' : format string '%x' requires an argument of type 'unsigned int', but variadic argument 2 has type 'size_t'
C:\Hooman\GBC\GAME3121\Course Materials\GameEngineDevelopment\ogre-sdk-v2.1\RenderSystems\GL\src\atifs\src\ps_1_4.cpp(2109,24): message : consider using '%zx' in the format string
C:\Hooman\GBC\GAME3121\Course Materials\GameEngineDevelopment\ogre-sdk-v2.1\RenderSystems\GL\src\atifs\src\ps_1_4.cpp(2134,8): warning C4996: 'fopen': This function or variable may be unsafe. Consider using fopen_s instead. To disable deprecation, use _CRT_SECURE_NO_WARNINGS. See online help for details.
ps1.0_tokens.l(79,5): warning C4996: 'sprintf': This function or variable may be unsafe. Consider using sprintf_s instead. To disable deprecation, use _CRT_SECURE_NO_WARNINGS. See online help for details. (compiling source file C:\Hooman\GBC\GAME3121\Course Materials\GameEngineDevelopment\ogre-sdk-v2.1\RenderSystems\GL\src\nvparse\_ps1.0_lexer.cpp)
ps1.0_tokens.l(94,5): warning C4996: 'sprintf': This function or variable may be unsafe. Consider using sprintf_s instead. To disable deprecation, use _CRT_SECURE_NO_WARNINGS. See online help for details. (compiling source file C:\Hooman\GBC\GAME3121\Course Materials\GameEngineDevelopment\ogre-sdk-v2.1\RenderSystems\GL\src\nvparse\_ps1.0_lexer.cpp)
ps1.0_tokens.l(114,5): warning C4996: 'sprintf': This function or variable may be unsafe. Consider using sprintf_s instead. To disable deprecation, use _CRT_SECURE_NO_WARNINGS. See online help for details. (compiling source file C:\Hooman\GBC\GAME3121\Course Materials\GameEngineDevelopment\ogre-sdk-v2.1\RenderSystems\GL\src\nvparse\_ps1.0_lexer.cpp)
ps1.0_tokens.l(140,5): warning C4996: 'sprintf': This function or variable may be unsafe. Consider using sprintf_s instead. To disable deprecation, use _CRT_SECURE_NO_WARNINGS. See online help for details. (compiling source file C:\Hooman\GBC\GAME3121\Course Materials\GameEngineDevelopment\ogre-sdk-v2.1\RenderSystems\GL\src\nvparse\_ps1.0_lexer.cpp)
_ps1.0_lexer.cpp(1392,15): warning C4244: 'initializing': conversion from '__int64' to 'int', possible loss of data (compiling source file C:\Hooman\GBC\GAME3121\Course Materials\GameEngineDevelopment\ogre-sdk-v2.1\RenderSystems\GL\src\nvparse\_ps1.0_lexer.cpp)
  _ts1.0_parser.cpp
  _vs1.0_lexer.cpp
_rc1.0_lexer.cpp(1992,15): warning C4244: 'initializing': conversion from '__int64' to 'int', possible loss of data (compiling source file C:\Hooman\GBC\GAME3121\Course Materials\GameEngineDevelopment\ogre-sdk-v2.1\RenderSystems\GL\src\nvparse\_rc1.0_lexer.cpp)
  _vs1.0_parser.cpp
  avp1.0_impl.cpp
  nvparse.cpp
_ts1.0_lexer.cpp(1738,15): warning C4244: 'initializing': conversion from '__int64' to 'int', possible loss of data (compiling source file C:\Hooman\GBC\GAME3121\Course Materials\GameEngineDevelopment\ogre-sdk-v2.1\RenderSystems\GL\src\nvparse\_ts1.0_lexer.cpp)
  nvparse_errors.cpp
  ps1.0_program.cpp
  rc1.0_combiners.cpp
C:\Hooman\GBC\GAME3121\Course Materials\GameEngineDevelopment\ogre-sdk-v2.1\RenderSystems\GL\src\nvparse\nvparse_errors.cpp(33,31): warning C4996: 'strdup': The POSIX name for this item is deprecated. Instead, use the ISO C and C++ conformant name: _strdup. See online help for details.
C:\Hooman\GBC\GAME3121\Course Materials\GameEngineDevelopment\ogre-sdk-v2.1\RenderSystems\GL\src\nvparse\nvparse_errors.cpp(39,5): warning C4996: 'sprintf': This function or variable may be unsafe. Consider using sprintf_s instead. To disable deprecation, use _CRT_SECURE_NO_WARNINGS. See online help for details.
C:\Hooman\GBC\GAME3121\Course Materials\GameEngineDevelopment\ogre-sdk-v2.1\RenderSystems\GL\src\nvparse\nvparse_errors.cpp(41,31): warning C4996: 'strdup': The POSIX name for this item is deprecated. Instead, use the ISO C and C++ conformant name: _strdup. See online help for details.
  rc1.0_final.cpp
C:\Hooman\GBC\GAME3121\Course Materials\GameEngineDevelopment\ogre-sdk-v2.1\RenderSystems\GL\src\nvparse\nvparse.cpp(85,23): warning C4996: 'strdup': The POSIX name for this item is deprecated. Instead, use the ISO C and C++ conformant name: _strdup. See online help for details.
vs1.0_tokens.l(377,39): warning C4267: '=': conversion from 'size_t' to 'unsigned int', possible loss of data (compiling source file C:\Hooman\GBC\GAME3121\Course Materials\GameEngineDevelopment\ogre-sdk-v2.1\RenderSystems\GL\src\nvparse\_vs1.0_lexer.cpp)
vs1.0_tokens.l(527,29): warning C4244: '=': conversion from '__int64' to 'unsigned long', possible loss of data (compiling source file C:\Hooman\GBC\GAME3121\Course Materials\GameEngineDevelopment\ogre-sdk-v2.1\RenderSystems\GL\src\nvparse\_vs1.0_lexer.cpp)
vs1.0_tokens.l(542,3): warning C4996: 'strcpy': This function or variable may be unsafe. Consider using strcpy_s instead. To disable deprecation, use _CRT_SECURE_NO_WARNINGS. See online help for details. (compiling source file C:\Hooman\GBC\GAME3121\Course Materials\GameEngineDevelopment\ogre-sdk-v2.1\RenderSystems\GL\src\nvparse\_vs1.0_lexer.cpp)
vs1.0_tokens.l(547,29): warning C4267: '=': conversion from 'size_t' to 'unsigned long', possible loss of data (compiling source file C:\Hooman\GBC\GAME3121\Course Materials\GameEngineDevelopment\ogre-sdk-v2.1\RenderSystems\GL\src\nvparse\_vs1.0_lexer.cpp)
vs1.0_tokens.l(606,2): warning C4996: 'strcpy': This function or variable may be unsafe. Consider using strcpy_s instead. To disable deprecation, use _CRT_SECURE_NO_WARNINGS. See online help for details. (compiling source file C:\Hooman\GBC\GAME3121\Course Materials\GameEngineDevelopment\ogre-sdk-v2.1\RenderSystems\GL\src\nvparse\_vs1.0_lexer.cpp)
vs1.0_tokens.l(612,34): warning C4244: '=': conversion from '__int64' to 'unsigned int', possible loss of data (compiling source file C:\Hooman\GBC\GAME3121\Course Materials\GameEngineDevelopment\ogre-sdk-v2.1\RenderSystems\GL\src\nvparse\_vs1.0_lexer.cpp)
vs1.0_tokens.l(857,2): warning C4996: 'strcat': This function or variable may be unsafe. Consider using strcat_s instead. To disable deprecation, use _CRT_SECURE_NO_WARNINGS. See online help for details. (compiling source file C:\Hooman\GBC\GAME3121\Course Materials\GameEngineDevelopment\ogre-sdk-v2.1\RenderSystems\GL\src\nvparse\_vs1.0_lexer.cpp)
vs1.0_tokens.l(943,39): warning C4267: 'initializing': conversion from 'size_t' to 'int', possible loss of data (compiling source file C:\Hooman\GBC\GAME3121\Course Materials\GameEngineDevelopment\ogre-sdk-v2.1\RenderSystems\GL\src\nvparse\_vs1.0_lexer.cpp)
vs1.0_tokens.l(1066,5): warning C4996: 'strcpy': This function or variable may be unsafe. Consider using strcpy_s instead. To disable deprecation, use _CRT_SECURE_NO_WARNINGS. See online help for details. (compiling source file C:\Hooman\GBC\GAME3121\Course Materials\GameEngineDevelopment\ogre-sdk-v2.1\RenderSystems\GL\src\nvparse\_vs1.0_lexer.cpp)
vs1.0_tokens.l(1191,37): warning C4267: '=': conversion from 'size_t' to 'unsigned int', possible loss of data (compiling source file C:\Hooman\GBC\GAME3121\Course Materials\GameEngineDevelopment\ogre-sdk-v2.1\RenderSystems\GL\src\nvparse\_vs1.0_lexer.cpp)
vs1.0_tokens.l(1317,21): warning C4244: '=': conversion from '__int64' to 'unsigned int', possible loss of data (compiling source file C:\Hooman\GBC\GAME3121\Course Materials\GameEngineDevelopment\ogre-sdk-v2.1\RenderSystems\GL\src\nvparse\_vs1.0_lexer.cpp)
vs1.0_tokens.l(1324,2): warning C4996: 'strcat': This function or variable may be unsafe. Consider using strcat_s instead. To disable deprecation, use _CRT_SECURE_NO_WARNINGS. See online help for details. (compiling source file C:\Hooman\GBC\GAME3121\Course Materials\GameEngineDevelopment\ogre-sdk-v2.1\RenderSystems\GL\src\nvparse\_vs1.0_lexer.cpp)
vs1.0_tokens.l(1368,4): warning C4996: 'strcat': This function or variable may be unsafe. Consider using strcat_s instead. To disable deprecation, use _CRT_SECURE_NO_WARNINGS. See online help for details. (compiling source file C:\Hooman\GBC\GAME3121\Course Materials\GameEngineDevelopment\ogre-sdk-v2.1\RenderSystems\GL\src\nvparse\_vs1.0_lexer.cpp)
vs1.0_tokens.l(1377,4): warning C4996: 'strcat': This function or variable may be unsafe. Consider using strcat_s instead. To disable deprecation, use _CRT_SECURE_NO_WARNINGS. See online help for details. (compiling source file C:\Hooman\GBC\GAME3121\Course Materials\GameEngineDevelopment\ogre-sdk-v2.1\RenderSystems\GL\src\nvparse\_vs1.0_lexer.cpp)
vs1.0_tokens.l(1420,4): warning C4996: 'strcpy': This function or variable may be unsafe. Consider using strcpy_s instead. To disable deprecation, use _CRT_SECURE_NO_WARNINGS. See online help for details. (compiling source file C:\Hooman\GBC\GAME3121\Course Materials\GameEngineDevelopment\ogre-sdk-v2.1\RenderSystems\GL\src\nvparse\_vs1.0_lexer.cpp)
vs1.0_tokens.l(266,2): warning C4996: 'strncat': This function or variable may be unsafe. Consider using strncat_s instead. To disable deprecation, use _CRT_SECURE_NO_WARNINGS. See online help for details. (compiling source file C:\Hooman\GBC\GAME3121\Course Materials\GameEngineDevelopment\ogre-sdk-v2.1\RenderSystems\GL\src\nvparse\_vs1.0_lexer.cpp)
vs1.0_tokens.l(282,2): warning C4996: 'strncat': This function or variable may be unsafe. Consider using strncat_s instead. To disable deprecation, use _CRT_SECURE_NO_WARNINGS. See online help for details. (compiling source file C:\Hooman\GBC\GAME3121\Course Materials\GameEngineDevelopment\ogre-sdk-v2.1\RenderSystems\GL\src\nvparse\_vs1.0_lexer.cpp)
vs1.0_tokens.l(463,2): warning C4996: 'strncpy': This function or variable may be unsafe. Consider using strncpy_s instead. To disable deprecation, use _CRT_SECURE_NO_WARNINGS. See online help for details. (compiling source file C:\Hooman\GBC\GAME3121\Course Materials\GameEngineDevelopment\ogre-sdk-v2.1\RenderSystems\GL\src\nvparse\_vs1.0_lexer.cpp)
vs1.0_tokens.l(473,2): warning C4996: 'strncpy': This function or variable may be unsafe. Consider using strncpy_s instead. To disable deprecation, use _CRT_SECURE_NO_WARNINGS. See online help for details. (compiling source file C:\Hooman\GBC\GAME3121\Course Materials\GameEngineDevelopment\ogre-sdk-v2.1\RenderSystems\GL\src\nvparse\_vs1.0_lexer.cpp)
vs1.0_tokens.l(537,4): warning C4996: 'strncat': This function or variable may be unsafe. Consider using strncat_s instead. To disable deprecation, use _CRT_SECURE_NO_WARNINGS. See online help for details. (compiling source file C:\Hooman\GBC\GAME3121\Course Materials\GameEngineDevelopment\ogre-sdk-v2.1\RenderSystems\GL\src\nvparse\_vs1.0_lexer.cpp)
vs1.0_tokens.l(580,19): warning C4996: 'strdup': The POSIX name for this item is deprecated. Instead, use the ISO C and C++ conformant name: _strdup. See online help for details. (compiling source file C:\Hooman\GBC\GAME3121\Course Materials\GameEngineDevelopment\ogre-sdk-v2.1\RenderSystems\GL\src\nvparse\_vs1.0_lexer.cpp)
vs1.0_tokens.l(619,4): warning C4996: 'strncpy': This function or variable may be unsafe. Consider using strncpy_s instead. To disable deprecation, use _CRT_SECURE_NO_WARNINGS. See online help for details. (compiling source file C:\Hooman\GBC\GAME3121\Course Materials\GameEngineDevelopment\ogre-sdk-v2.1\RenderSystems\GL\src\nvparse\_vs1.0_lexer.cpp)
vs1.0_tokens.l(628,4): warning C4996: 'strncpy': This function or variable may be unsafe. Consider using strncpy_s instead. To disable deprecation, use _CRT_SECURE_NO_WARNINGS. See online help for details. (compiling source file C:\Hooman\GBC\GAME3121\Course Materials\GameEngineDevelopment\ogre-sdk-v2.1\RenderSystems\GL\src\nvparse\_vs1.0_lexer.cpp)
vs1.0_tokens.l(645,4): warning C4996: 'strncpy': This function or variable may be unsafe. Consider using strncpy_s instead. To disable deprecation, use _CRT_SECURE_NO_WARNINGS. See online help for details. (compiling source file C:\Hooman\GBC\GAME3121\Course Materials\GameEngineDevelopment\ogre-sdk-v2.1\RenderSystems\GL\src\nvparse\_vs1.0_lexer.cpp)
vs1.0_tokens.l(654,4): warning C4996: 'strncpy': This function or variable may be unsafe. Consider using strncpy_s instead. To disable deprecation, use _CRT_SECURE_NO_WARNINGS. See online help for details. (compiling source file C:\Hooman\GBC\GAME3121\Course Materials\GameEngineDevelopment\ogre-sdk-v2.1\RenderSystems\GL\src\nvparse\_vs1.0_lexer.cpp)
vs1.0_tokens.l(780,16): warning C4996: 'strdup': The POSIX name for this item is deprecated. Instead, use the ISO C and C++ conformant name: _strdup. See online help for details. (compiling source file C:\Hooman\GBC\GAME3121\Course Materials\GameEngineDevelopment\ogre-sdk-v2.1\RenderSystems\GL\src\nvparse\_vs1.0_lexer.cpp)
vs1.0_tokens.l(831,3): warning C4996: 'strncpy': This function or variable may be unsafe. Consider using strncpy_s instead. To disable deprecation, use _CRT_SECURE_NO_WARNINGS. See online help for details. (compiling source file C:\Hooman\GBC\GAME3121\Course Materials\GameEngineDevelopment\ogre-sdk-v2.1\RenderSystems\GL\src\nvparse\_vs1.0_lexer.cpp)
vs1.0_tokens.l(853,2): warning C4996: 'strncpy': This function or variable may be unsafe. Consider using strncpy_s instead. To disable deprecation, use _CRT_SECURE_NO_WARNINGS. See online help for details. (compiling source file C:\Hooman\GBC\GAME3121\Course Materials\GameEngineDevelopment\ogre-sdk-v2.1\RenderSystems\GL\src\nvparse\_vs1.0_lexer.cpp)
vs1.0_tokens.l(1040,28): warning C4996: 'strdup': The POSIX name for this item is deprecated. Instead, use the ISO C and C++ conformant name: _strdup. See online help for details. (compiling source file C:\Hooman\GBC\GAME3121\Course Materials\GameEngineDevelopment\ogre-sdk-v2.1\RenderSystems\GL\src\nvparse\_vs1.0_lexer.cpp)
vs1.0_tokens.l(1323,2): warning C4996: 'strncat': This function or variable may be unsafe. Consider using strncat_s instead. To disable deprecation, use _CRT_SECURE_NO_WARNINGS. See online help for details. (compiling source file C:\Hooman\GBC\GAME3121\Course Materials\GameEngineDevelopment\ogre-sdk-v2.1\RenderSystems\GL\src\nvparse\_vs1.0_lexer.cpp)
vs1.0_tokens.l(1351,2): warning C4996: 'strncpy': This function or variable may be unsafe. Consider using strncpy_s instead. To disable deprecation, use _CRT_SECURE_NO_WARNINGS. See online help for details. (compiling source file C:\Hooman\GBC\GAME3121\Course Materials\GameEngineDevelopment\ogre-sdk-v2.1\RenderSystems\GL\src\nvparse\_vs1.0_lexer.cpp)
vs1.0_tokens.l(1367,4): warning C4996: 'strncat': This function or variable may be unsafe. Consider using strncat_s instead. To disable deprecation, use _CRT_SECURE_NO_WARNINGS. See online help for details. (compiling source file C:\Hooman\GBC\GAME3121\Course Materials\GameEngineDevelopment\ogre-sdk-v2.1\RenderSystems\GL\src\nvparse\_vs1.0_lexer.cpp)
vs1.0_tokens.l(1376,4): warning C4996: 'strncat': This function or variable may be unsafe. Consider using strncat_s instead. To disable deprecation, use _CRT_SECURE_NO_WARNINGS. See online help for details. (compiling source file C:\Hooman\GBC\GAME3121\Course Materials\GameEngineDevelopment\ogre-sdk-v2.1\RenderSystems\GL\src\nvparse\_vs1.0_lexer.cpp)
  rc1.0_general.cpp
vs1.0_tokens.l(1452,2): warning C4996: 'strncpy': This function or variable may be unsafe. Consider using strncpy_s instead. To disable deprecation, use _CRT_SECURE_NO_WARNINGS. See online help for details. (compiling source file C:\Hooman\GBC\GAME3121\Course Materials\GameEngineDevelopment\ogre-sdk-v2.1\RenderSystems\GL\src\nvparse\_vs1.0_lexer.cpp)
vs1.0_tokens.l(1460,2): warning C4996: 'strncpy': This function or variable may be unsafe. Consider using strncpy_s instead. To disable deprecation, use _CRT_SECURE_NO_WARNINGS. See online help for details. (compiling source file C:\Hooman\GBC\GAME3121\Course Materials\GameEngineDevelopment\ogre-sdk-v2.1\RenderSystems\GL\src\nvparse\_vs1.0_lexer.cpp)
vs1.0_tokens.l(1468,2): warning C4996: 'strncpy': This function or variable may be unsafe. Consider using strncpy_s instead. To disable deprecation, use _CRT_SECURE_NO_WARNINGS. See online help for details. (compiling source file C:\Hooman\GBC\GAME3121\Course Materials\GameEngineDevelopment\ogre-sdk-v2.1\RenderSystems\GL\src\nvparse\_vs1.0_lexer.cpp)
_vs1.0_lexer.cpp(3315,15): warning C4244: 'initializing': conversion from '__int64' to 'int', possible loss of data (compiling source file C:\Hooman\GBC\GAME3121\Course Materials\GameEngineDevelopment\ogre-sdk-v2.1\RenderSystems\GL\src\nvparse\_vs1.0_lexer.cpp)
vs1.0_tokens.l(1819,41): warning C4267: '=': conversion from 'size_t' to 'unsigned int', possible loss of data (compiling source file C:\Hooman\GBC\GAME3121\Course Materials\GameEngineDevelopment\ogre-sdk-v2.1\RenderSystems\GL\src\nvparse\_vs1.0_lexer.cpp)
vs1.0_tokens.l(1923,37): warning C4267: '=': conversion from 'size_t' to 'unsigned int', possible loss of data (compiling source file C:\Hooman\GBC\GAME3121\Course Materials\GameEngineDevelopment\ogre-sdk-v2.1\RenderSystems\GL\src\nvparse\_vs1.0_lexer.cpp)
vs1.0_tokens.l(1979,37): warning C4267: '=': conversion from 'size_t' to 'unsigned int', possible loss of data (compiling source file C:\Hooman\GBC\GAME3121\Course Materials\GameEngineDevelopment\ogre-sdk-v2.1\RenderSystems\GL\src\nvparse\_vs1.0_lexer.cpp)
vs1.0_tokens.l(1983,48): warning C4267: '=': conversion from 'size_t' to 'unsigned int', possible loss of data (compiling source file C:\Hooman\GBC\GAME3121\Course Materials\GameEngineDevelopment\ogre-sdk-v2.1\RenderSystems\GL\src\nvparse\_vs1.0_lexer.cpp)
vs1.0_tokens.l(2027,24): warning C4267: '=': conversion from 'size_t' to 'unsigned int', possible loss of data (compiling source file C:\Hooman\GBC\GAME3121\Course Materials\GameEngineDevelopment\ogre-sdk-v2.1\RenderSystems\GL\src\nvparse\_vs1.0_lexer.cpp)
vs1.0_tokens.l(2042,38): warning C4244: '=': conversion from '__int64' to 'unsigned int', possible loss of data (compiling source file C:\Hooman\GBC\GAME3121\Course Materials\GameEngineDevelopment\ogre-sdk-v2.1\RenderSystems\GL\src\nvparse\_vs1.0_lexer.cpp)
vs1.0_tokens.l(2048,5): warning C4996: 'strcat': This function or variable may be unsafe. Consider using strcat_s instead. To disable deprecation, use _CRT_SECURE_NO_WARNINGS. See online help for details. (compiling source file C:\Hooman\GBC\GAME3121\Course Materials\GameEngineDevelopment\ogre-sdk-v2.1\RenderSystems\GL\src\nvparse\_vs1.0_lexer.cpp)
vs1.0_tokens.l(2058,27): warning C4244: '=': conversion from '__int64' to 'unsigned int', possible loss of data (compiling source file C:\Hooman\GBC\GAME3121\Course Materials\GameEngineDevelopment\ogre-sdk-v2.1\RenderSystems\GL\src\nvparse\_vs1.0_lexer.cpp)
vs1.0_tokens.l(2062,5): warning C4996: 'strcat': This function or variable may be unsafe. Consider using strcat_s instead. To disable deprecation, use _CRT_SECURE_NO_WARNINGS. See online help for details. (compiling source file C:\Hooman\GBC\GAME3121\Course Materials\GameEngineDevelopment\ogre-sdk-v2.1\RenderSystems\GL\src\nvparse\_vs1.0_lexer.cpp)
vs1.0_tokens.l(2071,30): warning C4267: '=': conversion from 'size_t' to 'unsigned int', possible loss of data (compiling source file C:\Hooman\GBC\GAME3121\Course Materials\GameEngineDevelopment\ogre-sdk-v2.1\RenderSystems\GL\src\nvparse\_vs1.0_lexer.cpp)
vs1.0_tokens.l(2103,4): warning C4996: 'strcat': This function or variable may be unsafe. Consider using strcat_s instead. To disable deprecation, use _CRT_SECURE_NO_WARNINGS. See online help for details. (compiling source file C:\Hooman\GBC\GAME3121\Course Materials\GameEngineDevelopment\ogre-sdk-v2.1\RenderSystems\GL\src\nvparse\_vs1.0_lexer.cpp)
vs1.0_tokens.l(2104,29): warning C4267: '+=': conversion from 'size_t' to 'unsigned int', possible loss of data (compiling source file C:\Hooman\GBC\GAME3121\Course Materials\GameEngineDevelopment\ogre-sdk-v2.1\RenderSystems\GL\src\nvparse\_vs1.0_lexer.cpp)
vs1.0_tokens.l(2087,4): warning C4996: 'strncat': This function or variable may be unsafe. Consider using strncat_s instead. To disable deprecation, use _CRT_SECURE_NO_WARNINGS. See online help for details. (compiling source file C:\Hooman\GBC\GAME3121\Course Materials\GameEngineDevelopment\ogre-sdk-v2.1\RenderSystems\GL\src\nvparse\_vs1.0_lexer.cpp)
vs1.0_tokens.l(2143,29): warning C4996: 'strdup': The POSIX name for this item is deprecated. Instead, use the ISO C and C++ conformant name: _strdup. See online help for details. (compiling source file C:\Hooman\GBC\GAME3121\Course Materials\GameEngineDevelopment\ogre-sdk-v2.1\RenderSystems\GL\src\nvparse\_vs1.0_lexer.cpp)
vs1.0_tokens.l(2173,14): warning C4996: 'strdup': The POSIX name for this item is deprecated. Instead, use the ISO C and C++ conformant name: _strdup. See online help for details. (compiling source file C:\Hooman\GBC\GAME3121\Course Materials\GameEngineDevelopment\ogre-sdk-v2.1\RenderSystems\GL\src\nvparse\_vs1.0_lexer.cpp)
vs1.0_tokens.l(2280,24): warning C4244: '=': conversion from '__int64' to 'unsigned int', possible loss of data (compiling source file C:\Hooman\GBC\GAME3121\Course Materials\GameEngineDevelopment\ogre-sdk-v2.1\RenderSystems\GL\src\nvparse\_vs1.0_lexer.cpp)
vs1.0_tokens.l(2283,4): warning C4996: 'strcat': This function or variable may be unsafe. Consider using strcat_s instead. To disable deprecation, use _CRT_SECURE_NO_WARNINGS. See online help for details. (compiling source file C:\Hooman\GBC\GAME3121\Course Materials\GameEngineDevelopment\ogre-sdk-v2.1\RenderSystems\GL\src\nvparse\_vs1.0_lexer.cpp)
vs1.0_tokens.l(2284,4): warning C4996: 'strcat': This function or variable may be unsafe. Consider using strcat_s instead. To disable deprecation, use _CRT_SECURE_NO_WARNINGS. See online help for details. (compiling source file C:\Hooman\GBC\GAME3121\Course Materials\GameEngineDevelopment\ogre-sdk-v2.1\RenderSystems\GL\src\nvparse\_vs1.0_lexer.cpp)
vs1.0_tokens.l(2285,4): warning C4996: 'strcat': This function or variable may be unsafe. Consider using strcat_s instead. To disable deprecation, use _CRT_SECURE_NO_WARNINGS. See online help for details. (compiling source file C:\Hooman\GBC\GAME3121\Course Materials\GameEngineDevelopment\ogre-sdk-v2.1\RenderSystems\GL\src\nvparse\_vs1.0_lexer.cpp)
vs1.0_tokens.l(2295,23): warning C4244: '=': conversion from '__int64' to 'unsigned int', possible loss of data (compiling source file C:\Hooman\GBC\GAME3121\Course Materials\GameEngineDevelopment\ogre-sdk-v2.1\RenderSystems\GL\src\nvparse\_vs1.0_lexer.cpp)
vs1.0_tokens.l(2316,4): warning C4996: 'strcat': This function or variable may be unsafe. Consider using strcat_s instead. To disable deprecation, use _CRT_SECURE_NO_WARNINGS. See online help for details. (compiling source file C:\Hooman\GBC\GAME3121\Course Materials\GameEngineDevelopment\ogre-sdk-v2.1\RenderSystems\GL\src\nvparse\_vs1.0_lexer.cpp)
vs1.0_tokens.l(2324,4): warning C4996: 'strcat': This function or variable may be unsafe. Consider using strcat_s instead. To disable deprecation, use _CRT_SECURE_NO_WARNINGS. See online help for details. (compiling source file C:\Hooman\GBC\GAME3121\Course Materials\GameEngineDevelopment\ogre-sdk-v2.1\RenderSystems\GL\src\nvparse\_vs1.0_lexer.cpp)
vs1.0_tokens.l(2282,4): warning C4996: 'strncat': This function or variable may be unsafe. Consider using strncat_s instead. To disable deprecation, use _CRT_SECURE_NO_WARNINGS. See online help for details. (compiling source file C:\Hooman\GBC\GAME3121\Course Materials\GameEngineDevelopment\ogre-sdk-v2.1\RenderSystems\GL\src\nvparse\_vs1.0_lexer.cpp)
vs1.0_tokens.l(2300,4): warning C4996: 'strncat': This function or variable may be unsafe. Consider using strncat_s instead. To disable deprecation, use _CRT_SECURE_NO_WARNINGS. See online help for details. (compiling source file C:\Hooman\GBC\GAME3121\Course Materials\GameEngineDevelopment\ogre-sdk-v2.1\RenderSystems\GL\src\nvparse\_vs1.0_lexer.cpp)
vs1.0_tokens.l(2311,4): warning C4996: 'sprintf': This function or variable may be unsafe. Consider using sprintf_s instead. To disable deprecation, use _CRT_SECURE_NO_WARNINGS. See online help for details. (compiling source file C:\Hooman\GBC\GAME3121\Course Materials\GameEngineDevelopment\ogre-sdk-v2.1\RenderSystems\GL\src\nvparse\_vs1.0_lexer.cpp)
vs1.0_tokens.l(2337,5): warning C4996: 'sprintf': This function or variable may be unsafe. Consider using sprintf_s instead. To disable deprecation, use _CRT_SECURE_NO_WARNINGS. See online help for details. (compiling source file C:\Hooman\GBC\GAME3121\Course Materials\GameEngineDevelopment\ogre-sdk-v2.1\RenderSystems\GL\src\nvparse\_vs1.0_lexer.cpp)
vs1.0_tokens.l(2439,73): warning C4267: '+=': conversion from 'size_t' to 'unsigned int', possible loss of data (compiling source file C:\Hooman\GBC\GAME3121\Course Materials\GameEngineDevelopment\ogre-sdk-v2.1\RenderSystems\GL\src\nvparse\_vs1.0_lexer.cpp)
vs1.0_tokens.l(2474,73): warning C4267: '+=': conversion from 'size_t' to 'unsigned int', possible loss of data (compiling source file C:\Hooman\GBC\GAME3121\Course Materials\GameEngineDevelopment\ogre-sdk-v2.1\RenderSystems\GL\src\nvparse\_vs1.0_lexer.cpp)
vs1.0_tokens.l(2563,5): warning C4996: 'strcpy': This function or variable may be unsafe. Consider using strcpy_s instead. To disable deprecation, use _CRT_SECURE_NO_WARNINGS. See online help for details. (compiling source file C:\Hooman\GBC\GAME3121\Course Materials\GameEngineDevelopment\ogre-sdk-v2.1\RenderSystems\GL\src\nvparse\_vs1.0_lexer.cpp)
vs1.0_tokens.l(2544,4): warning C4996: 'sprintf': This function or variable may be unsafe. Consider using sprintf_s instead. To disable deprecation, use _CRT_SECURE_NO_WARNINGS. See online help for details. (compiling source file C:\Hooman\GBC\GAME3121\Course Materials\GameEngineDevelopment\ogre-sdk-v2.1\RenderSystems\GL\src\nvparse\_vs1.0_lexer.cpp)
vs1.0_tokens.l(2545,19): warning C4996: 'strdup': The POSIX name for this item is deprecated. Instead, use the ISO C and C++ conformant name: _strdup. See online help for details. (compiling source file C:\Hooman\GBC\GAME3121\Course Materials\GameEngineDevelopment\ogre-sdk-v2.1\RenderSystems\GL\src\nvparse\_vs1.0_lexer.cpp)
vs1.0_tokens.l(2604,28): warning C4267: '=': conversion from 'size_t' to 'unsigned int', possible loss of data (compiling source file C:\Hooman\GBC\GAME3121\Course Materials\GameEngineDevelopment\ogre-sdk-v2.1\RenderSystems\GL\src\nvparse\_vs1.0_lexer.cpp)
vs1.0_tokens.l(2792,3): warning C4996: 'sprintf': This function or variable may be unsafe. Consider using sprintf_s instead. To disable deprecation, use _CRT_SECURE_NO_WARNINGS. See online help for details. (compiling source file C:\Hooman\GBC\GAME3121\Course Materials\GameEngineDevelopment\ogre-sdk-v2.1\RenderSystems\GL\src\nvparse\_vs1.0_lexer.cpp)
vs1.0_tokens.l(2793,3): warning C4996: 'sprintf': This function or variable may be unsafe. Consider using sprintf_s instead. To disable deprecation, use _CRT_SECURE_NO_WARNINGS. See online help for details. (compiling source file C:\Hooman\GBC\GAME3121\Course Materials\GameEngineDevelopment\ogre-sdk-v2.1\RenderSystems\GL\src\nvparse\_vs1.0_lexer.cpp)
vs1.0_tokens.l(2797,3): warning C4996: 'sprintf': This function or variable may be unsafe. Consider using sprintf_s instead. To disable deprecation, use _CRT_SECURE_NO_WARNINGS. See online help for details. (compiling source file C:\Hooman\GBC\GAME3121\Course Materials\GameEngineDevelopment\ogre-sdk-v2.1\RenderSystems\GL\src\nvparse\_vs1.0_lexer.cpp)
vs1.0_tokens.l(2802,2): warning C4996: 'vsprintf': This function or variable may be unsafe. Consider using vsprintf_s instead. To disable deprecation, use _CRT_SECURE_NO_WARNINGS. See online help for details. (compiling source file C:\Hooman\GBC\GAME3121\Course Materials\GameEngineDevelopment\ogre-sdk-v2.1\RenderSystems\GL\src\nvparse\_vs1.0_lexer.cpp)
vs1.0_tokens.l(2820,3): warning C4996: 'sprintf': This function or variable may be unsafe. Consider using sprintf_s instead. To disable deprecation, use _CRT_SECURE_NO_WARNINGS. See online help for details. (compiling source file C:\Hooman\GBC\GAME3121\Course Materials\GameEngineDevelopment\ogre-sdk-v2.1\RenderSystems\GL\src\nvparse\_vs1.0_lexer.cpp)
vs1.0_tokens.l(2821,2): warning C4996: 'sprintf': This function or variable may be unsafe. Consider using sprintf_s instead. To disable deprecation, use _CRT_SECURE_NO_WARNINGS. See online help for details. (compiling source file C:\Hooman\GBC\GAME3121\Course Materials\GameEngineDevelopment\ogre-sdk-v2.1\RenderSystems\GL\src\nvparse\_vs1.0_lexer.cpp)
vs1.0_tokens.l(2826,2): warning C4996: 'vsprintf': This function or variable may be unsafe. Consider using vsprintf_s instead. To disable deprecation, use _CRT_SECURE_NO_WARNINGS. See online help for details. (compiling source file C:\Hooman\GBC\GAME3121\Course Materials\GameEngineDevelopment\ogre-sdk-v2.1\RenderSystems\GL\src\nvparse\_vs1.0_lexer.cpp)
vs1.0_tokens.l(2857,8): warning C4996: 'stricmp': The POSIX name for this item is deprecated. Instead, use the ISO C and C++ conformant name: _stricmp. See online help for details. (compiling source file C:\Hooman\GBC\GAME3121\Course Materials\GameEngineDevelopment\ogre-sdk-v2.1\RenderSystems\GL\src\nvparse\_vs1.0_lexer.cpp)
vs1.0_tokens.l(2916,33): warning C4267: '=': conversion from 'size_t' to 'int', possible loss of data (compiling source file C:\Hooman\GBC\GAME3121\Course Materials\GameEngineDevelopment\ogre-sdk-v2.1\RenderSystems\GL\src\nvparse\_vs1.0_lexer.cpp)
vs1.0_tokens.l(2881,2): warning C4996: 'sprintf': This function or variable may be unsafe. Consider using sprintf_s instead. To disable deprecation, use _CRT_SECURE_NO_WARNINGS. See online help for details. (compiling source file C:\Hooman\GBC\GAME3121\Course Materials\GameEngineDevelopment\ogre-sdk-v2.1\RenderSystems\GL\src\nvparse\_vs1.0_lexer.cpp)
vs1.0_tokens.l(2883,13): warning C4996: '_open': This function or variable may be unsafe. Consider using _sopen_s instead. To disable deprecation, use _CRT_SECURE_NO_WARNINGS. See online help for details. (compiling source file C:\Hooman\GBC\GAME3121\Course Materials\GameEngineDevelopment\ogre-sdk-v2.1\RenderSystems\GL\src\nvparse\_vs1.0_lexer.cpp)
vs1.0_tokens.l(2909,16): warning C4996: 'fopen': This function or variable may be unsafe. Consider using fopen_s instead. To disable deprecation, use _CRT_SECURE_NO_WARNINGS. See online help for details. (compiling source file C:\Hooman\GBC\GAME3121\Course Materials\GameEngineDevelopment\ogre-sdk-v2.1\RenderSystems\GL\src\nvparse\_vs1.0_lexer.cpp)
C:\Hooman\GBC\GAME3121\Course Materials\GameEngineDevelopment\ogre-sdk-v2.1\RenderSystems\GL\src\nvparse\avp1.0_impl.cpp(74,35): warning C4267: 'initializing': conversion from 'size_t' to 'int', possible loss of data
  ts1.0_inst.cpp
C:\Hooman\GBC\GAME3121\Course Materials\GameEngineDevelopment\ogre-sdk-v2.1\RenderSystems\GL\src\nvparse\ps1.0_program.cpp(339,1): warning C4267: 'initializing': conversion from 'size_t' to 'int', possible loss of data
C:\Hooman\GBC\GAME3121\Course Materials\GameEngineDevelopment\ogre-sdk-v2.1\RenderSystems\GL\src\nvparse\ps1.0_program.cpp(1022,43): warning C4267: '=': conversion from 'size_t' to 'int', possible loss of data
  ts1.0_inst_list.cpp
  vcp1.0_impl.cpp
  vp1.0_impl.cpp
  vs1.0_inst.cpp
  vs1.0_inst_list.cpp
  vsp1.0_impl.cpp
C:\Hooman\GBC\GAME3121\Course Materials\GameEngineDevelopment\ogre-sdk-v2.1\RenderSystems\GL\src\nvparse\rc1.0_general.cpp(12,9): warning C4996: 'sprintf': This function or variable may be unsafe. Consider using sprintf_s instead. To disable deprecation, use _CRT_SECURE_NO_WARNINGS. See online help for details.
  OgreGLCopyingRenderTexture.cpp
C:\Hooman\GBC\GAME3121\Course Materials\GameEngineDevelopment\ogre-sdk-v2.1\RenderSystems\GL\src\nvparse\vp1.0_impl.cpp(76,35): warning C4267: 'initializing': conversion from 'size_t' to 'int', possible loss of data
  OgreGLDepthBuffer.cpp
  OgreGLEngineDll.cpp
C:\Hooman\GBC\GAME3121\Course Materials\GameEngineDevelopment\ogre-sdk-v2.1\RenderSystems\GL\src\nvparse\vcp1.0_impl.cpp(110,22): warning C4996: 'strnicmp': The POSIX name for this item is deprecated. Instead, use the ISO C and C++ conformant name: _strnicmp. See online help for details.
C:\Hooman\GBC\GAME3121\Course Materials\GameEngineDevelopment\ogre-sdk-v2.1\RenderSystems\GL\src\nvparse\vcp1.0_impl.cpp(123,31): warning C4996: 'strnicmp': The POSIX name for this item is deprecated. Instead, use the ISO C and C++ conformant name: _strnicmp. See online help for details.
C:\Hooman\GBC\GAME3121\Course Materials\GameEngineDevelopment\ogre-sdk-v2.1\RenderSystems\GL\src\nvparse\vs1.0_inst.cpp(113,9): warning C4996: 'sprintf': This function or variable may be unsafe. Consider using sprintf_s instead. To disable deprecation, use _CRT_SECURE_NO_WARNINGS. See online help for details.
C:\Hooman\GBC\GAME3121\Course Materials\GameEngineDevelopment\ogre-sdk-v2.1\RenderSystems\GL\src\nvparse\vs1.0_inst.cpp(117,9): warning C4996: 'sprintf': This function or variable may be unsafe. Consider using sprintf_s instead. To disable deprecation, use _CRT_SECURE_NO_WARNINGS. See online help for details.
C:\Hooman\GBC\GAME3121\Course Materials\GameEngineDevelopment\ogre-sdk-v2.1\RenderSystems\GL\src\nvparse\vs1.0_inst.cpp(121,9): warning C4996: 'sprintf': This function or variable may be unsafe. Consider using sprintf_s instead. To disable deprecation, use _CRT_SECURE_NO_WARNINGS. See online help for details.
C:\Hooman\GBC\GAME3121\Course Materials\GameEngineDevelopment\ogre-sdk-v2.1\RenderSystems\GL\src\nvparse\vs1.0_inst.cpp(125,9): warning C4996: 'sprintf': This function or variable may be unsafe. Consider using sprintf_s instead. To disable deprecation, use _CRT_SECURE_NO_WARNINGS. See online help for details.
C:\Hooman\GBC\GAME3121\Course Materials\GameEngineDevelopment\ogre-sdk-v2.1\RenderSystems\GL\src\nvparse\vs1.0_inst.cpp(132,9): warning C4996: 'sprintf': This function or variable may be unsafe. Consider using sprintf_s instead. To disable deprecation, use _CRT_SECURE_NO_WARNINGS. See online help for details.
C:\Hooman\GBC\GAME3121\Course Materials\GameEngineDevelopment\ogre-sdk-v2.1\RenderSystems\GL\src\nvparse\vs1.0_inst.cpp(139,9): warning C4996: 'sprintf': This function or variable may be unsafe. Consider using sprintf_s instead. To disable deprecation, use _CRT_SECURE_NO_WARNINGS. See online help for details.
C:\Hooman\GBC\GAME3121\Course Materials\GameEngineDevelopment\ogre-sdk-v2.1\RenderSystems\GL\src\nvparse\vs1.0_inst.cpp(143,9): warning C4996: 'sprintf': This function or variable may be unsafe. Consider using sprintf_s instead. To disable deprecation, use _CRT_SECURE_NO_WARNINGS. See online help for details.
C:\Hooman\GBC\GAME3121\Course Materials\GameEngineDevelopment\ogre-sdk-v2.1\RenderSystems\GL\src\nvparse\vs1.0_inst.cpp(159,9): warning C4996: 'strncpy': This function or variable may be unsafe. Consider using strncpy_s instead. To disable deprecation, use _CRT_SECURE_NO_WARNINGS. See online help for details.
C:\Hooman\GBC\GAME3121\Course Materials\GameEngineDevelopment\ogre-sdk-v2.1\RenderSystems\GL\src\nvparse\vs1.0_inst.cpp(205,9): warning C4996: 'strcpy': This function or variable may be unsafe. Consider using strcpy_s instead. To disable deprecation, use _CRT_SECURE_NO_WARNINGS. See online help for details.
C:\Hooman\GBC\GAME3121\Course Materials\GameEngineDevelopment\ogre-sdk-v2.1\RenderSystems\GL\src\nvparse\vs1.0_inst.cpp(224,13): warning C4996: 'strcpy': This function or variable may be unsafe. Consider using strcpy_s instead. To disable deprecation, use _CRT_SECURE_NO_WARNINGS. See online help for details.
C:\Hooman\GBC\GAME3121\Course Materials\GameEngineDevelopment\ogre-sdk-v2.1\RenderSystems\GL\src\nvparse\vs1.0_inst.cpp(303,13): warning C4996: 'sprintf': This function or variable may be unsafe. Consider using sprintf_s instead. To disable deprecation, use _CRT_SECURE_NO_WARNINGS. See online help for details.
C:\Hooman\GBC\GAME3121\Course Materials\GameEngineDevelopment\ogre-sdk-v2.1\RenderSystems\GL\src\nvparse\vs1.0_inst.cpp(337,9): warning C4996: 'sprintf': This function or variable may be unsafe. Consider using sprintf_s instead. To disable deprecation, use _CRT_SECURE_NO_WARNINGS. See online help for details.
C:\Hooman\GBC\GAME3121\Course Materials\GameEngineDevelopment\ogre-sdk-v2.1\RenderSystems\GL\src\nvparse\vs1.0_inst.cpp(345,9): warning C4996: 'sprintf': This function or variable may be unsafe. Consider using sprintf_s instead. To disable deprecation, use _CRT_SECURE_NO_WARNINGS. See online help for details.
C:\Hooman\GBC\GAME3121\Course Materials\GameEngineDevelopment\ogre-sdk-v2.1\RenderSystems\GL\src\nvparse\vs1.0_inst.cpp(383,17): warning C4996: 'sprintf': This function or variable may be unsafe. Consider using sprintf_s instead. To disable deprecation, use _CRT_SECURE_NO_WARNINGS. See online help for details.
C:\Hooman\GBC\GAME3121\Course Materials\GameEngineDevelopment\ogre-sdk-v2.1\RenderSystems\GL\src\nvparse\vs1.0_inst.cpp(397,21): warning C4996: 'sprintf': This function or variable may be unsafe. Consider using sprintf_s instead. To disable deprecation, use _CRT_SECURE_NO_WARNINGS. See online help for details.
C:\Hooman\GBC\GAME3121\Course Materials\GameEngineDevelopment\ogre-sdk-v2.1\RenderSystems\GL\src\nvparse\vs1.0_inst.cpp(420,21): warning C4996: 'sprintf': This function or variable may be unsafe. Consider using sprintf_s instead. To disable deprecation, use _CRT_SECURE_NO_WARNINGS. See online help for details.
C:\Hooman\GBC\GAME3121\Course Materials\GameEngineDevelopment\ogre-sdk-v2.1\RenderSystems\GL\src\nvparse\vs1.0_inst.cpp(431,17): warning C4996: 'sprintf': This function or variable may be unsafe. Consider using sprintf_s instead. To disable deprecation, use _CRT_SECURE_NO_WARNINGS. See online help for details.
C:\Hooman\GBC\GAME3121\Course Materials\GameEngineDevelopment\ogre-sdk-v2.1\RenderSystems\GL\src\nvparse\vs1.0_inst.cpp(437,17): warning C4996: 'sprintf': This function or variable may be unsafe. Consider using sprintf_s instead. To disable deprecation, use _CRT_SECURE_NO_WARNINGS. See online help for details.
C:\Hooman\GBC\GAME3121\Course Materials\GameEngineDevelopment\ogre-sdk-v2.1\RenderSystems\GL\src\nvparse\vs1.0_inst.cpp(472,13): warning C4996: 'strncpy': This function or variable may be unsafe. Consider using strncpy_s instead. To disable deprecation, use _CRT_SECURE_NO_WARNINGS. See online help for details.
C:\Hooman\GBC\GAME3121\Course Materials\GameEngineDevelopment\ogre-sdk-v2.1\RenderSystems\GL\src\nvparse\vs1.0_inst.cpp(474,13): warning C4996: 'sprintf': This function or variable may be unsafe. Consider using sprintf_s instead. To disable deprecation, use _CRT_SECURE_NO_WARNINGS. See online help for details.
C:\Hooman\GBC\GAME3121\Course Materials\GameEngineDevelopment\ogre-sdk-v2.1\RenderSystems\GL\src\nvparse\vs1.0_inst.cpp(496,33): warning C4267: '=': conversion from 'size_t' to 'int', possible loss of data
C:\Hooman\GBC\GAME3121\Course Materials\GameEngineDevelopment\ogre-sdk-v2.1\RenderSystems\GL\src\nvparse\vs1.0_inst.cpp(508,33): warning C4267: '=': conversion from 'size_t' to 'int', possible loss of data
C:\Hooman\GBC\GAME3121\Course Materials\GameEngineDevelopment\ogre-sdk-v2.1\RenderSystems\GL\src\nvparse\vs1.0_inst.cpp(523,33): warning C4267: '=': conversion from 'size_t' to 'int', possible loss of data
C:\Hooman\GBC\GAME3121\Course Materials\GameEngineDevelopment\ogre-sdk-v2.1\RenderSystems\GL\src\nvparse\vs1.0_inst.cpp(535,33): warning C4267: '=': conversion from 'size_t' to 'int', possible loss of data
C:\Hooman\GBC\GAME3121\Course Materials\GameEngineDevelopment\ogre-sdk-v2.1\RenderSystems\GL\src\nvparse\vs1.0_inst.cpp(543,17): warning C4996: 'strcpy': This function or variable may be unsafe. Consider using strcpy_s instead. To disable deprecation, use _CRT_SECURE_NO_WARNINGS. See online help for details.
C:\Hooman\GBC\GAME3121\Course Materials\GameEngineDevelopment\ogre-sdk-v2.1\RenderSystems\GL\src\nvparse\vs1.0_inst.cpp(565,33): warning C4267: '=': conversion from 'size_t' to 'int', possible loss of data
C:\Hooman\GBC\GAME3121\Course Materials\GameEngineDevelopment\ogre-sdk-v2.1\RenderSystems\GL\src\nvparse\vs1.0_inst.cpp(573,33): warning C4267: '=': conversion from 'size_t' to 'int', possible loss of data
C:\Hooman\GBC\GAME3121\Course Materials\GameEngineDevelopment\ogre-sdk-v2.1\RenderSystems\GL\src\nvparse\vs1.0_inst.cpp(585,33): warning C4267: '=': conversion from 'size_t' to 'int', possible loss of data
C:\Hooman\GBC\GAME3121\Course Materials\GameEngineDevelopment\ogre-sdk-v2.1\RenderSystems\GL\src\nvparse\vs1.0_inst.cpp(593,33): warning C4267: '=': conversion from 'size_t' to 'int', possible loss of data
C:\Hooman\GBC\GAME3121\Course Materials\GameEngineDevelopment\ogre-sdk-v2.1\RenderSystems\GL\src\nvparse\vs1.0_inst.cpp(601,33): warning C4267: '=': conversion from 'size_t' to 'int', possible loss of data
C:\Hooman\GBC\GAME3121\Course Materials\GameEngineDevelopment\ogre-sdk-v2.1\RenderSystems\GL\src\nvparse\vs1.0_inst.cpp(494,13): warning C4996: 'strncpy': This function or variable may be unsafe. Consider using strncpy_s instead. To disable deprecation, use _CRT_SECURE_NO_WARNINGS. See online help for details.
C:\Hooman\GBC\GAME3121\Course Materials\GameEngineDevelopment\ogre-sdk-v2.1\RenderSystems\GL\src\nvparse\vs1.0_inst.cpp(506,13): warning C4996: 'strncpy': This function or variable may be unsafe. Consider using strncpy_s instead. To disable deprecation, use _CRT_SECURE_NO_WARNINGS. See online help for details.
C:\Hooman\GBC\GAME3121\Course Materials\GameEngineDevelopment\ogre-sdk-v2.1\RenderSystems\GL\src\nvparse\vs1.0_inst.cpp(521,13): warning C4996: 'strncpy': This function or variable may be unsafe. Consider using strncpy_s instead. To disable deprecation, use _CRT_SECURE_NO_WARNINGS. See online help for details.
C:\Hooman\GBC\GAME3121\Course Materials\GameEngineDevelopment\ogre-sdk-v2.1\RenderSystems\GL\src\nvparse\vs1.0_inst.cpp(526,17): warning C4996: 'sprintf': This function or variable may be unsafe. Consider using sprintf_s instead. To disable deprecation, use _CRT_SECURE_NO_WARNINGS. See online help for details.
C:\Hooman\GBC\GAME3121\Course Materials\GameEngineDevelopment\ogre-sdk-v2.1\RenderSystems\GL\src\nvparse\vs1.0_inst.cpp(533,13): warning C4996: 'strncpy': This function or variable may be unsafe. Consider using strncpy_s instead. To disable deprecation, use _CRT_SECURE_NO_WARNINGS. See online help for details.
C:\Hooman\GBC\GAME3121\Course Materials\GameEngineDevelopment\ogre-sdk-v2.1\RenderSystems\GL\src\nvparse\vs1.0_inst.cpp(538,17): warning C4996: 'sprintf': This function or variable may be unsafe. Consider using sprintf_s instead. To disable deprecation, use _CRT_SECURE_NO_WARNINGS. See online help for details.
C:\Hooman\GBC\GAME3121\Course Materials\GameEngineDevelopment\ogre-sdk-v2.1\RenderSystems\GL\src\nvparse\vs1.0_inst.cpp(563,13): warning C4996: 'strncpy': This function or variable may be unsafe. Consider using strncpy_s instead. To disable deprecation, use _CRT_SECURE_NO_WARNINGS. See online help for details.
C:\Hooman\GBC\GAME3121\Course Materials\GameEngineDevelopment\ogre-sdk-v2.1\RenderSystems\GL\src\nvparse\vs1.0_inst.cpp(571,13): warning C4996: 'strncpy': This function or variable may be unsafe. Consider using strncpy_s instead. To disable deprecation, use _CRT_SECURE_NO_WARNINGS. See online help for details.
C:\Hooman\GBC\GAME3121\Course Materials\GameEngineDevelopment\ogre-sdk-v2.1\RenderSystems\GL\src\nvparse\vs1.0_inst.cpp(583,13): warning C4996: 'strncpy': This function or variable may be unsafe. Consider using strncpy_s instead. To disable deprecation, use _CRT_SECURE_NO_WARNINGS. See online help for details.
C:\Hooman\GBC\GAME3121\Course Materials\GameEngineDevelopment\ogre-sdk-v2.1\RenderSystems\GL\src\nvparse\vs1.0_inst.cpp(591,13): warning C4996: 'strncpy': This function or variable may be unsafe. Consider using strncpy_s instead. To disable deprecation, use _CRT_SECURE_NO_WARNINGS. See online help for details.
C:\Hooman\GBC\GAME3121\Course Materials\GameEngineDevelopment\ogre-sdk-v2.1\RenderSystems\GL\src\nvparse\vs1.0_inst.cpp(599,13): warning C4996: 'strncpy': This function or variable may be unsafe. Consider using strncpy_s instead. To disable deprecation, use _CRT_SECURE_NO_WARNINGS. See online help for details.
C:\Hooman\GBC\GAME3121\Course Materials\GameEngineDevelopment\ogre-sdk-v2.1\RenderSystems\GL\src\nvparse\vs1.0_inst.cpp(631,13): warning C4996: 'sprintf': This function or variable may be unsafe. Consider using sprintf_s instead. To disable deprecation, use _CRT_SECURE_NO_WARNINGS. See online help for details.
C:\Hooman\GBC\GAME3121\Course Materials\GameEngineDevelopment\ogre-sdk-v2.1\RenderSystems\GL\src\nvparse\vs1.0_inst.cpp(637,17): warning C4996: 'sprintf': This function or variable may be unsafe. Consider using sprintf_s instead. To disable deprecation, use _CRT_SECURE_NO_WARNINGS. See online help for details.
C:\Hooman\GBC\GAME3121\Course Materials\GameEngineDevelopment\ogre-sdk-v2.1\RenderSystems\GL\src\nvparse\vs1.0_inst.cpp(647,9): warning C4996: 'sprintf': This function or variable may be unsafe. Consider using sprintf_s instead. To disable deprecation, use _CRT_SECURE_NO_WARNINGS. See online help for details.
C:\Hooman\GBC\GAME3121\Course Materials\GameEngineDevelopment\ogre-sdk-v2.1\RenderSystems\GL\src\nvparse\vs1.0_inst.cpp(671,13): warning C4996: 'sprintf': This function or variable may be unsafe. Consider using sprintf_s instead. To disable deprecation, use _CRT_SECURE_NO_WARNINGS. See online help for details.
C:\Hooman\GBC\GAME3121\Course Materials\GameEngineDevelopment\ogre-sdk-v2.1\RenderSystems\GL\src\nvparse\vs1.0_inst.cpp(728,21): warning C4996: 'sprintf': This function or variable may be unsafe. Consider using sprintf_s instead. To disable deprecation, use _CRT_SECURE_NO_WARNINGS. See online help for details.
C:\Hooman\GBC\GAME3121\Course Materials\GameEngineDevelopment\ogre-sdk-v2.1\RenderSystems\GL\src\nvparse\vs1.0_inst.cpp(752,21): warning C4996: 'sprintf': This function or variable may be unsafe. Consider using sprintf_s instead. To disable deprecation, use _CRT_SECURE_NO_WARNINGS. See online help for details.
C:\Hooman\GBC\GAME3121\Course Materials\GameEngineDevelopment\ogre-sdk-v2.1\RenderSystems\GL\src\nvparse\vs1.0_inst.cpp(772,21): warning C4996: 'sprintf': This function or variable may be unsafe. Consider using sprintf_s instead. To disable deprecation, use _CRT_SECURE_NO_WARNINGS. See online help for details.
C:\Hooman\GBC\GAME3121\Course Materials\GameEngineDevelopment\ogre-sdk-v2.1\RenderSystems\GL\src\nvparse\vs1.0_inst.cpp(868,21): warning C4996: 'sprintf': This function or variable may be unsafe. Consider using sprintf_s instead. To disable deprecation, use _CRT_SECURE_NO_WARNINGS. See online help for details.
C:\Hooman\GBC\GAME3121\Course Materials\GameEngineDevelopment\ogre-sdk-v2.1\RenderSystems\GL\src\nvparse\vs1.0_inst.cpp(876,21): warning C4996: 'sprintf': This function or variable may be unsafe. Consider using sprintf_s instead. To disable deprecation, use _CRT_SECURE_NO_WARNINGS. See online help for details.
C:\Hooman\GBC\GAME3121\Course Materials\GameEngineDevelopment\ogre-sdk-v2.1\RenderSystems\GL\src\nvparse\vs1.0_inst_list.cpp(64,9): warning C4996: 'sprintf': This function or variable may be unsafe. Consider using sprintf_s instead. To disable deprecation, use _CRT_SECURE_NO_WARNINGS. See online help for details.
C:\Hooman\GBC\GAME3121\Course Materials\GameEngineDevelopment\ogre-sdk-v2.1\RenderSystems\GL\src\nvparse\vs1.0_inst_list.cpp(96,20): warning C4267: '=': conversion from 'size_t' to 'int', possible loss of data
C:\Hooman\GBC\GAME3121\Course Materials\GameEngineDevelopment\ogre-sdk-v2.1\RenderSystems\GL\src\nvparse\vs1.0_inst_list.cpp(139,9): warning C4996: 'sprintf': This function or variable may be unsafe. Consider using sprintf_s instead. To disable deprecation, use _CRT_SECURE_NO_WARNINGS. See online help for details.
C:\Hooman\GBC\GAME3121\Course Materials\GameEngineDevelopment\ogre-sdk-v2.1\RenderSystems\GL\src\nvparse\vs1.0_inst_list.cpp(168,35): warning C4267: 'initializing': conversion from 'size_t' to 'int', possible loss of data
C:\Hooman\GBC\GAME3121\Course Materials\GameEngineDevelopment\ogre-sdk-v2.1\RenderSystems\GL\src\nvparse\vs1.0_inst_list.cpp(234,17): warning C4996: 'strcat': This function or variable may be unsafe. Consider using strcat_s instead. To disable deprecation, use _CRT_SECURE_NO_WARNINGS. See online help for details.
C:\Hooman\GBC\GAME3121\Course Materials\GameEngineDevelopment\ogre-sdk-v2.1\RenderSystems\GL\src\nvparse\vs1.0_inst_list.cpp(236,13): warning C4996: 'strcat': This function or variable may be unsafe. Consider using strcat_s instead. To disable deprecation, use _CRT_SECURE_NO_WARNINGS. See online help for details.
C:\Hooman\GBC\GAME3121\Course Materials\GameEngineDevelopment\ogre-sdk-v2.1\RenderSystems\GL\src\nvparse\vs1.0_inst_list.cpp(239,17): warning C4996: 'strcat': This function or variable may be unsafe. Consider using strcat_s instead. To disable deprecation, use _CRT_SECURE_NO_WARNINGS. See online help for details.
C:\Hooman\GBC\GAME3121\Course Materials\GameEngineDevelopment\ogre-sdk-v2.1\RenderSystems\GL\src\nvparse\vs1.0_inst_list.cpp(241,13): warning C4996: 'strcat': This function or variable may be unsafe. Consider using strcat_s instead. To disable deprecation, use _CRT_SECURE_NO_WARNINGS. See online help for details.
C:\Hooman\GBC\GAME3121\Course Materials\GameEngineDevelopment\ogre-sdk-v2.1\RenderSystems\GL\src\nvparse\vs1.0_inst_list.cpp(227,13): warning C4996: 'strncpy': This function or variable may be unsafe. Consider using strncpy_s instead. To disable deprecation, use _CRT_SECURE_NO_WARNINGS. See online help for details.
C:\Hooman\GBC\GAME3121\Course Materials\GameEngineDevelopment\ogre-sdk-v2.1\RenderSystems\GL\src\nvparse\vs1.0_inst_list.cpp(230,13): warning C4996: 'sprintf': This function or variable may be unsafe. Consider using sprintf_s instead. To disable deprecation, use _CRT_SECURE_NO_WARNINGS. See online help for details.
C:\Hooman\GBC\GAME3121\Course Materials\GameEngineDevelopment\ogre-sdk-v2.1\RenderSystems\GL\src\nvparse\vs1.0_inst.cpp(922,21): warning C4996: 'sprintf': This function or variable may be unsafe. Consider using sprintf_s instead. To disable deprecation, use _CRT_SECURE_NO_WARNINGS. See online help for details.
C:\Hooman\GBC\GAME3121\Course Materials\GameEngineDevelopment\ogre-sdk-v2.1\RenderSystems\GL\src\nvparse\vs1.0_inst.cpp(930,21): warning C4996: 'sprintf': This function or variable may be unsafe. Consider using sprintf_s instead. To disable deprecation, use _CRT_SECURE_NO_WARNINGS. See online help for details.
C:\Hooman\GBC\GAME3121\Course Materials\GameEngineDevelopment\ogre-sdk-v2.1\RenderSystems\GL\src\nvparse\vs1.0_inst.cpp(938,21): warning C4996: 'sprintf': This function or variable may be unsafe. Consider using sprintf_s instead. To disable deprecation, use _CRT_SECURE_NO_WARNINGS. See online help for details.
C:\Hooman\GBC\GAME3121\Course Materials\GameEngineDevelopment\ogre-sdk-v2.1\RenderSystems\GL\src\nvparse\vs1.0_inst.cpp(946,21): warning C4996: 'sprintf': This function or variable may be unsafe. Consider using sprintf_s instead. To disable deprecation, use _CRT_SECURE_NO_WARNINGS. See online help for details.
C:\Hooman\GBC\GAME3121\Course Materials\GameEngineDevelopment\ogre-sdk-v2.1\RenderSystems\GL\src\nvparse\vs1.0_inst.cpp(1028,9): warning C4996: 'sprintf': This function or variable may be unsafe. Consider using sprintf_s instead. To disable deprecation, use _CRT_SECURE_NO_WARNINGS. See online help for details.
  OgreGLFBOMultiRenderTarget.cpp
  OgreGLFBORenderTexture.cpp
  OgreGLFrameBufferObject.cpp
  OgreGLGpuNvparseProgram.cpp
C:\Hooman\GBC\GAME3121\Course Materials\GameEngineDevelopment\ogre-sdk-v2.1\RenderSystems\GL\src\nvparse\vsp1.0_impl.cpp(65,35): warning C4267: 'initializing': conversion from 'size_t' to 'int', possible loss of data
  OgreGLGpuProgram.cpp
  OgreGLGpuProgramManager.cpp
  OgreGLHardwareBufferManager.cpp
  OgreGLHardwareIndexBuffer.cpp
  OgreGLHardwareOcclusionQuery.cpp
  OgreGLHardwarePixelBuffer.cpp
  OgreGLHardwareVertexBuffer.cpp
  OgreGLPBRenderTexture.cpp
  OgreGLPixelFormat.cpp
  OgreGLPlugin.cpp
  OgreGLRenderSystem.cpp
  OgreGLRenderToVertexBuffer.cpp
C:\Hooman\GBC\GAME3121\Course Materials\GameEngineDevelopment\ogre-sdk-v2.1\RenderSystems\GL\src\OgreGLHardwarePixelBuffer.cpp(221,34): warning C4267: 'argument': conversion from 'size_t' to 'GLsizei', possible loss of data
C:\Hooman\GBC\GAME3121\Course Materials\GameEngineDevelopment\ogre-sdk-v2.1\RenderSystems\GL\src\OgreGLHardwarePixelBuffer.cpp(229,34): warning C4267: 'argument': conversion from 'size_t' to 'GLsizei', possible loss of data
C:\Hooman\GBC\GAME3121\Course Materials\GameEngineDevelopment\ogre-sdk-v2.1\RenderSystems\GL\src\OgreGLHardwarePixelBuffer.cpp(244,34): warning C4267: 'argument': conversion from 'size_t' to 'GLsizei', possible loss of data
C:\Hooman\GBC\GAME3121\Course Materials\GameEngineDevelopment\ogre-sdk-v2.1\RenderSystems\GL\src\OgreGLHardwarePixelBuffer.cpp(252,34): warning C4267: 'argument': conversion from 'size_t' to 'GLsizei', possible loss of data
C:\Hooman\GBC\GAME3121\Course Materials\GameEngineDevelopment\ogre-sdk-v2.1\RenderSystems\GL\src\OgreGLHardwarePixelBuffer.cpp(268,34): warning C4267: 'argument': conversion from 'size_t' to 'GLsizei', possible loss of data
C:\Hooman\GBC\GAME3121\Course Materials\GameEngineDevelopment\ogre-sdk-v2.1\RenderSystems\GL\src\OgreGLHardwarePixelBuffer.cpp(276,34): warning C4267: 'argument': conversion from 'size_t' to 'GLsizei', possible loss of data
C:\Hooman\GBC\GAME3121\Course Materials\GameEngineDevelopment\ogre-sdk-v2.1\RenderSystems\GL\src\OgreGLHardwarePixelBuffer.cpp(285,62): warning C4267: 'argument': conversion from 'size_t' to 'GLint', possible loss of data
C:\Hooman\GBC\GAME3121\Course Materials\GameEngineDevelopment\ogre-sdk-v2.1\RenderSystems\GL\src\OgreGLHardwarePixelBuffer.cpp(287,84): warning C4267: 'argument': conversion from 'size_t' to 'GLint', possible loss of data
C:\Hooman\GBC\GAME3121\Course Materials\GameEngineDevelopment\ogre-sdk-v2.1\RenderSystems\GL\src\OgreGLHardwarePixelBuffer.cpp(358,60): warning C4267: 'argument': conversion from 'size_t' to 'GLint', possible loss of data
C:\Hooman\GBC\GAME3121\Course Materials\GameEngineDevelopment\ogre-sdk-v2.1\RenderSystems\GL\src\OgreGLHardwarePixelBuffer.cpp(360,82): warning C4267: 'argument': conversion from 'size_t' to 'GLint', possible loss of data
  OgreGLStateCacheManager.cpp
C:\Hooman\GBC\GAME3121\Course Materials\GameEngineDevelopment\ogre-sdk-v2.1\RenderSystems\GL\src\OgreGLRenderSystem.cpp(278,67): warning C4267: 'argument': conversion from 'size_t' to 'GLenum', possible loss of data
C:\Hooman\GBC\GAME3121\Course Materials\GameEngineDevelopment\ogre-sdk-v2.1\RenderSystems\GL\src\OgreGLRenderSystem.cpp(281,68): warning C4267: 'argument': conversion from 'size_t' to 'GLenum', possible loss of data
C:\Hooman\GBC\GAME3121\Course Materials\GameEngineDevelopment\ogre-sdk-v2.1\RenderSystems\GL\src\OgreGLRenderSystem.cpp(284,82): warning C4267: 'argument': conversion from 'size_t' to 'GLenum', possible loss of data
C:\Hooman\GBC\GAME3121\Course Materials\GameEngineDevelopment\ogre-sdk-v2.1\RenderSystems\GL\src\OgreGLRenderSystem.cpp(285,80): warning C4267: 'argument': conversion from 'size_t' to 'GLenum', possible loss of data
C:\Hooman\GBC\GAME3121\Course Materials\GameEngineDevelopment\ogre-sdk-v2.1\RenderSystems\GL\src\OgreGLRenderSystem.cpp(286,83): warning C4267: 'argument': conversion from 'size_t' to 'GLenum', possible loss of data
C:\Hooman\GBC\GAME3121\Course Materials\GameEngineDevelopment\ogre-sdk-v2.1\RenderSystems\GL\src\OgreGLRenderSystem.cpp(291,73): warning C4267: 'argument': conversion from 'size_t' to 'GLenum', possible loss of data
C:\Hooman\GBC\GAME3121\Course Materials\GameEngineDevelopment\ogre-sdk-v2.1\RenderSystems\GL\src\OgreGLRenderSystem.cpp(292,75): warning C4267: 'argument': conversion from 'size_t' to 'GLenum', possible loss of data
C:\Hooman\GBC\GAME3121\Course Materials\GameEngineDevelopment\ogre-sdk-v2.1\RenderSystems\GL\src\OgreGLRenderSystem.cpp(325,68): warning C4267: 'argument': conversion from 'size_t' to 'GLenum', possible loss of data
C:\Hooman\GBC\GAME3121\Course Materials\GameEngineDevelopment\ogre-sdk-v2.1\RenderSystems\GL\src\OgreGLRenderSystem.cpp(328,74): warning C4267: 'argument': conversion from 'size_t' to 'GLenum', possible loss of data
  OgreGLTexture.cpp
C:\Hooman\GBC\GAME3121\Course Materials\GameEngineDevelopment\ogre-sdk-v2.1\RenderSystems\GL\src\OgreGLRenderSystem.cpp(1293,44): warning C4267: 'initializing': conversion from 'size_t' to 'GLenum', possible loss of data
C:\Hooman\GBC\GAME3121\Course Materials\GameEngineDevelopment\ogre-sdk-v2.1\RenderSystems\GL\src\OgreGLRenderSystem.cpp(1522,79): warning C4244: 'argument': conversion from 'Ogre::Real' to 'const _Ty', possible loss of data
          with
          [
              _Ty=Ogre::uint
          ]
C:\Hooman\GBC\GAME3121\Course Materials\GameEngineDevelopment\ogre-sdk-v2.1\RenderSystems\GL\src\OgreGLRenderSystem.cpp(2505,16): warning C4267: 'argument': conversion from 'size_t' to 'unsigned short', possible loss of data
C:\Hooman\GBC\GAME3121\Course Materials\GameEngineDevelopment\ogre-sdk-v2.1\RenderSystems\GL\src\OgreGLRenderSystem.cpp(2509,69): warning C4267: 'argument': conversion from 'size_t' to 'unsigned short', possible loss of data
C:\Hooman\GBC\GAME3121\Course Materials\GameEngineDevelopment\ogre-sdk-v2.1\RenderSystems\GL\src\OgreGLRenderSystem.cpp(2593,125): warning C4267: 'argument': conversion from 'size_t' to 'GLsizei', possible loss of data
C:\Hooman\GBC\GAME3121\Course Materials\GameEngineDevelopment\ogre-sdk-v2.1\RenderSystems\GL\src\OgreGLRenderSystem.cpp(2597,94): warning C4267: 'argument': conversion from 'size_t' to 'GLsizei', possible loss of data
C:\Hooman\GBC\GAME3121\Course Materials\GameEngineDevelopment\ogre-sdk-v2.1\RenderSystems\GL\src\OgreGLRenderSystem.cpp(2616,104): warning C4267: 'argument': conversion from 'size_t' to 'GLsizei', possible loss of data
C:\Hooman\GBC\GAME3121\Course Materials\GameEngineDevelopment\ogre-sdk-v2.1\RenderSystems\GL\src\OgreGLRenderSystem.cpp(2620,73): warning C4267: 'argument': conversion from 'size_t' to 'GLsizei', possible loss of data
C:\Hooman\GBC\GAME3121\Course Materials\GameEngineDevelopment\ogre-sdk-v2.1\RenderSystems\GL\src\OgreGLRenderSystem.cpp(2881,21): warning C4267: '=': conversion from 'size_t' to 'GLsizei', possible loss of data
C:\Hooman\GBC\GAME3121\Course Materials\GameEngineDevelopment\ogre-sdk-v2.1\RenderSystems\GL\src\OgreGLRenderSystem.cpp(2883,24): warning C4267: '=': conversion from 'size_t' to 'GLsizei', possible loss of data
C:\Hooman\GBC\GAME3121\Course Materials\GameEngineDevelopment\ogre-sdk-v2.1\RenderSystems\GL\src\OgreGLRenderSystem.cpp(2885,42): warning C4267: '=': conversion from 'size_t' to 'GLsizei', possible loss of data
C:\Hooman\GBC\GAME3121\Course Materials\GameEngineDevelopment\ogre-sdk-v2.1\RenderSystems\GL\src\OgreGLRenderSystem.cpp(2886,29): warning C4267: '=': conversion from 'size_t' to 'GLsizei', possible loss of data
C:\Hooman\GBC\GAME3121\Course Materials\GameEngineDevelopment\ogre-sdk-v2.1\RenderSystems\GL\src\OgreGLRenderSystem.cpp(2887,29): warning C4267: '=': conversion from 'size_t' to 'GLsizei', possible loss of data
C:\Hooman\GBC\GAME3121\Course Materials\GameEngineDevelopment\ogre-sdk-v2.1\RenderSystems\GL\src\OgreGLRenderSystem.cpp(2903,71): warning C4267: '=': conversion from 'size_t' to 'GLsizei', possible loss of data
C:\Hooman\GBC\GAME3121\Course Materials\GameEngineDevelopment\ogre-sdk-v2.1\RenderSystems\GL\src\OgreGLRenderSystem.cpp(3237,72): warning C4267: 'argument': conversion from 'size_t' to 'GLsizei', possible loss of data
C:\Hooman\GBC\GAME3121\Course Materials\GameEngineDevelopment\ogre-sdk-v2.1\RenderSystems\GL\src\OgreGLRenderSystem.cpp(3268,88): warning C4267: 'argument': conversion from 'size_t' to 'GLuint', possible loss of data
C:\Hooman\GBC\GAME3121\Course Materials\GameEngineDevelopment\ogre-sdk-v2.1\RenderSystems\GL\src\OgreGLRenderSystem.cpp(3445,59): warning C4267: 'argument': conversion from 'size_t' to 'GLint', possible loss of data
  OgreGLTextureManager.cpp
C:\Hooman\GBC\GAME3121\Course Materials\GameEngineDevelopment\ogre-sdk-v2.1\RenderSystems\GL\src\OgreGLStateCacheManager.cpp(117,24): warning C4244: '=': conversion from 'float' to 'int', possible loss of data
C:\Hooman\GBC\GAME3121\Course Materials\GameEngineDevelopment\ogre-sdk-v2.1\RenderSystems\GL\src\OgreGLStateCacheManager.cpp(118,24): warning C4244: '=': conversion from 'float' to 'int', possible loss of data
C:\Hooman\GBC\GAME3121\Course Materials\GameEngineDevelopment\ogre-sdk-v2.1\RenderSystems\GL\src\OgreGLStateCacheManager.cpp(119,24): warning C4244: '=': conversion from 'float' to 'int', possible loss of data
C:\Hooman\GBC\GAME3121\Course Materials\GameEngineDevelopment\ogre-sdk-v2.1\RenderSystems\GL\src\OgreGLStateCacheManager.cpp(120,24): warning C4244: '=': conversion from 'float' to 'int', possible loss of data
C:\Hooman\GBC\GAME3121\Course Materials\GameEngineDevelopment\ogre-sdk-v2.1\RenderSystems\GL\src\OgreGLStateCacheManager.cpp(275,43): warning C4267: 'argument': conversion from 'size_t' to 'GLenum', possible loss of data
  glew.c
     Creating library C:/Hooman/GBC/GAME3121/Course Materials/GameEngineDevelopment/ogre-sdk-v2.1/build/lib/Debug/RenderSystem_GL_d.lib and object C:/Hooman/GBC/GAME3121/Course Materials/GameEngineDevelopment/ogre-sdk-v2.1/build/lib/Debug/RenderSystem_GL_d.exp
  RenderSystem_GL.vcxproj -> C:\Hooman\GBC\GAME3121\Course Materials\GameEngineDevelopment\ogre-sdk-v2.1\build\bin\Debug\RenderSystem_GL_d.dll
