c:\hooman\gbc\game3121\course materials\gameenginedevelopment\ogre-sdk-v2.1\build\components\meshlodgenerator\ogremeshlodgenerator.dir\debug\ogremeshlodgenerator_d.pch
c:\hooman\gbc\game3121\course materials\gameenginedevelopment\ogre-sdk-v2.1\build\components\meshlodgenerator\ogremeshlodgenerator.dir\debug\vc142.pdb
c:\hooman\gbc\game3121\course materials\gameenginedevelopment\ogre-sdk-v2.1\build\components\meshlodgenerator\ogremeshlodgenerator.dir\debug\ogremeshlodgenerator_pch.obj
c:\hooman\gbc\game3121\course materials\gameenginedevelopment\ogre-sdk-v2.1\build\components\meshlodgenerator\ogremeshlodgenerator.dir\debug\ogrelodcollapsecostquadric.obj
c:\hooman\gbc\game3121\course materials\gameenginedevelopment\ogre-sdk-v2.1\build\components\meshlodgenerator\ogremeshlodgenerator.dir\debug\ogrelodworkqueueworker.obj
c:\hooman\gbc\game3121\course materials\gameenginedevelopment\ogre-sdk-v2.1\build\components\meshlodgenerator\ogremeshlodgenerator.dir\debug\ogrelodcollapser.obj
c:\hooman\gbc\game3121\course materials\gameenginedevelopment\ogre-sdk-v2.1\build\components\meshlodgenerator\ogremeshlodgenerator.dir\debug\ogrelodworkqueueinjector.obj
c:\hooman\gbc\game3121\course materials\gameenginedevelopment\ogre-sdk-v2.1\build\components\meshlodgenerator\ogremeshlodgenerator.dir\debug\ogrelodcollapsecost.obj
c:\hooman\gbc\game3121\course materials\gameenginedevelopment\ogre-sdk-v2.1\build\components\meshlodgenerator\ogremeshlodgenerator.dir\debug\ogrelodinputproviderbuffer.obj
c:\hooman\gbc\game3121\course materials\gameenginedevelopment\ogre-sdk-v2.1\build\components\meshlodgenerator\ogremeshlodgenerator.dir\debug\ogrelodoutsidemarker.obj
c:\hooman\gbc\game3121\course materials\gameenginedevelopment\ogre-sdk-v2.1\build\components\meshlodgenerator\ogremeshlodgenerator.dir\debug\ogrelodcollapsecostoutside.obj
c:\hooman\gbc\game3121\course materials\gameenginedevelopment\ogre-sdk-v2.1\build\components\meshlodgenerator\ogremeshlodgenerator.dir\debug\ogrelodinputprovider.obj
c:\hooman\gbc\game3121\course materials\gameenginedevelopment\ogre-sdk-v2.1\build\components\meshlodgenerator\ogremeshlodgenerator.dir\debug\ogrelodoutputprovidercompressedmesh.obj
c:\hooman\gbc\game3121\course materials\gameenginedevelopment\ogre-sdk-v2.1\build\components\meshlodgenerator\ogremeshlodgenerator.dir\debug\ogrelodcollapsecostcurvature.obj
c:\hooman\gbc\game3121\course materials\gameenginedevelopment\ogre-sdk-v2.1\build\components\meshlodgenerator\ogremeshlodgenerator.dir\debug\ogreloddata.obj
c:\hooman\gbc\game3121\course materials\gameenginedevelopment\ogre-sdk-v2.1\build\components\meshlodgenerator\ogremeshlodgenerator.dir\debug\ogrelodoutputproviderbuffer.obj
c:\hooman\gbc\game3121\course materials\gameenginedevelopment\ogre-sdk-v2.1\build\components\meshlodgenerator\ogremeshlodgenerator.dir\debug\ogresmallvector.obj
c:\hooman\gbc\game3121\course materials\gameenginedevelopment\ogre-sdk-v2.1\build\components\meshlodgenerator\ogremeshlodgenerator.dir\debug\ogrelodbuffer.obj
c:\hooman\gbc\game3121\course materials\gameenginedevelopment\ogre-sdk-v2.1\build\components\meshlodgenerator\ogremeshlodgenerator.dir\debug\ogrelodconfigserializer.obj
c:\hooman\gbc\game3121\course materials\gameenginedevelopment\ogre-sdk-v2.1\build\components\meshlodgenerator\ogremeshlodgenerator.dir\debug\ogrelodoutputprovidercompressedbuffer.obj
c:\hooman\gbc\game3121\course materials\gameenginedevelopment\ogre-sdk-v2.1\build\components\meshlodgenerator\ogremeshlodgenerator.dir\debug\ogremeshlodgenerator.obj
c:\hooman\gbc\game3121\course materials\gameenginedevelopment\ogre-sdk-v2.1\build\components\meshlodgenerator\ogremeshlodgenerator.dir\debug\ogrelodcollapsecostprofiler.obj
c:\hooman\gbc\game3121\course materials\gameenginedevelopment\ogre-sdk-v2.1\build\components\meshlodgenerator\ogremeshlodgenerator.dir\debug\ogrelodoutputprovidermesh.obj
c:\hooman\gbc\game3121\course materials\gameenginedevelopment\ogre-sdk-v2.1\build\components\meshlodgenerator\ogremeshlodgenerator.dir\debug\ogrelodconfig.obj
c:\hooman\gbc\game3121\course materials\gameenginedevelopment\ogre-sdk-v2.1\build\components\meshlodgenerator\ogremeshlodgenerator.dir\debug\ogrelodinputprovidermesh.obj
c:\hooman\gbc\game3121\course materials\gameenginedevelopment\ogre-sdk-v2.1\build\bin\debug\ogremeshlodgenerator_d.ilk
c:\hooman\gbc\game3121\course materials\gameenginedevelopment\ogre-sdk-v2.1\build\bin\debug\ogremeshlodgenerator_d.dll
c:\hooman\gbc\game3121\course materials\gameenginedevelopment\ogre-sdk-v2.1\build\bin\debug\ogremeshlodgenerator_d.pdb
c:\hooman\gbc\game3121\course materials\gameenginedevelopment\ogre-sdk-v2.1\build\lib\debug\ogremeshlodgenerator_d.lib
c:\hooman\gbc\game3121\course materials\gameenginedevelopment\ogre-sdk-v2.1\build\lib\debug\ogremeshlodgenerator_d.exp
c:\hooman\gbc\game3121\course materials\gameenginedevelopment\ogre-sdk-v2.1\build\components\meshlodgenerator\ogremeshlodgenerator.dir\debug\ogremesh.554a409c.tlog\cl.command.1.tlog
c:\hooman\gbc\game3121\course materials\gameenginedevelopment\ogre-sdk-v2.1\build\components\meshlodgenerator\ogremeshlodgenerator.dir\debug\ogremesh.554a409c.tlog\cl.read.1.tlog
c:\hooman\gbc\game3121\course materials\gameenginedevelopment\ogre-sdk-v2.1\build\components\meshlodgenerator\ogremeshlodgenerator.dir\debug\ogremesh.554a409c.tlog\cl.write.1.tlog
c:\hooman\gbc\game3121\course materials\gameenginedevelopment\ogre-sdk-v2.1\build\components\meshlodgenerator\ogremeshlodgenerator.dir\debug\ogremesh.554a409c.tlog\link.command.1.tlog
c:\hooman\gbc\game3121\course materials\gameenginedevelopment\ogre-sdk-v2.1\build\components\meshlodgenerator\ogremeshlodgenerator.dir\debug\ogremesh.554a409c.tlog\link.read.1.tlog
c:\hooman\gbc\game3121\course materials\gameenginedevelopment\ogre-sdk-v2.1\build\components\meshlodgenerator\ogremeshlodgenerator.dir\debug\ogremesh.554a409c.tlog\link.write.1.tlog
c:\hooman\gbc\game3121\course materials\gameenginedevelopment\ogre-sdk-v2.1\build\components\meshlodgenerator\ogremeshlodgenerator.dir\debug\ogremesh.554a409c.tlog\ogremeshlodgenerator.write.1u.tlog
