  OgreMeshLodGenerator_pch.cpp
  OgreLodBuffer.cpp
  OgreLodCollapseCost.cpp
  OgreLodCollapseCostCurvature.cpp
  OgreLodCollapseCostOutside.cpp
  OgreLodCollapseCostProfiler.cpp
  OgreLodCollapseCostQuadric.cpp
  OgreLodCollapser.cpp
  OgreLodConfig.cpp
  OgreLodConfigSerializer.cpp
  OgreLodData.cpp
  OgreLodInputProvider.cpp
  OgreLodInputProviderBuffer.cpp
  OgreLodInputProviderMesh.cpp
C:\Hooman\GBC\GAME3121\Course Materials\GameEngineDevelopment\ogre-sdk-v2.1\Components\MeshLodGenerator\src\OgreLodInputProviderMesh.cpp(98,109): warning C4267: 'argument': conversion from 'size_t' to 'Ogre::ushort', possible loss of data
  OgreLodOutputProviderBuffer.cpp
  OgreLodOutputProviderCompressedBuffer.cpp
  OgreLodOutputProviderCompressedMesh.cpp
  OgreLodOutputProviderMesh.cpp
  OgreLodOutsideMarker.cpp
  OgreLodWorkQueueInjector.cpp
  OgreLodWorkQueueWorker.cpp
  OgreMeshLodGenerator.cpp
  OgreSmallVector.cpp
     Creating library C:/Hooman/GBC/GAME3121/Course Materials/GameEngineDevelopment/ogre-sdk-v2.1/build/lib/Debug/OgreMeshLodGenerator_d.lib and object C:/Hooman/GBC/GAME3121/Course Materials/GameEngineDevelopment/ogre-sdk-v2.1/build/lib/Debug/OgreMeshLodGenerator_d.exp
  OgreMeshLodGenerator.vcxproj -> C:\Hooman\GBC\GAME3121\Course Materials\GameEngineDevelopment\ogre-sdk-v2.1\build\bin\Debug\OgreMeshLodGenerator_d.dll

Project Performance Summary:
        1 ms  C:\Hooman\GBC\GAME3121\Course Materials\GameEngineDevelopment\ogre-sdk-v2.1\build\OgreMain\OgreMain.vcxproj   4 calls
                  0 ms  GetTargetPath                              1 calls
                  0 ms  GetNativeManifest                          1 calls
                  1 ms  GetResolvedLinkLibs                        1 calls
                  0 ms  GetCopyToOutputDirectoryItems              1 calls
    22432 ms  C:\Hooman\GBC\GAME3121\Course Materials\GameEngineDevelopment\ogre-sdk-v2.1\build\Components\MeshLodGenerator\OgreMeshLodGenerator.vcxproj   1 calls
              22432 ms  Rebuild                                    1 calls

Target Performance Summary:
        0 ms  MakeDirsForResourceCompile                 1 calls
        0 ms  PrepareResourceNames                       1 calls
        0 ms  CreateCustomManifestResourceNames          1 calls
        0 ms  AssignTargetPaths                          1 calls
        0 ms  ComputeReferenceLinkInputs                 1 calls
        0 ms  ComputeResolveLinkObj                      1 calls
        0 ms  ComputeLinkInputsFromProject               1 calls
        0 ms  ComputeCLGeneratedLinkInputs               1 calls
        0 ms  ComputeManifestGeneratedLinkerInputs       1 calls
        0 ms  ComputeRCGeneratedLinkInputs               1 calls
        0 ms  ComputeRCOutputs                           1 calls
        0 ms  BeforeLink                                 1 calls
        0 ms  PreLinkEvent                               1 calls
        0 ms  BuildLinkTraverse                          1 calls
        0 ms  _BuildCompileAction                        1 calls
        0 ms  AfterBuildCompileEvent                     1 calls
        0 ms  _ResourceCompile                           1 calls
        0 ms  AfterResourceCompile                       1 calls
        0 ms  AfterRebuild                               1 calls
        0 ms  BeforeResourceCompile                      1 calls
        0 ms  _ClCompile                                 1 calls
        0 ms  AfterClCompile                             1 calls
        0 ms  SelectClCompile                            1 calls
        0 ms  ComputeReferenceCLInput                    1 calls
        0 ms  FindReferenceAssembliesForReferences       1 calls
        0 ms  BuildCompile                               1 calls
        0 ms  AfterLink                                  1 calls
        0 ms  _Link                                      1 calls
        0 ms  _ALink                                     1 calls
        0 ms  Build                                      1 calls
        0 ms  IncrementalClean                           1 calls
        0 ms  AfterBuild                                 1 calls
        0 ms  BuildLink                                  1 calls
        0 ms  _BuildLinkAction                           1 calls
        0 ms  PostBuildEvent                             1 calls
        0 ms  PrepareForRun                              1 calls
        0 ms  CopyFilesToOutputDirectory                 1 calls
        0 ms  _CopySourceItemsToOutputDirectory          1 calls
        0 ms  _GetCopyToOutputDirectoryItemsFromThisProject   1 calls
        0 ms  GetCopyToOutputDirectoryXamlAppDefs        1 calls
        0 ms  _PopulateCommonStateForGetCopyToOutputDirectoryItems   1 calls
        0 ms  _Deploy                                    1 calls
        0 ms  _Appverifier                               1 calls
        0 ms  CreateSatelliteAssemblies                  1 calls
        0 ms  _GenerateSatelliteAssemblyInputs           1 calls
        0 ms  SatelliteDllsProjectOutputGroup            1 calls
        0 ms  BuiltProjectOutputGroup                    1 calls
        0 ms  _BscMake                                   1 calls
        0 ms  MakeDirsForBscMake                         1 calls
        0 ms  ComputeCLCompileGeneratedSbrFiles          1 calls
        0 ms  _XdcMake                                   1 calls
        0 ms  ComputeCLCompileGeneratedXDCFiles          1 calls
        0 ms  ResolvedXDCMake                            1 calls
        0 ms  _Manifest                                  1 calls
        0 ms  ComputeCLInputPDBName                      1 calls
        0 ms  BeforeClCompile                            1 calls
        0 ms  Rebuild                                    1 calls
        0 ms  BuildGenerateSources                       1 calls
        0 ms  BeforeClean                                1 calls
        0 ms  ResolveAssemblyReferences                  1 calls
        0 ms  ExpandSDKReferences                        1 calls
        0 ms  BeforeCppClean                             1 calls
        0 ms  SetCABuildNativeEnvironmentVariables       1 calls
        0 ms  _GetProjectReferenceTargetFrameworkProperties   1 calls
        0 ms  BuildCompileTraverse                       1 calls
        0 ms  GetResolvedWinMD                           1 calls
        0 ms  SetBuildDefaultEnvironmentVariables        1 calls
        0 ms  GetReferenceAssemblyPaths                  1 calls
        0 ms  PrepareProjectReferences                   1 calls
        0 ms  _RemoveNameMetadataFromProjectReferenceItems   1 calls
        0 ms  BeforeResolveReferences                    1 calls
        0 ms  _PrepareForReferenceResolution             1 calls
        0 ms  Clean                                      1 calls
        0 ms  CppClean                                   1 calls
        0 ms  PGInstrumentedClean                        1 calls
        0 ms  CleanReferencedProjects                    1 calls
        0 ms  AfterCppClean                              1 calls
        0 ms  AfterResolveReferences                     1 calls
        0 ms  ResolveReferences                          1 calls
        0 ms  ResolveSDKReferences                       1 calls
        0 ms  AfterClean                                 1 calls
        0 ms  BeforeRebuild                              1 calls
        0 ms  _PrepareForClean                           1 calls
        0 ms  ComputeMIDLGeneratedCompileInputs          1 calls
        0 ms  AfterMidl                                  1 calls
        0 ms  _Midl                                      1 calls
        0 ms  ComputeCustomBuildOutput                   1 calls
        0 ms  CopyFileToFolders                          1 calls
        0 ms  AfterBuildGenerateSources                  1 calls
        0 ms  AfterBuildGenerateSourcesEvent             1 calls
        0 ms  _SelectedFiles                             1 calls
        0 ms  _BuildGenerateSourcesAction                1 calls
        0 ms  PreBuildEvent                              1 calls
        0 ms  BeforeBuildGenerateSources                 1 calls
        0 ms  BuildGenerateSourcesTraverse               1 calls
        0 ms  SelectCustomBuild                          1 calls
        0 ms  _Xsd                                       1 calls
        0 ms  MakeDirsForXdcMake                         1 calls
        1 ms  MakeDirsForMidl                            1 calls
        1 ms  ComputeLegacyManifestEmbedding             1 calls
        1 ms  DoLinkOutputFilesMatch                     1 calls
        1 ms  ComputeManifestInputsTargets               1 calls
        1 ms  ComputeCLOutputs                           1 calls
        1 ms  _CheckForCompileOutputs                    1 calls
        1 ms  _PrepareForBuild                           1 calls
        1 ms  _SplitProjectReferencesByFileExistence     1 calls
        1 ms  MakeDirsForFxc                             1 calls
        1 ms  _CleanGetCurrentAndPriorFileWrites         1 calls
        1 ms  SplitResourcesByCulture                    1 calls
        1 ms  ContentFilesProjectOutputGroup             1 calls
        1 ms  CleanPublishFolder                         1 calls
        1 ms  GetFrameworkPaths                          1 calls
        1 ms  RegisterOutput                             1 calls
        1 ms  _PrepareForRebuild                         1 calls
        1 ms  FixupCLCompileOptions                      1 calls
        1 ms  MakeDirsForLink                            1 calls
        1 ms  _CheckWindowsSDKInstalled                  1 calls
        2 ms  FinalizeBuildStatus                        1 calls
        2 ms  ComputeLinkImportLibraryOutputsForClean    1 calls
        2 ms  ComputeLinkSwitches                        1 calls
        3 ms  AssignProjectConfiguration                 1 calls
        3 ms  InitializeBuildStatus                      1 calls
        4 ms  WarnCompileDuplicatedFilename              1 calls
        4 ms  SetTelemetryEnvironmentVariables           1 calls
        5 ms  CustomBuild                                1 calls
        7 ms  PrepareForBuild                            1 calls
        7 ms  CoreClean                                  1 calls
        9 ms  CoreCppClean                               1 calls
       10 ms  CreateRecipeFile                           1 calls
       13 ms  MakeDirsForCl                              1 calls
       13 ms  ResolvedLinkLib                            1 calls
       22 ms  _CheckForInvalidConfigurationAndPlatform   1 calls
      199 ms  _GetCopyToOutputDirectoryItemsFromTransitiveProjectReferences   1 calls
      199 ms  GetCopyToOutputDirectoryItems              1 calls
      530 ms  ResolveProjectReferences                   1 calls
     1370 ms  Link                                       1 calls
    20207 ms  ClCompile                                  1 calls

Task Performance Summary:
        0 ms  ConvertToAbsolutePath                      1 calls
        0 ms  CreateItem                                 2 calls
        0 ms  ReadLinesFromFile                          3 calls
        0 ms  RemoveDuplicates                           3 calls
        0 ms  AssignTargetPath                           7 calls
        1 ms  FindUnderPath                              7 calls
        1 ms  CheckVCToolsetVersion                      1 calls
        1 ms  ResolveNonMSBuildProjectOutput             1 calls
        1 ms  AssignCulture                              1 calls
        1 ms  SetEnv                                     8 calls
        2 ms  Message                                    3 calls
        2 ms  Touch                                      2 calls
        3 ms  AssignProjectConfiguration                 1 calls
        4 ms  Delete                                     6 calls
        4 ms  WriteLinesToFile                           4 calls
        5 ms  GetOutOfDateItems                          3 calls
        7 ms  CppClean                                   1 calls
       10 ms  GenerateDesktopDeployRecipe                1 calls
       13 ms  MakeDir                                   12 calls
      199 ms  CallTarget                                 2 calls
      727 ms  MSBuild                                    4 calls
     1366 ms  Link                                       1 calls
    20205 ms  CL                                         2 calls
