  OgreBorderPanelOverlayElement.cpp
  OgreFont.cpp
  OgreFontManager.cpp
  OgreImGuiOverlay.cpp
  OgreOverlay.cpp
  OgreOverlayContainer.cpp
  OgreOverlayElement.cpp
  OgreOverlayElementCommands.cpp
C:\Hooman\GBC\GAME3121\ogre\OgreMain\include\OgreRenderSystem.h(962,1): warning C4267: 'argument': conversion from 'size_t' to 'const T', possible loss of data
          with
          [
              T=long
          ] (compiling source file C:\Hooman\GBC\GAME3121\ogre\Components\Overlay\src\OgreOverlay.cpp)
  OgreOverlayElementFactory.cpp
C:\Hooman\GBC\GAME3121\ogre\OgreMain\include\OgreRenderSystem.h(962,1): warning C4267: 'argument': conversion from 'size_t' to 'const T', possible loss of data
          with
          [
              T=long
          ] (compiling source file C:\Hooman\GBC\GAME3121\ogre\Components\Overlay\src\OgreBorderPanelOverlayElement.cpp)
C:\Hooman\GBC\GAME3121\ogre\OgreMain\include\OgreRenderSystem.h(962,1): warning C4267: 'argument': conversion from 'size_t' to 'const T', possible loss of data
          with
          [
              T=long
          ] (compiling source file C:\Hooman\GBC\GAME3121\ogre\Components\Overlay\src\OgreOverlayContainer.cpp)
C:\Hooman\GBC\GAME3121\ogre\OgreMain\include\OgreRenderSystem.h(962,1): warning C4267: 'argument': conversion from 'size_t' to 'const T', possible loss of data
          with
          [
              T=long
          ] (compiling source file C:\Hooman\GBC\GAME3121\ogre\Components\Overlay\src\OgreImGuiOverlay.cpp)
  OgreOverlayManager.cpp
C:\Hooman\GBC\GAME3121\ogre\OgreMain\include\OgreRenderSystem.h(962,1): warning C4267: 'argument': conversion from 'size_t' to 'const T', possible loss of data
          with
          [
              T=long
          ] (compiling source file C:\Hooman\GBC\GAME3121\ogre\Components\Overlay\src\OgreOverlayElement.cpp)
  OgreOverlayProfileSessionListener.cpp
C:\Hooman\GBC\GAME3121\ogre\Components\Overlay\src\OgreImGuiOverlay.cpp(56,70): warning C4244: 'argument': conversion from 'Ogre::ulong' to 'Ogre::ushort', possible loss of data
C:\Hooman\GBC\GAME3121\ogre\Components\Overlay\src\OgreImGuiOverlay.cpp(109,53): warning C4267: 'argument': conversion from 'size_t' to 'int', possible loss of data
C:\Hooman\GBC\GAME3121\ogre\Components\Overlay\src\OgreImGuiOverlay.cpp(107,5): warning C4996: 'strncpy': This function or variable may be unsafe. Consider using strncpy_s instead. To disable deprecation, use _CRT_SECURE_NO_WARNINGS. See online help for details.
C:\Hooman\GBC\GAME3121\ogre\Components\Overlay\src\OgreImGuiOverlay.cpp(148,76): warning C4244: 'argument': conversion from 'int' to 'float', possible loss of data
C:\Hooman\GBC\GAME3121\ogre\Components\Overlay\src\OgreImGuiOverlay.cpp(148,50): warning C4244: 'argument': conversion from 'int' to 'float', possible loss of data
C:\Hooman\GBC\GAME3121\ogre\Components\Overlay\src\OgreImGuiOverlay.cpp(208,44): warning C4244: 'argument': conversion from 'const float' to 'const T', possible loss of data
          with
          [
              T=long
          ]
C:\Hooman\GBC\GAME3121\ogre\Components\Overlay\src\OgreImGuiOverlay.cpp(207,85): warning C4244: 'argument': conversion from 'const float' to 'const T', possible loss of data
          with
          [
              T=long
          ]
C:\Hooman\GBC\GAME3121\ogre\Components\Overlay\src\OgreImGuiOverlay.cpp(207,64): warning C4244: 'argument': conversion from 'const float' to 'const T', possible loss of data
          with
          [
              T=long
          ]
C:\Hooman\GBC\GAME3121\ogre\Components\Overlay\src\OgreImGuiOverlay.cpp(207,43): warning C4244: 'argument': conversion from 'const float' to 'const T', possible loss of data
          with
          [
              T=long
          ]
  OgreOverlaySystem.cpp
  OgreOverlayTranslator.cpp
  OgrePanelOverlayElement.cpp
  OgreTextAreaOverlayElement.cpp
  OgreUTFString.cpp
C:\Hooman\GBC\GAME3121\ogre\OgreMain\include\OgreRenderSystem.h(962,1): warning C4267: 'argument': conversion from 'size_t' to 'const T', possible loss of data
          with
          [
              T=long
          ] (compiling source file C:\Hooman\GBC\GAME3121\ogre\Components\Overlay\src\OgreOverlayManager.cpp)
C:\Hooman\GBC\GAME3121\ogre\OgreMain\include\OgreRenderSystem.h(962,1): warning C4267: 'argument': conversion from 'size_t' to 'const T', possible loss of data
          with
          [
              T=long
          ] (compiling source file C:\Hooman\GBC\GAME3121\ogre\Components\Overlay\src\OgreOverlayTranslator.cpp)
  imgui.cpp
C:\Hooman\GBC\GAME3121\ogre\OgreMain\include\OgreRenderSystem.h(962,1): warning C4267: 'argument': conversion from 'size_t' to 'const T', possible loss of data
          with
          [
              T=long
          ] (compiling source file C:\Hooman\GBC\GAME3121\ogre\Components\Overlay\src\OgreOverlaySystem.cpp)
C:\Hooman\GBC\GAME3121\ogre\OgreMain\include\OgreRenderSystem.h(962,1): warning C4267: 'argument': conversion from 'size_t' to 'const T', possible loss of data
          with
          [
              T=long
          ] (compiling source file C:\Hooman\GBC\GAME3121\ogre\Components\Overlay\src\OgreOverlayProfileSessionListener.cpp)
  imgui_draw.cpp
C:\Hooman\GBC\GAME3121\ogre\OgreMain\include\OgreRenderSystem.h(962,1): warning C4267: 'argument': conversion from 'size_t' to 'const T', possible loss of data
          with
          [
              T=long
          ] (compiling source file C:\Hooman\GBC\GAME3121\ogre\Components\Overlay\src\OgrePanelOverlayElement.cpp)
  imgui_widgets.cpp
  imgui_demo.cpp
  imgui_freetype.cpp
C:\Hooman\GBC\GAME3121\ogre\OgreMain\include\OgreRenderSystem.h(962,1): warning C4267: 'argument': conversion from 'size_t' to 'const T', possible loss of data
          with
          [
              T=long
          ] (compiling source file C:\Hooman\GBC\GAME3121\ogre\Components\Overlay\src\OgreTextAreaOverlayElement.cpp)
     Creating library C:/Hooman/GBC/GAME3121/ogre/build/lib/Debug/OgreOverlay_d.lib and object C:/Hooman/GBC/GAME3121/ogre/build/lib/Debug/OgreOverlay_d.exp
LINK : warning LNK4098: defaultlib 'MSVCRT' conflicts with use of other libs; use /NODEFAULTLIB:library
  OgreOverlay.vcxproj -> C:\Hooman\GBC\GAME3121\ogre\build\bin\Debug\OgreOverlay_d.dll
