  Source.cpp
C:\Hooman\GBC\GAME3121\Course Materials\GameEngineDevelopment\OrgreTemplateV2\OrgreTemplateV2\Source.cpp(8,10): fatal error C1083: Cannot open include file: 'Ogre.h': No such file or directory
  week1-1-Template.cpp
C:\Hooman\GBC\GAME3121\Course Materials\GameEngineDevelopment\OrgreTemplateV2\OrgreTemplateV2\week1-1-Template.cpp(7,10): fatal error C1083: Cannot open include file: 'Ogre.h': No such file or directory
  Generating Code...

Project Performance Summary:
      245 ms  C:\Hooman\GBC\GAME3121\Course Materials\GameEngineDevelopment\OrgreTemplateV2\OrgreTemplateV2\OrgreTemplateV2.vcxproj   1 calls
                245 ms  Rebuild                                    1 calls

Target Performance Summary:
        0 ms  ResolveSDKReferences                       1 calls
        0 ms  ComputeCLInputPDBName                      1 calls
        0 ms  SetCABuildNativeEnvironmentVariables       1 calls
        0 ms  BeforeClCompile                            1 calls
        0 ms  SelectClCompile                            1 calls
        0 ms  ExpandSDKReferences                        1 calls
        0 ms  ResolveAssemblyReferences                  1 calls
        0 ms  AfterResolveReferences                     1 calls
        0 ms  ResolveReferences                          1 calls
        0 ms  BuildCompileTraverse                       1 calls
        0 ms  BuildGenerateSourcesTraverse               1 calls
        0 ms  GetResolvedWinMD                           1 calls
        0 ms  BeforeBuildGenerateSources                 1 calls
        0 ms  _SelectedFiles                             1 calls
        0 ms  SelectCustomBuild                          1 calls
        0 ms  ComputeCustomBuildOutput                   1 calls
        0 ms  _BuildGenerateSourcesAction                1 calls
        0 ms  CopyFileToFolders                          1 calls
        0 ms  _Xsd                                       1 calls
        0 ms  MakeDirsForMidl                            1 calls
        0 ms  ComputeMIDLGeneratedCompileInputs          1 calls
        0 ms  AfterMidl                                  1 calls
        0 ms  _Midl                                      1 calls
        0 ms  PreBuildEvent                              1 calls
        0 ms  SetBuildDefaultEnvironmentVariables        1 calls
        0 ms  GetReferenceAssemblyPaths                  1 calls
        0 ms  GetFrameworkPaths                          1 calls
        0 ms  SetTelemetryEnvironmentVariables           1 calls
        0 ms  _PrepareForRebuild                         1 calls
        0 ms  BeforeRebuild                              1 calls
        0 ms  MakeDirsForCl                              1 calls
        0 ms  BeforeClean                                1 calls
        0 ms  FixupCLCompileOptions                      1 calls
        0 ms  AssignProjectConfiguration                 1 calls
        0 ms  _SplitProjectReferencesByFileExistence     1 calls
        0 ms  WarnCompileDuplicatedFilename              1 calls
        0 ms  PrepareProjectReferences                   1 calls
        0 ms  CleanReferencedProjects                    1 calls
        0 ms  CleanPublishFolder                         1 calls
        0 ms  AfterClean                                 1 calls
        0 ms  BeforeCppClean                             1 calls
        0 ms  FindReferenceAssembliesForReferences       1 calls
        0 ms  AfterCppClean                              1 calls
        0 ms  PGInstrumentedClean                        1 calls
        0 ms  CppClean                                   1 calls
        0 ms  Clean                                      1 calls
        0 ms  _PrepareForBuild                           1 calls
        0 ms  _PrepareForReferenceResolution             1 calls
        0 ms  BeforeResolveReferences                    1 calls
        0 ms  ResolveProjectReferences                   1 calls
        0 ms  AfterBuildGenerateSources                  1 calls
        0 ms  AfterBuildGenerateSourcesEvent             1 calls
        1 ms  _CheckForInvalidConfigurationAndPlatform   1 calls
        1 ms  _GetProjectReferenceTargetFrameworkProperties   1 calls
        1 ms  BuildGenerateSources                       1 calls
        1 ms  _PrepareForClean                           1 calls
        1 ms  InitializeBuildStatus                      1 calls
        1 ms  CustomBuild                                1 calls
        1 ms  _CheckWindowsSDKInstalled                  1 calls
        2 ms  CoreClean                                  1 calls
        3 ms  ComputeReferenceCLInput                    1 calls
        4 ms  PrepareForBuild                            1 calls
        7 ms  CoreCppClean                               1 calls
      220 ms  ClCompile                                  1 calls

Task Performance Summary:
        0 ms  Message                                    2 calls
        0 ms  SetEnv                                     8 calls
        0 ms  ReadLinesFromFile                          2 calls
        0 ms  RemoveDuplicates                           1 calls
        0 ms  MakeDir                                    7 calls
        0 ms  AssignProjectConfiguration                 1 calls
        0 ms  CheckVCToolsetVersion                      1 calls
        1 ms  WriteLinesToFile                           3 calls
        1 ms  MSBuild                                    1 calls
        1 ms  Delete                                     5 calls
        1 ms  FindUnderPath                              2 calls
        1 ms  Touch                                      1 calls
        1 ms  GetOutOfDateItems                          3 calls
        7 ms  CppClean                                   1 calls
      219 ms  CL                                         1 calls
