  OgreAreaEmitter.cpp
  OgreBoxEmitter.cpp
  OgreColourFaderAffector.cpp
  OgreColourFaderAffector2.cpp
  OgreColourImageAffector.cpp
  OgreColourInterpolatorAffector.cpp
  OgreCylinderEmitter.cpp
  OgreDeflectorPlaneAffector.cpp
  OgreDirectionRandomiserAffector.cpp
  OgreEllipsoidEmitter.cpp
  OgreHollowEllipsoidEmitter.cpp
  OgreLinearForceAffector.cpp
  OgreParticleFX.cpp
  OgreParticleFXPlugin.cpp
  OgrePointEmitter.cpp
  OgreRingEmitter.cpp
  OgreRotationAffector.cpp
  OgreScaleAffector.cpp
C:\Hooman\GBC\GAME3121\ogre\OgreMain\include\OgreRenderSystem.h(962,1): warning C4267: 'argument': conversion from 'size_t' to 'const T', possible loss of data
          with
          [
              T=long
          ] (compiling source file C:\Hooman\GBC\GAME3121\ogre\PlugIns\ParticleFX\src\OgreParticleFXPlugin.cpp)
C:\Hooman\GBC\GAME3121\ogre\OgreMain\include\OgreRenderSystem.h(962,1): warning C4267: 'argument': conversion from 'size_t' to 'const T', possible loss of data
          with
          [
              T=long
          ] (compiling source file C:\Hooman\GBC\GAME3121\ogre\PlugIns\ParticleFX\src\OgreParticleFX.cpp)
     Creating library C:/Hooman/GBC/GAME3121/ogre/build/lib/Debug/Plugin_ParticleFX_d.lib and object C:/Hooman/GBC/GAME3121/ogre/build/lib/Debug/Plugin_ParticleFX_d.exp
  Plugin_ParticleFX.vcxproj -> C:\Hooman\GBC\GAME3121\ogre\build\bin\Debug\Plugin_ParticleFX_d.dll
