c:\hooman\gbc\game3121\ogre\build\rendersystems\glsupport\ogreglsupport.dir\release\ogreglslprogrammanagercommon.obj
c:\hooman\gbc\game3121\ogre\build\rendersystems\glsupport\ogreglsupport.dir\release\ogreglslpreprocessor.obj
c:\hooman\gbc\game3121\ogre\build\rendersystems\glsupport\ogreglsupport.dir\release\ogreglrendersystemcommon.obj
c:\hooman\gbc\game3121\ogre\build\rendersystems\glsupport\ogreglsupport.dir\release\ogrewin32window.obj
c:\hooman\gbc\game3121\ogre\build\rendersystems\glsupport\ogreglsupport.dir\release\ogreglslprogramcommon.obj
c:\hooman\gbc\game3121\ogre\build\rendersystems\glsupport\ogreglsupport.dir\release\ogregltexturecommon.obj
c:\hooman\gbc\game3121\ogre\build\rendersystems\glsupport\ogreglsupport.dir\release\ogreglrendertexture.obj
c:\hooman\gbc\game3121\ogre\build\rendersystems\glsupport\ogreglsupport.dir\release\ogrewin32context.obj
c:\hooman\gbc\game3121\ogre\build\rendersystems\glsupport\ogreglsupport.dir\release\ogregldepthbuffercommon.obj
c:\hooman\gbc\game3121\ogre\build\rendersystems\glsupport\ogreglsupport.dir\release\ogregluniformcache.obj
c:\hooman\gbc\game3121\ogre\build\rendersystems\glsupport\ogreglsupport.dir\release\ogrewin32glsupport.obj
c:\hooman\gbc\game3121\ogre\build\rendersystems\glsupport\ogreglsupport.dir\release\ogrewin32rendertexture.obj
c:\hooman\gbc\game3121\ogre\build\rendersystems\glsupport\ogreglsupport.dir\release\ogreglhardwarepixelbuffercommon.obj
c:\hooman\gbc\game3121\ogre\build\rendersystems\glsupport\ogreglsupport.dir\release\ogreglwindow.obj
c:\hooman\gbc\game3121\ogre\build\rendersystems\glsupport\ogreglsupport.dir\release\ogreglslshadercommon.obj
c:\hooman\gbc\game3121\ogre\build\rendersystems\glsupport\ogreglsupport.dir\release\ogreglvertexarrayobject.obj
c:\hooman\gbc\game3121\ogre\build\lib\release\ogreglsupport.lib
c:\hooman\gbc\game3121\ogre\build\rendersystems\glsupport\ogreglsupport.dir\release\ogreglsupport.tlog\cl.11284.write.1.tlog
c:\hooman\gbc\game3121\ogre\build\rendersystems\glsupport\ogreglsupport.dir\release\ogreglsupport.tlog\cl.command.1.tlog
c:\hooman\gbc\game3121\ogre\build\rendersystems\glsupport\ogreglsupport.dir\release\ogreglsupport.tlog\cl.read.1.tlog
c:\hooman\gbc\game3121\ogre\build\rendersystems\glsupport\ogreglsupport.dir\release\ogreglsupport.tlog\lib-link.read.1.tlog
c:\hooman\gbc\game3121\ogre\build\rendersystems\glsupport\ogreglsupport.dir\release\ogreglsupport.tlog\lib-link.write.1.tlog
c:\hooman\gbc\game3121\ogre\build\rendersystems\glsupport\ogreglsupport.dir\release\ogreglsupport.tlog\lib.command.1.tlog
