  AssimpLoader.cpp
C:\Hooman\GBC\GAME3121\ogre\OgreMain\include\OgreRenderSystem.h(962,1): warning C4267: 'argument': conversion from 'size_t' to 'const T', possible loss of data
          with
          [
              T=long
          ]
assimp-vc142-mt.lib(Version.obj) : error LNK2038: mismatch detected for '_ITERATOR_DEBUG_LEVEL': value '0' doesn't match value '2' in AssimpLoader.obj
assimp-vc142-mt.lib(Version.obj) : error LNK2038: mismatch detected for 'RuntimeLibrary': value 'MD_DynamicRelease' doesn't match value 'MDd_DynamicDebug' in AssimpLoader.obj
assimp-vc142-mt.lib(Importer.obj) : error LNK2038: mismatch detected for '_ITERATOR_DEBUG_LEVEL': value '0' doesn't match value '2' in AssimpLoader.obj
assimp-vc142-mt.lib(Importer.obj) : error LNK2038: mismatch detected for 'RuntimeLibrary': value 'MD_DynamicRelease' doesn't match value 'MDd_DynamicDebug' in AssimpLoader.obj
assimp-vc142-mt.lib(MaterialSystem.obj) : error LNK2038: mismatch detected for '_ITERATOR_DEBUG_LEVEL': value '0' doesn't match value '2' in AssimpLoader.obj
assimp-vc142-mt.lib(MaterialSystem.obj) : error LNK2038: mismatch detected for 'RuntimeLibrary': value 'MD_DynamicRelease' doesn't match value 'MDd_DynamicDebug' in AssimpLoader.obj
assimp-vc142-mt.lib(scene.obj) : error LNK2038: mismatch detected for '_ITERATOR_DEBUG_LEVEL': value '0' doesn't match value '2' in AssimpLoader.obj
assimp-vc142-mt.lib(scene.obj) : error LNK2038: mismatch detected for 'RuntimeLibrary': value 'MD_DynamicRelease' doesn't match value 'MDd_DynamicDebug' in AssimpLoader.obj
assimp-vc142-mt.lib(DefaultLogger.obj) : error LNK2038: mismatch detected for '_ITERATOR_DEBUG_LEVEL': value '0' doesn't match value '2' in AssimpLoader.obj
assimp-vc142-mt.lib(DefaultLogger.obj) : error LNK2038: mismatch detected for 'RuntimeLibrary': value 'MD_DynamicRelease' doesn't match value 'MDd_DynamicDebug' in AssimpLoader.obj
assimp-vc142-mt.lib(DefaultIOSystem.obj) : error LNK2038: mismatch detected for '_ITERATOR_DEBUG_LEVEL': value '0' doesn't match value '2' in AssimpLoader.obj
assimp-vc142-mt.lib(DefaultIOSystem.obj) : error LNK2038: mismatch detected for 'RuntimeLibrary': value 'MD_DynamicRelease' doesn't match value 'MDd_DynamicDebug' in AssimpLoader.obj
assimp-vc142-mt.lib(BaseProcess.obj) : error LNK2038: mismatch detected for '_ITERATOR_DEBUG_LEVEL': value '0' doesn't match value '2' in AssimpLoader.obj
assimp-vc142-mt.lib(BaseProcess.obj) : error LNK2038: mismatch detected for 'RuntimeLibrary': value 'MD_DynamicRelease' doesn't match value 'MDd_DynamicDebug' in AssimpLoader.obj
assimp-vc142-mt.lib(ScenePreprocessor.obj) : error LNK2038: mismatch detected for '_ITERATOR_DEBUG_LEVEL': value '0' doesn't match value '2' in AssimpLoader.obj
assimp-vc142-mt.lib(ScenePreprocessor.obj) : error LNK2038: mismatch detected for 'RuntimeLibrary': value 'MD_DynamicRelease' doesn't match value 'MDd_DynamicDebug' in AssimpLoader.obj
assimp-vc142-mt.lib(DefaultIOStream.obj) : error LNK2038: mismatch detected for '_ITERATOR_DEBUG_LEVEL': value '0' doesn't match value '2' in AssimpLoader.obj
assimp-vc142-mt.lib(DefaultIOStream.obj) : error LNK2038: mismatch detected for 'RuntimeLibrary': value 'MD_DynamicRelease' doesn't match value 'MDd_DynamicDebug' in AssimpLoader.obj
assimp-vc142-mt.lib(BaseImporter.obj) : error LNK2038: mismatch detected for '_ITERATOR_DEBUG_LEVEL': value '0' doesn't match value '2' in AssimpLoader.obj
assimp-vc142-mt.lib(BaseImporter.obj) : error LNK2038: mismatch detected for 'RuntimeLibrary': value 'MD_DynamicRelease' doesn't match value 'MDd_DynamicDebug' in AssimpLoader.obj
assimp-vc142-mt.lib(ValidateDataStructure.obj) : error LNK2038: mismatch detected for '_ITERATOR_DEBUG_LEVEL': value '0' doesn't match value '2' in AssimpLoader.obj
assimp-vc142-mt.lib(ValidateDataStructure.obj) : error LNK2038: mismatch detected for 'RuntimeLibrary': value 'MD_DynamicRelease' doesn't match value 'MDd_DynamicDebug' in AssimpLoader.obj
assimp-vc142-mt.lib(ImporterRegistry.obj) : error LNK2038: mismatch detected for '_ITERATOR_DEBUG_LEVEL': value '0' doesn't match value '2' in AssimpLoader.obj
assimp-vc142-mt.lib(ImporterRegistry.obj) : error LNK2038: mismatch detected for 'RuntimeLibrary': value 'MD_DynamicRelease' doesn't match value 'MDd_DynamicDebug' in AssimpLoader.obj
assimp-vc142-mt.lib(PostStepRegistry.obj) : error LNK2038: mismatch detected for '_ITERATOR_DEBUG_LEVEL': value '0' doesn't match value '2' in AssimpLoader.obj
assimp-vc142-mt.lib(PostStepRegistry.obj) : error LNK2038: mismatch detected for 'RuntimeLibrary': value 'MD_DynamicRelease' doesn't match value 'MDd_DynamicDebug' in AssimpLoader.obj
assimp-vc142-mt.lib(ProcessHelper.obj) : error LNK2038: mismatch detected for '_ITERATOR_DEBUG_LEVEL': value '0' doesn't match value '2' in AssimpLoader.obj
assimp-vc142-mt.lib(ProcessHelper.obj) : error LNK2038: mismatch detected for 'RuntimeLibrary': value 'MD_DynamicRelease' doesn't match value 'MDd_DynamicDebug' in AssimpLoader.obj
assimp-vc142-mt.lib(XFileImporter.obj) : error LNK2038: mismatch detected for '_ITERATOR_DEBUG_LEVEL': value '0' doesn't match value '2' in AssimpLoader.obj
assimp-vc142-mt.lib(XFileImporter.obj) : error LNK2038: mismatch detected for 'RuntimeLibrary': value 'MD_DynamicRelease' doesn't match value 'MDd_DynamicDebug' in AssimpLoader.obj
assimp-vc142-mt.lib(AMFImporter.obj) : error LNK2038: mismatch detected for '_ITERATOR_DEBUG_LEVEL': value '0' doesn't match value '2' in AssimpLoader.obj
assimp-vc142-mt.lib(AMFImporter.obj) : error LNK2038: mismatch detected for 'RuntimeLibrary': value 'MD_DynamicRelease' doesn't match value 'MDd_DynamicDebug' in AssimpLoader.obj
assimp-vc142-mt.lib(3DSLoader.obj) : error LNK2038: mismatch detected for '_ITERATOR_DEBUG_LEVEL': value '0' doesn't match value '2' in AssimpLoader.obj
assimp-vc142-mt.lib(3DSLoader.obj) : error LNK2038: mismatch detected for 'RuntimeLibrary': value 'MD_DynamicRelease' doesn't match value 'MDd_DynamicDebug' in AssimpLoader.obj
assimp-vc142-mt.lib(MD3Loader.obj) : error LNK2038: mismatch detected for '_ITERATOR_DEBUG_LEVEL': value '0' doesn't match value '2' in AssimpLoader.obj
assimp-vc142-mt.lib(MD3Loader.obj) : error LNK2038: mismatch detected for 'RuntimeLibrary': value 'MD_DynamicRelease' doesn't match value 'MDd_DynamicDebug' in AssimpLoader.obj
assimp-vc142-mt.lib(MDLLoader.obj) : error LNK2038: mismatch detected for '_ITERATOR_DEBUG_LEVEL': value '0' doesn't match value '2' in AssimpLoader.obj
assimp-vc142-mt.lib(MDLLoader.obj) : error LNK2038: mismatch detected for 'RuntimeLibrary': value 'MD_DynamicRelease' doesn't match value 'MDd_DynamicDebug' in AssimpLoader.obj
assimp-vc142-mt.lib(MD2Loader.obj) : error LNK2038: mismatch detected for '_ITERATOR_DEBUG_LEVEL': value '0' doesn't match value '2' in AssimpLoader.obj
assimp-vc142-mt.lib(MD2Loader.obj) : error LNK2038: mismatch detected for 'RuntimeLibrary': value 'MD_DynamicRelease' doesn't match value 'MDd_DynamicDebug' in AssimpLoader.obj
assimp-vc142-mt.lib(PlyLoader.obj) : error LNK2038: mismatch detected for '_ITERATOR_DEBUG_LEVEL': value '0' doesn't match value '2' in AssimpLoader.obj
assimp-vc142-mt.lib(PlyLoader.obj) : error LNK2038: mismatch detected for 'RuntimeLibrary': value 'MD_DynamicRelease' doesn't match value 'MDd_DynamicDebug' in AssimpLoader.obj
assimp-vc142-mt.lib(ASELoader.obj) : error LNK2038: mismatch detected for '_ITERATOR_DEBUG_LEVEL': value '0' doesn't match value '2' in AssimpLoader.obj
assimp-vc142-mt.lib(ASELoader.obj) : error LNK2038: mismatch detected for 'RuntimeLibrary': value 'MD_DynamicRelease' doesn't match value 'MDd_DynamicDebug' in AssimpLoader.obj
assimp-vc142-mt.lib(ObjFileImporter.obj) : error LNK2038: mismatch detected for '_ITERATOR_DEBUG_LEVEL': value '0' doesn't match value '2' in AssimpLoader.obj
assimp-vc142-mt.lib(ObjFileImporter.obj) : error LNK2038: mismatch detected for 'RuntimeLibrary': value 'MD_DynamicRelease' doesn't match value 'MDd_DynamicDebug' in AssimpLoader.obj
assimp-vc142-mt.lib(HMPLoader.obj) : error LNK2038: mismatch detected for '_ITERATOR_DEBUG_LEVEL': value '0' doesn't match value '2' in AssimpLoader.obj
assimp-vc142-mt.lib(HMPLoader.obj) : error LNK2038: mismatch detected for 'RuntimeLibrary': value 'MD_DynamicRelease' doesn't match value 'MDd_DynamicDebug' in AssimpLoader.obj
assimp-vc142-mt.lib(SMDLoader.obj) : error LNK2038: mismatch detected for '_ITERATOR_DEBUG_LEVEL': value '0' doesn't match value '2' in AssimpLoader.obj
assimp-vc142-mt.lib(SMDLoader.obj) : error LNK2038: mismatch detected for 'RuntimeLibrary': value 'MD_DynamicRelease' doesn't match value 'MDd_DynamicDebug' in AssimpLoader.obj
assimp-vc142-mt.lib(MDCLoader.obj) : error LNK2038: mismatch detected for '_ITERATOR_DEBUG_LEVEL': value '0' doesn't match value '2' in AssimpLoader.obj
assimp-vc142-mt.lib(MDCLoader.obj) : error LNK2038: mismatch detected for 'RuntimeLibrary': value 'MD_DynamicRelease' doesn't match value 'MDd_DynamicDebug' in AssimpLoader.obj
assimp-vc142-mt.lib(MD5Loader.obj) : error LNK2038: mismatch detected for '_ITERATOR_DEBUG_LEVEL': value '0' doesn't match value '2' in AssimpLoader.obj
assimp-vc142-mt.lib(MD5Loader.obj) : error LNK2038: mismatch detected for 'RuntimeLibrary': value 'MD_DynamicRelease' doesn't match value 'MDd_DynamicDebug' in AssimpLoader.obj
assimp-vc142-mt.lib(STLLoader.obj) : error LNK2038: mismatch detected for '_ITERATOR_DEBUG_LEVEL': value '0' doesn't match value '2' in AssimpLoader.obj
assimp-vc142-mt.lib(STLLoader.obj) : error LNK2038: mismatch detected for 'RuntimeLibrary': value 'MD_DynamicRelease' doesn't match value 'MDd_DynamicDebug' in AssimpLoader.obj
assimp-vc142-mt.lib(LWOLoader.obj) : error LNK2038: mismatch detected for '_ITERATOR_DEBUG_LEVEL': value '0' doesn't match value '2' in AssimpLoader.obj
assimp-vc142-mt.lib(LWOLoader.obj) : error LNK2038: mismatch detected for 'RuntimeLibrary': value 'MD_DynamicRelease' doesn't match value 'MDd_DynamicDebug' in AssimpLoader.obj
assimp-vc142-mt.lib(DXFLoader.obj) : error LNK2038: mismatch detected for '_ITERATOR_DEBUG_LEVEL': value '0' doesn't match value '2' in AssimpLoader.obj
assimp-vc142-mt.lib(DXFLoader.obj) : error LNK2038: mismatch detected for 'RuntimeLibrary': value 'MD_DynamicRelease' doesn't match value 'MDd_DynamicDebug' in AssimpLoader.obj
assimp-vc142-mt.lib(NFFLoader.obj) : error LNK2038: mismatch detected for '_ITERATOR_DEBUG_LEVEL': value '0' doesn't match value '2' in AssimpLoader.obj
assimp-vc142-mt.lib(NFFLoader.obj) : error LNK2038: mismatch detected for 'RuntimeLibrary': value 'MD_DynamicRelease' doesn't match value 'MDd_DynamicDebug' in AssimpLoader.obj
assimp-vc142-mt.lib(RawLoader.obj) : error LNK2038: mismatch detected for '_ITERATOR_DEBUG_LEVEL': value '0' doesn't match value '2' in AssimpLoader.obj
assimp-vc142-mt.lib(RawLoader.obj) : error LNK2038: mismatch detected for 'RuntimeLibrary': value 'MD_DynamicRelease' doesn't match value 'MDd_DynamicDebug' in AssimpLoader.obj
assimp-vc142-mt.lib(SIBImporter.obj) : error LNK2038: mismatch detected for '_ITERATOR_DEBUG_LEVEL': value '0' doesn't match value '2' in AssimpLoader.obj
assimp-vc142-mt.lib(SIBImporter.obj) : error LNK2038: mismatch detected for 'RuntimeLibrary': value 'MD_DynamicRelease' doesn't match value 'MDd_DynamicDebug' in AssimpLoader.obj
assimp-vc142-mt.lib(OFFLoader.obj) : error LNK2038: mismatch detected for '_ITERATOR_DEBUG_LEVEL': value '0' doesn't match value '2' in AssimpLoader.obj
assimp-vc142-mt.lib(OFFLoader.obj) : error LNK2038: mismatch detected for 'RuntimeLibrary': value 'MD_DynamicRelease' doesn't match value 'MDd_DynamicDebug' in AssimpLoader.obj
assimp-vc142-mt.lib(ACLoader.obj) : error LNK2038: mismatch detected for '_ITERATOR_DEBUG_LEVEL': value '0' doesn't match value '2' in AssimpLoader.obj
assimp-vc142-mt.lib(ACLoader.obj) : error LNK2038: mismatch detected for 'RuntimeLibrary': value 'MD_DynamicRelease' doesn't match value 'MDd_DynamicDebug' in AssimpLoader.obj
assimp-vc142-mt.lib(BVHLoader.obj) : error LNK2038: mismatch detected for '_ITERATOR_DEBUG_LEVEL': value '0' doesn't match value '2' in AssimpLoader.obj
assimp-vc142-mt.lib(BVHLoader.obj) : error LNK2038: mismatch detected for 'RuntimeLibrary': value 'MD_DynamicRelease' doesn't match value 'MDd_DynamicDebug' in AssimpLoader.obj
assimp-vc142-mt.lib(IRRMeshLoader.obj) : error LNK2038: mismatch detected for '_ITERATOR_DEBUG_LEVEL': value '0' doesn't match value '2' in AssimpLoader.obj
assimp-vc142-mt.lib(IRRMeshLoader.obj) : error LNK2038: mismatch detected for 'RuntimeLibrary': value 'MD_DynamicRelease' doesn't match value 'MDd_DynamicDebug' in AssimpLoader.obj
assimp-vc142-mt.lib(IRRLoader.obj) : error LNK2038: mismatch detected for '_ITERATOR_DEBUG_LEVEL': value '0' doesn't match value '2' in AssimpLoader.obj
assimp-vc142-mt.lib(IRRLoader.obj) : error LNK2038: mismatch detected for 'RuntimeLibrary': value 'MD_DynamicRelease' doesn't match value 'MDd_DynamicDebug' in AssimpLoader.obj
assimp-vc142-mt.lib(Q3DLoader.obj) : error LNK2038: mismatch detected for '_ITERATOR_DEBUG_LEVEL': value '0' doesn't match value '2' in AssimpLoader.obj
assimp-vc142-mt.lib(Q3DLoader.obj) : error LNK2038: mismatch detected for 'RuntimeLibrary': value 'MD_DynamicRelease' doesn't match value 'MDd_DynamicDebug' in AssimpLoader.obj
assimp-vc142-mt.lib(B3DImporter.obj) : error LNK2038: mismatch detected for '_ITERATOR_DEBUG_LEVEL': value '0' doesn't match value '2' in AssimpLoader.obj
assimp-vc142-mt.lib(B3DImporter.obj) : error LNK2038: mismatch detected for 'RuntimeLibrary': value 'MD_DynamicRelease' doesn't match value 'MDd_DynamicDebug' in AssimpLoader.obj
assimp-vc142-mt.lib(ColladaLoader.obj) : error LNK2038: mismatch detected for '_ITERATOR_DEBUG_LEVEL': value '0' doesn't match value '2' in AssimpLoader.obj
assimp-vc142-mt.lib(ColladaLoader.obj) : error LNK2038: mismatch detected for 'RuntimeLibrary': value 'MD_DynamicRelease' doesn't match value 'MDd_DynamicDebug' in AssimpLoader.obj
assimp-vc142-mt.lib(TerragenLoader.obj) : error LNK2038: mismatch detected for '_ITERATOR_DEBUG_LEVEL': value '0' doesn't match value '2' in AssimpLoader.obj
assimp-vc142-mt.lib(TerragenLoader.obj) : error LNK2038: mismatch detected for 'RuntimeLibrary': value 'MD_DynamicRelease' doesn't match value 'MDd_DynamicDebug' in AssimpLoader.obj
assimp-vc142-mt.lib(CSMLoader.obj) : error LNK2038: mismatch detected for '_ITERATOR_DEBUG_LEVEL': value '0' doesn't match value '2' in AssimpLoader.obj
assimp-vc142-mt.lib(CSMLoader.obj) : error LNK2038: mismatch detected for 'RuntimeLibrary': value 'MD_DynamicRelease' doesn't match value 'MDd_DynamicDebug' in AssimpLoader.obj
assimp-vc142-mt.lib(UnrealLoader.obj) : error LNK2038: mismatch detected for '_ITERATOR_DEBUG_LEVEL': value '0' doesn't match value '2' in AssimpLoader.obj
assimp-vc142-mt.lib(UnrealLoader.obj) : error LNK2038: mismatch detected for 'RuntimeLibrary': value 'MD_DynamicRelease' doesn't match value 'MDd_DynamicDebug' in AssimpLoader.obj
assimp-vc142-mt.lib(LWSLoader.obj) : error LNK2038: mismatch detected for '_ITERATOR_DEBUG_LEVEL': value '0' doesn't match value '2' in AssimpLoader.obj
assimp-vc142-mt.lib(LWSLoader.obj) : error LNK2038: mismatch detected for 'RuntimeLibrary': value 'MD_DynamicRelease' doesn't match value 'MDd_DynamicDebug' in AssimpLoader.obj
assimp-vc142-mt.lib(OpenGEXImporter.obj) : error LNK2038: mismatch detected for '_ITERATOR_DEBUG_LEVEL': value '0' doesn't match value '2' in AssimpLoader.obj
assimp-vc142-mt.lib(OpenGEXImporter.obj) : error LNK2038: mismatch detected for 'RuntimeLibrary': value 'MD_DynamicRelease' doesn't match value 'MDd_DynamicDebug' in AssimpLoader.obj
assimp-vc142-mt.lib(MS3DLoader.obj) : error LNK2038: mismatch detected for '_ITERATOR_DEBUG_LEVEL': value '0' doesn't match value '2' in AssimpLoader.obj
assimp-vc142-mt.lib(MS3DLoader.obj) : error LNK2038: mismatch detected for 'RuntimeLibrary': value 'MD_DynamicRelease' doesn't match value 'MDd_DynamicDebug' in AssimpLoader.obj
assimp-vc142-mt.lib(COBLoader.obj) : error LNK2038: mismatch detected for '_ITERATOR_DEBUG_LEVEL': value '0' doesn't match value '2' in AssimpLoader.obj
assimp-vc142-mt.lib(COBLoader.obj) : error LNK2038: mismatch detected for 'RuntimeLibrary': value 'MD_DynamicRelease' doesn't match value 'MDd_DynamicDebug' in AssimpLoader.obj
assimp-vc142-mt.lib(BlenderLoader.obj) : error LNK2038: mismatch detected for '_ITERATOR_DEBUG_LEVEL': value '0' doesn't match value '2' in AssimpLoader.obj
assimp-vc142-mt.lib(BlenderLoader.obj) : error LNK2038: mismatch detected for 'RuntimeLibrary': value 'MD_DynamicRelease' doesn't match value 'MDd_DynamicDebug' in AssimpLoader.obj
assimp-vc142-mt.lib(Q3BSPFileImporter.obj) : error LNK2038: mismatch detected for '_ITERATOR_DEBUG_LEVEL': value '0' doesn't match value '2' in AssimpLoader.obj
assimp-vc142-mt.lib(Q3BSPFileImporter.obj) : error LNK2038: mismatch detected for 'RuntimeLibrary': value 'MD_DynamicRelease' doesn't match value 'MDd_DynamicDebug' in AssimpLoader.obj
assimp-vc142-mt.lib(NDOLoader.obj) : error LNK2038: mismatch detected for '_ITERATOR_DEBUG_LEVEL': value '0' doesn't match value '2' in AssimpLoader.obj
assimp-vc142-mt.lib(NDOLoader.obj) : error LNK2038: mismatch detected for 'RuntimeLibrary': value 'MD_DynamicRelease' doesn't match value 'MDd_DynamicDebug' in AssimpLoader.obj
assimp-vc142-mt.lib(IFCLoader.obj) : error LNK2038: mismatch detected for '_ITERATOR_DEBUG_LEVEL': value '0' doesn't match value '2' in AssimpLoader.obj
assimp-vc142-mt.lib(IFCLoader.obj) : error LNK2038: mismatch detected for 'RuntimeLibrary': value 'MD_DynamicRelease' doesn't match value 'MDd_DynamicDebug' in AssimpLoader.obj
assimp-vc142-mt.lib(XGLLoader.obj) : error LNK2038: mismatch detected for '_ITERATOR_DEBUG_LEVEL': value '0' doesn't match value '2' in AssimpLoader.obj
assimp-vc142-mt.lib(XGLLoader.obj) : error LNK2038: mismatch detected for 'RuntimeLibrary': value 'MD_DynamicRelease' doesn't match value 'MDd_DynamicDebug' in AssimpLoader.obj
assimp-vc142-mt.lib(FBXImporter.obj) : error LNK2038: mismatch detected for '_ITERATOR_DEBUG_LEVEL': value '0' doesn't match value '2' in AssimpLoader.obj
assimp-vc142-mt.lib(FBXImporter.obj) : error LNK2038: mismatch detected for 'RuntimeLibrary': value 'MD_DynamicRelease' doesn't match value 'MDd_DynamicDebug' in AssimpLoader.obj
assimp-vc142-mt.lib(AssbinLoader.obj) : error LNK2038: mismatch detected for '_ITERATOR_DEBUG_LEVEL': value '0' doesn't match value '2' in AssimpLoader.obj
assimp-vc142-mt.lib(AssbinLoader.obj) : error LNK2038: mismatch detected for 'RuntimeLibrary': value 'MD_DynamicRelease' doesn't match value 'MDd_DynamicDebug' in AssimpLoader.obj
assimp-vc142-mt.lib(glTFImporter.obj) : error LNK2038: mismatch detected for '_ITERATOR_DEBUG_LEVEL': value '0' doesn't match value '2' in AssimpLoader.obj
assimp-vc142-mt.lib(glTFImporter.obj) : error LNK2038: mismatch detected for 'RuntimeLibrary': value 'MD_DynamicRelease' doesn't match value 'MDd_DynamicDebug' in AssimpLoader.obj
assimp-vc142-mt.lib(glTF2Importer.obj) : error LNK2038: mismatch detected for '_ITERATOR_DEBUG_LEVEL': value '0' doesn't match value '2' in AssimpLoader.obj
assimp-vc142-mt.lib(glTF2Importer.obj) : error LNK2038: mismatch detected for 'RuntimeLibrary': value 'MD_DynamicRelease' doesn't match value 'MDd_DynamicDebug' in AssimpLoader.obj
assimp-vc142-mt.lib(D3MFImporter.obj) : error LNK2038: mismatch detected for '_ITERATOR_DEBUG_LEVEL': value '0' doesn't match value '2' in AssimpLoader.obj
assimp-vc142-mt.lib(D3MFImporter.obj) : error LNK2038: mismatch detected for 'RuntimeLibrary': value 'MD_DynamicRelease' doesn't match value 'MDd_DynamicDebug' in AssimpLoader.obj
assimp-vc142-mt.lib(X3DImporter.obj) : error LNK2038: mismatch detected for '_ITERATOR_DEBUG_LEVEL': value '0' doesn't match value '2' in AssimpLoader.obj
assimp-vc142-mt.lib(X3DImporter.obj) : error LNK2038: mismatch detected for 'RuntimeLibrary': value 'MD_DynamicRelease' doesn't match value 'MDd_DynamicDebug' in AssimpLoader.obj
assimp-vc142-mt.lib(MMDImporter.obj) : error LNK2038: mismatch detected for '_ITERATOR_DEBUG_LEVEL': value '0' doesn't match value '2' in AssimpLoader.obj
assimp-vc142-mt.lib(MMDImporter.obj) : error LNK2038: mismatch detected for 'RuntimeLibrary': value 'MD_DynamicRelease' doesn't match value 'MDd_DynamicDebug' in AssimpLoader.obj
assimp-vc142-mt.lib(StepFileImporter.obj) : error LNK2038: mismatch detected for '_ITERATOR_DEBUG_LEVEL': value '0' doesn't match value '2' in AssimpLoader.obj
assimp-vc142-mt.lib(StepFileImporter.obj) : error LNK2038: mismatch detected for 'RuntimeLibrary': value 'MD_DynamicRelease' doesn't match value 'MDd_DynamicDebug' in AssimpLoader.obj
assimp-vc142-mt.lib(SpatialSort.obj) : error LNK2038: mismatch detected for '_ITERATOR_DEBUG_LEVEL': value '0' doesn't match value '2' in AssimpLoader.obj
assimp-vc142-mt.lib(SpatialSort.obj) : error LNK2038: mismatch detected for 'RuntimeLibrary': value 'MD_DynamicRelease' doesn't match value 'MDd_DynamicDebug' in AssimpLoader.obj
assimp-vc142-mt.lib(CalcTangentsProcess.obj) : error LNK2038: mismatch detected for '_ITERATOR_DEBUG_LEVEL': value '0' doesn't match value '2' in AssimpLoader.obj
assimp-vc142-mt.lib(CalcTangentsProcess.obj) : error LNK2038: mismatch detected for 'RuntimeLibrary': value 'MD_DynamicRelease' doesn't match value 'MDd_DynamicDebug' in AssimpLoader.obj
assimp-vc142-mt.lib(JoinVerticesProcess.obj) : error LNK2038: mismatch detected for '_ITERATOR_DEBUG_LEVEL': value '0' doesn't match value '2' in AssimpLoader.obj
assimp-vc142-mt.lib(JoinVerticesProcess.obj) : error LNK2038: mismatch detected for 'RuntimeLibrary': value 'MD_DynamicRelease' doesn't match value 'MDd_DynamicDebug' in AssimpLoader.obj
assimp-vc142-mt.lib(ConvertToLHProcess.obj) : error LNK2038: mismatch detected for '_ITERATOR_DEBUG_LEVEL': value '0' doesn't match value '2' in AssimpLoader.obj
assimp-vc142-mt.lib(ConvertToLHProcess.obj) : error LNK2038: mismatch detected for 'RuntimeLibrary': value 'MD_DynamicRelease' doesn't match value 'MDd_DynamicDebug' in AssimpLoader.obj
assimp-vc142-mt.lib(TriangulateProcess.obj) : error LNK2038: mismatch detected for '_ITERATOR_DEBUG_LEVEL': value '0' doesn't match value '2' in AssimpLoader.obj
assimp-vc142-mt.lib(TriangulateProcess.obj) : error LNK2038: mismatch detected for 'RuntimeLibrary': value 'MD_DynamicRelease' doesn't match value 'MDd_DynamicDebug' in AssimpLoader.obj
assimp-vc142-mt.lib(DropFaceNormalsProcess.obj) : error LNK2038: mismatch detected for '_ITERATOR_DEBUG_LEVEL': value '0' doesn't match value '2' in AssimpLoader.obj
assimp-vc142-mt.lib(DropFaceNormalsProcess.obj) : error LNK2038: mismatch detected for 'RuntimeLibrary': value 'MD_DynamicRelease' doesn't match value 'MDd_DynamicDebug' in AssimpLoader.obj
assimp-vc142-mt.lib(GenFaceNormalsProcess.obj) : error LNK2038: mismatch detected for '_ITERATOR_DEBUG_LEVEL': value '0' doesn't match value '2' in AssimpLoader.obj
assimp-vc142-mt.lib(GenFaceNormalsProcess.obj) : error LNK2038: mismatch detected for 'RuntimeLibrary': value 'MD_DynamicRelease' doesn't match value 'MDd_DynamicDebug' in AssimpLoader.obj
assimp-vc142-mt.lib(GenVertexNormalsProcess.obj) : error LNK2038: mismatch detected for '_ITERATOR_DEBUG_LEVEL': value '0' doesn't match value '2' in AssimpLoader.obj
assimp-vc142-mt.lib(GenVertexNormalsProcess.obj) : error LNK2038: mismatch detected for 'RuntimeLibrary': value 'MD_DynamicRelease' doesn't match value 'MDd_DynamicDebug' in AssimpLoader.obj
assimp-vc142-mt.lib(RemoveVCProcess.obj) : error LNK2038: mismatch detected for '_ITERATOR_DEBUG_LEVEL': value '0' doesn't match value '2' in AssimpLoader.obj
assimp-vc142-mt.lib(RemoveVCProcess.obj) : error LNK2038: mismatch detected for 'RuntimeLibrary': value 'MD_DynamicRelease' doesn't match value 'MDd_DynamicDebug' in AssimpLoader.obj
assimp-vc142-mt.lib(SplitLargeMeshes.obj) : error LNK2038: mismatch detected for '_ITERATOR_DEBUG_LEVEL': value '0' doesn't match value '2' in AssimpLoader.obj
assimp-vc142-mt.lib(SplitLargeMeshes.obj) : error LNK2038: mismatch detected for 'RuntimeLibrary': value 'MD_DynamicRelease' doesn't match value 'MDd_DynamicDebug' in AssimpLoader.obj
assimp-vc142-mt.lib(PretransformVertices.obj) : error LNK2038: mismatch detected for '_ITERATOR_DEBUG_LEVEL': value '0' doesn't match value '2' in AssimpLoader.obj
assimp-vc142-mt.lib(PretransformVertices.obj) : error LNK2038: mismatch detected for 'RuntimeLibrary': value 'MD_DynamicRelease' doesn't match value 'MDd_DynamicDebug' in AssimpLoader.obj
assimp-vc142-mt.lib(LimitBoneWeightsProcess.obj) : error LNK2038: mismatch detected for '_ITERATOR_DEBUG_LEVEL': value '0' doesn't match value '2' in AssimpLoader.obj
assimp-vc142-mt.lib(LimitBoneWeightsProcess.obj) : error LNK2038: mismatch detected for 'RuntimeLibrary': value 'MD_DynamicRelease' doesn't match value 'MDd_DynamicDebug' in AssimpLoader.obj
assimp-vc142-mt.lib(ImproveCacheLocality.obj) : error LNK2038: mismatch detected for '_ITERATOR_DEBUG_LEVEL': value '0' doesn't match value '2' in AssimpLoader.obj
assimp-vc142-mt.lib(ImproveCacheLocality.obj) : error LNK2038: mismatch detected for 'RuntimeLibrary': value 'MD_DynamicRelease' doesn't match value 'MDd_DynamicDebug' in AssimpLoader.obj
assimp-vc142-mt.lib(FixNormalsStep.obj) : error LNK2038: mismatch detected for '_ITERATOR_DEBUG_LEVEL': value '0' doesn't match value '2' in AssimpLoader.obj
assimp-vc142-mt.lib(FixNormalsStep.obj) : error LNK2038: mismatch detected for 'RuntimeLibrary': value 'MD_DynamicRelease' doesn't match value 'MDd_DynamicDebug' in AssimpLoader.obj
assimp-vc142-mt.lib(RemoveRedundantMaterials.obj) : error LNK2038: mismatch detected for '_ITERATOR_DEBUG_LEVEL': value '0' doesn't match value '2' in AssimpLoader.obj
assimp-vc142-mt.lib(RemoveRedundantMaterials.obj) : error LNK2038: mismatch detected for 'RuntimeLibrary': value 'MD_DynamicRelease' doesn't match value 'MDd_DynamicDebug' in AssimpLoader.obj
assimp-vc142-mt.lib(EmbedTexturesProcess.obj) : error LNK2038: mismatch detected for '_ITERATOR_DEBUG_LEVEL': value '0' doesn't match value '2' in AssimpLoader.obj
assimp-vc142-mt.lib(EmbedTexturesProcess.obj) : error LNK2038: mismatch detected for 'RuntimeLibrary': value 'MD_DynamicRelease' doesn't match value 'MDd_DynamicDebug' in AssimpLoader.obj
assimp-vc142-mt.lib(FindInvalidDataProcess.obj) : error LNK2038: mismatch detected for '_ITERATOR_DEBUG_LEVEL': value '0' doesn't match value '2' in AssimpLoader.obj
assimp-vc142-mt.lib(FindInvalidDataProcess.obj) : error LNK2038: mismatch detected for 'RuntimeLibrary': value 'MD_DynamicRelease' doesn't match value 'MDd_DynamicDebug' in AssimpLoader.obj
assimp-vc142-mt.lib(FindDegenerates.obj) : error LNK2038: mismatch detected for '_ITERATOR_DEBUG_LEVEL': value '0' doesn't match value '2' in AssimpLoader.obj
assimp-vc142-mt.lib(FindDegenerates.obj) : error LNK2038: mismatch detected for 'RuntimeLibrary': value 'MD_DynamicRelease' doesn't match value 'MDd_DynamicDebug' in AssimpLoader.obj
assimp-vc142-mt.lib(SortByPTypeProcess.obj) : error LNK2038: mismatch detected for '_ITERATOR_DEBUG_LEVEL': value '0' doesn't match value '2' in AssimpLoader.obj
assimp-vc142-mt.lib(SortByPTypeProcess.obj) : error LNK2038: mismatch detected for 'RuntimeLibrary': value 'MD_DynamicRelease' doesn't match value 'MDd_DynamicDebug' in AssimpLoader.obj
assimp-vc142-mt.lib(ComputeUVMappingProcess.obj) : error LNK2038: mismatch detected for '_ITERATOR_DEBUG_LEVEL': value '0' doesn't match value '2' in AssimpLoader.obj
assimp-vc142-mt.lib(ComputeUVMappingProcess.obj) : error LNK2038: mismatch detected for 'RuntimeLibrary': value 'MD_DynamicRelease' doesn't match value 'MDd_DynamicDebug' in AssimpLoader.obj
assimp-vc142-mt.lib(TextureTransform.obj) : error LNK2038: mismatch detected for '_ITERATOR_DEBUG_LEVEL': value '0' doesn't match value '2' in AssimpLoader.obj
assimp-vc142-mt.lib(TextureTransform.obj) : error LNK2038: mismatch detected for 'RuntimeLibrary': value 'MD_DynamicRelease' doesn't match value 'MDd_DynamicDebug' in AssimpLoader.obj
assimp-vc142-mt.lib(FindInstancesProcess.obj) : error LNK2038: mismatch detected for '_ITERATOR_DEBUG_LEVEL': value '0' doesn't match value '2' in AssimpLoader.obj
assimp-vc142-mt.lib(FindInstancesProcess.obj) : error LNK2038: mismatch detected for 'RuntimeLibrary': value 'MD_DynamicRelease' doesn't match value 'MDd_DynamicDebug' in AssimpLoader.obj
assimp-vc142-mt.lib(OptimizeMeshes.obj) : error LNK2038: mismatch detected for '_ITERATOR_DEBUG_LEVEL': value '0' doesn't match value '2' in AssimpLoader.obj
assimp-vc142-mt.lib(OptimizeMeshes.obj) : error LNK2038: mismatch detected for 'RuntimeLibrary': value 'MD_DynamicRelease' doesn't match value 'MDd_DynamicDebug' in AssimpLoader.obj
assimp-vc142-mt.lib(OptimizeGraph.obj) : error LNK2038: mismatch detected for '_ITERATOR_DEBUG_LEVEL': value '0' doesn't match value '2' in AssimpLoader.obj
assimp-vc142-mt.lib(OptimizeGraph.obj) : error LNK2038: mismatch detected for 'RuntimeLibrary': value 'MD_DynamicRelease' doesn't match value 'MDd_DynamicDebug' in AssimpLoader.obj
assimp-vc142-mt.lib(SplitByBoneCountProcess.obj) : error LNK2038: mismatch detected for '_ITERATOR_DEBUG_LEVEL': value '0' doesn't match value '2' in AssimpLoader.obj
assimp-vc142-mt.lib(SplitByBoneCountProcess.obj) : error LNK2038: mismatch detected for 'RuntimeLibrary': value 'MD_DynamicRelease' doesn't match value 'MDd_DynamicDebug' in AssimpLoader.obj
assimp-vc142-mt.lib(DeboneProcess.obj) : error LNK2038: mismatch detected for '_ITERATOR_DEBUG_LEVEL': value '0' doesn't match value '2' in AssimpLoader.obj
assimp-vc142-mt.lib(DeboneProcess.obj) : error LNK2038: mismatch detected for 'RuntimeLibrary': value 'MD_DynamicRelease' doesn't match value 'MDd_DynamicDebug' in AssimpLoader.obj
assimp-vc142-mt.lib(ScaleProcess.obj) : error LNK2038: mismatch detected for '_ITERATOR_DEBUG_LEVEL': value '0' doesn't match value '2' in AssimpLoader.obj
assimp-vc142-mt.lib(ScaleProcess.obj) : error LNK2038: mismatch detected for 'RuntimeLibrary': value 'MD_DynamicRelease' doesn't match value 'MDd_DynamicDebug' in AssimpLoader.obj
assimp-vc142-mt.lib(GenBoundingBoxesProcess.obj) : error LNK2038: mismatch detected for '_ITERATOR_DEBUG_LEVEL': value '0' doesn't match value '2' in AssimpLoader.obj
assimp-vc142-mt.lib(GenBoundingBoxesProcess.obj) : error LNK2038: mismatch detected for 'RuntimeLibrary': value 'MD_DynamicRelease' doesn't match value 'MDd_DynamicDebug' in AssimpLoader.obj
assimp-vc142-mt.lib(XFileParser.obj) : error LNK2038: mismatch detected for '_ITERATOR_DEBUG_LEVEL': value '0' doesn't match value '2' in AssimpLoader.obj
assimp-vc142-mt.lib(XFileParser.obj) : error LNK2038: mismatch detected for 'RuntimeLibrary': value 'MD_DynamicRelease' doesn't match value 'MDd_DynamicDebug' in AssimpLoader.obj
assimp-vc142-mt.lib(AMFImporter_Postprocess.obj) : error LNK2038: mismatch detected for '_ITERATOR_DEBUG_LEVEL': value '0' doesn't match value '2' in AssimpLoader.obj
assimp-vc142-mt.lib(AMFImporter_Postprocess.obj) : error LNK2038: mismatch detected for 'RuntimeLibrary': value 'MD_DynamicRelease' doesn't match value 'MDd_DynamicDebug' in AssimpLoader.obj
assimp-vc142-mt.lib(AMFImporter_Material.obj) : error LNK2038: mismatch detected for '_ITERATOR_DEBUG_LEVEL': value '0' doesn't match value '2' in AssimpLoader.obj
assimp-vc142-mt.lib(AMFImporter_Material.obj) : error LNK2038: mismatch detected for 'RuntimeLibrary': value 'MD_DynamicRelease' doesn't match value 'MDd_DynamicDebug' in AssimpLoader.obj
assimp-vc142-mt.lib(AMFImporter_Geometry.obj) : error LNK2038: mismatch detected for '_ITERATOR_DEBUG_LEVEL': value '0' doesn't match value '2' in AssimpLoader.obj
assimp-vc142-mt.lib(AMFImporter_Geometry.obj) : error LNK2038: mismatch detected for 'RuntimeLibrary': value 'MD_DynamicRelease' doesn't match value 'MDd_DynamicDebug' in AssimpLoader.obj
assimp-vc142-mt.lib(SGSpatialSort.obj) : error LNK2038: mismatch detected for '_ITERATOR_DEBUG_LEVEL': value '0' doesn't match value '2' in AssimpLoader.obj
assimp-vc142-mt.lib(SGSpatialSort.obj) : error LNK2038: mismatch detected for 'RuntimeLibrary': value 'MD_DynamicRelease' doesn't match value 'MDd_DynamicDebug' in AssimpLoader.obj
assimp-vc142-mt.lib(3DSConverter.obj) : error LNK2038: mismatch detected for '_ITERATOR_DEBUG_LEVEL': value '0' doesn't match value '2' in AssimpLoader.obj
assimp-vc142-mt.lib(3DSConverter.obj) : error LNK2038: mismatch detected for 'RuntimeLibrary': value 'MD_DynamicRelease' doesn't match value 'MDd_DynamicDebug' in AssimpLoader.obj
assimp-vc142-mt.lib(SceneCombiner.obj) : error LNK2038: mismatch detected for '_ITERATOR_DEBUG_LEVEL': value '0' doesn't match value '2' in AssimpLoader.obj
assimp-vc142-mt.lib(SceneCombiner.obj) : error LNK2038: mismatch detected for 'RuntimeLibrary': value 'MD_DynamicRelease' doesn't match value 'MDd_DynamicDebug' in AssimpLoader.obj
assimp-vc142-mt.lib(RemoveComments.obj) : error LNK2038: mismatch detected for '_ITERATOR_DEBUG_LEVEL': value '0' doesn't match value '2' in AssimpLoader.obj
assimp-vc142-mt.lib(RemoveComments.obj) : error LNK2038: mismatch detected for 'RuntimeLibrary': value 'MD_DynamicRelease' doesn't match value 'MDd_DynamicDebug' in AssimpLoader.obj
assimp-vc142-mt.lib(MDLMaterialLoader.obj) : error LNK2038: mismatch detected for '_ITERATOR_DEBUG_LEVEL': value '0' doesn't match value '2' in AssimpLoader.obj
assimp-vc142-mt.lib(MDLMaterialLoader.obj) : error LNK2038: mismatch detected for 'RuntimeLibrary': value 'MD_DynamicRelease' doesn't match value 'MDd_DynamicDebug' in AssimpLoader.obj
assimp-vc142-mt.lib(PlyParser.obj) : error LNK2038: mismatch detected for '_ITERATOR_DEBUG_LEVEL': value '0' doesn't match value '2' in AssimpLoader.obj
assimp-vc142-mt.lib(PlyParser.obj) : error LNK2038: mismatch detected for 'RuntimeLibrary': value 'MD_DynamicRelease' doesn't match value 'MDd_DynamicDebug' in AssimpLoader.obj
assimp-vc142-mt.lib(ASEParser.obj) : error LNK2038: mismatch detected for '_ITERATOR_DEBUG_LEVEL': value '0' doesn't match value '2' in AssimpLoader.obj
assimp-vc142-mt.lib(ASEParser.obj) : error LNK2038: mismatch detected for 'RuntimeLibrary': value 'MD_DynamicRelease' doesn't match value 'MDd_DynamicDebug' in AssimpLoader.obj
assimp-vc142-mt.lib(SkeletonMeshBuilder.obj) : error LNK2038: mismatch detected for '_ITERATOR_DEBUG_LEVEL': value '0' doesn't match value '2' in AssimpLoader.obj
assimp-vc142-mt.lib(SkeletonMeshBuilder.obj) : error LNK2038: mismatch detected for 'RuntimeLibrary': value 'MD_DynamicRelease' doesn't match value 'MDd_DynamicDebug' in AssimpLoader.obj
assimp-vc142-mt.lib(ObjFileParser.obj) : error LNK2038: mismatch detected for '_ITERATOR_DEBUG_LEVEL': value '0' doesn't match value '2' in AssimpLoader.obj
assimp-vc142-mt.lib(ObjFileParser.obj) : error LNK2038: mismatch detected for 'RuntimeLibrary': value 'MD_DynamicRelease' doesn't match value 'MDd_DynamicDebug' in AssimpLoader.obj
assimp-vc142-mt.lib(MD5Parser.obj) : error LNK2038: mismatch detected for '_ITERATOR_DEBUG_LEVEL': value '0' doesn't match value '2' in AssimpLoader.obj
assimp-vc142-mt.lib(MD5Parser.obj) : error LNK2038: mismatch detected for 'RuntimeLibrary': value 'MD_DynamicRelease' doesn't match value 'MDd_DynamicDebug' in AssimpLoader.obj
assimp-vc142-mt.lib(LWOBLoader.obj) : error LNK2038: mismatch detected for '_ITERATOR_DEBUG_LEVEL': value '0' doesn't match value '2' in AssimpLoader.obj
assimp-vc142-mt.lib(LWOBLoader.obj) : error LNK2038: mismatch detected for 'RuntimeLibrary': value 'MD_DynamicRelease' doesn't match value 'MDd_DynamicDebug' in AssimpLoader.obj
assimp-vc142-mt.lib(LWOMaterial.obj) : error LNK2038: mismatch detected for '_ITERATOR_DEBUG_LEVEL': value '0' doesn't match value '2' in AssimpLoader.obj
assimp-vc142-mt.lib(LWOMaterial.obj) : error LNK2038: mismatch detected for 'RuntimeLibrary': value 'MD_DynamicRelease' doesn't match value 'MDd_DynamicDebug' in AssimpLoader.obj
assimp-vc142-mt.lib(StandardShapes.obj) : error LNK2038: mismatch detected for '_ITERATOR_DEBUG_LEVEL': value '0' doesn't match value '2' in AssimpLoader.obj
assimp-vc142-mt.lib(StandardShapes.obj) : error LNK2038: mismatch detected for 'RuntimeLibrary': value 'MD_DynamicRelease' doesn't match value 'MDd_DynamicDebug' in AssimpLoader.obj
assimp-vc142-mt.lib(Subdivision.obj) : error LNK2038: mismatch detected for '_ITERATOR_DEBUG_LEVEL': value '0' doesn't match value '2' in AssimpLoader.obj
assimp-vc142-mt.lib(Subdivision.obj) : error LNK2038: mismatch detected for 'RuntimeLibrary': value 'MD_DynamicRelease' doesn't match value 'MDd_DynamicDebug' in AssimpLoader.obj
assimp-vc142-mt.lib(IRRShared.obj) : error LNK2038: mismatch detected for '_ITERATOR_DEBUG_LEVEL': value '0' doesn't match value '2' in AssimpLoader.obj
assimp-vc142-mt.lib(IRRShared.obj) : error LNK2038: mismatch detected for 'RuntimeLibrary': value 'MD_DynamicRelease' doesn't match value 'MDd_DynamicDebug' in AssimpLoader.obj
assimp-vc142-mt.lib(ColladaParser.obj) : error LNK2038: mismatch detected for '_ITERATOR_DEBUG_LEVEL': value '0' doesn't match value '2' in AssimpLoader.obj
assimp-vc142-mt.lib(ColladaParser.obj) : error LNK2038: mismatch detected for 'RuntimeLibrary': value 'MD_DynamicRelease' doesn't match value 'MDd_DynamicDebug' in AssimpLoader.obj
assimp-vc142-mt.lib(CreateAnimMesh.obj) : error LNK2038: mismatch detected for '_ITERATOR_DEBUG_LEVEL': value '0' doesn't match value '2' in AssimpLoader.obj
assimp-vc142-mt.lib(CreateAnimMesh.obj) : error LNK2038: mismatch detected for 'RuntimeLibrary': value 'MD_DynamicRelease' doesn't match value 'MDd_DynamicDebug' in AssimpLoader.obj
assimp-vc142-mt.lib(ZipArchiveIOSystem.obj) : error LNK2038: mismatch detected for '_ITERATOR_DEBUG_LEVEL': value '0' doesn't match value '2' in AssimpLoader.obj
assimp-vc142-mt.lib(ZipArchiveIOSystem.obj) : error LNK2038: mismatch detected for 'RuntimeLibrary': value 'MD_DynamicRelease' doesn't match value 'MDd_DynamicDebug' in AssimpLoader.obj
assimp-vc142-mt.lib(LWOAnimation.obj) : error LNK2038: mismatch detected for '_ITERATOR_DEBUG_LEVEL': value '0' doesn't match value '2' in AssimpLoader.obj
assimp-vc142-mt.lib(LWOAnimation.obj) : error LNK2038: mismatch detected for 'RuntimeLibrary': value 'MD_DynamicRelease' doesn't match value 'MDd_DynamicDebug' in AssimpLoader.obj
assimp-vc142-mt.lib(MakeVerboseFormat.obj) : error LNK2038: mismatch detected for '_ITERATOR_DEBUG_LEVEL': value '0' doesn't match value '2' in AssimpLoader.obj
assimp-vc142-mt.lib(MakeVerboseFormat.obj) : error LNK2038: mismatch detected for 'RuntimeLibrary': value 'MD_DynamicRelease' doesn't match value 'MDd_DynamicDebug' in AssimpLoader.obj
assimp-vc142-mt.lib(OpenDDLCommon.obj) : error LNK2038: mismatch detected for '_ITERATOR_DEBUG_LEVEL': value '0' doesn't match value '2' in AssimpLoader.obj
assimp-vc142-mt.lib(OpenDDLCommon.obj) : error LNK2038: mismatch detected for 'RuntimeLibrary': value 'MD_DynamicRelease' doesn't match value 'MDd_DynamicDebug' in AssimpLoader.obj
assimp-vc142-mt.lib(DDLNode.obj) : error LNK2038: mismatch detected for '_ITERATOR_DEBUG_LEVEL': value '0' doesn't match value '2' in AssimpLoader.obj
assimp-vc142-mt.lib(DDLNode.obj) : error LNK2038: mismatch detected for 'RuntimeLibrary': value 'MD_DynamicRelease' doesn't match value 'MDd_DynamicDebug' in AssimpLoader.obj
assimp-vc142-mt.lib(Value.obj) : error LNK2038: mismatch detected for '_ITERATOR_DEBUG_LEVEL': value '0' doesn't match value '2' in AssimpLoader.obj
assimp-vc142-mt.lib(Value.obj) : error LNK2038: mismatch detected for 'RuntimeLibrary': value 'MD_DynamicRelease' doesn't match value 'MDd_DynamicDebug' in AssimpLoader.obj
assimp-vc142-mt.lib(OpenDDLParser.obj) : error LNK2038: mismatch detected for '_ITERATOR_DEBUG_LEVEL': value '0' doesn't match value '2' in AssimpLoader.obj
assimp-vc142-mt.lib(OpenDDLParser.obj) : error LNK2038: mismatch detected for 'RuntimeLibrary': value 'MD_DynamicRelease' doesn't match value 'MDd_DynamicDebug' in AssimpLoader.obj
assimp-vc142-mt.lib(BlenderDNA.obj) : error LNK2038: mismatch detected for '_ITERATOR_DEBUG_LEVEL': value '0' doesn't match value '2' in AssimpLoader.obj
assimp-vc142-mt.lib(BlenderDNA.obj) : error LNK2038: mismatch detected for 'RuntimeLibrary': value 'MD_DynamicRelease' doesn't match value 'MDd_DynamicDebug' in AssimpLoader.obj
assimp-vc142-mt.lib(BlenderModifier.obj) : error LNK2038: mismatch detected for '_ITERATOR_DEBUG_LEVEL': value '0' doesn't match value '2' in AssimpLoader.obj
assimp-vc142-mt.lib(BlenderModifier.obj) : error LNK2038: mismatch detected for 'RuntimeLibrary': value 'MD_DynamicRelease' doesn't match value 'MDd_DynamicDebug' in AssimpLoader.obj
assimp-vc142-mt.lib(BlenderCustomData.obj) : error LNK2038: mismatch detected for '_ITERATOR_DEBUG_LEVEL': value '0' doesn't match value '2' in AssimpLoader.obj
assimp-vc142-mt.lib(BlenderCustomData.obj) : error LNK2038: mismatch detected for 'RuntimeLibrary': value 'MD_DynamicRelease' doesn't match value 'MDd_DynamicDebug' in AssimpLoader.obj
assimp-vc142-mt.lib(BlenderScene.obj) : error LNK2038: mismatch detected for '_ITERATOR_DEBUG_LEVEL': value '0' doesn't match value '2' in AssimpLoader.obj
assimp-vc142-mt.lib(BlenderScene.obj) : error LNK2038: mismatch detected for 'RuntimeLibrary': value 'MD_DynamicRelease' doesn't match value 'MDd_DynamicDebug' in AssimpLoader.obj
assimp-vc142-mt.lib(Q3BSPFileParser.obj) : error LNK2038: mismatch detected for '_ITERATOR_DEBUG_LEVEL': value '0' doesn't match value '2' in AssimpLoader.obj
assimp-vc142-mt.lib(Q3BSPFileParser.obj) : error LNK2038: mismatch detected for 'RuntimeLibrary': value 'MD_DynamicRelease' doesn't match value 'MDd_DynamicDebug' in AssimpLoader.obj
assimp-vc142-mt.lib(STEPFileReader.obj) : error LNK2038: mismatch detected for '_ITERATOR_DEBUG_LEVEL': value '0' doesn't match value '2' in AssimpLoader.obj
assimp-vc142-mt.lib(STEPFileReader.obj) : error LNK2038: mismatch detected for 'RuntimeLibrary': value 'MD_DynamicRelease' doesn't match value 'MDd_DynamicDebug' in AssimpLoader.obj
assimp-vc142-mt.lib(IFCReaderGen1_2x3.obj) : error LNK2038: mismatch detected for '_ITERATOR_DEBUG_LEVEL': value '0' doesn't match value '2' in AssimpLoader.obj
assimp-vc142-mt.lib(IFCReaderGen1_2x3.obj) : error LNK2038: mismatch detected for 'RuntimeLibrary': value 'MD_DynamicRelease' doesn't match value 'MDd_DynamicDebug' in AssimpLoader.obj
assimp-vc142-mt.lib(IFCUtil.obj) : error LNK2038: mismatch detected for '_ITERATOR_DEBUG_LEVEL': value '0' doesn't match value '2' in AssimpLoader.obj
assimp-vc142-mt.lib(IFCUtil.obj) : error LNK2038: mismatch detected for 'RuntimeLibrary': value 'MD_DynamicRelease' doesn't match value 'MDd_DynamicDebug' in AssimpLoader.obj
assimp-vc142-mt.lib(IFCMaterial.obj) : error LNK2038: mismatch detected for '_ITERATOR_DEBUG_LEVEL': value '0' doesn't match value '2' in AssimpLoader.obj
assimp-vc142-mt.lib(IFCMaterial.obj) : error LNK2038: mismatch detected for 'RuntimeLibrary': value 'MD_DynamicRelease' doesn't match value 'MDd_DynamicDebug' in AssimpLoader.obj
assimp-vc142-mt.lib(IFCGeometry.obj) : error LNK2038: mismatch detected for '_ITERATOR_DEBUG_LEVEL': value '0' doesn't match value '2' in AssimpLoader.obj
assimp-vc142-mt.lib(IFCGeometry.obj) : error LNK2038: mismatch detected for 'RuntimeLibrary': value 'MD_DynamicRelease' doesn't match value 'MDd_DynamicDebug' in AssimpLoader.obj
assimp-vc142-mt.lib(FBXTokenizer.obj) : error LNK2038: mismatch detected for '_ITERATOR_DEBUG_LEVEL': value '0' doesn't match value '2' in AssimpLoader.obj
assimp-vc142-mt.lib(FBXTokenizer.obj) : error LNK2038: mismatch detected for 'RuntimeLibrary': value 'MD_DynamicRelease' doesn't match value 'MDd_DynamicDebug' in AssimpLoader.obj
assimp-vc142-mt.lib(FBXBinaryTokenizer.obj) : error LNK2038: mismatch detected for '_ITERATOR_DEBUG_LEVEL': value '0' doesn't match value '2' in AssimpLoader.obj
assimp-vc142-mt.lib(FBXBinaryTokenizer.obj) : error LNK2038: mismatch detected for 'RuntimeLibrary': value 'MD_DynamicRelease' doesn't match value 'MDd_DynamicDebug' in AssimpLoader.obj
assimp-vc142-mt.lib(FBXParser.obj) : error LNK2038: mismatch detected for '_ITERATOR_DEBUG_LEVEL': value '0' doesn't match value '2' in AssimpLoader.obj
assimp-vc142-mt.lib(FBXParser.obj) : error LNK2038: mismatch detected for 'RuntimeLibrary': value 'MD_DynamicRelease' doesn't match value 'MDd_DynamicDebug' in AssimpLoader.obj
assimp-vc142-mt.lib(FBXProperties.obj) : error LNK2038: mismatch detected for '_ITERATOR_DEBUG_LEVEL': value '0' doesn't match value '2' in AssimpLoader.obj
assimp-vc142-mt.lib(FBXProperties.obj) : error LNK2038: mismatch detected for 'RuntimeLibrary': value 'MD_DynamicRelease' doesn't match value 'MDd_DynamicDebug' in AssimpLoader.obj
assimp-vc142-mt.lib(FBXDocument.obj) : error LNK2038: mismatch detected for '_ITERATOR_DEBUG_LEVEL': value '0' doesn't match value '2' in AssimpLoader.obj
assimp-vc142-mt.lib(FBXDocument.obj) : error LNK2038: mismatch detected for 'RuntimeLibrary': value 'MD_DynamicRelease' doesn't match value 'MDd_DynamicDebug' in AssimpLoader.obj
assimp-vc142-mt.lib(FBXConverter.obj) : error LNK2038: mismatch detected for '_ITERATOR_DEBUG_LEVEL': value '0' doesn't match value '2' in AssimpLoader.obj
assimp-vc142-mt.lib(FBXConverter.obj) : error LNK2038: mismatch detected for 'RuntimeLibrary': value 'MD_DynamicRelease' doesn't match value 'MDd_DynamicDebug' in AssimpLoader.obj
assimp-vc142-mt.lib(glTFCommon.obj) : error LNK2038: mismatch detected for '_ITERATOR_DEBUG_LEVEL': value '0' doesn't match value '2' in AssimpLoader.obj
assimp-vc142-mt.lib(glTFCommon.obj) : error LNK2038: mismatch detected for 'RuntimeLibrary': value 'MD_DynamicRelease' doesn't match value 'MDd_DynamicDebug' in AssimpLoader.obj
assimp-vc142-mt.lib(D3MFOpcPackage.obj) : error LNK2038: mismatch detected for '_ITERATOR_DEBUG_LEVEL': value '0' doesn't match value '2' in AssimpLoader.obj
assimp-vc142-mt.lib(D3MFOpcPackage.obj) : error LNK2038: mismatch detected for 'RuntimeLibrary': value 'MD_DynamicRelease' doesn't match value 'MDd_DynamicDebug' in AssimpLoader.obj
assimp-vc142-mt.lib(FIReader.obj) : error LNK2038: mismatch detected for '_ITERATOR_DEBUG_LEVEL': value '0' doesn't match value '2' in AssimpLoader.obj
assimp-vc142-mt.lib(FIReader.obj) : error LNK2038: mismatch detected for 'RuntimeLibrary': value 'MD_DynamicRelease' doesn't match value 'MDd_DynamicDebug' in AssimpLoader.obj
assimp-vc142-mt.lib(X3DImporter_Postprocess.obj) : error LNK2038: mismatch detected for '_ITERATOR_DEBUG_LEVEL': value '0' doesn't match value '2' in AssimpLoader.obj
assimp-vc142-mt.lib(X3DImporter_Postprocess.obj) : error LNK2038: mismatch detected for 'RuntimeLibrary': value 'MD_DynamicRelease' doesn't match value 'MDd_DynamicDebug' in AssimpLoader.obj
assimp-vc142-mt.lib(X3DImporter_Metadata.obj) : error LNK2038: mismatch detected for '_ITERATOR_DEBUG_LEVEL': value '0' doesn't match value '2' in AssimpLoader.obj
assimp-vc142-mt.lib(X3DImporter_Metadata.obj) : error LNK2038: mismatch detected for 'RuntimeLibrary': value 'MD_DynamicRelease' doesn't match value 'MDd_DynamicDebug' in AssimpLoader.obj
assimp-vc142-mt.lib(X3DImporter_Group.obj) : error LNK2038: mismatch detected for '_ITERATOR_DEBUG_LEVEL': value '0' doesn't match value '2' in AssimpLoader.obj
assimp-vc142-mt.lib(X3DImporter_Group.obj) : error LNK2038: mismatch detected for 'RuntimeLibrary': value 'MD_DynamicRelease' doesn't match value 'MDd_DynamicDebug' in AssimpLoader.obj
assimp-vc142-mt.lib(X3DImporter_Shape.obj) : error LNK2038: mismatch detected for '_ITERATOR_DEBUG_LEVEL': value '0' doesn't match value '2' in AssimpLoader.obj
assimp-vc142-mt.lib(X3DImporter_Shape.obj) : error LNK2038: mismatch detected for 'RuntimeLibrary': value 'MD_DynamicRelease' doesn't match value 'MDd_DynamicDebug' in AssimpLoader.obj
assimp-vc142-mt.lib(X3DImporter_Networking.obj) : error LNK2038: mismatch detected for '_ITERATOR_DEBUG_LEVEL': value '0' doesn't match value '2' in AssimpLoader.obj
assimp-vc142-mt.lib(X3DImporter_Networking.obj) : error LNK2038: mismatch detected for 'RuntimeLibrary': value 'MD_DynamicRelease' doesn't match value 'MDd_DynamicDebug' in AssimpLoader.obj
assimp-vc142-mt.lib(X3DImporter_Light.obj) : error LNK2038: mismatch detected for '_ITERATOR_DEBUG_LEVEL': value '0' doesn't match value '2' in AssimpLoader.obj
assimp-vc142-mt.lib(X3DImporter_Light.obj) : error LNK2038: mismatch detected for 'RuntimeLibrary': value 'MD_DynamicRelease' doesn't match value 'MDd_DynamicDebug' in AssimpLoader.obj
assimp-vc142-mt.lib(X3DVocabulary.obj) : error LNK2038: mismatch detected for '_ITERATOR_DEBUG_LEVEL': value '0' doesn't match value '2' in AssimpLoader.obj
assimp-vc142-mt.lib(X3DVocabulary.obj) : error LNK2038: mismatch detected for 'RuntimeLibrary': value 'MD_DynamicRelease' doesn't match value 'MDd_DynamicDebug' in AssimpLoader.obj
assimp-vc142-mt.lib(MMDPmxParser.obj) : error LNK2038: mismatch detected for '_ITERATOR_DEBUG_LEVEL': value '0' doesn't match value '2' in AssimpLoader.obj
assimp-vc142-mt.lib(MMDPmxParser.obj) : error LNK2038: mismatch detected for 'RuntimeLibrary': value 'MD_DynamicRelease' doesn't match value 'MDd_DynamicDebug' in AssimpLoader.obj
assimp-vc142-mt.lib(VertexTriangleAdjacency.obj) : error LNK2038: mismatch detected for '_ITERATOR_DEBUG_LEVEL': value '0' doesn't match value '2' in AssimpLoader.obj
assimp-vc142-mt.lib(VertexTriangleAdjacency.obj) : error LNK2038: mismatch detected for 'RuntimeLibrary': value 'MD_DynamicRelease' doesn't match value 'MDd_DynamicDebug' in AssimpLoader.obj
assimp-vc142-mt.lib(ObjFileMtlImporter.obj) : error LNK2038: mismatch detected for '_ITERATOR_DEBUG_LEVEL': value '0' doesn't match value '2' in AssimpLoader.obj
assimp-vc142-mt.lib(ObjFileMtlImporter.obj) : error LNK2038: mismatch detected for 'RuntimeLibrary': value 'MD_DynamicRelease' doesn't match value 'MDd_DynamicDebug' in AssimpLoader.obj
assimp-vc142-mt.lib(OpenDDLStream.obj) : error LNK2038: mismatch detected for '_ITERATOR_DEBUG_LEVEL': value '0' doesn't match value '2' in AssimpLoader.obj
assimp-vc142-mt.lib(OpenDDLStream.obj) : error LNK2038: mismatch detected for 'RuntimeLibrary': value 'MD_DynamicRelease' doesn't match value 'MDd_DynamicDebug' in AssimpLoader.obj
assimp-vc142-mt.lib(OpenDDLExport.obj) : error LNK2038: mismatch detected for '_ITERATOR_DEBUG_LEVEL': value '0' doesn't match value '2' in AssimpLoader.obj
assimp-vc142-mt.lib(OpenDDLExport.obj) : error LNK2038: mismatch detected for 'RuntimeLibrary': value 'MD_DynamicRelease' doesn't match value 'MDd_DynamicDebug' in AssimpLoader.obj
assimp-vc142-mt.lib(STEPFileEncoding.obj) : error LNK2038: mismatch detected for '_ITERATOR_DEBUG_LEVEL': value '0' doesn't match value '2' in AssimpLoader.obj
assimp-vc142-mt.lib(STEPFileEncoding.obj) : error LNK2038: mismatch detected for 'RuntimeLibrary': value 'MD_DynamicRelease' doesn't match value 'MDd_DynamicDebug' in AssimpLoader.obj
assimp-vc142-mt.lib(IFCReaderGen2_2x3.obj) : error LNK2038: mismatch detected for '_ITERATOR_DEBUG_LEVEL': value '0' doesn't match value '2' in AssimpLoader.obj
assimp-vc142-mt.lib(IFCReaderGen2_2x3.obj) : error LNK2038: mismatch detected for 'RuntimeLibrary': value 'MD_DynamicRelease' doesn't match value 'MDd_DynamicDebug' in AssimpLoader.obj
assimp-vc142-mt.lib(IFCProfile.obj) : error LNK2038: mismatch detected for '_ITERATOR_DEBUG_LEVEL': value '0' doesn't match value '2' in AssimpLoader.obj
assimp-vc142-mt.lib(IFCProfile.obj) : error LNK2038: mismatch detected for 'RuntimeLibrary': value 'MD_DynamicRelease' doesn't match value 'MDd_DynamicDebug' in AssimpLoader.obj
assimp-vc142-mt.lib(IFCBoolean.obj) : error LNK2038: mismatch detected for '_ITERATOR_DEBUG_LEVEL': value '0' doesn't match value '2' in AssimpLoader.obj
assimp-vc142-mt.lib(IFCBoolean.obj) : error LNK2038: mismatch detected for 'RuntimeLibrary': value 'MD_DynamicRelease' doesn't match value 'MDd_DynamicDebug' in AssimpLoader.obj
assimp-vc142-mt.lib(IFCOpenings.obj) : error LNK2038: mismatch detected for '_ITERATOR_DEBUG_LEVEL': value '0' doesn't match value '2' in AssimpLoader.obj
assimp-vc142-mt.lib(IFCOpenings.obj) : error LNK2038: mismatch detected for 'RuntimeLibrary': value 'MD_DynamicRelease' doesn't match value 'MDd_DynamicDebug' in AssimpLoader.obj
assimp-vc142-mt.lib(IFCCurve.obj) : error LNK2038: mismatch detected for '_ITERATOR_DEBUG_LEVEL': value '0' doesn't match value '2' in AssimpLoader.obj
assimp-vc142-mt.lib(IFCCurve.obj) : error LNK2038: mismatch detected for 'RuntimeLibrary': value 'MD_DynamicRelease' doesn't match value 'MDd_DynamicDebug' in AssimpLoader.obj
assimp-vc142-mt.lib(FBXUtil.obj) : error LNK2038: mismatch detected for '_ITERATOR_DEBUG_LEVEL': value '0' doesn't match value '2' in AssimpLoader.obj
assimp-vc142-mt.lib(FBXUtil.obj) : error LNK2038: mismatch detected for 'RuntimeLibrary': value 'MD_DynamicRelease' doesn't match value 'MDd_DynamicDebug' in AssimpLoader.obj
assimp-vc142-mt.lib(FBXDocumentUtil.obj) : error LNK2038: mismatch detected for '_ITERATOR_DEBUG_LEVEL': value '0' doesn't match value '2' in AssimpLoader.obj
assimp-vc142-mt.lib(FBXDocumentUtil.obj) : error LNK2038: mismatch detected for 'RuntimeLibrary': value 'MD_DynamicRelease' doesn't match value 'MDd_DynamicDebug' in AssimpLoader.obj
assimp-vc142-mt.lib(FBXNodeAttribute.obj) : error LNK2038: mismatch detected for '_ITERATOR_DEBUG_LEVEL': value '0' doesn't match value '2' in AssimpLoader.obj
assimp-vc142-mt.lib(FBXNodeAttribute.obj) : error LNK2038: mismatch detected for 'RuntimeLibrary': value 'MD_DynamicRelease' doesn't match value 'MDd_DynamicDebug' in AssimpLoader.obj
assimp-vc142-mt.lib(FBXModel.obj) : error LNK2038: mismatch detected for '_ITERATOR_DEBUG_LEVEL': value '0' doesn't match value '2' in AssimpLoader.obj
assimp-vc142-mt.lib(FBXModel.obj) : error LNK2038: mismatch detected for 'RuntimeLibrary': value 'MD_DynamicRelease' doesn't match value 'MDd_DynamicDebug' in AssimpLoader.obj
assimp-vc142-mt.lib(FBXMaterial.obj) : error LNK2038: mismatch detected for '_ITERATOR_DEBUG_LEVEL': value '0' doesn't match value '2' in AssimpLoader.obj
assimp-vc142-mt.lib(FBXMaterial.obj) : error LNK2038: mismatch detected for 'RuntimeLibrary': value 'MD_DynamicRelease' doesn't match value 'MDd_DynamicDebug' in AssimpLoader.obj
assimp-vc142-mt.lib(FBXAnimation.obj) : error LNK2038: mismatch detected for '_ITERATOR_DEBUG_LEVEL': value '0' doesn't match value '2' in AssimpLoader.obj
assimp-vc142-mt.lib(FBXAnimation.obj) : error LNK2038: mismatch detected for 'RuntimeLibrary': value 'MD_DynamicRelease' doesn't match value 'MDd_DynamicDebug' in AssimpLoader.obj
assimp-vc142-mt.lib(FBXDeformer.obj) : error LNK2038: mismatch detected for '_ITERATOR_DEBUG_LEVEL': value '0' doesn't match value '2' in AssimpLoader.obj
assimp-vc142-mt.lib(FBXDeformer.obj) : error LNK2038: mismatch detected for 'RuntimeLibrary': value 'MD_DynamicRelease' doesn't match value 'MDd_DynamicDebug' in AssimpLoader.obj
assimp-vc142-mt.lib(FBXMeshGeometry.obj) : error LNK2038: mismatch detected for '_ITERATOR_DEBUG_LEVEL': value '0' doesn't match value '2' in AssimpLoader.obj
assimp-vc142-mt.lib(FBXMeshGeometry.obj) : error LNK2038: mismatch detected for 'RuntimeLibrary': value 'MD_DynamicRelease' doesn't match value 'MDd_DynamicDebug' in AssimpLoader.obj
assimp-vc142-mt.lib(X3DImporter_Geometry2D.obj) : error LNK2038: mismatch detected for '_ITERATOR_DEBUG_LEVEL': value '0' doesn't match value '2' in AssimpLoader.obj
assimp-vc142-mt.lib(X3DImporter_Geometry2D.obj) : error LNK2038: mismatch detected for 'RuntimeLibrary': value 'MD_DynamicRelease' doesn't match value 'MDd_DynamicDebug' in AssimpLoader.obj
assimp-vc142-mt.lib(X3DImporter_Geometry3D.obj) : error LNK2038: mismatch detected for '_ITERATOR_DEBUG_LEVEL': value '0' doesn't match value '2' in AssimpLoader.obj
assimp-vc142-mt.lib(X3DImporter_Geometry3D.obj) : error LNK2038: mismatch detected for 'RuntimeLibrary': value 'MD_DynamicRelease' doesn't match value 'MDd_DynamicDebug' in AssimpLoader.obj
assimp-vc142-mt.lib(X3DImporter_Rendering.obj) : error LNK2038: mismatch detected for '_ITERATOR_DEBUG_LEVEL': value '0' doesn't match value '2' in AssimpLoader.obj
assimp-vc142-mt.lib(X3DImporter_Rendering.obj) : error LNK2038: mismatch detected for 'RuntimeLibrary': value 'MD_DynamicRelease' doesn't match value 'MDd_DynamicDebug' in AssimpLoader.obj
assimp-vc142-mt.lib(X3DImporter_Texturing.obj) : error LNK2038: mismatch detected for '_ITERATOR_DEBUG_LEVEL': value '0' doesn't match value '2' in AssimpLoader.obj
assimp-vc142-mt.lib(X3DImporter_Texturing.obj) : error LNK2038: mismatch detected for 'RuntimeLibrary': value 'MD_DynamicRelease' doesn't match value 'MDd_DynamicDebug' in AssimpLoader.obj
assimp-vc142-mt.lib(cdt.obj) : error LNK2038: mismatch detected for '_ITERATOR_DEBUG_LEVEL': value '0' doesn't match value '2' in AssimpLoader.obj
assimp-vc142-mt.lib(cdt.obj) : error LNK2038: mismatch detected for 'RuntimeLibrary': value 'MD_DynamicRelease' doesn't match value 'MDd_DynamicDebug' in AssimpLoader.obj
assimp-vc142-mt.lib(clipper.obj) : error LNK2038: mismatch detected for '_ITERATOR_DEBUG_LEVEL': value '0' doesn't match value '2' in AssimpLoader.obj
assimp-vc142-mt.lib(clipper.obj) : error LNK2038: mismatch detected for 'RuntimeLibrary': value 'MD_DynamicRelease' doesn't match value 'MDd_DynamicDebug' in AssimpLoader.obj
assimp-vc142-mt.lib(sweep_context.obj) : error LNK2038: mismatch detected for '_ITERATOR_DEBUG_LEVEL': value '0' doesn't match value '2' in AssimpLoader.obj
assimp-vc142-mt.lib(sweep_context.obj) : error LNK2038: mismatch detected for 'RuntimeLibrary': value 'MD_DynamicRelease' doesn't match value 'MDd_DynamicDebug' in AssimpLoader.obj
assimp-vc142-mt.lib(sweep.obj) : error LNK2038: mismatch detected for '_ITERATOR_DEBUG_LEVEL': value '0' doesn't match value '2' in AssimpLoader.obj
assimp-vc142-mt.lib(sweep.obj) : error LNK2038: mismatch detected for 'RuntimeLibrary': value 'MD_DynamicRelease' doesn't match value 'MDd_DynamicDebug' in AssimpLoader.obj
assimp-vc142-mt.lib(shapes.obj) : error LNK2038: mismatch detected for '_ITERATOR_DEBUG_LEVEL': value '0' doesn't match value '2' in AssimpLoader.obj
assimp-vc142-mt.lib(shapes.obj) : error LNK2038: mismatch detected for 'RuntimeLibrary': value 'MD_DynamicRelease' doesn't match value 'MDd_DynamicDebug' in AssimpLoader.obj
assimp-vc142-mt.lib(advancing_front.obj) : error LNK2038: mismatch detected for '_ITERATOR_DEBUG_LEVEL': value '0' doesn't match value '2' in AssimpLoader.obj
assimp-vc142-mt.lib(advancing_front.obj) : error LNK2038: mismatch detected for 'RuntimeLibrary': value 'MD_DynamicRelease' doesn't match value 'MDd_DynamicDebug' in AssimpLoader.obj
IrrXML.lib(irrXML.obj) : error LNK2038: mismatch detected for '_ITERATOR_DEBUG_LEVEL': value '0' doesn't match value '2' in AssimpLoader.obj
IrrXML.lib(irrXML.obj) : error LNK2038: mismatch detected for 'RuntimeLibrary': value 'MD_DynamicRelease' doesn't match value 'MDd_DynamicDebug' in AssimpLoader.obj
     Creating library C:/Hooman/GBC/GAME3121/ogre/build/lib/Debug/Codec_Assimp_d.lib and object C:/Hooman/GBC/GAME3121/ogre/build/lib/Debug/Codec_Assimp_d.exp
LINK : warning LNK4098: defaultlib 'MSVCRT' conflicts with use of other libs; use /NODEFAULTLIB:library
C:\Hooman\GBC\GAME3121\ogre\build\bin\Debug\Codec_Assimp_d.dll : fatal error LNK1319: 346 mismatches detected
