  OgreAdvancedRenderControls.cpp
  OgreApplicationContextBase.cpp
  OgreBitesConfigDialog.cpp
  OgreCameraMan.cpp
  OgreSGTechniqueResolverListener.cpp
  OgreStaticPluginLoader.cpp
  OgreTrays.cpp
  OgreWindowEventUtilities.cpp
  OgreApplicationContextSDL.cpp
  OgreWIN32ConfigDialog.cpp
C:\Hooman\GBC\GAME3121\Course Materials\GameEngineDevelopment\ogre-sdk-v2.1\Components\Bites\src\OgreCameraMan.cpp(199,91): warning C4244: 'argument': conversion from 'const int' to 'T', possible loss of data
          with
          [
              T=Ogre::Real
          ]
C:\Hooman\GBC\GAME3121\Course Materials\GameEngineDevelopment\ogre-sdk-v2.1\Components\Bites\src\OgreCameraMan.cpp(199,77): warning C4244: 'argument': conversion from 'const int' to 'T', possible loss of data
          with
          [
              T=Ogre::Real
          ]
C:\Hooman\GBC\GAME3121\Course Materials\GameEngineDevelopment\ogre-sdk-v2.1\Components\Bites\src\OgreTrays.cpp(93,26): warning C4244: 'return': conversion from 'unsigned int' to 'Ogre::Real', possible loss of data
C:\Hooman\GBC\GAME3121\Course Materials\GameEngineDevelopment\ogre-sdk-v2.1\Components\Bites\src\OgreTrays.cpp(323,44): warning C4244: 'argument': conversion from 'int' to 'Ogre::Real', possible loss of data
C:\Hooman\GBC\GAME3121\Course Materials\GameEngineDevelopment\ogre-sdk-v2.1\Components\Bites\src\OgreTrays.cpp(342,53): warning C4244: 'argument': conversion from 'T' to 'Ogre::Real', possible loss of data
          with
          [
              T=int
          ]
C:\Hooman\GBC\GAME3121\Course Materials\GameEngineDevelopment\ogre-sdk-v2.1\Components\Bites\src\OgreTrays.cpp(357,53): warning C4244: 'argument': conversion from 'T' to 'Ogre::Real', possible loss of data
          with
          [
              T=int
          ]
C:\Hooman\GBC\GAME3121\Course Materials\GameEngineDevelopment\ogre-sdk-v2.1\Components\Bites\src\OgreTrays.cpp(600,61): warning C4244: 'argument': conversion from 'T' to 'Ogre::Real', possible loss of data
          with
          [
              T=int
          ]
C:\Hooman\GBC\GAME3121\Course Materials\GameEngineDevelopment\ogre-sdk-v2.1\Components\Bites\src\OgreTrays.cpp(657,75): warning C4244: 'argument': conversion from 'int' to 'Ogre::Real', possible loss of data
C:\Hooman\GBC\GAME3121\Course Materials\GameEngineDevelopment\ogre-sdk-v2.1\Components\Bites\src\OgreTrays.cpp(675,57): warning C4244: 'argument': conversion from 'T' to 'Ogre::Real', possible loss of data
          with
          [
              T=int
          ]
C:\Hooman\GBC\GAME3121\Course Materials\GameEngineDevelopment\ogre-sdk-v2.1\Components\Bites\src\OgreTrays.cpp(686,66): warning C4244: 'argument': conversion from 'int' to 'Ogre::Real', possible loss of data
C:\Hooman\GBC\GAME3121\Course Materials\GameEngineDevelopment\ogre-sdk-v2.1\Components\Bites\src\OgreTrays.cpp(870,91): warning C4244: 'argument': conversion from 'int' to 'Ogre::Real', possible loss of data
C:\Hooman\GBC\GAME3121\Course Materials\GameEngineDevelopment\ogre-sdk-v2.1\Components\Bites\src\OgreTrays.cpp(898,48): warning C4244: 'argument': conversion from 'T' to 'Ogre::Real', possible loss of data
          with
          [
              T=int
          ]
C:\Hooman\GBC\GAME3121\Course Materials\GameEngineDevelopment\ogre-sdk-v2.1\Components\Bites\src\OgreTrays.cpp(908,79): warning C4244: 'argument': conversion from 'int' to 'Ogre::Real', possible loss of data
C:\Hooman\GBC\GAME3121\Course Materials\GameEngineDevelopment\ogre-sdk-v2.1\Components\Bites\src\OgreTrays.cpp(921,48): warning C4244: 'argument': conversion from 'T' to 'Ogre::Real', possible loss of data
          with
          [
              T=int
          ]
C:\Hooman\GBC\GAME3121\Course Materials\GameEngineDevelopment\ogre-sdk-v2.1\Components\Bites\src\OgreTrays.cpp(1125,34): warning C4244: 'argument': conversion from 'const _Ty' to 'Ogre::Real', possible loss of data
          with
          [
              _Ty=int
          ]
C:\Hooman\GBC\GAME3121\Course Materials\GameEngineDevelopment\ogre-sdk-v2.1\Components\Bites\src\OgreTrays.cpp(1135,46): warning C4146: unary minus operator applied to unsigned type, result still unsigned
C:\Hooman\GBC\GAME3121\Course Materials\GameEngineDevelopment\ogre-sdk-v2.1\Components\Bites\src\OgreTrays.cpp(1323,35): warning C4244: '=': conversion from 'const _Ty' to 'Ogre::Real', possible loss of data
          with
          [
              _Ty=int
          ]
C:\Hooman\GBC\GAME3121\Course Materials\GameEngineDevelopment\ogre-sdk-v2.1\Components\Bites\src\OgreTrays.cpp(1329,35): warning C4244: '=': conversion from 'const _Ty' to 'Ogre::Real', possible loss of data
          with
          [
              _Ty=int
          ]
C:\Hooman\GBC\GAME3121\Course Materials\GameEngineDevelopment\ogre-sdk-v2.1\Components\Bites\src\OgreTrays.cpp(1335,33): warning C4244: '=': conversion from 'const _Ty' to 'Ogre::Real', possible loss of data
          with
          [
              _Ty=int
          ]
C:\Hooman\GBC\GAME3121\Course Materials\GameEngineDevelopment\ogre-sdk-v2.1\Components\Bites\src\OgreTrays.cpp(1377,61): warning C4244: 'argument': conversion from 'int' to 'Ogre::Real', possible loss of data
C:\Hooman\GBC\GAME3121\Course Materials\GameEngineDevelopment\ogre-sdk-v2.1\Components\Bites\src\OgreTrays.cpp(1377,43): warning C4244: 'argument': conversion from 'int' to 'Ogre::Real', possible loss of data
C:\Hooman\GBC\GAME3121\Course Materials\GameEngineDevelopment\ogre-sdk-v2.1\Components\Bites\src\OgreTrays.cpp(1378,67): warning C4244: 'argument': conversion from 'int' to 'Ogre::Real', possible loss of data
C:\Hooman\GBC\GAME3121\Course Materials\GameEngineDevelopment\ogre-sdk-v2.1\Components\Bites\src\OgreTrays.cpp(1378,46): warning C4244: 'argument': conversion from 'int' to 'Ogre::Real', possible loss of data
C:\Hooman\GBC\GAME3121\Course Materials\GameEngineDevelopment\ogre-sdk-v2.1\Components\Bites\src\OgreTrays.cpp(1404,45): warning C4244: 'argument': conversion from 'int' to 'Ogre::Real', possible loss of data
C:\Hooman\GBC\GAME3121\Course Materials\GameEngineDevelopment\ogre-sdk-v2.1\Components\Bites\src\OgreTrays.cpp(1405,39): warning C4244: 'argument': conversion from 'int' to 'Ogre::Real', possible loss of data
C:\Hooman\GBC\GAME3121\Course Materials\GameEngineDevelopment\ogre-sdk-v2.1\Components\Bites\src\OgreTrays.cpp(1426,81): warning C4244: 'argument': conversion from 'int' to 'Ogre::Real', possible loss of data
C:\Hooman\GBC\GAME3121\Course Materials\GameEngineDevelopment\ogre-sdk-v2.1\Components\Bites\src\OgreTrays.cpp(1426,55): warning C4244: 'argument': conversion from 'int' to 'Ogre::Real', possible loss of data
C:\Hooman\GBC\GAME3121\Course Materials\GameEngineDevelopment\ogre-sdk-v2.1\Components\Bites\src\OgreTrays.cpp(1427,87): warning C4244: 'argument': conversion from 'int' to 'Ogre::Real', possible loss of data
C:\Hooman\GBC\GAME3121\Course Materials\GameEngineDevelopment\ogre-sdk-v2.1\Components\Bites\src\OgreTrays.cpp(1427,58): warning C4244: 'argument': conversion from 'int' to 'Ogre::Real', possible loss of data
C:\Hooman\GBC\GAME3121\Course Materials\GameEngineDevelopment\ogre-sdk-v2.1\Components\Bites\src\OgreTrays.cpp(1828,36): warning C4267: '+=': conversion from 'size_t' to 'unsigned int', possible loss of data
C:\Hooman\GBC\GAME3121\Course Materials\GameEngineDevelopment\ogre-sdk-v2.1\Components\Bites\src\OgreTrays.cpp(1934,31): warning C4244: 'initializing': conversion from 'uint64_t' to 'unsigned long', possible loss of data
C:\Hooman\GBC\GAME3121\Course Materials\GameEngineDevelopment\ogre-sdk-v2.1\Components\Bites\src\OgreTrays.cpp(1980,31): warning C4244: 'initializing': conversion from 'uint64_t' to 'unsigned long', possible loss of data
C:\Hooman\GBC\GAME3121\Course Materials\GameEngineDevelopment\ogre-sdk-v2.1\Components\Bites\src\OgreTrays.cpp(2138,42): warning C4244: 'argument': conversion from 'const int' to 'T', possible loss of data
          with
          [
              T=Ogre::Real
          ]
C:\Hooman\GBC\GAME3121\Course Materials\GameEngineDevelopment\ogre-sdk-v2.1\Components\Bites\src\OgreTrays.cpp(2138,35): warning C4244: 'argument': conversion from 'const int' to 'T', possible loss of data
          with
          [
              T=Ogre::Real
          ]
C:\Hooman\GBC\GAME3121\Course Materials\GameEngineDevelopment\ogre-sdk-v2.1\Components\Bites\src\OgreTrays.cpp(2190,54): warning C4244: 'argument': conversion from 'unsigned int' to 'Ogre::Real', possible loss of data
C:\Hooman\GBC\GAME3121\Course Materials\GameEngineDevelopment\ogre-sdk-v2.1\Components\Bites\src\OgreTrays.cpp(2189,55): warning C4244: 'argument': conversion from 'unsigned int' to 'Ogre::Real', possible loss of data
C:\Hooman\GBC\GAME3121\Course Materials\GameEngineDevelopment\ogre-sdk-v2.1\Components\Bites\src\SDLInputMapping.h(67,46): warning C4244: '=': conversion from 'const SDL_FingerID' to 'int', possible loss of data (compiling source file C:\Hooman\GBC\GAME3121\Course Materials\GameEngineDevelopment\ogre-sdk-v2.1\Components\Bites\src\OgreApplicationContextSDL.cpp)
C:\Hooman\GBC\GAME3121\Course Materials\GameEngineDevelopment\ogre-sdk-v2.1\Components\Bites\src\OgreWIN32ConfigDialog.cpp(163,34): warning C4244: '=': conversion from 'LRESULT' to 'int', possible loss of data
C:\Hooman\GBC\GAME3121\Course Materials\GameEngineDevelopment\ogre-sdk-v2.1\Components\Bites\src\OgreWIN32ConfigDialog.cpp(170,38): warning C4244: '=': conversion from 'LRESULT' to 'int', possible loss of data
C:\Hooman\GBC\GAME3121\Course Materials\GameEngineDevelopment\ogre-sdk-v2.1\Components\Bites\src\OgreWIN32ConfigDialog.cpp(202,38): warning C4244: '=': conversion from 'LRESULT' to 'int', possible loss of data
C:\Hooman\GBC\GAME3121\Course Materials\GameEngineDevelopment\ogre-sdk-v2.1\Components\Bites\src\OgreWIN32ConfigDialog.cpp(238,38): warning C4244: '=': conversion from 'LRESULT' to 'int', possible loss of data
C:\Hooman\GBC\GAME3121\Course Materials\GameEngineDevelopment\ogre-sdk-v2.1\Components\Bites\src\OgreWIN32ConfigDialog.cpp(245,38): warning C4244: '=': conversion from 'LRESULT' to 'int', possible loss of data
C:\Hooman\GBC\GAME3121\Course Materials\GameEngineDevelopment\ogre-sdk-v2.1\Components\Bites\src\OgreWIN32ConfigDialog.cpp(327,13): warning C4244: '=': conversion from 'INT_PTR' to 'int', possible loss of data
     Creating library C:/Hooman/GBC/GAME3121/Course Materials/GameEngineDevelopment/ogre-sdk-v2.1/build/lib/Debug/OgreBites_d.lib and object C:/Hooman/GBC/GAME3121/Course Materials/GameEngineDevelopment/ogre-sdk-v2.1/build/lib/Debug/OgreBites_d.exp
  OgreBites.vcxproj -> C:\Hooman\GBC\GAME3121\Course Materials\GameEngineDevelopment\ogre-sdk-v2.1\build\bin\Debug\OgreBites_d.dll

Project Performance Summary:
        0 ms  C:\Hooman\GBC\GAME3121\Course Materials\GameEngineDevelopment\ogre-sdk-v2.1\build\OgreMain\OgreMain.vcxproj   4 calls
                  0 ms  GetTargetPath                              1 calls
                  0 ms  GetNativeManifest                          1 calls
                  0 ms  GetResolvedLinkLibs                        1 calls
                  0 ms  GetCopyToOutputDirectoryItems              1 calls
        3 ms  C:\Hooman\GBC\GAME3121\Course Materials\GameEngineDevelopment\ogre-sdk-v2.1\build\Components\RTShaderSystem\OgreRTShaderSystem.vcxproj   4 calls
                  0 ms  GetTargetPath                              1 calls
                  2 ms  GetNativeManifest                          1 calls
                  1 ms  GetResolvedLinkLibs                        1 calls
                  0 ms  GetCopyToOutputDirectoryItems              1 calls
        3 ms  C:\Hooman\GBC\GAME3121\Course Materials\GameEngineDevelopment\ogre-sdk-v2.1\build\Components\Overlay\OgreOverlay.vcxproj   4 calls
                  1 ms  GetTargetPath                              1 calls
                  1 ms  GetNativeManifest                          1 calls
                  0 ms  GetResolvedLinkLibs                        1 calls
                  1 ms  GetCopyToOutputDirectoryItems              1 calls
    20773 ms  C:\Hooman\GBC\GAME3121\Course Materials\GameEngineDevelopment\ogre-sdk-v2.1\build\Components\Bites\OgreBites.vcxproj   1 calls
              20773 ms  Rebuild                                    1 calls

Target Performance Summary:
        0 ms  _CheckForInvalidConfigurationAndPlatform   1 calls
        0 ms  DoLinkOutputFilesMatch                     1 calls
        0 ms  PrepareResourceNames                       1 calls
        0 ms  CreateCustomManifestResourceNames          1 calls
        0 ms  SplitResourcesByCulture                    1 calls
        0 ms  AssignTargetPaths                          1 calls
        0 ms  ComputeManifestInputsTargets               1 calls
        0 ms  ComputeReferenceLinkInputs                 1 calls
        0 ms  ComputeResolveLinkObj                      1 calls
        0 ms  ComputeLinkInputsFromProject               1 calls
        0 ms  ComputeCLGeneratedLinkInputs               1 calls
        0 ms  ComputeManifestGeneratedLinkerInputs       1 calls
        0 ms  ComputeRCGeneratedLinkInputs               1 calls
        0 ms  ComputeRCOutputs                           1 calls
        0 ms  BeforeLink                                 1 calls
        0 ms  ComputeLegacyManifestEmbedding             1 calls
        0 ms  BuildLinkTraverse                          1 calls
        0 ms  BuildCompile                               1 calls
        0 ms  _BuildCompileAction                        1 calls
        0 ms  AfterBuildCompileEvent                     1 calls
        0 ms  _ResourceCompile                           1 calls
        0 ms  AfterResourceCompile                       1 calls
        0 ms  GetResolvedLinkLibs                        2 calls
        0 ms  SelectResourceCompile                      1 calls
        0 ms  AfterRebuild                               1 calls
        0 ms  BeforeResourceCompile                      1 calls
        0 ms  _ClCompile                                 1 calls
        0 ms  AfterClCompile                             1 calls
        0 ms  PreLinkEvent                               1 calls
        0 ms  AfterLink                                  1 calls
        0 ms  _Link                                      1 calls
        0 ms  _ALink                                     1 calls
        0 ms  Build                                      1 calls
        0 ms  IncrementalClean                           1 calls
        0 ms  AfterBuild                                 1 calls
        0 ms  BuildLink                                  1 calls
        0 ms  _BuildLinkAction                           1 calls
        0 ms  PostBuildEvent                             1 calls
        0 ms  PrepareForRun                              1 calls
        0 ms  CopyFilesToOutputDirectory                 1 calls
        0 ms  _CopySourceItemsToOutputDirectory          1 calls
        0 ms  _GetCopyToOutputDirectoryItemsFromThisProject   1 calls
        0 ms  GetCopyToOutputDirectoryXamlAppDefs        1 calls
        0 ms  _PopulateCommonStateForGetCopyToOutputDirectoryItems   1 calls
        0 ms  _Deploy                                    1 calls
        0 ms  SelectClCompile                            1 calls
        0 ms  _Appverifier                               1 calls
        0 ms  _GenerateSatelliteAssemblyInputs           1 calls
        0 ms  MakeDirsForFxc                             1 calls
        0 ms  SatelliteDllsProjectOutputGroup            1 calls
        0 ms  BuiltProjectOutputGroup                    1 calls
        0 ms  _BscMake                                   1 calls
        0 ms  MakeDirsForBscMake                         1 calls
        0 ms  ComputeCLCompileGeneratedSbrFiles          1 calls
        0 ms  _XdcMake                                   1 calls
        0 ms  MakeDirsForXdcMake                         1 calls
        0 ms  ComputeCLCompileGeneratedXDCFiles          1 calls
        0 ms  ResolvedXDCMake                            1 calls
        0 ms  RegisterOutput                             1 calls
        0 ms  _Manifest                                  1 calls
        0 ms  CreateSatelliteAssemblies                  1 calls
        0 ms  MakeDirsForCl                              1 calls
        0 ms  MakeDirsForResourceCompile                 1 calls
        0 ms  Rebuild                                    1 calls
        0 ms  ResolveAssemblyReferences                  1 calls
        0 ms  ExpandSDKReferences                        1 calls
        0 ms  ResolveSDKReferences                       1 calls
        0 ms  SetCABuildNativeEnvironmentVariables       1 calls
        0 ms  PrepareProjectReferences                   1 calls
        0 ms  CleanReferencedProjects                    1 calls
        0 ms  CleanPublishFolder                         1 calls
        0 ms  ComputeReferenceCLInput                    1 calls
        0 ms  GetResolvedWinMD                           1 calls
        0 ms  SetBuildDefaultEnvironmentVariables        1 calls
        0 ms  GetReferenceAssemblyPaths                  1 calls
        0 ms  AfterClean                                 1 calls
        0 ms  BeforeCppClean                             1 calls
        0 ms  GetTargetPath                              2 calls
        0 ms  GetTargetPathWithTargetPlatformMoniker     2 calls
        0 ms  AfterCppClean                              1 calls
        0 ms  _RemoveNameMetadataFromProjectReferenceItems   1 calls
        0 ms  BeforeResolveReferences                    1 calls
        0 ms  _PrepareForReferenceResolution             1 calls
        0 ms  _PrepareForBuild                           1 calls
        0 ms  Clean                                      1 calls
        0 ms  CppClean                                   1 calls
        0 ms  PGInstrumentedClean                        1 calls
        0 ms  AfterResolveReferences                     1 calls
        0 ms  _SplitProjectReferencesByFileExistence     1 calls
        0 ms  ResolveReferences                          1 calls
        0 ms  BuildGenerateSourcesTraverse               1 calls
        0 ms  FindReferenceAssembliesForReferences       1 calls
        0 ms  ComputeCLInputPDBName                      1 calls
        0 ms  _PrepareForRebuild                         1 calls
        0 ms  BeforeClCompile                            1 calls
        0 ms  BuildCompileTraverse                       1 calls
        0 ms  BuildGenerateSources                       1 calls
        0 ms  _BuildGenerateSourcesAction                1 calls
        0 ms  AfterBuildGenerateSourcesEvent             1 calls
        0 ms  AfterBuildGenerateSources                  1 calls
        0 ms  _Midl                                      1 calls
        0 ms  AfterMidl                                  1 calls
        0 ms  BeforeClean                                1 calls
        0 ms  ComputeMIDLGeneratedCompileInputs          1 calls
        0 ms  _Xsd                                       1 calls
        0 ms  CustomBuild                                1 calls
        0 ms  BeforeRebuild                              1 calls
        0 ms  SelectCustomBuild                          1 calls
        0 ms  _SelectedFiles                             1 calls
        0 ms  PreBuildEvent                              1 calls
        0 ms  _PrepareForClean                           1 calls
        0 ms  BeforeBuildGenerateSources                 1 calls
        0 ms  MakeDirsForMidl                            1 calls
        1 ms  _CheckForCompileOutputs                    1 calls
        1 ms  MakeDirsForLink                            1 calls
        1 ms  CopyFileToFolders                          1 calls
        1 ms  _CleanGetCurrentAndPriorFileWrites         1 calls
        1 ms  ContentFilesProjectOutputGroup             1 calls
        1 ms  FinalizeBuildStatus                        1 calls
        1 ms  CreateRecipeFile                           1 calls
        1 ms  WarnCompileDuplicatedFilename              1 calls
        1 ms  ComputeCustomBuildOutput                   1 calls
        1 ms  ComputeCLOutputs                           1 calls
        1 ms  _CheckWindowsSDKInstalled                  1 calls
        1 ms  CoreClean                                  1 calls
        1 ms  ComputeLinkSwitches                        1 calls
        1 ms  FixupCLCompileOptions                      1 calls
        1 ms  _GetProjectReferenceTargetFrameworkProperties   1 calls
        1 ms  AssignProjectConfiguration                 1 calls
        1 ms  GetFrameworkPaths                          1 calls
        1 ms  SetTelemetryEnvironmentVariables           1 calls
        2 ms  ComputeLinkImportLibraryOutputsForClean    1 calls
        3 ms  InitializeBuildStatus                      1 calls
        3 ms  GetNativeManifest                          2 calls
        3 ms  PrepareForBuild                            1 calls
       26 ms  CoreCppClean                               1 calls
      264 ms  ResolveProjectReferences                   1 calls
      635 ms  ResolvedLinkLib                            1 calls
     1465 ms  Link                                       1 calls
     3997 ms  ResourceCompile                            1 calls
     5632 ms  _GetCopyToOutputDirectoryItemsFromTransitiveProjectReferences   1 calls
     5632 ms  GetCopyToOutputDirectoryItems              1 calls
     8724 ms  ClCompile                                  1 calls

Task Performance Summary:
        0 ms  Message                                    3 calls
        0 ms  CreateItem                                 2 calls
        0 ms  AssignCulture                              1 calls
        0 ms  AssignTargetPath                           7 calls
        0 ms  CheckVCToolsetVersion                      1 calls
        0 ms  ResolveNonMSBuildProjectOutput             1 calls
        0 ms  AssignProjectConfiguration                 1 calls
        0 ms  ConvertToAbsolutePath                      1 calls
        0 ms  RemoveDuplicates                           3 calls
        0 ms  ReadLinesFromFile                          3 calls
        0 ms  Delete                                     7 calls
        1 ms  FindUnderPath                              7 calls
        1 ms  GetOutOfDateItems                          3 calls
        1 ms  GenerateDesktopDeployRecipe                1 calls
        1 ms  MakeDir                                   12 calls
        1 ms  SetEnv                                     8 calls
        2 ms  Touch                                      2 calls
        6 ms  WriteLinesToFile                           4 calls
       25 ms  CppClean                                   1 calls
     1464 ms  Link                                       1 calls
     3996 ms  RC                                         1 calls
     5632 ms  CallTarget                                 2 calls
     6532 ms  MSBuild                                    4 calls
     8718 ms  CL                                         1 calls
