  cmake_pch.cxx
C:\Hooman\GBC\GAME3121\ogre\OgreMain\include\OgreRenderSystem.h(962,1): warning C4267: 'argument': conversion from 'size_t' to 'const T', possible loss of data
          with
          [
              T=long
          ]
  OgreASTCCodec.cpp
  OgreAlignedAllocator.cpp
  OgreAnimable.cpp
  OgreAnimation.cpp
  OgreAnimationState.cpp
  OgreAnimationTrack.cpp
  OgreArchive.cpp
  OgreArchiveManager.cpp
  OgreAutoParamDataSource.cpp
  OgreAxisAlignedBox.cpp
  OgreBillboard.cpp
  OgreBillboardChain.cpp
  OgreBillboardParticleRenderer.cpp
  OgreBillboardSet.cpp
  OgreBone.cpp
  OgreCamera.cpp
  OgreCodec.cpp
  OgreColourValue.cpp
  OgreCommon.cpp
  OgreCompositionPass.cpp
  OgreCompositionTargetPass.cpp
  OgreCompositionTechnique.cpp
  OgreCompositor.cpp
  OgreCompositorChain.cpp
  OgreCompositorInstance.cpp
  OgreCompositorManager.cpp
  OgreConfigFile.cpp
  OgreControllerManager.cpp
  OgreConvexBody.cpp
C:\Hooman\GBC\GAME3121\ogre\OgreMain\src\OgreCompositorInstance.cpp(706,85): warning C4244: '=': conversion from 'float' to 'Ogre::uint32', possible loss of data
C:\Hooman\GBC\GAME3121\ogre\OgreMain\src\OgreCompositorInstance.cpp(711,87): warning C4244: '=': conversion from 'float' to 'Ogre::uint32', possible loss of data
  OgreDataStream.cpp
  OgreDefaultHardwareBufferManager.cpp
  OgreDefaultSceneQueries.cpp
  OgreDeflate.cpp
  OgreDepthBuffer.cpp
C:\Hooman\GBC\GAME3121\ogre\OgreMain\src\OgreDeflate.cpp(409,34): warning C4267: 'argument': conversion from 'size_t' to 'long', possible loss of data
  OgreDistanceLodStrategy.cpp
  OgreDualQuaternion.cpp
  OgreDynLib.cpp
  OgreDynLibManager.cpp
  OgreEdgeListBuilder.cpp
  OgreEntity.cpp
  OgreException.cpp
  OgreExternalTextureSource.cpp
  OgreExternalTextureSourceManager.cpp
  OgreFrustum.cpp
  OgreGpuProgram.cpp
  OgreGpuProgramManager.cpp
  OgreGpuProgramParams.cpp
  OgreGpuProgramUsage.cpp
  OgreHardwareBufferManager.cpp
  OgreHardwareIndexBuffer.cpp
  OgreHardwareOcclusionQuery.cpp
  OgreHardwarePixelBuffer.cpp
  OgreHardwareUniformBuffer.cpp
  OgreHardwareVertexBuffer.cpp
  OgreHighLevelGpuProgram.cpp
  OgreHighLevelGpuProgramManager.cpp
  OgreImage.cpp
  OgreInstanceBatch.cpp
  OgreInstanceBatchHW.cpp
  OgreInstanceBatchHW_VTF.cpp
  OgreInstanceBatchShader.cpp
  OgreInstanceBatchVTF.cpp
  OgreInstanceManager.cpp
  OgreInstancedEntity.cpp
  OgreKeyFrame.cpp
  OgreLight.cpp
  OgreLodStrategy.cpp
  OgreLodStrategyManager.cpp
  OgreLog.cpp
  OgreLogManager.cpp
  OgreManualObject.cpp
  OgreMaterial.cpp
  OgreMaterialManager.cpp
  OgreMaterialSerializer.cpp
  OgreMath.cpp
  OgreMatrix3.cpp
  OgreMatrix4.cpp
  OgreMesh.cpp
  OgreMeshManager.cpp
  OgreMeshSerializer.cpp
  OgreMeshSerializerImpl.cpp
  OgreMovableObject.cpp
  OgreMovablePlane.cpp
  OgreMurmurHash3.cpp
  OgreNode.cpp
C:\Hooman\GBC\GAME3121\ogre\OgreMain\src\OgreMesh.cpp(1335,45): warning C4244: 'initializing': conversion from '__int64' to 'unsigned short', possible loss of data
C:\Hooman\GBC\GAME3121\ogre\OgreMain\src\OgreMurmurHash3.cpp(100,30): warning C4267: 'initializing': conversion from 'size_t' to 'int', possible loss of data
C:\Hooman\GBC\GAME3121\ogre\OgreMain\src\OgreMurmurHash3.cpp(100,30): warning C4267: 'initializing': conversion from 'size_t' to 'const int', possible loss of data
C:\Hooman\GBC\GAME3121\ogre\OgreMain\src\OgreMurmurHash3.cpp(156,31): warning C4267: 'initializing': conversion from 'size_t' to 'int', possible loss of data
C:\Hooman\GBC\GAME3121\ogre\OgreMain\src\OgreMurmurHash3.cpp(156,31): warning C4267: 'initializing': conversion from 'size_t' to 'const int', possible loss of data
C:\Hooman\GBC\GAME3121\ogre\OgreMain\src\OgreMurmurHash3.cpp(261,31): warning C4267: 'initializing': conversion from 'size_t' to 'int', possible loss of data
C:\Hooman\GBC\GAME3121\ogre\OgreMain\src\OgreMurmurHash3.cpp(261,31): warning C4267: 'initializing': conversion from 'size_t' to 'const int', possible loss of data
  OgreNumerics.cpp
  OgreOptimisedUtil.cpp
  OgreOptimisedUtilGeneral.cpp
  OgreOptimisedUtilSSE.cpp
  OgreParticle.cpp
  OgreParticleEmitter.cpp
  OgreParticleEmitterCommands.cpp
  OgreParticleIterator.cpp
  OgreParticleSystem.cpp
  OgrePass.cpp
  OgreParticleSystemManager.cpp
  OgrePatchMesh.cpp
  OgrePatchSurface.cpp
C:\Hooman\GBC\GAME3121\ogre\OgreMain\src\OgrePatchSurface.cpp(178,39): warning C4334: '<<': result of 32-bit shift implicitly converted to 64 bits (was 64-bit shift intended?)
C:\Hooman\GBC\GAME3121\ogre\OgreMain\src\OgrePatchSurface.cpp(179,39): warning C4334: '<<': result of 32-bit shift implicitly converted to 64 bits (was 64-bit shift intended?)
C:\Hooman\GBC\GAME3121\ogre\OgreMain\src\OgrePatchSurface.cpp(384,36): warning C4334: '<<': result of 32-bit shift implicitly converted to 64 bits (was 64-bit shift intended?)
C:\Hooman\GBC\GAME3121\ogre\OgreMain\src\OgrePatchSurface.cpp(385,36): warning C4334: '<<': result of 32-bit shift implicitly converted to 64 bits (was 64-bit shift intended?)
  OgrePixelCountLodStrategy.cpp
  OgrePixelFormat.cpp
C:\Hooman\GBC\GAME3121\ogre\OgreMain\src\OgrePixelCountLodStrategy.cpp(122,96): warning C4244: 'return': conversion from 'double' to 'Ogre::Real', possible loss of data
  OgrePlatformInformation.cpp
  OgrePolygon.cpp
  OgrePose.cpp
  OgrePredefinedControllers.cpp
  OgrePrefabFactory.cpp
  OgreProfiler.cpp
  OgreQuaternion.cpp
C:\Hooman\GBC\GAME3121\ogre\OgreMain\src\OgreProfiler.cpp(261,53): warning C4244: '=': conversion from 'uint64_t' to 'Ogre::ulong', possible loss of data
C:\Hooman\GBC\GAME3121\ogre\OgreMain\src\OgreProfiler.cpp(328,54): warning C4244: 'initializing': conversion from 'uint64_t' to 'Ogre::ulong', possible loss of data
C:\Hooman\GBC\GAME3121\ogre\OgreMain\src\OgreProfiler.cpp(328,29): warning C4244: 'initializing': conversion from 'uint64_t' to 'const Ogre::ulong', possible loss of data
  OgreRectangle2D.cpp
  OgreRenderQueue.cpp
C:\Hooman\GBC\GAME3121\ogre\OgreMain\src\OgreRenderQueue.cpp(229,60): warning C4267: 'argument': conversion from 'size_t' to 'Ogre::uint8', possible loss of data
  OgreRenderQueueInvocation.cpp
  OgreRenderQueueSortingGrouping.cpp
  OgreRenderSystem.cpp
  OgreRenderSystemCapabilities.cpp
  OgreRenderSystemCapabilitiesManager.cpp
  OgreRenderSystemCapabilitiesSerializer.cpp
  OgreRenderTarget.cpp
  OgreRenderTexture.cpp
  OgreRenderToVertexBuffer.cpp
C:\Hooman\GBC\GAME3121\ogre\OgreMain\src\OgreRenderTarget.cpp(290,44): warning C4244: '=': conversion from 'uint64_t' to 'unsigned long', possible loss of data
C:\Hooman\GBC\GAME3121\ogre\OgreMain\src\OgreRenderTarget.cpp(298,32): warning C4244: 'initializing': conversion from 'uint64_t' to 'unsigned long', possible loss of data
  OgreRenderWindow.cpp
  OgreRenderable.cpp
  OgreResource.cpp
  OgreResourceBackgroundQueue.cpp
  OgreResourceGroupManager.cpp
  OgreResourceManager.cpp
  OgreRibbonTrail.cpp
  OgreRoot.cpp
  OgreRotationSpline.cpp
  OgreSceneLoaderManager.cpp
  OgreSceneManager.cpp
  OgreSceneManagerEnumerator.cpp
  OgreSceneNode.cpp
C:\Hooman\GBC\GAME3121\ogre\OgreMain\src\OgreSceneLoaderManager.cpp(96,5): warning C4267: 'initializing': conversion from 'size_t' to 'unsigned int', possible loss of data
  OgreSceneQuery.cpp
C:\Hooman\GBC\GAME3121\ogre\OgreMain\src\OgreSceneNode.cpp(366,92): warning C4244: 'argument': conversion from '__int64' to 'unsigned short', possible loss of data
  OgreScriptCompiler.cpp
  OgreScriptLexer.cpp
  OgreScriptParser.cpp
  OgreScriptTranslator.cpp
C:\Hooman\GBC\GAME3121\ogre\OgreMain\src\OgreRoot.cpp(803,27): warning C4244: 'initializing': conversion from 'uint64_t' to 'unsigned long', possible loss of data
C:\Hooman\GBC\GAME3121\ogre\OgreMain\src\OgreRoot.cpp(886,27): warning C4244: 'initializing': conversion from 'uint64_t' to 'unsigned long', possible loss of data
C:\Hooman\GBC\GAME3121\ogre\OgreMain\src\OgreRoot.cpp(895,38): warning C4244: '=': conversion from 'uint64_t' to 'unsigned long', possible loss of data
C:\Hooman\GBC\GAME3121\ogre\OgreMain\src\OgreScriptCompiler.cpp(1673,55): warning C4996: 'Ogre::PreApplyTextureAliasesScriptCompilerEvent::eventType': was declared deprecated
C:\Hooman\GBC\GAME3121\ogre\OgreMain\src\OgreScriptCompiler.cpp(1683,58): warning C4996: 'Ogre::CreateHighLevelGpuProgramScriptCompilerEvent::eventType': was declared deprecated
  OgreSerializer.cpp
  OgreShadowCameraSetup.cpp
  OgreShadowCameraSetupFocused.cpp
C:\Hooman\GBC\GAME3121\ogre\OgreMain\src\OgreSceneManager.cpp(2084,68): warning C4267: 'argument': conversion from 'size_t' to 'const _Ty', possible loss of data
          with
          [
              _Ty=int
          ]
  OgreShadowCameraSetupLiSPSM.cpp
  OgreShadowCameraSetupPSSM.cpp
  OgreShadowCameraSetupPlaneOptimal.cpp
C:\Hooman\GBC\GAME3121\ogre\OgreMain\src\OgreSceneManager.cpp(3097,29): warning C4244: 'argument': conversion from 'double' to 'const T', possible loss of data
          with
          [
              T=long
          ]
C:\Hooman\GBC\GAME3121\ogre\OgreMain\src\OgreSceneManager.cpp(3096,30): warning C4244: 'argument': conversion from 'double' to 'const T', possible loss of data
          with
          [
              T=long
          ]
C:\Hooman\GBC\GAME3121\ogre\OgreMain\src\OgreSceneManager.cpp(3095,29): warning C4244: 'argument': conversion from 'double' to 'const T', possible loss of data
          with
          [
              T=long
          ]
C:\Hooman\GBC\GAME3121\ogre\OgreMain\src\OgreSceneManager.cpp(3094,30): warning C4244: 'argument': conversion from 'double' to 'const T', possible loss of data
          with
          [
              T=long
          ]
C:\Hooman\GBC\GAME3121\ogre\OgreMain\src\OgreSceneManager.cpp(4064,73): warning C4267: 'argument': conversion from 'size_t' to 'const _Ty', possible loss of data
          with
          [
              _Ty=Ogre::ushort
          ]
  OgreShadowCaster.cpp
  OgreShadowRenderer.cpp
  OgreShadowTextureManager.cpp
  OgreShadowVolumeExtrudeProgram.cpp
C:\Hooman\GBC\GAME3121\ogre\OgreMain\src\OgreScriptTranslator.cpp(4971,43): warning C4267: '=': conversion from 'size_t' to 'Ogre::uint32', possible loss of data
C:\Hooman\GBC\GAME3121\ogre\OgreMain\src\OgreScriptTranslator.cpp(4972,45): warning C4267: '=': conversion from 'size_t' to 'Ogre::uint32', possible loss of data
  OgreSimpleRenderable.cpp
  OgreSimpleSpline.cpp
  OgreSkeleton.cpp
  OgreSkeletonInstance.cpp
  OgreSkeletonManager.cpp
  OgreSkeletonSerializer.cpp
  OgreSkyRenderer.cpp
  OgreStaticGeometry.cpp
  OgreStreamSerialiser.cpp
  OgreString.cpp
  OgreStringConverter.cpp
C:\Hooman\GBC\GAME3121\ogre\OgreMain\src\OgreStringConverter.cpp(267,25): warning C4244: '=': conversion from 'unsigned __int64' to 'unsigned long', possible loss of data
  OgreStringInterface.cpp
  OgreSubEntity.cpp
  OgreSubMesh.cpp
  OgreTagPoint.cpp
  OgreTangentSpaceCalc.cpp
  OgreTechnique.cpp
  OgreTexture.cpp
C:\Hooman\GBC\GAME3121\ogre\OgreMain\src\OgreTexture.cpp(196,40): warning C4267: '=': conversion from 'size_t' to 'Ogre::uint32', possible loss of data
C:\Hooman\GBC\GAME3121\ogre\OgreMain\src\OgreTexture.cpp(296,38): warning C4267: '=': conversion from 'size_t' to 'Ogre::uint32', possible loss of data
C:\Hooman\GBC\GAME3121\ogre\OgreMain\src\OgreTexture.cpp(297,41): warning C4267: '=': conversion from 'size_t' to 'Ogre::uint32', possible loss of data
C:\Hooman\GBC\GAME3121\ogre\OgreMain\src\OgreTexture.cpp(421,62): warning C4267: 'initializing': conversion from 'size_t' to 'unsigned long', possible loss of data
  OgreTextureManager.cpp
  OgreTextureUnitState.cpp
  OgreTimer.cpp
  OgreUnifiedHighLevelGpuProgram.cpp
  OgreUserObjectBindings.cpp
  OgreVector.cpp
  OgreVertexIndexData.cpp
  OgreViewport.cpp
  OgreWireBoundingBox.cpp
  OgreWorkQueue.cpp
  OgreDDSCodec.cpp
C:\Hooman\GBC\GAME3121\ogre\OgreMain\src\OgreWorkQueue.cpp(597,31): warning C4244: 'initializing': conversion from 'uint64_t' to 'unsigned long', possible loss of data
C:\Hooman\GBC\GAME3121\ogre\OgreMain\src\OgreWorkQueue.cpp(627,77): warning C4244: '=': conversion from 'uint64_t' to 'unsigned long', possible loss of data
C:\Hooman\GBC\GAME3121\ogre\OgreMain\src\OgreDDSCodec.cpp(396,84): warning C4267: 'argument': conversion from 'size_t' to 'Ogre::uint32', possible loss of data
C:\Hooman\GBC\GAME3121\ogre\OgreMain\src\OgreDDSCodec.cpp(398,76): warning C4267: 'argument': conversion from 'size_t' to 'Ogre::uint32', possible loss of data
  OgreETCCodec.cpp
  OgreFileSystemLayer.cpp
  OgreDefaultWorkQueueStandard.cpp
  OgreFileSystem.cpp
  OgreZip.cpp
C:\Hooman\GBC\GAME3121\ogre\OgreMain\src\OgreZip.cpp(668,19): warning C4267: 'return': conversion from 'size_t' to 'zzip_ssize_t', possible loss of data
C:\Hooman\GBC\GAME3121\ogre\OgreMain\src\OgreZip.cpp(706,22): warning C4267: 'return': conversion from 'size_t' to 'zzip_off_t', possible loss of data
C:\Hooman\GBC\GAME3121\ogre\OgreMain\src\OgreZip.cpp(719,44): warning C4267: 'return': conversion from 'size_t' to 'zzip_off_t', possible loss of data
     Creating library C:/Hooman/GBC/GAME3121/ogre/build/lib/Debug/OgreMain_d.lib and object C:/Hooman/GBC/GAME3121/ogre/build/lib/Debug/OgreMain_d.exp
LINK : warning LNK4098: defaultlib 'MSVCRT' conflicts with use of other libs; use /NODEFAULTLIB:library
  OgreMain.vcxproj -> C:\Hooman\GBC\GAME3121\ogre\build\bin\Debug\OgreMain_d.dll
