c:\hooman\gbc\game3121\course materials\gameenginedevelopment\ogre-sdk-v2.1\build\components\rtshadersystem\ogrertshadersystem.dir\debug\ogrertshadersystem_d.pch
c:\hooman\gbc\game3121\course materials\gameenginedevelopment\ogre-sdk-v2.1\build\components\rtshadersystem\ogrertshadersystem.dir\debug\vc142.pdb
c:\hooman\gbc\game3121\course materials\gameenginedevelopment\ogre-sdk-v2.1\build\components\rtshadersystem\ogrertshadersystem.dir\debug\ogrertshadersystem_pch.obj
c:\hooman\gbc\game3121\course materials\gameenginedevelopment\ogre-sdk-v2.1\build\components\rtshadersystem\ogrertshadersystem.dir\debug\ogreshaderexdualquaternionskinning.obj
c:\hooman\gbc\game3121\course materials\gameenginedevelopment\ogre-sdk-v2.1\build\components\rtshadersystem\ogrertshadersystem.dir\debug\ogreshaderffpfog.obj
c:\hooman\gbc\game3121\course materials\gameenginedevelopment\ogre-sdk-v2.1\build\components\rtshadersystem\ogrertshadersystem.dir\debug\ogreshaderfunctionatom.obj
c:\hooman\gbc\game3121\course materials\gameenginedevelopment\ogre-sdk-v2.1\build\components\rtshadersystem\ogrertshadersystem.dir\debug\ogreshaderhlslprogramwriter.obj
c:\hooman\gbc\game3121\course materials\gameenginedevelopment\ogre-sdk-v2.1\build\components\rtshadersystem\ogrertshadersystem.dir\debug\ogreshaderprogramprocessor.obj
c:\hooman\gbc\game3121\course materials\gameenginedevelopment\ogre-sdk-v2.1\build\components\rtshadersystem\ogrertshadersystem.dir\debug\ogreshaderexhardwareskinning.obj
c:\hooman\gbc\game3121\course materials\gameenginedevelopment\ogre-sdk-v2.1\build\components\rtshadersystem\ogrertshadersystem.dir\debug\ogreshaderextriplanartexturing.obj
c:\hooman\gbc\game3121\course materials\gameenginedevelopment\ogre-sdk-v2.1\build\components\rtshadersystem\ogrertshadersystem.dir\debug\ogreshaderfunction.obj
c:\hooman\gbc\game3121\course materials\gameenginedevelopment\ogre-sdk-v2.1\build\components\rtshadersystem\ogrertshadersystem.dir\debug\ogreshadermaterialserializerlistener.obj
c:\hooman\gbc\game3121\course materials\gameenginedevelopment\ogre-sdk-v2.1\build\components\rtshadersystem\ogrertshadersystem.dir\debug\ogreshaderprogramwritermanager.obj
c:\hooman\gbc\game3121\course materials\gameenginedevelopment\ogre-sdk-v2.1\build\components\rtshadersystem\ogrertshadersystem.dir\debug\ogreshadercgprogramprocessor.obj
c:\hooman\gbc\game3121\course materials\gameenginedevelopment\ogre-sdk-v2.1\build\components\rtshadersystem\ogrertshadersystem.dir\debug\ogreshaderexnormalmaplighting.obj
c:\hooman\gbc\game3121\course materials\gameenginedevelopment\ogre-sdk-v2.1\build\components\rtshadersystem\ogrertshadersystem.dir\debug\ogreshaderexperpixellighting.obj
c:\hooman\gbc\game3121\course materials\gameenginedevelopment\ogre-sdk-v2.1\build\components\rtshadersystem\ogrertshadersystem.dir\debug\ogreshaderffplighting.obj
c:\hooman\gbc\game3121\course materials\gameenginedevelopment\ogre-sdk-v2.1\build\components\rtshadersystem\ogrertshadersystem.dir\debug\ogreshaderglslprogramwriter.obj
c:\hooman\gbc\game3121\course materials\gameenginedevelopment\ogre-sdk-v2.1\build\components\rtshadersystem\ogrertshadersystem.dir\debug\ogreshaderprogramset.obj
c:\hooman\gbc\game3121\course materials\gameenginedevelopment\ogre-sdk-v2.1\build\components\rtshadersystem\ogrertshadersystem.dir\debug\ogreshaderrenderstate.obj
c:\hooman\gbc\game3121\course materials\gameenginedevelopment\ogre-sdk-v2.1\build\components\rtshadersystem\ogrertshadersystem.dir\debug\ogreshaderexhardwareskinningtechnique.obj
c:\hooman\gbc\game3121\course materials\gameenginedevelopment\ogre-sdk-v2.1\build\components\rtshadersystem\ogrertshadersystem.dir\debug\ogreshaderffpcolour.obj
c:\hooman\gbc\game3121\course materials\gameenginedevelopment\ogre-sdk-v2.1\build\components\rtshadersystem\ogrertshadersystem.dir\debug\ogreshaderffptransform.obj
c:\hooman\gbc\game3121\course materials\gameenginedevelopment\ogre-sdk-v2.1\build\components\rtshadersystem\ogrertshadersystem.dir\debug\ogreshaderglslprogramprocessor.obj
c:\hooman\gbc\game3121\course materials\gameenginedevelopment\ogre-sdk-v2.1\build\components\rtshadersystem\ogrertshadersystem.dir\debug\ogreshaderparameter.obj
c:\hooman\gbc\game3121\course materials\gameenginedevelopment\ogre-sdk-v2.1\build\components\rtshadersystem\ogrertshadersystem.dir\debug\ogreshaderscripttranslator.obj
c:\hooman\gbc\game3121\course materials\gameenginedevelopment\ogre-sdk-v2.1\build\components\rtshadersystem\ogrertshadersystem.dir\debug\ogreshaderexlinearskinning.obj
c:\hooman\gbc\game3121\course materials\gameenginedevelopment\ogre-sdk-v2.1\build\components\rtshadersystem\ogrertshadersystem.dir\debug\ogreshaderffptexturing.obj
c:\hooman\gbc\game3121\course materials\gameenginedevelopment\ogre-sdk-v2.1\build\components\rtshadersystem\ogrertshadersystem.dir\debug\ogreshaderhlslprogramprocessor.obj
c:\hooman\gbc\game3121\course materials\gameenginedevelopment\ogre-sdk-v2.1\build\components\rtshadersystem\ogrertshadersystem.dir\debug\ogreshaderprogrammanager.obj
c:\hooman\gbc\game3121\course materials\gameenginedevelopment\ogre-sdk-v2.1\build\components\rtshadersystem\ogrertshadersystem.dir\debug\ogreshaderexlayeredblending.obj
c:\hooman\gbc\game3121\course materials\gameenginedevelopment\ogre-sdk-v2.1\build\components\rtshadersystem\ogrertshadersystem.dir\debug\ogreshaderffprenderstatebuilder.obj
c:\hooman\gbc\game3121\course materials\gameenginedevelopment\ogre-sdk-v2.1\build\components\rtshadersystem\ogrertshadersystem.dir\debug\ogreshaderglslesprogramprocessor.obj
c:\hooman\gbc\game3121\course materials\gameenginedevelopment\ogre-sdk-v2.1\build\components\rtshadersystem\ogrertshadersystem.dir\debug\ogreshaderprogram.obj
c:\hooman\gbc\game3121\course materials\gameenginedevelopment\ogre-sdk-v2.1\build\components\rtshadersystem\ogrertshadersystem.dir\debug\ogreshadersubrenderstate.obj
c:\hooman\gbc\game3121\course materials\gameenginedevelopment\ogre-sdk-v2.1\build\components\rtshadersystem\ogrertshadersystem.dir\debug\ogreshadercgprogramwriter.obj
c:\hooman\gbc\game3121\course materials\gameenginedevelopment\ogre-sdk-v2.1\build\components\rtshadersystem\ogrertshadersystem.dir\debug\ogreshaderffpalphatest.obj
c:\hooman\gbc\game3121\course materials\gameenginedevelopment\ogre-sdk-v2.1\build\components\rtshadersystem\ogrertshadersystem.dir\debug\ogreshadergenerator.obj
c:\hooman\gbc\game3121\course materials\gameenginedevelopment\ogre-sdk-v2.1\build\components\rtshadersystem\ogrertshadersystem.dir\debug\ogreshaderexintegratedpssm3.obj
c:\hooman\gbc\game3121\course materials\gameenginedevelopment\ogre-sdk-v2.1\build\components\rtshadersystem\ogrertshadersystem.dir\debug\ogreshaderextextureatlassampler.obj
c:\hooman\gbc\game3121\course materials\gameenginedevelopment\ogre-sdk-v2.1\build\components\rtshadersystem\ogrertshadersystem.dir\debug\ogreshaderglslesprogramwriter.obj
c:\hooman\gbc\game3121\course materials\gameenginedevelopment\ogre-sdk-v2.1\build\components\rtshadersystem\ogrertshadersystem.dir\debug\ogreshaderprogramwriter.obj
c:\hooman\gbc\game3121\course materials\gameenginedevelopment\ogre-sdk-v2.1\build\bin\debug\ogrertshadersystem_d.ilk
c:\hooman\gbc\game3121\course materials\gameenginedevelopment\ogre-sdk-v2.1\build\bin\debug\ogrertshadersystem_d.dll
c:\hooman\gbc\game3121\course materials\gameenginedevelopment\ogre-sdk-v2.1\build\bin\debug\ogrertshadersystem_d.pdb
c:\hooman\gbc\game3121\course materials\gameenginedevelopment\ogre-sdk-v2.1\build\lib\debug\ogrertshadersystem_d.lib
c:\hooman\gbc\game3121\course materials\gameenginedevelopment\ogre-sdk-v2.1\build\lib\debug\ogrertshadersystem_d.exp
c:\hooman\gbc\game3121\course materials\gameenginedevelopment\ogre-sdk-v2.1\build\components\rtshadersystem\ogrertshadersystem.dir\debug\ogrertsh.0b86e2c0.tlog\cl.command.1.tlog
c:\hooman\gbc\game3121\course materials\gameenginedevelopment\ogre-sdk-v2.1\build\components\rtshadersystem\ogrertshadersystem.dir\debug\ogrertsh.0b86e2c0.tlog\cl.read.1.tlog
c:\hooman\gbc\game3121\course materials\gameenginedevelopment\ogre-sdk-v2.1\build\components\rtshadersystem\ogrertshadersystem.dir\debug\ogrertsh.0b86e2c0.tlog\cl.write.1.tlog
c:\hooman\gbc\game3121\course materials\gameenginedevelopment\ogre-sdk-v2.1\build\components\rtshadersystem\ogrertshadersystem.dir\debug\ogrertsh.0b86e2c0.tlog\link.command.1.tlog
c:\hooman\gbc\game3121\course materials\gameenginedevelopment\ogre-sdk-v2.1\build\components\rtshadersystem\ogrertshadersystem.dir\debug\ogrertsh.0b86e2c0.tlog\link.read.1.tlog
c:\hooman\gbc\game3121\course materials\gameenginedevelopment\ogre-sdk-v2.1\build\components\rtshadersystem\ogrertshadersystem.dir\debug\ogrertsh.0b86e2c0.tlog\link.write.1.tlog
c:\hooman\gbc\game3121\course materials\gameenginedevelopment\ogre-sdk-v2.1\build\components\rtshadersystem\ogrertshadersystem.dir\debug\ogrertsh.0b86e2c0.tlog\ogrertshadersystem.write.1u.tlog
