c:\hooman\gbc\game3121\ogre\build\components\terrain\ogreterrain.dir\release\ogreterrain.obj
c:\hooman\gbc\game3121\ogre\build\components\terrain\ogreterrain.dir\release\ogreterrainmaterialshaderhelperglsl.obj
c:\hooman\gbc\game3121\ogre\build\components\terrain\ogreterrain.dir\release\ogreterrainmaterialgenerator.obj
c:\hooman\gbc\game3121\ogre\build\components\terrain\ogreterrain.dir\release\ogreterrainquadtreenode.obj
c:\hooman\gbc\game3121\ogre\build\components\terrain\ogreterrain.dir\release\ogreterrainlodmanager.obj
c:\hooman\gbc\game3121\ogre\build\components\terrain\ogreterrain.dir\release\ogreterrainpaging.obj
c:\hooman\gbc\game3121\ogre\build\components\terrain\ogreterrain.dir\release\ogreterrainautoupdatelod.obj
c:\hooman\gbc\game3121\ogre\build\components\terrain\ogreterrain.dir\release\ogreterraingroup.obj
c:\hooman\gbc\game3121\ogre\build\components\terrain\ogreterrain.dir\release\ogreterrainlayerblendmap.obj
c:\hooman\gbc\game3121\ogre\build\components\terrain\ogreterrain.dir\release\ogreterrainpagedworldsection.obj
c:\hooman\gbc\game3121\ogre\build\components\terrain\ogreterrain.dir\release\ogreterrainmaterialgeneratora.obj
c:\hooman\gbc\game3121\ogre\build\bin\release\ogreterrain.dll
c:\hooman\gbc\game3121\ogre\build\lib\release\ogreterrain.lib
c:\hooman\gbc\game3121\ogre\build\lib\release\ogreterrain.exp
c:\hooman\gbc\game3121\ogre\build\components\terrain\ogreterrain.dir\release\ogreterrain.tlog\cl.17564.write.1.tlog
c:\hooman\gbc\game3121\ogre\build\components\terrain\ogreterrain.dir\release\ogreterrain.tlog\cl.command.1.tlog
c:\hooman\gbc\game3121\ogre\build\components\terrain\ogreterrain.dir\release\ogreterrain.tlog\cl.read.1.tlog
c:\hooman\gbc\game3121\ogre\build\components\terrain\ogreterrain.dir\release\ogreterrain.tlog\link.command.1.tlog
c:\hooman\gbc\game3121\ogre\build\components\terrain\ogreterrain.dir\release\ogreterrain.tlog\link.read.1.tlog
c:\hooman\gbc\game3121\ogre\build\components\terrain\ogreterrain.dir\release\ogreterrain.tlog\link.write.1.tlog
c:\hooman\gbc\game3121\ogre\build\components\terrain\ogreterrain.dir\release\ogreterrain.tlog\ogreterrain.write.1u.tlog
