c:\hooman\gbc\game3121\course materials\gameenginedevelopment\ogre-sdk-v2.1\build\plugins\particlefx\plugin_particlefx.dir\debug\ogreareaemitter.obj
c:\hooman\gbc\game3121\course materials\gameenginedevelopment\ogre-sdk-v2.1\build\plugins\particlefx\plugin_particlefx.dir\debug\ogredirectionrandomiseraffector.obj
c:\hooman\gbc\game3121\course materials\gameenginedevelopment\ogre-sdk-v2.1\build\plugins\particlefx\plugin_particlefx.dir\debug\ogrecolourfaderaffector.obj
c:\hooman\gbc\game3121\course materials\gameenginedevelopment\ogre-sdk-v2.1\build\plugins\particlefx\plugin_particlefx.dir\debug\ogreringemitter.obj
c:\hooman\gbc\game3121\course materials\gameenginedevelopment\ogre-sdk-v2.1\build\plugins\particlefx\plugin_particlefx.dir\debug\ogrecolourfaderaffector2.obj
c:\hooman\gbc\game3121\course materials\gameenginedevelopment\ogre-sdk-v2.1\build\plugins\particlefx\plugin_particlefx.dir\debug\ogrelinearforceaffector.obj
c:\hooman\gbc\game3121\course materials\gameenginedevelopment\ogre-sdk-v2.1\build\plugins\particlefx\plugin_particlefx.dir\debug\ogredeflectorplaneaffector.obj
c:\hooman\gbc\game3121\course materials\gameenginedevelopment\ogre-sdk-v2.1\build\plugins\particlefx\plugin_particlefx.dir\debug\ogrepointemitter.obj
c:\hooman\gbc\game3121\course materials\gameenginedevelopment\ogre-sdk-v2.1\build\plugins\particlefx\plugin_particlefx.dir\debug\ogrecolourinterpolatoraffector.obj
c:\hooman\gbc\game3121\course materials\gameenginedevelopment\ogre-sdk-v2.1\build\plugins\particlefx\plugin_particlefx.dir\debug\ogreparticlefx.obj
c:\hooman\gbc\game3121\course materials\gameenginedevelopment\ogre-sdk-v2.1\build\plugins\particlefx\plugin_particlefx.dir\debug\ogreboxemitter.obj
c:\hooman\gbc\game3121\course materials\gameenginedevelopment\ogre-sdk-v2.1\build\plugins\particlefx\plugin_particlefx.dir\debug\ogreellipsoidemitter.obj
c:\hooman\gbc\game3121\course materials\gameenginedevelopment\ogre-sdk-v2.1\build\plugins\particlefx\plugin_particlefx.dir\debug\ogrerotationaffector.obj
c:\hooman\gbc\game3121\course materials\gameenginedevelopment\ogre-sdk-v2.1\build\plugins\particlefx\plugin_particlefx.dir\debug\ogrecylinderemitter.obj
c:\hooman\gbc\game3121\course materials\gameenginedevelopment\ogre-sdk-v2.1\build\plugins\particlefx\plugin_particlefx.dir\debug\ogrehollowellipsoidemitter.obj
c:\hooman\gbc\game3121\course materials\gameenginedevelopment\ogre-sdk-v2.1\build\plugins\particlefx\plugin_particlefx.dir\debug\ogrescaleaffector.obj
c:\hooman\gbc\game3121\course materials\gameenginedevelopment\ogre-sdk-v2.1\build\plugins\particlefx\plugin_particlefx.dir\debug\ogrecolourimageaffector.obj
c:\hooman\gbc\game3121\course materials\gameenginedevelopment\ogre-sdk-v2.1\build\plugins\particlefx\plugin_particlefx.dir\debug\ogreparticlefxplugin.obj
c:\hooman\gbc\game3121\course materials\gameenginedevelopment\ogre-sdk-v2.1\build\plugins\particlefx\plugin_particlefx.dir\debug\vc142.pdb
c:\hooman\gbc\game3121\course materials\gameenginedevelopment\ogre-sdk-v2.1\build\bin\debug\plugin_particlefx_d.ilk
c:\hooman\gbc\game3121\course materials\gameenginedevelopment\ogre-sdk-v2.1\build\bin\debug\plugin_particlefx_d.dll
c:\hooman\gbc\game3121\course materials\gameenginedevelopment\ogre-sdk-v2.1\build\bin\debug\plugin_particlefx_d.pdb
c:\hooman\gbc\game3121\course materials\gameenginedevelopment\ogre-sdk-v2.1\build\lib\debug\plugin_particlefx_d.lib
c:\hooman\gbc\game3121\course materials\gameenginedevelopment\ogre-sdk-v2.1\build\lib\debug\plugin_particlefx_d.exp
c:\hooman\gbc\game3121\course materials\gameenginedevelopment\ogre-sdk-v2.1\build\plugins\particlefx\plugin_particlefx.dir\debug\plugin_p.09b1acfa.tlog\cl.11508.write.1.tlog
c:\hooman\gbc\game3121\course materials\gameenginedevelopment\ogre-sdk-v2.1\build\plugins\particlefx\plugin_particlefx.dir\debug\plugin_p.09b1acfa.tlog\cl.command.1.tlog
c:\hooman\gbc\game3121\course materials\gameenginedevelopment\ogre-sdk-v2.1\build\plugins\particlefx\plugin_particlefx.dir\debug\plugin_p.09b1acfa.tlog\cl.read.1.tlog
c:\hooman\gbc\game3121\course materials\gameenginedevelopment\ogre-sdk-v2.1\build\plugins\particlefx\plugin_particlefx.dir\debug\plugin_p.09b1acfa.tlog\link.command.1.tlog
c:\hooman\gbc\game3121\course materials\gameenginedevelopment\ogre-sdk-v2.1\build\plugins\particlefx\plugin_particlefx.dir\debug\plugin_p.09b1acfa.tlog\link.read.1.tlog
c:\hooman\gbc\game3121\course materials\gameenginedevelopment\ogre-sdk-v2.1\build\plugins\particlefx\plugin_particlefx.dir\debug\plugin_p.09b1acfa.tlog\link.write.1.tlog
c:\hooman\gbc\game3121\course materials\gameenginedevelopment\ogre-sdk-v2.1\build\plugins\particlefx\plugin_particlefx.dir\debug\plugin_p.09b1acfa.tlog\plugin_particlefx.write.1u.tlog
