c:\hooman\gbc\game3121\course materials\gameenginedevelopment\ogre-sdk-v2.1\build\samples\defaultsamples.dir\debug\helperlogics.obj
c:\hooman\gbc\game3121\course materials\gameenginedevelopment\ogre-sdk-v2.1\build\samples\defaultsamples.dir\debug\materialgenerator.obj
c:\hooman\gbc\game3121\course materials\gameenginedevelopment\ogre-sdk-v2.1\build\samples\defaultsamples.dir\debug\materialcontrols.obj
c:\hooman\gbc\game3121\course materials\gameenginedevelopment\ogre-sdk-v2.1\build\samples\defaultsamples.dir\debug\randomtools.obj
c:\hooman\gbc\game3121\course materials\gameenginedevelopment\ogre-sdk-v2.1\build\samples\defaultsamples.dir\debug\rtshadersrstexturedfog.obj
c:\hooman\gbc\game3121\course materials\gameenginedevelopment\ogre-sdk-v2.1\build\samples\defaultsamples.dir\debug\volumetex.obj
c:\hooman\gbc\game3121\course materials\gameenginedevelopment\ogre-sdk-v2.1\build\samples\defaultsamples.dir\debug\compute.obj
c:\hooman\gbc\game3121\course materials\gameenginedevelopment\ogre-sdk-v2.1\build\samples\defaultsamples.dir\debug\perlinnoiseterraingenerator.obj
c:\hooman\gbc\game3121\course materials\gameenginedevelopment\ogre-sdk-v2.1\build\samples\defaultsamples.dir\debug\particlegs.obj
c:\hooman\gbc\game3121\course materials\gameenginedevelopment\ogre-sdk-v2.1\build\samples\defaultsamples.dir\debug\volumeterrain.obj
c:\hooman\gbc\game3121\course materials\gameenginedevelopment\ogre-sdk-v2.1\build\samples\defaultsamples.dir\debug\ambientlight.obj
c:\hooman\gbc\game3121\course materials\gameenginedevelopment\ogre-sdk-v2.1\build\samples\defaultsamples.dir\debug\gbufferschemehandler.obj
c:\hooman\gbc\game3121\course materials\gameenginedevelopment\ogre-sdk-v2.1\build\samples\defaultsamples.dir\debug\newinstancing.obj
c:\hooman\gbc\game3121\course materials\gameenginedevelopment\ogre-sdk-v2.1\build\samples\defaultsamples.dir\debug\shadersystemmultilight.obj
c:\hooman\gbc\game3121\course materials\gameenginedevelopment\ogre-sdk-v2.1\build\samples\defaultsamples.dir\debug\gbuffermaterialgenerator.obj
c:\hooman\gbc\game3121\course materials\gameenginedevelopment\ogre-sdk-v2.1\build\samples\defaultsamples.dir\debug\lightmaterialgenerator.obj
c:\hooman\gbc\game3121\course materials\gameenginedevelopment\ogre-sdk-v2.1\build\samples\defaultsamples.dir\debug\isosurf.obj
c:\hooman\gbc\game3121\course materials\gameenginedevelopment\ogre-sdk-v2.1\build\samples\defaultsamples.dir\debug\rtshadersrssegmentedlights.obj
c:\hooman\gbc\game3121\course materials\gameenginedevelopment\ogre-sdk-v2.1\build\samples\defaultsamples.dir\debug\thingrenderable.obj
c:\hooman\gbc\game3121\course materials\gameenginedevelopment\ogre-sdk-v2.1\build\samples\defaultsamples.dir\debug\deferredlightcp.obj
c:\hooman\gbc\game3121\course materials\gameenginedevelopment\ogre-sdk-v2.1\build\samples\defaultsamples.dir\debug\ssaologic.obj
c:\hooman\gbc\game3121\course materials\gameenginedevelopment\ogre-sdk-v2.1\build\samples\defaultsamples.dir\debug\ogreshaderexinstancedviewports.obj
c:\hooman\gbc\game3121\course materials\gameenginedevelopment\ogre-sdk-v2.1\build\samples\defaultsamples.dir\debug\shadersystemtexturedfog.obj
c:\hooman\gbc\game3121\course materials\gameenginedevelopment\ogre-sdk-v2.1\build\samples\defaultsamples.dir\debug\defaultsamplesplugin.obj
c:\hooman\gbc\game3121\course materials\gameenginedevelopment\ogre-sdk-v2.1\build\samples\defaultsamples.dir\debug\proceduralmanualobject.obj
c:\hooman\gbc\game3121\course materials\gameenginedevelopment\ogre-sdk-v2.1\build\samples\defaultsamples.dir\debug\shadersystem.obj
c:\hooman\gbc\game3121\course materials\gameenginedevelopment\ogre-sdk-v2.1\build\samples\defaultsamples.dir\debug\watermesh.obj
c:\hooman\gbc\game3121\course materials\gameenginedevelopment\ogre-sdk-v2.1\build\samples\defaultsamples.dir\debug\dlight.obj
c:\hooman\gbc\game3121\course materials\gameenginedevelopment\ogre-sdk-v2.1\build\samples\defaultsamples.dir\debug\geomutils.obj
c:\hooman\gbc\game3121\course materials\gameenginedevelopment\ogre-sdk-v2.1\build\samples\defaultsamples.dir\debug\proceduraltools.obj
c:\hooman\gbc\game3121\course materials\gameenginedevelopment\ogre-sdk-v2.1\build\samples\defaultsamples.dir\debug\shaderexreflectionmap.obj
c:\hooman\gbc\game3121\course materials\gameenginedevelopment\ogre-sdk-v2.1\build\samples\defaultsamples.dir\debug\volumecsg.obj
c:\hooman\gbc\game3121\course materials\gameenginedevelopment\ogre-sdk-v2.1\build\samples\defaultsamples.dir\debug\deferredshading.obj
c:\hooman\gbc\game3121\course materials\gameenginedevelopment\ogre-sdk-v2.1\build\samples\defaultsamples.dir\debug\meshlod.obj
c:\hooman\gbc\game3121\course materials\gameenginedevelopment\ogre-sdk-v2.1\build\samples\defaultsamples.dir\debug\segmenteddynamiclightmanager.obj
c:\hooman\gbc\game3121\course materials\gameenginedevelopment\ogre-sdk-v2.1\build\samples\defaultsamples.dir\debug\volumerenderable.obj
c:\hooman\gbc\game3121\course materials\gameenginedevelopment\ogre-sdk-v2.1\build\samples\defaultsamples.dir\debug\vc142.pdb
c:\hooman\gbc\game3121\course materials\gameenginedevelopment\ogre-sdk-v2.1\build\lib\debug\defaultsamples_d.lib
c:\hooman\gbc\game3121\course materials\gameenginedevelopment\ogre-sdk-v2.1\build\lib\debug\defaultsamples_d.exp
c:\hooman\gbc\game3121\course materials\gameenginedevelopment\ogre-sdk-v2.1\build\bin\debug\defaultsamples_d.ilk
c:\hooman\gbc\game3121\course materials\gameenginedevelopment\ogre-sdk-v2.1\build\bin\debug\defaultsamples_d.dll
c:\hooman\gbc\game3121\course materials\gameenginedevelopment\ogre-sdk-v2.1\build\bin\debug\defaultsamples_d.pdb
c:\hooman\gbc\game3121\course materials\gameenginedevelopment\ogre-sdk-v2.1\build\samples\defaultsamples.dir\debug\defaultsamples.tlog\cl.19356.write.1.tlog
c:\hooman\gbc\game3121\course materials\gameenginedevelopment\ogre-sdk-v2.1\build\samples\defaultsamples.dir\debug\defaultsamples.tlog\cl.command.1.tlog
c:\hooman\gbc\game3121\course materials\gameenginedevelopment\ogre-sdk-v2.1\build\samples\defaultsamples.dir\debug\defaultsamples.tlog\cl.read.1.tlog
c:\hooman\gbc\game3121\course materials\gameenginedevelopment\ogre-sdk-v2.1\build\samples\defaultsamples.dir\debug\defaultsamples.tlog\defaultsamples.write.1u.tlog
c:\hooman\gbc\game3121\course materials\gameenginedevelopment\ogre-sdk-v2.1\build\samples\defaultsamples.dir\debug\defaultsamples.tlog\link.command.1.tlog
c:\hooman\gbc\game3121\course materials\gameenginedevelopment\ogre-sdk-v2.1\build\samples\defaultsamples.dir\debug\defaultsamples.tlog\link.read.1.tlog
c:\hooman\gbc\game3121\course materials\gameenginedevelopment\ogre-sdk-v2.1\build\samples\defaultsamples.dir\debug\defaultsamples.tlog\link.write.1.tlog
