c:\hooman\gbc\game3121\course materials\gameenginedevelopment\ogre-sdk-v2.1\build\components\overlay\ogreoverlay.dir\debug\ogreborderpaneloverlayelement.obj
c:\hooman\gbc\game3121\course materials\gameenginedevelopment\ogre-sdk-v2.1\build\components\overlay\ogreoverlay.dir\debug\ogrepaneloverlayelement.obj
c:\hooman\gbc\game3121\course materials\gameenginedevelopment\ogre-sdk-v2.1\build\components\overlay\ogreoverlay.dir\debug\ogreoverlayelement.obj
c:\hooman\gbc\game3121\course materials\gameenginedevelopment\ogre-sdk-v2.1\build\components\overlay\ogreoverlay.dir\debug\ogrefontmanager.obj
c:\hooman\gbc\game3121\course materials\gameenginedevelopment\ogre-sdk-v2.1\build\components\overlay\ogreoverlay.dir\debug\ogreoverlaymanager.obj
c:\hooman\gbc\game3121\course materials\gameenginedevelopment\ogre-sdk-v2.1\build\components\overlay\ogreoverlay.dir\debug\ogreoverlayelementcommands.obj
c:\hooman\gbc\game3121\course materials\gameenginedevelopment\ogre-sdk-v2.1\build\components\overlay\ogreoverlay.dir\debug\ogreoverlayprofilesessionlistener.obj
c:\hooman\gbc\game3121\course materials\gameenginedevelopment\ogre-sdk-v2.1\build\components\overlay\ogreoverlay.dir\debug\ogrefont.obj
c:\hooman\gbc\game3121\course materials\gameenginedevelopment\ogre-sdk-v2.1\build\components\overlay\ogreoverlay.dir\debug\ogreoverlaytranslator.obj
c:\hooman\gbc\game3121\course materials\gameenginedevelopment\ogre-sdk-v2.1\build\components\overlay\ogreoverlay.dir\debug\ogreoverlaycontainer.obj
c:\hooman\gbc\game3121\course materials\gameenginedevelopment\ogre-sdk-v2.1\build\components\overlay\ogreoverlay.dir\debug\ogretextareaoverlayelement.obj
c:\hooman\gbc\game3121\course materials\gameenginedevelopment\ogre-sdk-v2.1\build\components\overlay\ogreoverlay.dir\debug\ogreoverlay.obj
c:\hooman\gbc\game3121\course materials\gameenginedevelopment\ogre-sdk-v2.1\build\components\overlay\ogreoverlay.dir\debug\ogreutfstring.obj
c:\hooman\gbc\game3121\course materials\gameenginedevelopment\ogre-sdk-v2.1\build\components\overlay\ogreoverlay.dir\debug\ogreoverlayelementfactory.obj
c:\hooman\gbc\game3121\course materials\gameenginedevelopment\ogre-sdk-v2.1\build\components\overlay\ogreoverlay.dir\debug\ogreoverlaysystem.obj
c:\hooman\gbc\game3121\course materials\gameenginedevelopment\ogre-sdk-v2.1\build\components\overlay\ogreoverlay.dir\debug\vc142.pdb
c:\hooman\gbc\game3121\course materials\gameenginedevelopment\ogre-sdk-v2.1\build\bin\debug\ogreoverlay_d.ilk
c:\hooman\gbc\game3121\course materials\gameenginedevelopment\ogre-sdk-v2.1\build\bin\debug\ogreoverlay_d.dll
c:\hooman\gbc\game3121\course materials\gameenginedevelopment\ogre-sdk-v2.1\build\bin\debug\ogreoverlay_d.pdb
c:\hooman\gbc\game3121\course materials\gameenginedevelopment\ogre-sdk-v2.1\build\lib\debug\ogreoverlay_d.lib
c:\hooman\gbc\game3121\course materials\gameenginedevelopment\ogre-sdk-v2.1\build\lib\debug\ogreoverlay_d.exp
c:\hooman\gbc\game3121\course materials\gameenginedevelopment\ogre-sdk-v2.1\build\components\overlay\ogreoverlay.dir\debug\ogreoverlay.tlog\cl.30732.write.1.tlog
c:\hooman\gbc\game3121\course materials\gameenginedevelopment\ogre-sdk-v2.1\build\components\overlay\ogreoverlay.dir\debug\ogreoverlay.tlog\cl.command.1.tlog
c:\hooman\gbc\game3121\course materials\gameenginedevelopment\ogre-sdk-v2.1\build\components\overlay\ogreoverlay.dir\debug\ogreoverlay.tlog\cl.read.1.tlog
c:\hooman\gbc\game3121\course materials\gameenginedevelopment\ogre-sdk-v2.1\build\components\overlay\ogreoverlay.dir\debug\ogreoverlay.tlog\link.command.1.tlog
c:\hooman\gbc\game3121\course materials\gameenginedevelopment\ogre-sdk-v2.1\build\components\overlay\ogreoverlay.dir\debug\ogreoverlay.tlog\link.read.1.tlog
c:\hooman\gbc\game3121\course materials\gameenginedevelopment\ogre-sdk-v2.1\build\components\overlay\ogreoverlay.dir\debug\ogreoverlay.tlog\link.write.1.tlog
c:\hooman\gbc\game3121\course materials\gameenginedevelopment\ogre-sdk-v2.1\build\components\overlay\ogreoverlay.dir\debug\ogreoverlay.tlog\ogreoverlay.write.1u.tlog
