c:\hooman\gbc\game3121\ogre\build\plugins\particlefx\plugin_particlefx.dir\release\ogrecolourfaderaffector2.obj
c:\hooman\gbc\game3121\ogre\build\plugins\particlefx\plugin_particlefx.dir\release\ogrelinearforceaffector.obj
c:\hooman\gbc\game3121\ogre\build\plugins\particlefx\plugin_particlefx.dir\release\ogrecolourimageaffector.obj
c:\hooman\gbc\game3121\ogre\build\plugins\particlefx\plugin_particlefx.dir\release\ogreparticlefxplugin.obj
c:\hooman\gbc\game3121\ogre\build\plugins\particlefx\plugin_particlefx.dir\release\ogreareaemitter.obj
c:\hooman\gbc\game3121\ogre\build\plugins\particlefx\plugin_particlefx.dir\release\ogredirectionrandomiseraffector.obj
c:\hooman\gbc\game3121\ogre\build\plugins\particlefx\plugin_particlefx.dir\release\ogrescaleaffector.obj
c:\hooman\gbc\game3121\ogre\build\plugins\particlefx\plugin_particlefx.dir\release\ogredeflectorplaneaffector.obj
c:\hooman\gbc\game3121\ogre\build\plugins\particlefx\plugin_particlefx.dir\release\ogreringemitter.obj
c:\hooman\gbc\game3121\ogre\build\plugins\particlefx\plugin_particlefx.dir\release\ogrecylinderemitter.obj
c:\hooman\gbc\game3121\ogre\build\plugins\particlefx\plugin_particlefx.dir\release\ogreellipsoidemitter.obj
c:\hooman\gbc\game3121\ogre\build\plugins\particlefx\plugin_particlefx.dir\release\ogrecolourfaderaffector.obj
c:\hooman\gbc\game3121\ogre\build\plugins\particlefx\plugin_particlefx.dir\release\ogreparticlefx.obj
c:\hooman\gbc\game3121\ogre\build\plugins\particlefx\plugin_particlefx.dir\release\ogrecolourinterpolatoraffector.obj
c:\hooman\gbc\game3121\ogre\build\plugins\particlefx\plugin_particlefx.dir\release\ogrepointemitter.obj
c:\hooman\gbc\game3121\ogre\build\plugins\particlefx\plugin_particlefx.dir\release\ogreboxemitter.obj
c:\hooman\gbc\game3121\ogre\build\plugins\particlefx\plugin_particlefx.dir\release\ogrehollowellipsoidemitter.obj
c:\hooman\gbc\game3121\ogre\build\plugins\particlefx\plugin_particlefx.dir\release\ogrerotationaffector.obj
c:\hooman\gbc\game3121\ogre\build\bin\release\plugin_particlefx.dll
c:\hooman\gbc\game3121\ogre\build\lib\release\plugin_particlefx.lib
c:\hooman\gbc\game3121\ogre\build\lib\release\plugin_particlefx.exp
c:\hooman\gbc\game3121\ogre\build\plugins\particlefx\plugin_particlefx.dir\release\plugin_p.c6cd2bdc.tlog\cl.12904.write.1.tlog
c:\hooman\gbc\game3121\ogre\build\plugins\particlefx\plugin_particlefx.dir\release\plugin_p.c6cd2bdc.tlog\cl.command.1.tlog
c:\hooman\gbc\game3121\ogre\build\plugins\particlefx\plugin_particlefx.dir\release\plugin_p.c6cd2bdc.tlog\cl.read.1.tlog
c:\hooman\gbc\game3121\ogre\build\plugins\particlefx\plugin_particlefx.dir\release\plugin_p.c6cd2bdc.tlog\link.command.1.tlog
c:\hooman\gbc\game3121\ogre\build\plugins\particlefx\plugin_particlefx.dir\release\plugin_p.c6cd2bdc.tlog\link.read.1.tlog
c:\hooman\gbc\game3121\ogre\build\plugins\particlefx\plugin_particlefx.dir\release\plugin_p.c6cd2bdc.tlog\link.write.1.tlog
c:\hooman\gbc\game3121\ogre\build\plugins\particlefx\plugin_particlefx.dir\release\plugin_p.c6cd2bdc.tlog\plugin_particlefx.write.1u.tlog
