c:\hooman\gbc\game3121\ogre\build\components\bites\ogrebites.dir\release\ogrewindoweventutilities.obj
c:\hooman\gbc\game3121\ogre\build\components\bites\ogrebites.dir\release\ogrewin32configdialog.obj
c:\hooman\gbc\game3121\ogre\build\components\bites\ogrebites.dir\release\ogretrays.obj
c:\hooman\gbc\game3121\ogre\build\components\bites\ogrebites.dir\release\ogrebitesconfigdialog.obj
c:\hooman\gbc\game3121\ogre\build\components\bites\ogrebites.dir\release\ogreapplicationcontextsdl.obj
c:\hooman\gbc\game3121\ogre\build\components\bites\ogrebites.dir\release\ogreadvancedrendercontrols.obj
c:\hooman\gbc\game3121\ogre\build\components\bites\ogrebites.dir\release\ogrestaticpluginloader.obj
c:\hooman\gbc\game3121\ogre\build\components\bites\ogrebites.dir\release\ogreimguiinputlistener.obj
c:\hooman\gbc\game3121\ogre\build\components\bites\ogrebites.dir\release\ogresgtechniqueresolverlistener.obj
c:\hooman\gbc\game3121\ogre\build\components\bites\ogrebites.dir\release\ogreapplicationcontextbase.obj
c:\hooman\gbc\game3121\ogre\build\components\bites\ogrebites.dir\release\ogrecameraman.obj
c:\hooman\gbc\game3121\ogre\build\bin\release\ogrebites.dll
c:\hooman\gbc\game3121\ogre\build\lib\release\ogrebites.lib
c:\hooman\gbc\game3121\ogre\build\lib\release\ogrebites.exp
c:\hooman\gbc\game3121\ogre\build\components\bites\ogrebites.dir\release\ogrewin32resources.res
c:\hooman\gbc\game3121\ogre\build\components\bites\ogrebites.dir\release\ogrebites.tlog\cl.13576.write.1.tlog
c:\hooman\gbc\game3121\ogre\build\components\bites\ogrebites.dir\release\ogrebites.tlog\cl.command.1.tlog
c:\hooman\gbc\game3121\ogre\build\components\bites\ogrebites.dir\release\ogrebites.tlog\cl.read.1.tlog
c:\hooman\gbc\game3121\ogre\build\components\bites\ogrebites.dir\release\ogrebites.tlog\link.command.1.tlog
c:\hooman\gbc\game3121\ogre\build\components\bites\ogrebites.dir\release\ogrebites.tlog\link.read.1.tlog
c:\hooman\gbc\game3121\ogre\build\components\bites\ogrebites.dir\release\ogrebites.tlog\link.write.1.tlog
c:\hooman\gbc\game3121\ogre\build\components\bites\ogrebites.dir\release\ogrebites.tlog\ogrebites.write.1u.tlog
c:\hooman\gbc\game3121\ogre\build\components\bites\ogrebites.dir\release\ogrebites.tlog\rc.command.1.tlog
c:\hooman\gbc\game3121\ogre\build\components\bites\ogrebites.dir\release\ogrebites.tlog\rc.read.1.tlog
c:\hooman\gbc\game3121\ogre\build\components\bites\ogrebites.dir\release\ogrebites.tlog\rc.write.1.tlog
