c:\hooman\gbc\game3121\ogre\build\components\volume\ogrevolume.dir\release\ogrevolumegridsource.obj
c:\hooman\gbc\game3121\ogre\build\components\volume\ogrevolume.dir\release\ogrevolumeoctreenode.obj
c:\hooman\gbc\game3121\ogre\build\components\volume\ogrevolume.dir\release\ogrevolumedualgridgenerator.obj
c:\hooman\gbc\game3121\ogre\build\components\volume\ogrevolume.dir\release\ogrevolumecachesource.obj
c:\hooman\gbc\game3121\ogre\build\components\volume\ogrevolume.dir\release\ogrevolumemeshbuilder.obj
c:\hooman\gbc\game3121\ogre\build\components\volume\ogrevolume.dir\release\ogrevolumecsgsource.obj
c:\hooman\gbc\game3121\ogre\build\components\volume\ogrevolume.dir\release\ogrevolumeisosurfacemc.obj
c:\hooman\gbc\game3121\ogre\build\components\volume\ogrevolume.dir\release\ogrevolumetexturesource.obj
c:\hooman\gbc\game3121\ogre\build\components\volume\ogrevolume.dir\release\ogrevolumechunkhandler.obj
c:\hooman\gbc\game3121\ogre\build\components\volume\ogrevolume.dir\release\ogrevolumehalffloatgridsource.obj
c:\hooman\gbc\game3121\ogre\build\components\volume\ogrevolume.dir\release\ogrevolumesimplexnoise.obj
c:\hooman\gbc\game3121\ogre\build\components\volume\ogrevolume.dir\release\ogrevolumechunk.obj
c:\hooman\gbc\game3121\ogre\build\components\volume\ogrevolume.dir\release\ogrevolumesource.obj
c:\hooman\gbc\game3121\ogre\build\components\volume\ogrevolume.dir\release\ogrevolumeisosurface.obj
c:\hooman\gbc\game3121\ogre\build\components\volume\ogrevolume.dir\release\ogrevolumeoctreenodesplitpolicy.obj
c:\hooman\gbc\game3121\ogre\build\bin\release\ogrevolume.dll
c:\hooman\gbc\game3121\ogre\build\lib\release\ogrevolume.lib
c:\hooman\gbc\game3121\ogre\build\lib\release\ogrevolume.exp
c:\hooman\gbc\game3121\ogre\build\components\volume\ogrevolume.dir\release\ogrevolume.tlog\cl.12720.write.1.tlog
c:\hooman\gbc\game3121\ogre\build\components\volume\ogrevolume.dir\release\ogrevolume.tlog\cl.command.1.tlog
c:\hooman\gbc\game3121\ogre\build\components\volume\ogrevolume.dir\release\ogrevolume.tlog\cl.read.1.tlog
c:\hooman\gbc\game3121\ogre\build\components\volume\ogrevolume.dir\release\ogrevolume.tlog\link.command.1.tlog
c:\hooman\gbc\game3121\ogre\build\components\volume\ogrevolume.dir\release\ogrevolume.tlog\link.read.1.tlog
c:\hooman\gbc\game3121\ogre\build\components\volume\ogrevolume.dir\release\ogrevolume.tlog\link.write.1.tlog
c:\hooman\gbc\game3121\ogre\build\components\volume\ogrevolume.dir\release\ogrevolume.tlog\ogrevolume.write.1u.tlog
