c:\hooman\gbc\game3121\course materials\gameenginedevelopment\orgretemplatev2\orgretemplatev2\x64\debug\vc142.pdb
c:\hooman\gbc\game3121\course materials\gameenginedevelopment\orgretemplatev2\orgretemplatev2\x64\debug\vc142.idb
c:\hooman\gbc\game3121\course materials\gameenginedevelopment\orgretemplatev2\orgretemplatev2\x64\debug\source.obj
c:\hooman\gbc\game3121\course materials\gameenginedevelopment\orgretemplatev2\orgretemplatev2\x64\debug\orgretemplatev2.ilk
c:\hooman\gbc\game3121\course materials\gameenginedevelopment\orgretemplatev2\orgretemplatev2\x64\debug\orgretemplatev2.exe
c:\hooman\gbc\game3121\course materials\gameenginedevelopment\orgretemplatev2\orgretemplatev2\x64\debug\orgretemplatev2.pdb
c:\hooman\gbc\game3121\course materials\gameenginedevelopment\orgretemplatev2\orgretemplatev2\x64\debug\codec_stbi_d.ilk
c:\hooman\gbc\game3121\course materials\gameenginedevelopment\orgretemplatev2\orgretemplatev2\x64\debug\defaultsamples_d.ilk
c:\hooman\gbc\game3121\course materials\gameenginedevelopment\orgretemplatev2\orgretemplatev2\x64\debug\ogrebites_d.ilk
c:\hooman\gbc\game3121\course materials\gameenginedevelopment\orgretemplatev2\orgretemplatev2\x64\debug\ogrehlms_d.ilk
c:\hooman\gbc\game3121\course materials\gameenginedevelopment\orgretemplatev2\orgretemplatev2\x64\debug\ogremain_d.ilk
c:\hooman\gbc\game3121\course materials\gameenginedevelopment\orgretemplatev2\orgretemplatev2\x64\debug\ogremeshlodgenerator_d.ilk
c:\hooman\gbc\game3121\course materials\gameenginedevelopment\orgretemplatev2\orgretemplatev2\x64\debug\ogremeshupgrader_d.ilk
c:\hooman\gbc\game3121\course materials\gameenginedevelopment\orgretemplatev2\orgretemplatev2\x64\debug\ogreoverlay_d.ilk
c:\hooman\gbc\game3121\course materials\gameenginedevelopment\orgretemplatev2\orgretemplatev2\x64\debug\ogrepaging_d.ilk
c:\hooman\gbc\game3121\course materials\gameenginedevelopment\orgretemplatev2\orgretemplatev2\x64\debug\ogreproperty_d.ilk
c:\hooman\gbc\game3121\course materials\gameenginedevelopment\orgretemplatev2\orgretemplatev2\x64\debug\ogrertshadersystem_d.ilk
c:\hooman\gbc\game3121\course materials\gameenginedevelopment\orgretemplatev2\orgretemplatev2\x64\debug\ogreterrain_d.ilk
c:\hooman\gbc\game3121\course materials\gameenginedevelopment\orgretemplatev2\orgretemplatev2\x64\debug\ogrevolume_d.ilk
c:\hooman\gbc\game3121\course materials\gameenginedevelopment\orgretemplatev2\orgretemplatev2\x64\debug\ogrexmlconverter_d.ilk
c:\hooman\gbc\game3121\course materials\gameenginedevelopment\orgretemplatev2\orgretemplatev2\x64\debug\plugin_bspscenemanager_d.ilk
c:\hooman\gbc\game3121\course materials\gameenginedevelopment\orgretemplatev2\orgretemplatev2\x64\debug\plugin_octreescenemanager_d.ilk
c:\hooman\gbc\game3121\course materials\gameenginedevelopment\orgretemplatev2\orgretemplatev2\x64\debug\plugin_octreezone_d.ilk
c:\hooman\gbc\game3121\course materials\gameenginedevelopment\orgretemplatev2\orgretemplatev2\x64\debug\plugin_particlefx_d.ilk
c:\hooman\gbc\game3121\course materials\gameenginedevelopment\orgretemplatev2\orgretemplatev2\x64\debug\plugin_pczscenemanager_d.ilk
c:\hooman\gbc\game3121\course materials\gameenginedevelopment\orgretemplatev2\orgretemplatev2\x64\debug\rendersystem_direct3d11_d.ilk
c:\hooman\gbc\game3121\course materials\gameenginedevelopment\orgretemplatev2\orgretemplatev2\x64\debug\rendersystem_gl3plus_d.ilk
c:\hooman\gbc\game3121\course materials\gameenginedevelopment\orgretemplatev2\orgretemplatev2\x64\debug\rendersystem_gl_d.ilk
c:\hooman\gbc\game3121\course materials\gameenginedevelopment\orgretemplatev2\orgretemplatev2\x64\debug\samplebrowser_d.ilk
c:\hooman\gbc\game3121\course materials\gameenginedevelopment\orgretemplatev2\orgretemplatev2\x64\debug\vrmlconverter_d.ilk
c:\hooman\gbc\game3121\course materials\gameenginedevelopment\orgretemplatev2\orgretemplatev2\x64\debug\codec_stbi_d.pdb
c:\hooman\gbc\game3121\course materials\gameenginedevelopment\orgretemplatev2\orgretemplatev2\x64\debug\defaultsamples_d.pdb
c:\hooman\gbc\game3121\course materials\gameenginedevelopment\orgretemplatev2\orgretemplatev2\x64\debug\ogrebites_d.pdb
c:\hooman\gbc\game3121\course materials\gameenginedevelopment\orgretemplatev2\orgretemplatev2\x64\debug\ogrehlms_d.pdb
c:\hooman\gbc\game3121\course materials\gameenginedevelopment\orgretemplatev2\orgretemplatev2\x64\debug\ogremain_d.pdb
c:\hooman\gbc\game3121\course materials\gameenginedevelopment\orgretemplatev2\orgretemplatev2\x64\debug\ogremeshlodgenerator_d.pdb
c:\hooman\gbc\game3121\course materials\gameenginedevelopment\orgretemplatev2\orgretemplatev2\x64\debug\ogremeshupgrader_d.pdb
c:\hooman\gbc\game3121\course materials\gameenginedevelopment\orgretemplatev2\orgretemplatev2\x64\debug\ogreoverlay_d.pdb
c:\hooman\gbc\game3121\course materials\gameenginedevelopment\orgretemplatev2\orgretemplatev2\x64\debug\ogrepaging_d.pdb
c:\hooman\gbc\game3121\course materials\gameenginedevelopment\orgretemplatev2\orgretemplatev2\x64\debug\ogreproperty_d.pdb
c:\hooman\gbc\game3121\course materials\gameenginedevelopment\orgretemplatev2\orgretemplatev2\x64\debug\ogrertshadersystem_d.pdb
c:\hooman\gbc\game3121\course materials\gameenginedevelopment\orgretemplatev2\orgretemplatev2\x64\debug\ogreterrain_d.pdb
c:\hooman\gbc\game3121\course materials\gameenginedevelopment\orgretemplatev2\orgretemplatev2\x64\debug\ogrevolume_d.pdb
c:\hooman\gbc\game3121\course materials\gameenginedevelopment\orgretemplatev2\orgretemplatev2\x64\debug\ogrexmlconverter_d.pdb
c:\hooman\gbc\game3121\course materials\gameenginedevelopment\orgretemplatev2\orgretemplatev2\x64\debug\plugin_bspscenemanager_d.pdb
c:\hooman\gbc\game3121\course materials\gameenginedevelopment\orgretemplatev2\orgretemplatev2\x64\debug\plugin_octreescenemanager_d.pdb
c:\hooman\gbc\game3121\course materials\gameenginedevelopment\orgretemplatev2\orgretemplatev2\x64\debug\plugin_octreezone_d.pdb
c:\hooman\gbc\game3121\course materials\gameenginedevelopment\orgretemplatev2\orgretemplatev2\x64\debug\plugin_particlefx_d.pdb
c:\hooman\gbc\game3121\course materials\gameenginedevelopment\orgretemplatev2\orgretemplatev2\x64\debug\plugin_pczscenemanager_d.pdb
c:\hooman\gbc\game3121\course materials\gameenginedevelopment\orgretemplatev2\orgretemplatev2\x64\debug\rendersystem_direct3d11_d.pdb
c:\hooman\gbc\game3121\course materials\gameenginedevelopment\orgretemplatev2\orgretemplatev2\x64\debug\rendersystem_gl3plus_d.pdb
c:\hooman\gbc\game3121\course materials\gameenginedevelopment\orgretemplatev2\orgretemplatev2\x64\debug\rendersystem_gl_d.pdb
c:\hooman\gbc\game3121\course materials\gameenginedevelopment\orgretemplatev2\orgretemplatev2\x64\debug\samplebrowser_d.pdb
c:\hooman\gbc\game3121\course materials\gameenginedevelopment\orgretemplatev2\orgretemplatev2\x64\debug\vrmlconverter_d.pdb
c:\hooman\gbc\game3121\course materials\gameenginedevelopment\orgretemplatev2\orgretemplatev2\x64\debug\orgretemplatev2.tlog\cl.command.1.tlog
c:\hooman\gbc\game3121\course materials\gameenginedevelopment\orgretemplatev2\orgretemplatev2\x64\debug\orgretemplatev2.tlog\cl.read.1.tlog
c:\hooman\gbc\game3121\course materials\gameenginedevelopment\orgretemplatev2\orgretemplatev2\x64\debug\orgretemplatev2.tlog\cl.write.1.tlog
c:\hooman\gbc\game3121\course materials\gameenginedevelopment\orgretemplatev2\orgretemplatev2\x64\debug\orgretemplatev2.tlog\link.command.1.tlog
c:\hooman\gbc\game3121\course materials\gameenginedevelopment\orgretemplatev2\orgretemplatev2\x64\debug\orgretemplatev2.tlog\link.read.1.tlog
c:\hooman\gbc\game3121\course materials\gameenginedevelopment\orgretemplatev2\orgretemplatev2\x64\debug\orgretemplatev2.tlog\link.write.1.tlog
