  OgreOctreeZone.cpp
  OgreOctreeZoneDll.cpp
  OgreOctreeZoneOctree.cpp
  OgreOctreeZonePlugin.cpp
C:\Hooman\GBC\GAME3121\ogre\OgreMain\include\OgreRenderSystem.h(962,1): warning C4267: 'argument': conversion from 'size_t' to 'const T', possible loss of data
          with
          [
              T=long
          ] (compiling source file C:\Hooman\GBC\GAME3121\ogre\PlugIns\OctreeZone\src\OgreOctreeZoneDll.cpp)
C:\Hooman\GBC\GAME3121\ogre\OgreMain\include\OgreRenderSystem.h(962,1): warning C4267: 'argument': conversion from 'size_t' to 'const T', possible loss of data
          with
          [
              T=long
          ] (compiling source file C:\Hooman\GBC\GAME3121\ogre\PlugIns\OctreeZone\src\OgreOctreeZone.cpp)
C:\Hooman\GBC\GAME3121\ogre\OgreMain\include\OgreRenderSystem.h(962,1): warning C4267: 'argument': conversion from 'size_t' to 'const T', possible loss of data
          with
          [
              T=long
          ] (compiling source file C:\Hooman\GBC\GAME3121\ogre\PlugIns\OctreeZone\src\OgreOctreeZoneOctree.cpp)
     Creating library C:/Hooman/GBC/GAME3121/ogre/build/lib/Debug/Plugin_OctreeZone_d.lib and object C:/Hooman/GBC/GAME3121/ogre/build/lib/Debug/Plugin_OctreeZone_d.exp
  Plugin_OctreeZone.vcxproj -> C:\Hooman\GBC\GAME3121\ogre\build\bin\Debug\Plugin_OctreeZone_d.dll
