c:\hooman\gbc\game3121\ogre\build\components\overlay\ogreoverlay.dir\release\ogreborderpaneloverlayelement.obj
c:\hooman\gbc\game3121\ogre\build\components\overlay\ogreoverlay.dir\release\imgui.obj
c:\hooman\gbc\game3121\ogre\build\components\overlay\ogreoverlay.dir\release\ogrefont.obj
c:\hooman\gbc\game3121\ogre\build\components\overlay\ogreoverlay.dir\release\ogrepaneloverlayelement.obj
c:\hooman\gbc\game3121\ogre\build\components\overlay\ogreoverlay.dir\release\imgui_freetype.obj
c:\hooman\gbc\game3121\ogre\build\components\overlay\ogreoverlay.dir\release\ogreoverlay.obj
c:\hooman\gbc\game3121\ogre\build\components\overlay\ogreoverlay.dir\release\ogreoverlaymanager.obj
c:\hooman\gbc\game3121\ogre\build\components\overlay\ogreoverlay.dir\release\imgui_demo.obj
c:\hooman\gbc\game3121\ogre\build\components\overlay\ogreoverlay.dir\release\ogreoverlayelementcommands.obj
c:\hooman\gbc\game3121\ogre\build\components\overlay\ogreoverlay.dir\release\ogreoverlayprofilesessionlistener.obj
c:\hooman\gbc\game3121\ogre\build\components\overlay\ogreoverlay.dir\release\ogreutfstring.obj
c:\hooman\gbc\game3121\ogre\build\components\overlay\ogreoverlay.dir\release\imgui_widgets.obj
c:\hooman\gbc\game3121\ogre\build\components\overlay\ogreoverlay.dir\release\ogreimguioverlay.obj
c:\hooman\gbc\game3121\ogre\build\components\overlay\ogreoverlay.dir\release\imgui_draw.obj
c:\hooman\gbc\game3121\ogre\build\components\overlay\ogreoverlay.dir\release\ogreoverlayelement.obj
c:\hooman\gbc\game3121\ogre\build\components\overlay\ogreoverlay.dir\release\ogretextareaoverlayelement.obj
c:\hooman\gbc\game3121\ogre\build\components\overlay\ogreoverlay.dir\release\ogrefontmanager.obj
c:\hooman\gbc\game3121\ogre\build\components\overlay\ogreoverlay.dir\release\ogreoverlayelementfactory.obj
c:\hooman\gbc\game3121\ogre\build\components\overlay\ogreoverlay.dir\release\ogreoverlaytranslator.obj
c:\hooman\gbc\game3121\ogre\build\components\overlay\ogreoverlay.dir\release\ogreoverlaycontainer.obj
c:\hooman\gbc\game3121\ogre\build\components\overlay\ogreoverlay.dir\release\ogreoverlaysystem.obj
c:\hooman\gbc\game3121\ogre\build\bin\release\ogreoverlay.dll
c:\hooman\gbc\game3121\ogre\build\lib\release\ogreoverlay.lib
c:\hooman\gbc\game3121\ogre\build\lib\release\ogreoverlay.exp
c:\hooman\gbc\game3121\ogre\build\components\overlay\ogreoverlay.dir\release\ogreoverlay.tlog\cl.12844.write.1.tlog
c:\hooman\gbc\game3121\ogre\build\components\overlay\ogreoverlay.dir\release\ogreoverlay.tlog\cl.command.1.tlog
c:\hooman\gbc\game3121\ogre\build\components\overlay\ogreoverlay.dir\release\ogreoverlay.tlog\cl.read.1.tlog
c:\hooman\gbc\game3121\ogre\build\components\overlay\ogreoverlay.dir\release\ogreoverlay.tlog\link.command.1.tlog
c:\hooman\gbc\game3121\ogre\build\components\overlay\ogreoverlay.dir\release\ogreoverlay.tlog\link.read.1.tlog
c:\hooman\gbc\game3121\ogre\build\components\overlay\ogreoverlay.dir\release\ogreoverlay.tlog\link.write.1.tlog
c:\hooman\gbc\game3121\ogre\build\components\overlay\ogreoverlay.dir\release\ogreoverlay.tlog\ogreoverlay.write.1u.tlog
