  OgreTerrain.cpp
  OgreTerrainAutoUpdateLod.cpp
  OgreTerrainGroup.cpp
  OgreTerrainLayerBlendMap.cpp
  OgreTerrainLodManager.cpp
  OgreTerrainMaterialGenerator.cpp
  OgreTerrainMaterialGeneratorA.cpp
  OgreTerrainMaterialShaderHelperGLSL.cpp
C:\Hooman\GBC\GAME3121\ogre\OgreMain\include\OgreRenderSystem.h(962,1): warning C4267: 'argument': conversion from 'size_t' to 'const T', possible loss of data
          with
          [
              T=long
          ] (compiling source file C:\Hooman\GBC\GAME3121\ogre\Components\Terrain\src\OgreTerrain.cpp)
C:\Hooman\GBC\GAME3121\ogre\OgreMain\include\OgreRenderSystem.h(962,1): warning C4267: 'argument': conversion from 'size_t' to 'const T', possible loss of data
          with
          [
              T=long
          ] (compiling source file C:\Hooman\GBC\GAME3121\ogre\Components\Terrain\src\OgreTerrainLodManager.cpp)
C:\Hooman\GBC\GAME3121\ogre\OgreMain\include\OgreRenderSystem.h(962,1): warning C4267: 'argument': conversion from 'size_t' to 'const T', possible loss of data
          with
          [
              T=long
          ] (compiling source file C:\Hooman\GBC\GAME3121\ogre\Components\Terrain\src\OgreTerrainGroup.cpp)
C:\Hooman\GBC\GAME3121\ogre\OgreMain\include\OgreRenderSystem.h(962,1): warning C4267: 'argument': conversion from 'size_t' to 'const T', possible loss of data
          with
          [
              T=long
          ] (compiling source file C:\Hooman\GBC\GAME3121\ogre\Components\Terrain\src\OgreTerrainAutoUpdateLod.cpp)
C:\Hooman\GBC\GAME3121\ogre\OgreMain\include\OgreRenderSystem.h(962,1): warning C4267: 'argument': conversion from 'size_t' to 'const T', possible loss of data
          with
          [
              T=long
          ] (compiling source file C:\Hooman\GBC\GAME3121\ogre\Components\Terrain\src\OgreTerrainMaterialGenerator.cpp)
C:\Hooman\GBC\GAME3121\ogre\OgreMain\include\OgreRenderSystem.h(962,1): warning C4267: 'argument': conversion from 'size_t' to 'const T', possible loss of data
          with
          [
              T=long
          ] (compiling source file C:\Hooman\GBC\GAME3121\ogre\Components\Terrain\src\OgreTerrainMaterialGeneratorA.cpp)
C:\Hooman\GBC\GAME3121\ogre\OgreMain\include\OgreRenderSystem.h(962,1): warning C4267: 'argument': conversion from 'size_t' to 'const T', possible loss of data
          with
          [
              T=long
          ] (compiling source file C:\Hooman\GBC\GAME3121\ogre\Components\Terrain\src\OgreTerrainLayerBlendMap.cpp)
  OgreTerrainQuadTreeNode.cpp
C:\Hooman\GBC\GAME3121\ogre\OgreMain\include\OgreRenderSystem.h(962,1): warning C4267: 'argument': conversion from 'size_t' to 'const T', possible loss of data
          with
          [
              T=long
          ] (compiling source file C:\Hooman\GBC\GAME3121\ogre\Components\Terrain\src\OgreTerrainMaterialShaderHelperGLSL.cpp)
C:\Hooman\GBC\GAME3121\ogre\Components\Terrain\src\OgreTerrainLayerBlendMap.cpp(136,38): warning C4267: 'argument': conversion from 'size_t' to 'const T', possible loss of data
          with
          [
              T=long
          ]
  OgreTerrainPaging.cpp
C:\Hooman\GBC\GAME3121\ogre\Components\Terrain\src\OgreTerrainMaterialGeneratorA.cpp(351,87): warning C4267: 'argument': conversion from 'size_t' to 'const _Ty', possible loss of data
          with
          [
              _Ty=Ogre::uint8
          ]
C:\Hooman\GBC\GAME3121\ogre\Components\Terrain\src\OgreTerrainMaterialGeneratorA.cpp(579,91): warning C4267: 'argument': conversion from 'size_t' to 'const _Ty', possible loss of data
          with
          [
              _Ty=Ogre::uint8
          ]
C:\Hooman\GBC\GAME3121\ogre\Components\Terrain\src\OgreTerrainMaterialShaderHelperGLSL.cpp(323,105): warning C4267: 'argument': conversion from 'size_t' to 'const _Ty', possible loss of data
          with
          [
              _Ty=Ogre::uint8
          ]
  OgreTerrainPagedWorldSection.cpp
C:\Hooman\GBC\GAME3121\ogre\OgreMain\include\OgreRenderSystem.h(962,1): warning C4267: 'argument': conversion from 'size_t' to 'const T', possible loss of data
          with
          [
              T=long
          ] (compiling source file C:\Hooman\GBC\GAME3121\ogre\Components\Terrain\src\OgreTerrainQuadTreeNode.cpp)
C:\Hooman\GBC\GAME3121\ogre\OgreMain\include\OgreRenderSystem.h(962,1): warning C4267: 'argument': conversion from 'size_t' to 'const T', possible loss of data
          with
          [
              T=long
          ] (compiling source file C:\Hooman\GBC\GAME3121\ogre\Components\Terrain\src\OgreTerrainPaging.cpp)
C:\Hooman\GBC\GAME3121\ogre\OgreMain\include\OgreRenderSystem.h(962,1): warning C4267: 'argument': conversion from 'size_t' to 'const T', possible loss of data
          with
          [
              T=long
          ] (compiling source file C:\Hooman\GBC\GAME3121\ogre\Components\Terrain\src\OgreTerrainPagedWorldSection.cpp)
C:\Hooman\GBC\GAME3121\ogre\Components\Terrain\src\OgreTerrainPagedWorldSection.cpp(56,80): warning C4244: '=': conversion from 'uint64_t' to 'unsigned long', possible loss of data
C:\Hooman\GBC\GAME3121\ogre\Components\Terrain\src\OgreTerrainPagedWorldSection.cpp(287,35): warning C4244: 'initializing': conversion from 'uint64_t' to 'unsigned long', possible loss of data
C:\Hooman\GBC\GAME3121\ogre\Components\Terrain\src\OgreTerrainPagedWorldSection.cpp(323,39): warning C4244: 'initializing': conversion from 'uint64_t' to 'unsigned long', possible loss of data
     Creating library C:/Hooman/GBC/GAME3121/ogre/build/lib/Debug/OgreTerrain_d.lib and object C:/Hooman/GBC/GAME3121/ogre/build/lib/Debug/OgreTerrain_d.exp
  OgreTerrain.vcxproj -> C:\Hooman\GBC\GAME3121\ogre\build\bin\Debug\OgreTerrain_d.dll
