c:\hooman\gbc\game3121\ogre\build\components\terrain\ogreterrain.dir\debug\ogreterrainmaterialgeneratora.obj
c:\hooman\gbc\game3121\ogre\build\components\terrain\ogreterrain.dir\debug\ogreterrainmaterialgenerator.obj
c:\hooman\gbc\game3121\ogre\build\components\terrain\ogreterrain.dir\debug\ogreterrainpagedworldsection.obj
c:\hooman\gbc\game3121\ogre\build\components\terrain\ogreterrain.dir\debug\ogreterrainautoupdatelod.obj
c:\hooman\gbc\game3121\ogre\build\components\terrain\ogreterrain.dir\debug\ogreterrainquadtreenode.obj
c:\hooman\gbc\game3121\ogre\build\components\terrain\ogreterrain.dir\debug\ogreterrainlayerblendmap.obj
c:\hooman\gbc\game3121\ogre\build\components\terrain\ogreterrain.dir\debug\ogreterrainpaging.obj
c:\hooman\gbc\game3121\ogre\build\components\terrain\ogreterrain.dir\debug\ogreterrain.obj
c:\hooman\gbc\game3121\ogre\build\components\terrain\ogreterrain.dir\debug\ogreterraingroup.obj
c:\hooman\gbc\game3121\ogre\build\components\terrain\ogreterrain.dir\debug\ogreterrainmaterialshaderhelperglsl.obj
c:\hooman\gbc\game3121\ogre\build\components\terrain\ogreterrain.dir\debug\ogreterrainlodmanager.obj
c:\hooman\gbc\game3121\ogre\build\components\terrain\ogreterrain.dir\debug\vc142.pdb
c:\hooman\gbc\game3121\ogre\build\bin\debug\ogreterrain_d.ilk
c:\hooman\gbc\game3121\ogre\build\bin\debug\ogreterrain_d.dll
c:\hooman\gbc\game3121\ogre\build\bin\debug\ogreterrain_d.pdb
c:\hooman\gbc\game3121\ogre\build\lib\debug\ogreterrain_d.lib
c:\hooman\gbc\game3121\ogre\build\lib\debug\ogreterrain_d.exp
c:\hooman\gbc\game3121\ogre\build\components\terrain\ogreterrain.dir\debug\ogreterrain.tlog\cl.1472.write.1.tlog
c:\hooman\gbc\game3121\ogre\build\components\terrain\ogreterrain.dir\debug\ogreterrain.tlog\cl.command.1.tlog
c:\hooman\gbc\game3121\ogre\build\components\terrain\ogreterrain.dir\debug\ogreterrain.tlog\cl.read.1.tlog
c:\hooman\gbc\game3121\ogre\build\components\terrain\ogreterrain.dir\debug\ogreterrain.tlog\link.command.1.tlog
c:\hooman\gbc\game3121\ogre\build\components\terrain\ogreterrain.dir\debug\ogreterrain.tlog\link.read.1.tlog
c:\hooman\gbc\game3121\ogre\build\components\terrain\ogreterrain.dir\debug\ogreterrain.tlog\link.write.1.tlog
c:\hooman\gbc\game3121\ogre\build\components\terrain\ogreterrain.dir\debug\ogreterrain.tlog\ogreterrain.write.1u.tlog
