  VRML2mesh.cpp
  commentstream.cpp
  file.cpp
  indexed_face_set.cpp
  node.cpp
  nodes.cpp
  types.cpp
C:\Hooman\GBC\GAME3121\Course Materials\GameEngineDevelopment\ogre-sdk-v2.1\Tools\VRMLConverter\vrmllib\src\indexed_face_set.cpp(121,53): warning C4267: '=': conversion from 'size_t' to 'unsigned int', possible loss of data
C:\Hooman\GBC\GAME3121\Course Materials\GameEngineDevelopment\ogre-sdk-v2.1\Tools\VRMLConverter\vrmllib\src\indexed_face_set.cpp(122,57): warning C4267: 'argument': conversion from 'size_t' to '_Ty', possible loss of data
          with
          [
              _Ty=unsigned int
          ]
C:\Hooman\GBC\GAME3121\Course Materials\GameEngineDevelopment\ogre-sdk-v2.1\Tools\VRMLConverter\src\VRML2mesh.cpp(332,36): warning C4267: 'initializing': conversion from 'size_t' to 'int', possible loss of data
C:\Hooman\GBC\GAME3121\Course Materials\GameEngineDevelopment\ogre-sdk-v2.1\Tools\VRMLConverter\src\VRML2mesh.cpp(333,34): warning C4267: 'initializing': conversion from 'size_t' to 'int', possible loss of data
C:\Hooman\GBC\GAME3121\Course Materials\GameEngineDevelopment\ogre-sdk-v2.1\Tools\VRMLConverter\src\VRML2mesh.cpp(429,20): warning C4244: 'initializing': conversion from '__int64' to 'int', possible loss of data
C:\Hooman\GBC\GAME3121\Course Materials\GameEngineDevelopment\ogre-sdk-v2.1\Tools\VRMLConverter\src\VRML2mesh.cpp(432,27): warning C4244: 'initializing': conversion from '__int64' to 'int', possible loss of data
C:\Hooman\GBC\GAME3121\Course Materials\GameEngineDevelopment\ogre-sdk-v2.1\Tools\VRMLConverter\src\VRML2mesh.cpp(450,39): warning C4267: '=': conversion from 'size_t' to 'int', possible loss of data
C:\Hooman\GBC\GAME3121\Course Materials\GameEngineDevelopment\ogre-sdk-v2.1\Tools\VRMLConverter\src\VRML2mesh.cpp(518,35): warning C4244: 'argument': conversion from '__int64' to '_Ty', possible loss of data
          with
          [
              _Ty=int
          ]
  VRMLConverter.vcxproj -> C:\Hooman\GBC\GAME3121\Course Materials\GameEngineDevelopment\ogre-sdk-v2.1\build\bin\Debug\VRMLConverter_d.exe
