  OgreAntiPortal.cpp
  OgreCapsule.cpp
  OgreDefaultZone.cpp
  OgrePCPlane.cpp
  OgrePCZCamera.cpp
  OgrePCZFrustum.cpp
  OgrePCZLight.cpp
  OgrePCZPlugin.cpp
  OgrePCZSceneManager.cpp
  OgrePCZSceneManagerDll.cpp
C:\Hooman\GBC\GAME3121\ogre\OgreMain\include\OgreRenderSystem.h(962,1): warning C4267: 'argument': conversion from 'size_t' to 'const T', possible loss of data
          with
          [
              T=long
          ] (compiling source file C:\Hooman\GBC\GAME3121\ogre\PlugIns\PCZSceneManager\src\OgreDefaultZone.cpp)
  OgrePCZSceneNode.cpp
C:\Hooman\GBC\GAME3121\ogre\OgreMain\include\OgreRenderSystem.h(962,1): warning C4267: 'argument': conversion from 'size_t' to 'const T', possible loss of data
          with
          [
              T=long
          ] (compiling source file C:\Hooman\GBC\GAME3121\ogre\PlugIns\PCZSceneManager\src\OgrePCZLight.cpp)
C:\Hooman\GBC\GAME3121\ogre\OgreMain\include\OgreRenderSystem.h(962,1): warning C4267: 'argument': conversion from 'size_t' to 'const T', possible loss of data
          with
          [
              T=long
          ] (compiling source file C:\Hooman\GBC\GAME3121\ogre\PlugIns\PCZSceneManager\src\OgrePCZSceneManagerDll.cpp)
C:\Hooman\GBC\GAME3121\ogre\OgreMain\include\OgreRenderSystem.h(962,1): warning C4267: 'argument': conversion from 'size_t' to 'const T', possible loss of data
          with
          [
              T=long
          ] (compiling source file C:\Hooman\GBC\GAME3121\ogre\PlugIns\PCZSceneManager\src\OgrePCZPlugin.cpp)
  OgrePCZSceneQuery.cpp
  OgrePCZone.cpp
  OgrePCZoneFactory.cpp
C:\Hooman\GBC\GAME3121\ogre\OgreMain\include\OgreRenderSystem.h(962,1): warning C4267: 'argument': conversion from 'size_t' to 'const T', possible loss of data
          with
          [
              T=long
          ] (compiling source file C:\Hooman\GBC\GAME3121\ogre\PlugIns\PCZSceneManager\src\OgrePCZSceneManager.cpp)
  OgrePortal.cpp
  OgrePortalBase.cpp
  OgreSegment.cpp
C:\Hooman\GBC\GAME3121\ogre\OgreMain\include\OgreRenderSystem.h(962,1): warning C4267: 'argument': conversion from 'size_t' to 'const T', possible loss of data
          with
          [
              T=long
          ] (compiling source file C:\Hooman\GBC\GAME3121\ogre\PlugIns\PCZSceneManager\src\OgrePCZSceneQuery.cpp)
C:\Hooman\GBC\GAME3121\ogre\OgreMain\include\OgreRenderSystem.h(962,1): warning C4267: 'argument': conversion from 'size_t' to 'const T', possible loss of data
          with
          [
              T=long
          ] (compiling source file C:\Hooman\GBC\GAME3121\ogre\PlugIns\PCZSceneManager\src\OgrePCZSceneNode.cpp)
C:\Hooman\GBC\GAME3121\ogre\OgreMain\include\OgreRenderSystem.h(962,1): warning C4267: 'argument': conversion from 'size_t' to 'const T', possible loss of data
          with
          [
              T=long
          ] (compiling source file C:\Hooman\GBC\GAME3121\ogre\PlugIns\PCZSceneManager\src\OgrePortalBase.cpp)
     Creating library C:/Hooman/GBC/GAME3121/ogre/build/lib/Debug/Plugin_PCZSceneManager_d.lib and object C:/Hooman/GBC/GAME3121/ogre/build/lib/Debug/Plugin_PCZSceneManager_d.exp
  Plugin_PCZSceneManager.vcxproj -> C:\Hooman\GBC\GAME3121\ogre\build\bin\Debug\Plugin_PCZSceneManager_d.dll
