c:\hooman\gbc\game3121\course materials\gameenginedevelopment\ogre-sdk-v2.1\build\rendersystems\gl3plus\rendersystem_gl3plus.dir\debug\vc142.pdb
c:\hooman\gbc\game3121\course materials\gameenginedevelopment\ogre-sdk-v2.1\build\rendersystems\gl3plus\rendersystem_gl3plus.dir\debug\gl3w.obj
c:\hooman\gbc\game3121\course materials\gameenginedevelopment\ogre-sdk-v2.1\build\rendersystems\gl3plus\rendersystem_gl3plus.dir\debug\ogreglslmonolithicprogram.obj
c:\hooman\gbc\game3121\course materials\gameenginedevelopment\ogre-sdk-v2.1\build\rendersystems\gl3plus\rendersystem_gl3plus.dir\debug\ogregl3plusfborendertexture.obj
c:\hooman\gbc\game3121\course materials\gameenginedevelopment\ogre-sdk-v2.1\build\rendersystems\gl3plus\rendersystem_gl3plus.dir\debug\ogregl3plushardwareocclusionquery.obj
c:\hooman\gbc\game3121\course materials\gameenginedevelopment\ogre-sdk-v2.1\build\rendersystems\gl3plus\rendersystem_gl3plus.dir\debug\ogregl3plusplugin.obj
c:\hooman\gbc\game3121\course materials\gameenginedevelopment\ogre-sdk-v2.1\build\rendersystems\gl3plus\rendersystem_gl3plus.dir\debug\ogreglslextsupport.obj
c:\hooman\gbc\game3121\course materials\gameenginedevelopment\ogre-sdk-v2.1\build\rendersystems\gl3plus\rendersystem_gl3plus.dir\debug\ogregl3plusenginedll.obj
c:\hooman\gbc\game3121\course materials\gameenginedevelopment\ogre-sdk-v2.1\build\rendersystems\gl3plus\rendersystem_gl3plus.dir\debug\ogregl3plushardwareindexbuffer.obj
c:\hooman\gbc\game3121\course materials\gameenginedevelopment\ogre-sdk-v2.1\build\rendersystems\gl3plus\rendersystem_gl3plus.dir\debug\ogregl3plustexturemanager.obj
c:\hooman\gbc\game3121\course materials\gameenginedevelopment\ogre-sdk-v2.1\build\rendersystems\gl3plus\rendersystem_gl3plus.dir\debug\ogreglslprogram.obj
c:\hooman\gbc\game3121\course materials\gameenginedevelopment\ogre-sdk-v2.1\build\rendersystems\gl3plus\rendersystem_gl3plus.dir\debug\ogregl3plusframebufferobject.obj
c:\hooman\gbc\game3121\course materials\gameenginedevelopment\ogre-sdk-v2.1\build\rendersystems\gl3plus\rendersystem_gl3plus.dir\debug\ogregl3plushardwareuniformbuffer.obj
c:\hooman\gbc\game3121\course materials\gameenginedevelopment\ogre-sdk-v2.1\build\rendersystems\gl3plus\rendersystem_gl3plus.dir\debug\ogregl3plusrendersystem.obj
c:\hooman\gbc\game3121\course materials\gameenginedevelopment\ogre-sdk-v2.1\build\rendersystems\gl3plus\rendersystem_gl3plus.dir\debug\ogreglslprogrammanager.obj
c:\hooman\gbc\game3121\course materials\gameenginedevelopment\ogre-sdk-v2.1\build\rendersystems\gl3plus\rendersystem_gl3plus.dir\debug\ogregl3plushardwareshaderstoragebuffer.obj
c:\hooman\gbc\game3121\course materials\gameenginedevelopment\ogre-sdk-v2.1\build\rendersystems\gl3plus\rendersystem_gl3plus.dir\debug\ogregl3plustexture.obj
c:\hooman\gbc\game3121\course materials\gameenginedevelopment\ogre-sdk-v2.1\build\rendersystems\gl3plus\rendersystem_gl3plus.dir\debug\ogreglslseparableprogram.obj
c:\hooman\gbc\game3121\course materials\gameenginedevelopment\ogre-sdk-v2.1\build\rendersystems\gl3plus\rendersystem_gl3plus.dir\debug\ogregl3plusfbomultirendertarget.obj
c:\hooman\gbc\game3121\course materials\gameenginedevelopment\ogre-sdk-v2.1\build\rendersystems\gl3plus\rendersystem_gl3plus.dir\debug\ogregl3plushardwarecounterbuffer.obj
c:\hooman\gbc\game3121\course materials\gameenginedevelopment\ogre-sdk-v2.1\build\rendersystems\gl3plus\rendersystem_gl3plus.dir\debug\ogregl3plushardwarepixelbuffer.obj
c:\hooman\gbc\game3121\course materials\gameenginedevelopment\ogre-sdk-v2.1\build\rendersystems\gl3plus\rendersystem_gl3plus.dir\debug\ogregl3plusstatecachemanager.obj
c:\hooman\gbc\game3121\course materials\gameenginedevelopment\ogre-sdk-v2.1\build\rendersystems\gl3plus\rendersystem_gl3plus.dir\debug\ogreglslshaderfactory.obj
c:\hooman\gbc\game3121\course materials\gameenginedevelopment\ogre-sdk-v2.1\build\rendersystems\gl3plus\rendersystem_gl3plus.dir\debug\ogregl3plushardwarevertexbuffer.obj
c:\hooman\gbc\game3121\course materials\gameenginedevelopment\ogre-sdk-v2.1\build\rendersystems\gl3plus\rendersystem_gl3plus.dir\debug\ogregl3plusdepthbuffer.obj
c:\hooman\gbc\game3121\course materials\gameenginedevelopment\ogre-sdk-v2.1\build\rendersystems\gl3plus\rendersystem_gl3plus.dir\debug\ogregl3plushardwarebuffer.obj
c:\hooman\gbc\game3121\course materials\gameenginedevelopment\ogre-sdk-v2.1\build\rendersystems\gl3plus\rendersystem_gl3plus.dir\debug\ogregl3plusrendertovertexbuffer.obj
c:\hooman\gbc\game3121\course materials\gameenginedevelopment\ogre-sdk-v2.1\build\rendersystems\gl3plus\rendersystem_gl3plus.dir\debug\ogreglslshader.obj
c:\hooman\gbc\game3121\course materials\gameenginedevelopment\ogre-sdk-v2.1\build\rendersystems\gl3plus\rendersystem_gl3plus.dir\debug\ogregl3plushardwarebuffermanager.obj
c:\hooman\gbc\game3121\course materials\gameenginedevelopment\ogre-sdk-v2.1\build\rendersystems\gl3plus\rendersystem_gl3plus.dir\debug\ogregl3pluspixelformat.obj
c:\hooman\gbc\game3121\course materials\gameenginedevelopment\ogre-sdk-v2.1\build\rendersystems\gl3plus\rendersystem_gl3plus.dir\debug\ogregl3plustexturebuffer.obj
c:\hooman\gbc\game3121\course materials\gameenginedevelopment\ogre-sdk-v2.1\build\bin\debug\rendersystem_gl3plus_d.ilk
c:\hooman\gbc\game3121\course materials\gameenginedevelopment\ogre-sdk-v2.1\build\bin\debug\rendersystem_gl3plus_d.dll
c:\hooman\gbc\game3121\course materials\gameenginedevelopment\ogre-sdk-v2.1\build\bin\debug\rendersystem_gl3plus_d.pdb
c:\hooman\gbc\game3121\course materials\gameenginedevelopment\ogre-sdk-v2.1\build\lib\debug\rendersystem_gl3plus_d.lib
c:\hooman\gbc\game3121\course materials\gameenginedevelopment\ogre-sdk-v2.1\build\lib\debug\rendersystem_gl3plus_d.exp
c:\hooman\gbc\game3121\course materials\gameenginedevelopment\ogre-sdk-v2.1\build\rendersystems\gl3plus\rendersystem_gl3plus.dir\debug\rendersy.ad61141b.tlog\cl.command.1.tlog
c:\hooman\gbc\game3121\course materials\gameenginedevelopment\ogre-sdk-v2.1\build\rendersystems\gl3plus\rendersystem_gl3plus.dir\debug\rendersy.ad61141b.tlog\cl.read.1.tlog
c:\hooman\gbc\game3121\course materials\gameenginedevelopment\ogre-sdk-v2.1\build\rendersystems\gl3plus\rendersystem_gl3plus.dir\debug\rendersy.ad61141b.tlog\cl.write.1.tlog
c:\hooman\gbc\game3121\course materials\gameenginedevelopment\ogre-sdk-v2.1\build\rendersystems\gl3plus\rendersystem_gl3plus.dir\debug\rendersy.ad61141b.tlog\link.command.1.tlog
c:\hooman\gbc\game3121\course materials\gameenginedevelopment\ogre-sdk-v2.1\build\rendersystems\gl3plus\rendersystem_gl3plus.dir\debug\rendersy.ad61141b.tlog\link.read.1.tlog
c:\hooman\gbc\game3121\course materials\gameenginedevelopment\ogre-sdk-v2.1\build\rendersystems\gl3plus\rendersystem_gl3plus.dir\debug\rendersy.ad61141b.tlog\link.write.1.tlog
c:\hooman\gbc\game3121\course materials\gameenginedevelopment\ogre-sdk-v2.1\build\rendersystems\gl3plus\rendersystem_gl3plus.dir\debug\rendersy.ad61141b.tlog\rendersystem_gl3plus.write.1u.tlog
