  OgreGLSLExtSupport.cpp
  OgreGLSLMonolithicProgram.cpp
  OgreGLSLProgram.cpp
  OgreGLSLProgramManager.cpp
  OgreGLSLSeparableProgram.cpp
  OgreGLSLShader.cpp
  OgreGLSLShaderFactory.cpp
  OgreGL3PlusDepthBuffer.cpp
  OgreGL3PlusEngineDll.cpp
C:\Hooman\GBC\GAME3121\Course Materials\GameEngineDevelopment\ogre-sdk-v2.1\RenderSystems\GL3Plus\src\GLSL\src\OgreGLSLSeparableProgram.cpp(163,81): warning C4267: 'initializing': conversion from 'size_t' to 'GLint', possible loss of data
C:\Hooman\GBC\GAME3121\Course Materials\GameEngineDevelopment\ogre-sdk-v2.1\RenderSystems\GL3Plus\src\GLSL\src\OgreGLSLProgram.cpp(160,1): warning C4267: 'argument': conversion from 'size_t' to 'GLsizei', possible loss of data
C:\Hooman\GBC\GAME3121\Course Materials\GameEngineDevelopment\ogre-sdk-v2.1\RenderSystems\GL3Plus\src\GLSL\src\OgreGLSLProgram.cpp(173,1): warning C4267: 'argument': conversion from 'size_t' to 'GLuint', possible loss of data
  OgreGL3PlusFBOMultiRenderTarget.cpp
C:\Hooman\GBC\GAME3121\Course Materials\GameEngineDevelopment\ogre-sdk-v2.1\RenderSystems\GL3Plus\src\GLSL\src\OgreGLSLProgramManager.cpp(745,67): warning C4267: 'initializing': conversion from 'size_t' to 'GLint', possible loss of data
C:\Hooman\GBC\GAME3121\Course Materials\GameEngineDevelopment\ogre-sdk-v2.1\RenderSystems\GL3Plus\src\GLSL\src\OgreGLSLProgramManager.cpp(761,17): warning C4267: 'argument': conversion from 'size_t' to 'GLsizei', possible loss of data
C:\Hooman\GBC\GAME3121\Course Materials\GameEngineDevelopment\ogre-sdk-v2.1\RenderSystems\GL3Plus\src\GLSL\src\OgreGLSLProgramManager.cpp(763,17): warning C4267: 'argument': conversion from 'size_t' to 'GLsizei', possible loss of data
C:\Hooman\GBC\GAME3121\Course Materials\GameEngineDevelopment\ogre-sdk-v2.1\RenderSystems\GL3Plus\src\GLSL\src\OgreGLSLProgramManager.cpp(834,71): warning C4267: 'initializing': conversion from 'size_t' to 'GLint', possible loss of data
  OgreGL3PlusFBORenderTexture.cpp
  OgreGL3PlusFrameBufferObject.cpp
  OgreGL3PlusHardwareBuffer.cpp
  OgreGL3PlusHardwareBufferManager.cpp
  OgreGL3PlusHardwareCounterBuffer.cpp
  OgreGL3PlusHardwareIndexBuffer.cpp
  OgreGL3PlusHardwareOcclusionQuery.cpp
  OgreGL3PlusHardwarePixelBuffer.cpp
  OgreGL3PlusHardwareShaderStorageBuffer.cpp
  OgreGL3PlusHardwareUniformBuffer.cpp
  OgreGL3PlusHardwareVertexBuffer.cpp
  OgreGL3PlusPixelFormat.cpp
  OgreGL3PlusPlugin.cpp
  OgreGL3PlusRenderSystem.cpp
  OgreGL3PlusRenderToVertexBuffer.cpp
  OgreGL3PlusStateCacheManager.cpp
  OgreGL3PlusTexture.cpp
  OgreGL3PlusTextureBuffer.cpp
  OgreGL3PlusTextureManager.cpp
C:\Hooman\GBC\GAME3121\Course Materials\GameEngineDevelopment\ogre-sdk-v2.1\RenderSystems\GL3Plus\src\OgreGL3PlusRenderSystem.cpp(796,56): warning C4267: 'argument': conversion from 'size_t' to 'Ogre::uint32', possible loss of data
C:\Hooman\GBC\GAME3121\Course Materials\GameEngineDevelopment\ogre-sdk-v2.1\RenderSystems\GL3Plus\src\OgreGL3PlusRenderSystem.cpp(1384,17): warning C4267: 'argument': conversion from 'size_t' to 'GLsizei', possible loss of data
C:\Hooman\GBC\GAME3121\Course Materials\GameEngineDevelopment\ogre-sdk-v2.1\RenderSystems\GL3Plus\src\OgreGL3PlusRenderSystem.cpp(1390,17): warning C4267: 'argument': conversion from 'size_t' to 'GLsizei', possible loss of data
C:\Hooman\GBC\GAME3121\Course Materials\GameEngineDevelopment\ogre-sdk-v2.1\RenderSystems\GL3Plus\src\OgreGL3PlusRenderSystem.cpp(1415,21): warning C4267: 'argument': conversion from 'size_t' to 'GLsizei', possible loss of data
C:\Hooman\GBC\GAME3121\Course Materials\GameEngineDevelopment\ogre-sdk-v2.1\RenderSystems\GL3Plus\src\OgreGL3PlusRenderSystem.cpp(1419,21): warning C4267: 'argument': conversion from 'size_t' to 'GLsizei', possible loss of data
C:\Hooman\GBC\GAME3121\Course Materials\GameEngineDevelopment\ogre-sdk-v2.1\RenderSystems\GL3Plus\src\OgreGL3PlusRenderSystem.cpp(1437,21): warning C4267: 'argument': conversion from 'size_t' to 'GLsizei', possible loss of data
C:\Hooman\GBC\GAME3121\Course Materials\GameEngineDevelopment\ogre-sdk-v2.1\RenderSystems\GL3Plus\src\OgreGL3PlusRenderSystem.cpp(1441,21): warning C4267: 'argument': conversion from 'size_t' to 'GLsizei', possible loss of data
C:\Hooman\GBC\GAME3121\Course Materials\GameEngineDevelopment\ogre-sdk-v2.1\RenderSystems\GL3Plus\src\OgreGL3PlusRenderSystem.cpp(1467,21): warning C4267: '=': conversion from 'size_t' to 'int', possible loss of data
C:\Hooman\GBC\GAME3121\Course Materials\GameEngineDevelopment\ogre-sdk-v2.1\RenderSystems\GL3Plus\src\OgreGL3PlusRenderSystem.cpp(1469,24): warning C4267: '=': conversion from 'size_t' to 'int', possible loss of data
C:\Hooman\GBC\GAME3121\Course Materials\GameEngineDevelopment\ogre-sdk-v2.1\RenderSystems\GL3Plus\src\OgreGL3PlusRenderSystem.cpp(1471,42): warning C4267: '=': conversion from 'size_t' to 'int', possible loss of data
C:\Hooman\GBC\GAME3121\Course Materials\GameEngineDevelopment\ogre-sdk-v2.1\RenderSystems\GL3Plus\src\OgreGL3PlusRenderSystem.cpp(1472,29): warning C4267: '=': conversion from 'size_t' to 'int', possible loss of data
C:\Hooman\GBC\GAME3121\Course Materials\GameEngineDevelopment\ogre-sdk-v2.1\RenderSystems\GL3Plus\src\OgreGL3PlusRenderSystem.cpp(1473,29): warning C4267: '=': conversion from 'size_t' to 'int', possible loss of data
C:\Hooman\GBC\GAME3121\Course Materials\GameEngineDevelopment\ogre-sdk-v2.1\RenderSystems\GL3Plus\src\OgreGL3PlusRenderSystem.cpp(1494,71): warning C4267: '=': conversion from 'size_t' to 'int', possible loss of data
C:\Hooman\GBC\GAME3121\Course Materials\GameEngineDevelopment\ogre-sdk-v2.1\RenderSystems\GL3Plus\src\OgreGL3PlusRenderSystem.cpp(2234,13): warning C4267: 'argument': conversion from 'size_t' to 'GLuint', possible loss of data
C:\Hooman\GBC\GAME3121\Course Materials\GameEngineDevelopment\ogre-sdk-v2.1\RenderSystems\GL3Plus\src\OgreGL3PlusRenderSystem.cpp(2322,59): warning C4267: 'argument': conversion from 'size_t' to 'GLint', possible loss of data
C:\Hooman\GBC\GAME3121\Course Materials\GameEngineDevelopment\ogre-sdk-v2.1\RenderSystems\GL3Plus\src\OgreGL3PlusStateCacheManager.cpp(107,24): warning C4244: '=': conversion from 'float' to 'int', possible loss of data
C:\Hooman\GBC\GAME3121\Course Materials\GameEngineDevelopment\ogre-sdk-v2.1\RenderSystems\GL3Plus\src\OgreGL3PlusStateCacheManager.cpp(108,24): warning C4244: '=': conversion from 'float' to 'int', possible loss of data
C:\Hooman\GBC\GAME3121\Course Materials\GameEngineDevelopment\ogre-sdk-v2.1\RenderSystems\GL3Plus\src\OgreGL3PlusStateCacheManager.cpp(109,24): warning C4244: '=': conversion from 'float' to 'int', possible loss of data
C:\Hooman\GBC\GAME3121\Course Materials\GameEngineDevelopment\ogre-sdk-v2.1\RenderSystems\GL3Plus\src\OgreGL3PlusStateCacheManager.cpp(110,24): warning C4244: '=': conversion from 'float' to 'int', possible loss of data
C:\Hooman\GBC\GAME3121\Course Materials\GameEngineDevelopment\ogre-sdk-v2.1\RenderSystems\GL3Plus\src\OgreGL3PlusStateCacheManager.cpp(335,9): warning C4267: 'argument': conversion from 'size_t' to 'GLenum', possible loss of data
C:\Hooman\GBC\GAME3121\Course Materials\GameEngineDevelopment\ogre-sdk-v2.1\RenderSystems\GL3Plus\src\OgreGL3PlusTexture.cpp(397,84): warning C4267: 'argument': conversion from 'size_t' to 'Ogre::uint32', possible loss of data
C:\Hooman\GBC\GAME3121\Course Materials\GameEngineDevelopment\ogre-sdk-v2.1\RenderSystems\GL3Plus\src\OgreGL3PlusTextureBuffer.cpp(174,1): warning C4267: 'argument': conversion from 'size_t' to 'GLsizei', possible loss of data
C:\Hooman\GBC\GAME3121\Course Materials\GameEngineDevelopment\ogre-sdk-v2.1\RenderSystems\GL3Plus\src\OgreGL3PlusTextureBuffer.cpp(184,1): warning C4267: 'argument': conversion from 'size_t' to 'GLsizei', possible loss of data
C:\Hooman\GBC\GAME3121\Course Materials\GameEngineDevelopment\ogre-sdk-v2.1\RenderSystems\GL3Plus\src\OgreGL3PlusTextureBuffer.cpp(193,1): warning C4267: 'argument': conversion from 'size_t' to 'GLsizei', possible loss of data
C:\Hooman\GBC\GAME3121\Course Materials\GameEngineDevelopment\ogre-sdk-v2.1\RenderSystems\GL3Plus\src\OgreGL3PlusTextureBuffer.cpp(202,17): warning C4267: 'argument': conversion from 'size_t' to 'GLint', possible loss of data
C:\Hooman\GBC\GAME3121\Course Materials\GameEngineDevelopment\ogre-sdk-v2.1\RenderSystems\GL3Plus\src\OgreGL3PlusTextureBuffer.cpp(204,17): warning C4267: 'argument': conversion from 'size_t' to 'GLint', possible loss of data
C:\Hooman\GBC\GAME3121\Course Materials\GameEngineDevelopment\ogre-sdk-v2.1\RenderSystems\GL3Plus\src\OgreGL3PlusTextureManager.cpp(127,1): warning C4244: 'argument': conversion from 'Ogre::Real' to 'const _Ty', possible loss of data
          with
          [
              _Ty=Ogre::uint
          ]
  gl3w.c
     Creating library C:/Hooman/GBC/GAME3121/Course Materials/GameEngineDevelopment/ogre-sdk-v2.1/build/lib/Debug/RenderSystem_GL3Plus_d.lib and object C:/Hooman/GBC/GAME3121/Course Materials/GameEngineDevelopment/ogre-sdk-v2.1/build/lib/Debug/RenderSystem_GL3Plus_d.exp
  RenderSystem_GL3Plus.vcxproj -> C:\Hooman\GBC\GAME3121\Course Materials\GameEngineDevelopment\ogre-sdk-v2.1\build\bin\Debug\RenderSystem_GL3Plus_d.dll

Project Performance Summary:
        0 ms  C:\Hooman\GBC\GAME3121\Course Materials\GameEngineDevelopment\ogre-sdk-v2.1\build\RenderSystems\GLSupport\OgreGLSupport.vcxproj   4 calls
                  0 ms  GetTargetPath                              1 calls
                  0 ms  GetNativeManifest                          1 calls
                  0 ms  GetResolvedLinkLibs                        1 calls
                  0 ms  GetCopyToOutputDirectoryItems              1 calls
        0 ms  C:\Hooman\GBC\GAME3121\Course Materials\GameEngineDevelopment\ogre-sdk-v2.1\build\OgreMain\OgreMain.vcxproj   4 calls
                  0 ms  GetTargetPath                              1 calls
                  0 ms  GetNativeManifest                          1 calls
                  0 ms  GetResolvedLinkLibs                        1 calls
                  0 ms  GetCopyToOutputDirectoryItems              1 calls
    29937 ms  C:\Hooman\GBC\GAME3121\Course Materials\GameEngineDevelopment\ogre-sdk-v2.1\build\RenderSystems\GL3Plus\RenderSystem_GL3Plus.vcxproj   1 calls
              29937 ms  Rebuild                                    1 calls

Target Performance Summary:
        0 ms  _CheckForInvalidConfigurationAndPlatform   1 calls
        0 ms  ComputeLinkSwitches                        1 calls
        0 ms  PreLinkEvent                               1 calls
        0 ms  DoLinkOutputFilesMatch                     1 calls
        0 ms  PrepareResourceNames                       1 calls
        0 ms  CreateCustomManifestResourceNames          1 calls
        0 ms  SplitResourcesByCulture                    1 calls
        0 ms  ComputeManifestInputsTargets               1 calls
        0 ms  ComputeReferenceLinkInputs                 1 calls
        0 ms  ComputeLinkInputsFromProject               1 calls
        0 ms  ComputeCLGeneratedLinkInputs               1 calls
        0 ms  ComputeCLOutputs                           1 calls
        0 ms  ComputeManifestGeneratedLinkerInputs       1 calls
        0 ms  ComputeRCGeneratedLinkInputs               1 calls
        0 ms  ComputeRCOutputs                           1 calls
        0 ms  BeforeLink                                 1 calls
        0 ms  BuildLinkTraverse                          1 calls
        0 ms  BuildCompile                               1 calls
        0 ms  _BuildCompileAction                        1 calls
        0 ms  AfterBuildCompileEvent                     1 calls
        0 ms  _ResourceCompile                           1 calls
        0 ms  AfterResourceCompile                       1 calls
        0 ms  AfterRebuild                               1 calls
        0 ms  BeforeResourceCompile                      1 calls
        0 ms  _ClCompile                                 1 calls
        0 ms  AfterClCompile                             1 calls
        0 ms  AfterLink                                  1 calls
        0 ms  _Link                                      1 calls
        0 ms  _ALink                                     1 calls
        0 ms  _Manifest                                  1 calls
        0 ms  Build                                      1 calls
        0 ms  IncrementalClean                           1 calls
        0 ms  AfterBuild                                 1 calls
        0 ms  BuildLink                                  1 calls
        0 ms  _BuildLinkAction                           1 calls
        0 ms  PostBuildEvent                             1 calls
        0 ms  PrepareForRun                              1 calls
        0 ms  CopyFilesToOutputDirectory                 1 calls
        0 ms  _CheckForCompileOutputs                    1 calls
        0 ms  _CopySourceItemsToOutputDirectory          1 calls
        0 ms  GetCopyToOutputDirectoryXamlAppDefs        1 calls
        0 ms  _PopulateCommonStateForGetCopyToOutputDirectoryItems   1 calls
        0 ms  SelectClCompile                            1 calls
        0 ms  _Deploy                                    1 calls
        0 ms  CreateSatelliteAssemblies                  1 calls
        0 ms  _GenerateSatelliteAssemblyInputs           1 calls
        0 ms  MakeDirsForFxc                             1 calls
        0 ms  SatelliteDllsProjectOutputGroup            1 calls
        0 ms  BuiltProjectOutputGroup                    1 calls
        0 ms  _BscMake                                   1 calls
        0 ms  MakeDirsForBscMake                         1 calls
        0 ms  ComputeCLCompileGeneratedSbrFiles          1 calls
        0 ms  _XdcMake                                   1 calls
        0 ms  MakeDirsForXdcMake                         1 calls
        0 ms  ResolvedXDCMake                            1 calls
        0 ms  RegisterOutput                             1 calls
        0 ms  _Appverifier                               1 calls
        0 ms  ComputeReferenceCLInput                    1 calls
        0 ms  MakeDirsForResourceCompile                 1 calls
        0 ms  ComputeCLInputPDBName                      1 calls
        0 ms  AfterResolveReferences                     1 calls
        0 ms  ExpandSDKReferences                        1 calls
        0 ms  FindReferenceAssembliesForReferences       1 calls
        0 ms  GetResolvedWinMD                           1 calls
        0 ms  SetBuildDefaultEnvironmentVariables        1 calls
        0 ms  GetFrameworkPaths                          1 calls
        0 ms  BeforeResolveReferences                    1 calls
        0 ms  _PrepareForBuild                           1 calls
        0 ms  Clean                                      1 calls
        0 ms  CppClean                                   1 calls
        0 ms  PGInstrumentedClean                        1 calls
        0 ms  AfterCppClean                              1 calls
        0 ms  BeforeCppClean                             1 calls
        0 ms  AfterClean                                 1 calls
        0 ms  CleanPublishFolder                         1 calls
        0 ms  PrepareProjectReferences                   1 calls
        0 ms  _GetProjectReferenceTargetFrameworkProperties   1 calls
        0 ms  AssignProjectConfiguration                 1 calls
        0 ms  BeforeClean                                1 calls
        0 ms  _PrepareForClean                           1 calls
        0 ms  BeforeRebuild                              1 calls
        0 ms  _PrepareForRebuild                         1 calls
        0 ms  SetTelemetryEnvironmentVariables           1 calls
        0 ms  ResolveReferences                          1 calls
        0 ms  BuildGenerateSourcesTraverse               1 calls
        0 ms  SetCABuildNativeEnvironmentVariables       1 calls
        0 ms  ComputeMIDLGeneratedCompileInputs          1 calls
        0 ms  BeforeClCompile                            1 calls
        0 ms  BuildCompileTraverse                       1 calls
        0 ms  BuildGenerateSources                       1 calls
        0 ms  _BuildGenerateSourcesAction                1 calls
        0 ms  AfterBuildGenerateSourcesEvent             1 calls
        0 ms  AfterBuildGenerateSources                  1 calls
        0 ms  _Midl                                      1 calls
        0 ms  AfterMidl                                  1 calls
        0 ms  MakeDirsForMidl                            1 calls
        0 ms  _Xsd                                       1 calls
        0 ms  CustomBuild                                1 calls
        0 ms  SelectCustomBuild                          1 calls
        0 ms  Rebuild                                    1 calls
        0 ms  _SelectedFiles                             1 calls
        0 ms  BeforeBuildGenerateSources                 1 calls
        0 ms  PreBuildEvent                              1 calls
        1 ms  ResolveSDKReferences                       1 calls
        1 ms  AssignTargetPaths                          1 calls
        1 ms  GetReferenceAssemblyPaths                  1 calls
        1 ms  _CheckWindowsSDKInstalled                  1 calls
        1 ms  MakeDirsForLink                            1 calls
        1 ms  _GetCopyToOutputDirectoryItemsFromThisProject   1 calls
        1 ms  ComputeCLCompileGeneratedXDCFiles          1 calls
        1 ms  ComputeCustomBuildOutput                   1 calls
        1 ms  _PrepareForReferenceResolution             1 calls
        1 ms  ComputeResolveLinkObj                      1 calls
        1 ms  CleanReferencedProjects                    1 calls
        1 ms  _CleanGetCurrentAndPriorFileWrites         1 calls
        1 ms  CopyFileToFolders                          1 calls
        1 ms  ComputeLegacyManifestEmbedding             1 calls
        1 ms  _RemoveNameMetadataFromProjectReferenceItems   1 calls
        1 ms  MakeDirsForCl                              1 calls
        1 ms  _SplitProjectReferencesByFileExistence     1 calls
        2 ms  ResolveAssemblyReferences                  1 calls
        2 ms  CoreClean                                  1 calls
        2 ms  CreateRecipeFile                           1 calls
        2 ms  FinalizeBuildStatus                        1 calls
        2 ms  ComputeLinkImportLibraryOutputsForClean    1 calls
        2 ms  ContentFilesProjectOutputGroup             1 calls
        3 ms  InitializeBuildStatus                      1 calls
        3 ms  PrepareForBuild                            1 calls
        3 ms  FixupCLCompileOptions                      1 calls
        4 ms  WarnCompileDuplicatedFilename              1 calls
       28 ms  CoreCppClean                               1 calls
       77 ms  ResolvedLinkLib                            1 calls
     1912 ms  Link                                       1 calls
     2295 ms  _GetCopyToOutputDirectoryItemsFromTransitiveProjectReferences   1 calls
     2296 ms  GetCopyToOutputDirectoryItems              1 calls
     7192 ms  ResolveProjectReferences                   1 calls
    18392 ms  ClCompile                                  1 calls

Task Performance Summary:
        0 ms  Message                                    3 calls
        0 ms  CreateItem                                 2 calls
        0 ms  AssignCulture                              1 calls
        0 ms  GetOutOfDateItems                          3 calls
        0 ms  CheckVCToolsetVersion                      1 calls
        0 ms  ResolveNonMSBuildProjectOutput             1 calls
        0 ms  AssignProjectConfiguration                 1 calls
        0 ms  ConvertToAbsolutePath                      1 calls
        0 ms  RemoveDuplicates                           3 calls
        0 ms  SetEnv                                     8 calls
        1 ms  FindUnderPath                              7 calls
        1 ms  AssignTargetPath                           7 calls
        1 ms  GenerateDesktopDeployRecipe                1 calls
        1 ms  ReadLinesFromFile                          3 calls
        1 ms  Delete                                     6 calls
        1 ms  MakeDir                                   12 calls
        2 ms  Touch                                      2 calls
        4 ms  WriteLinesToFile                           4 calls
       26 ms  CppClean                                   1 calls
     1909 ms  Link                                       1 calls
     2296 ms  CallTarget                                 2 calls
     9563 ms  MSBuild                                    4 calls
    18388 ms  CL                                         2 calls
