c:\hooman\gbc\game3121\course materials\gameenginedevelopment\ogre-sdk-v2.1\build\plugins\pczscenemanager\plugin_pczscenemanager.dir\debug\ogrepczplugin.obj
c:\hooman\gbc\game3121\course materials\gameenginedevelopment\ogre-sdk-v2.1\build\plugins\pczscenemanager\plugin_pczscenemanager.dir\debug\ogresegment.obj
c:\hooman\gbc\game3121\course materials\gameenginedevelopment\ogre-sdk-v2.1\build\plugins\pczscenemanager\plugin_pczscenemanager.dir\debug\ogrepczlight.obj
c:\hooman\gbc\game3121\course materials\gameenginedevelopment\ogre-sdk-v2.1\build\plugins\pczscenemanager\plugin_pczscenemanager.dir\debug\ogrepczfrustum.obj
c:\hooman\gbc\game3121\course materials\gameenginedevelopment\ogre-sdk-v2.1\build\plugins\pczscenemanager\plugin_pczscenemanager.dir\debug\ogrepczscenequery.obj
c:\hooman\gbc\game3121\course materials\gameenginedevelopment\ogre-sdk-v2.1\build\plugins\pczscenemanager\plugin_pczscenemanager.dir\debug\ogreportalbase.obj
c:\hooman\gbc\game3121\course materials\gameenginedevelopment\ogre-sdk-v2.1\build\plugins\pczscenemanager\plugin_pczscenemanager.dir\debug\ogreantiportal.obj
c:\hooman\gbc\game3121\course materials\gameenginedevelopment\ogre-sdk-v2.1\build\plugins\pczscenemanager\plugin_pczscenemanager.dir\debug\ogrepczscenenode.obj
c:\hooman\gbc\game3121\course materials\gameenginedevelopment\ogre-sdk-v2.1\build\plugins\pczscenemanager\plugin_pczscenemanager.dir\debug\ogreportal.obj
c:\hooman\gbc\game3121\course materials\gameenginedevelopment\ogre-sdk-v2.1\build\plugins\pczscenemanager\plugin_pczscenemanager.dir\debug\ogrepczcamera.obj
c:\hooman\gbc\game3121\course materials\gameenginedevelopment\ogre-sdk-v2.1\build\plugins\pczscenemanager\plugin_pczscenemanager.dir\debug\ogrepczone.obj
c:\hooman\gbc\game3121\course materials\gameenginedevelopment\ogre-sdk-v2.1\build\plugins\pczscenemanager\plugin_pczscenemanager.dir\debug\ogrecapsule.obj
c:\hooman\gbc\game3121\course materials\gameenginedevelopment\ogre-sdk-v2.1\build\plugins\pczscenemanager\plugin_pczscenemanager.dir\debug\ogrepczscenemanager.obj
c:\hooman\gbc\game3121\course materials\gameenginedevelopment\ogre-sdk-v2.1\build\plugins\pczscenemanager\plugin_pczscenemanager.dir\debug\ogrepcplane.obj
c:\hooman\gbc\game3121\course materials\gameenginedevelopment\ogre-sdk-v2.1\build\plugins\pczscenemanager\plugin_pczscenemanager.dir\debug\ogrepczscenemanagerdll.obj
c:\hooman\gbc\game3121\course materials\gameenginedevelopment\ogre-sdk-v2.1\build\plugins\pczscenemanager\plugin_pczscenemanager.dir\debug\ogrepczonefactory.obj
c:\hooman\gbc\game3121\course materials\gameenginedevelopment\ogre-sdk-v2.1\build\plugins\pczscenemanager\plugin_pczscenemanager.dir\debug\ogredefaultzone.obj
c:\hooman\gbc\game3121\course materials\gameenginedevelopment\ogre-sdk-v2.1\build\plugins\pczscenemanager\plugin_pczscenemanager.dir\debug\vc142.pdb
c:\hooman\gbc\game3121\course materials\gameenginedevelopment\ogre-sdk-v2.1\build\bin\debug\plugin_pczscenemanager_d.ilk
c:\hooman\gbc\game3121\course materials\gameenginedevelopment\ogre-sdk-v2.1\build\bin\debug\plugin_pczscenemanager_d.dll
c:\hooman\gbc\game3121\course materials\gameenginedevelopment\ogre-sdk-v2.1\build\bin\debug\plugin_pczscenemanager_d.pdb
c:\hooman\gbc\game3121\course materials\gameenginedevelopment\ogre-sdk-v2.1\build\lib\debug\plugin_pczscenemanager_d.lib
c:\hooman\gbc\game3121\course materials\gameenginedevelopment\ogre-sdk-v2.1\build\lib\debug\plugin_pczscenemanager_d.exp
c:\hooman\gbc\game3121\course materials\gameenginedevelopment\ogre-sdk-v2.1\build\plugins\pczscenemanager\plugin_pczscenemanager.dir\debug\plugin_p.9ec1f192.tlog\cl.30740.write.1.tlog
c:\hooman\gbc\game3121\course materials\gameenginedevelopment\ogre-sdk-v2.1\build\plugins\pczscenemanager\plugin_pczscenemanager.dir\debug\plugin_p.9ec1f192.tlog\cl.command.1.tlog
c:\hooman\gbc\game3121\course materials\gameenginedevelopment\ogre-sdk-v2.1\build\plugins\pczscenemanager\plugin_pczscenemanager.dir\debug\plugin_p.9ec1f192.tlog\cl.read.1.tlog
c:\hooman\gbc\game3121\course materials\gameenginedevelopment\ogre-sdk-v2.1\build\plugins\pczscenemanager\plugin_pczscenemanager.dir\debug\plugin_p.9ec1f192.tlog\link.command.1.tlog
c:\hooman\gbc\game3121\course materials\gameenginedevelopment\ogre-sdk-v2.1\build\plugins\pczscenemanager\plugin_pczscenemanager.dir\debug\plugin_p.9ec1f192.tlog\link.read.1.tlog
c:\hooman\gbc\game3121\course materials\gameenginedevelopment\ogre-sdk-v2.1\build\plugins\pczscenemanager\plugin_pczscenemanager.dir\debug\plugin_p.9ec1f192.tlog\link.write.1.tlog
c:\hooman\gbc\game3121\course materials\gameenginedevelopment\ogre-sdk-v2.1\build\plugins\pczscenemanager\plugin_pczscenemanager.dir\debug\plugin_p.9ec1f192.tlog\plugin_pczscenemanager.write.1u.tlog
