c:\hooman\gbc\game3121\course materials\gameenginedevelopment\ogre-sdk-v2.1\build\components\hlms\ogrehlms.dir\debug\ogrehlmsdatablock.obj
c:\hooman\gbc\game3121\course materials\gameenginedevelopment\ogre-sdk-v2.1\build\components\hlms\ogrehlms.dir\debug\ogrehlmsmaterialbase.obj
c:\hooman\gbc\game3121\course materials\gameenginedevelopment\ogre-sdk-v2.1\build\components\hlms\ogrehlms.dir\debug\ogrehlmsshadertemplate.obj
c:\hooman\gbc\game3121\course materials\gameenginedevelopment\ogre-sdk-v2.1\build\components\hlms\ogrehlms.dir\debug\ogrehlmsmanager.obj
c:\hooman\gbc\game3121\course materials\gameenginedevelopment\ogre-sdk-v2.1\build\components\hlms\ogrehlms.dir\debug\ogrehlmspbsmaterial.obj
c:\hooman\gbc\game3121\course materials\gameenginedevelopment\ogre-sdk-v2.1\build\components\hlms\ogrehlms.dir\debug\ogrehlmspropertyhelper.obj
c:\hooman\gbc\game3121\course materials\gameenginedevelopment\ogre-sdk-v2.1\build\components\hlms\ogrehlms.dir\debug\ogrehlmsshaderpiecesmanager.obj
c:\hooman\gbc\game3121\course materials\gameenginedevelopment\ogre-sdk-v2.1\build\components\hlms\ogrehlms.dir\debug\ogrehlmsshadergenerator.obj
c:\hooman\gbc\game3121\course materials\gameenginedevelopment\ogre-sdk-v2.1\build\components\hlms\ogrehlms.dir\debug\ogrehlmspropertymap.obj
c:\hooman\gbc\game3121\course materials\gameenginedevelopment\ogre-sdk-v2.1\build\components\hlms\ogrehlms.dir\debug\ogrehlmsshadermanager.obj
c:\hooman\gbc\game3121\course materials\gameenginedevelopment\ogre-sdk-v2.1\build\components\hlms\ogrehlms.dir\debug\vc142.pdb
c:\hooman\gbc\game3121\course materials\gameenginedevelopment\ogre-sdk-v2.1\build\bin\debug\ogrehlms_d.ilk
c:\hooman\gbc\game3121\course materials\gameenginedevelopment\ogre-sdk-v2.1\build\bin\debug\ogrehlms_d.dll
c:\hooman\gbc\game3121\course materials\gameenginedevelopment\ogre-sdk-v2.1\build\bin\debug\ogrehlms_d.pdb
c:\hooman\gbc\game3121\course materials\gameenginedevelopment\ogre-sdk-v2.1\build\lib\debug\ogrehlms_d.lib
c:\hooman\gbc\game3121\course materials\gameenginedevelopment\ogre-sdk-v2.1\build\lib\debug\ogrehlms_d.exp
c:\hooman\gbc\game3121\course materials\gameenginedevelopment\ogre-sdk-v2.1\build\components\hlms\ogrehlms.dir\debug\ogrehlms.tlog\cl.31372.write.1.tlog
c:\hooman\gbc\game3121\course materials\gameenginedevelopment\ogre-sdk-v2.1\build\components\hlms\ogrehlms.dir\debug\ogrehlms.tlog\cl.command.1.tlog
c:\hooman\gbc\game3121\course materials\gameenginedevelopment\ogre-sdk-v2.1\build\components\hlms\ogrehlms.dir\debug\ogrehlms.tlog\cl.read.1.tlog
c:\hooman\gbc\game3121\course materials\gameenginedevelopment\ogre-sdk-v2.1\build\components\hlms\ogrehlms.dir\debug\ogrehlms.tlog\link.command.1.tlog
c:\hooman\gbc\game3121\course materials\gameenginedevelopment\ogre-sdk-v2.1\build\components\hlms\ogrehlms.dir\debug\ogrehlms.tlog\link.read.1.tlog
c:\hooman\gbc\game3121\course materials\gameenginedevelopment\ogre-sdk-v2.1\build\components\hlms\ogrehlms.dir\debug\ogrehlms.tlog\link.write.1.tlog
c:\hooman\gbc\game3121\course materials\gameenginedevelopment\ogre-sdk-v2.1\build\components\hlms\ogrehlms.dir\debug\ogrehlms.tlog\ogrehlms.write.1u.tlog
