c:\hooman\gbc\game3121\ogre\build\plugins\pczscenemanager\plugin_pczscenemanager.dir\release\ogreantiportal.obj
c:\hooman\gbc\game3121\ogre\build\plugins\pczscenemanager\plugin_pczscenemanager.dir\release\ogrepczscenenode.obj
c:\hooman\gbc\game3121\ogre\build\plugins\pczscenemanager\plugin_pczscenemanager.dir\release\ogrepczcamera.obj
c:\hooman\gbc\game3121\ogre\build\plugins\pczscenemanager\plugin_pczscenemanager.dir\release\ogrepczone.obj
c:\hooman\gbc\game3121\ogre\build\plugins\pczscenemanager\plugin_pczscenemanager.dir\release\ogresegment.obj
c:\hooman\gbc\game3121\ogre\build\plugins\pczscenemanager\plugin_pczscenemanager.dir\release\ogrepczplugin.obj
c:\hooman\gbc\game3121\ogre\build\plugins\pczscenemanager\plugin_pczscenemanager.dir\release\ogrepczscenequery.obj
c:\hooman\gbc\game3121\ogre\build\plugins\pczscenemanager\plugin_pczscenemanager.dir\release\ogrepcplane.obj
c:\hooman\gbc\game3121\ogre\build\plugins\pczscenemanager\plugin_pczscenemanager.dir\release\ogrepczscenemanagerdll.obj
c:\hooman\gbc\game3121\ogre\build\plugins\pczscenemanager\plugin_pczscenemanager.dir\release\ogredefaultzone.obj
c:\hooman\gbc\game3121\ogre\build\plugins\pczscenemanager\plugin_pczscenemanager.dir\release\ogrepczfrustum.obj
c:\hooman\gbc\game3121\ogre\build\plugins\pczscenemanager\plugin_pczscenemanager.dir\release\ogrepczonefactory.obj
c:\hooman\gbc\game3121\ogre\build\plugins\pczscenemanager\plugin_pczscenemanager.dir\release\ogreportalbase.obj
c:\hooman\gbc\game3121\ogre\build\plugins\pczscenemanager\plugin_pczscenemanager.dir\release\ogrecapsule.obj
c:\hooman\gbc\game3121\ogre\build\plugins\pczscenemanager\plugin_pczscenemanager.dir\release\ogrepczscenemanager.obj
c:\hooman\gbc\game3121\ogre\build\plugins\pczscenemanager\plugin_pczscenemanager.dir\release\ogrepczlight.obj
c:\hooman\gbc\game3121\ogre\build\plugins\pczscenemanager\plugin_pczscenemanager.dir\release\ogreportal.obj
c:\hooman\gbc\game3121\ogre\build\bin\release\plugin_pczscenemanager.dll
c:\hooman\gbc\game3121\ogre\build\lib\release\plugin_pczscenemanager.lib
c:\hooman\gbc\game3121\ogre\build\lib\release\plugin_pczscenemanager.exp
c:\hooman\gbc\game3121\ogre\build\plugins\pczscenemanager\plugin_pczscenemanager.dir\release\plugin_p.7458aabc.tlog\cl.16300.write.1.tlog
c:\hooman\gbc\game3121\ogre\build\plugins\pczscenemanager\plugin_pczscenemanager.dir\release\plugin_p.7458aabc.tlog\cl.command.1.tlog
c:\hooman\gbc\game3121\ogre\build\plugins\pczscenemanager\plugin_pczscenemanager.dir\release\plugin_p.7458aabc.tlog\cl.read.1.tlog
c:\hooman\gbc\game3121\ogre\build\plugins\pczscenemanager\plugin_pczscenemanager.dir\release\plugin_p.7458aabc.tlog\link.command.1.tlog
c:\hooman\gbc\game3121\ogre\build\plugins\pczscenemanager\plugin_pczscenemanager.dir\release\plugin_p.7458aabc.tlog\link.read.1.tlog
c:\hooman\gbc\game3121\ogre\build\plugins\pczscenemanager\plugin_pczscenemanager.dir\release\plugin_p.7458aabc.tlog\link.write.1.tlog
c:\hooman\gbc\game3121\ogre\build\plugins\pczscenemanager\plugin_pczscenemanager.dir\release\plugin_p.7458aabc.tlog\plugin_pczscenemanager.write.1u.tlog
