c:\hooman\gbc\game3121\ogre\build\ogremain\ogremain.dir\release\cmake_pch.pch
c:\hooman\gbc\game3121\ogre\build\ogremain\ogremain.dir\release\cmake_pch.obj
c:\hooman\gbc\game3121\ogre\build\ogremain\ogremain.dir\release\ogrealignedallocator.obj
c:\hooman\gbc\game3121\ogre\build\ogremain\ogremain.dir\release\ogreautoparamdatasource.obj
c:\hooman\gbc\game3121\ogre\build\ogremain\ogremain.dir\release\ogrebone.obj
c:\hooman\gbc\game3121\ogre\build\ogremain\ogremain.dir\release\ogrecodec.obj
c:\hooman\gbc\game3121\ogre\build\ogremain\ogremain.dir\release\ogrecompositor.obj
c:\hooman\gbc\game3121\ogre\build\ogremain\ogremain.dir\release\ogreedgelistbuilder.obj
c:\hooman\gbc\game3121\ogre\build\ogremain\ogremain.dir\release\ogrehardwarevertexbuffer.obj
c:\hooman\gbc\game3121\ogre\build\ogremain\ogremain.dir\release\ogrelight.obj
c:\hooman\gbc\game3121\ogre\build\ogremain\ogremain.dir\release\ogremanualobject.obj
c:\hooman\gbc\game3121\ogre\build\ogremain\ogremain.dir\release\ogremurmurhash3.obj
c:\hooman\gbc\game3121\ogre\build\ogremain\ogremain.dir\release\ogrenode.obj
c:\hooman\gbc\game3121\ogre\build\ogremain\ogremain.dir\release\ogreparticle.obj
c:\hooman\gbc\game3121\ogre\build\ogremain\ogremain.dir\release\ogreparticlesystemmanager.obj
c:\hooman\gbc\game3121\ogre\build\ogremain\ogremain.dir\release\ogrerenderqueueinvocation.obj
c:\hooman\gbc\game3121\ogre\build\ogremain\ogremain.dir\release\ogrerendersystemcapabilitiesserializer.obj
c:\hooman\gbc\game3121\ogre\build\ogremain\ogremain.dir\release\ogrescenemanager.obj
c:\hooman\gbc\game3121\ogre\build\ogremain\ogremain.dir\release\ogretexturemanager.obj
c:\hooman\gbc\game3121\ogre\build\ogremain\ogremain.dir\release\ogreunifiedhighlevelgpuprogram.obj
c:\hooman\gbc\game3121\ogre\build\ogremain\ogremain.dir\release\ogrefilesystemlayer.obj
c:\hooman\gbc\game3121\ogre\build\ogremain\ogremain.dir\release\ogreastccodec.obj
c:\hooman\gbc\game3121\ogre\build\ogremain\ogremain.dir\release\ogrebillboardchain.obj
c:\hooman\gbc\game3121\ogre\build\ogremain\ogremain.dir\release\ogrecompositionpass.obj
c:\hooman\gbc\game3121\ogre\build\ogremain\ogremain.dir\release\ogreconfigfile.obj
c:\hooman\gbc\game3121\ogre\build\ogremain\ogremain.dir\release\ogreexternaltexturesource.obj
c:\hooman\gbc\game3121\ogre\build\ogremain\ogremain.dir\release\ogregpuprogrammanager.obj
c:\hooman\gbc\game3121\ogre\build\ogremain\ogremain.dir\release\ogrehardwarepixelbuffer.obj
c:\hooman\gbc\game3121\ogre\build\ogremain\ogremain.dir\release\ogrehighlevelgpuprogrammanager.obj
c:\hooman\gbc\game3121\ogre\build\ogremain\ogremain.dir\release\ogreinstancebatchhw_vtf.obj
c:\hooman\gbc\game3121\ogre\build\ogremain\ogremain.dir\release\ogrelog.obj
c:\hooman\gbc\game3121\ogre\build\ogremain\ogremain.dir\release\ogremeshserializerimpl.obj
c:\hooman\gbc\game3121\ogre\build\ogremain\ogremain.dir\release\ogrepatchmesh.obj
c:\hooman\gbc\game3121\ogre\build\ogremain\ogremain.dir\release\ogrepixelformat.obj
c:\hooman\gbc\game3121\ogre\build\ogremain\ogremain.dir\release\ogreskeleton.obj
c:\hooman\gbc\game3121\ogre\build\ogremain\ogremain.dir\release\ogrestringinterface.obj
c:\hooman\gbc\game3121\ogre\build\ogremain\ogremain.dir\release\ogretechnique.obj
c:\hooman\gbc\game3121\ogre\build\ogremain\ogremain.dir\release\ogrevertexindexdata.obj
c:\hooman\gbc\game3121\ogre\build\ogremain\ogremain.dir\release\ogreanimable.obj
c:\hooman\gbc\game3121\ogre\build\ogremain\ogremain.dir\release\ogrebillboardset.obj
c:\hooman\gbc\game3121\ogre\build\ogremain\ogremain.dir\release\ogrecompositorchain.obj
c:\hooman\gbc\game3121\ogre\build\ogremain\ogremain.dir\release\ogredepthbuffer.obj
c:\hooman\gbc\game3121\ogre\build\ogremain\ogremain.dir\release\ogreexception.obj
c:\hooman\gbc\game3121\ogre\build\ogremain\ogremain.dir\release\ogregpuprogram.obj
c:\hooman\gbc\game3121\ogre\build\ogremain\ogremain.dir\release\ogrehardwareindexbuffer.obj
c:\hooman\gbc\game3121\ogre\build\ogremain\ogremain.dir\release\ogreimage.obj
c:\hooman\gbc\game3121\ogre\build\ogremain\ogremain.dir\release\ogreinstancebatchvtf.obj
c:\hooman\gbc\game3121\ogre\build\ogremain\ogremain.dir\release\ogrematerialserializer.obj
c:\hooman\gbc\game3121\ogre\build\ogremain\ogremain.dir\release\ogreprofiler.obj
c:\hooman\gbc\game3121\ogre\build\ogremain\ogremain.dir\release\ogrerendertexture.obj
c:\hooman\gbc\game3121\ogre\build\ogremain\ogremain.dir\release\ogreresourcebackgroundqueue.obj
c:\hooman\gbc\game3121\ogre\build\ogremain\ogremain.dir\release\ogrerotationspline.obj
c:\hooman\gbc\game3121\ogre\build\ogremain\ogremain.dir\release\ogresceneloadermanager.obj
c:\hooman\gbc\game3121\ogre\build\ogremain\ogremain.dir\release\ogrescriptlexer.obj
c:\hooman\gbc\game3121\ogre\build\ogremain\ogremain.dir\release\ogrescripttranslator.obj
c:\hooman\gbc\game3121\ogre\build\ogremain\ogremain.dir\release\ogredefaultworkqueuestandard.obj
c:\hooman\gbc\game3121\ogre\build\ogremain\ogremain.dir\release\ogrearchive.obj
c:\hooman\gbc\game3121\ogre\build\ogremain\ogremain.dir\release\ogreaxisalignedbox.obj
c:\hooman\gbc\game3121\ogre\build\ogremain\ogremain.dir\release\ogrebillboard.obj
c:\hooman\gbc\game3121\ogre\build\ogremain\ogremain.dir\release\ogrebillboardparticlerenderer.obj
c:\hooman\gbc\game3121\ogre\build\ogremain\ogremain.dir\release\ogrecolourvalue.obj
c:\hooman\gbc\game3121\ogre\build\ogremain\ogremain.dir\release\ogrecompositiontechnique.obj
c:\hooman\gbc\game3121\ogre\build\ogremain\ogremain.dir\release\ogreconvexbody.obj
c:\hooman\gbc\game3121\ogre\build\ogremain\ogremain.dir\release\ogredualquaternion.obj
c:\hooman\gbc\game3121\ogre\build\ogremain\ogremain.dir\release\ogredynlibmanager.obj
c:\hooman\gbc\game3121\ogre\build\ogremain\ogremain.dir\release\ogreexternaltexturesourcemanager.obj
c:\hooman\gbc\game3121\ogre\build\ogremain\ogremain.dir\release\ogregpuprogramparams.obj
c:\hooman\gbc\game3121\ogre\build\ogremain\ogremain.dir\release\ogremath.obj
c:\hooman\gbc\game3121\ogre\build\ogremain\ogremain.dir\release\ogrematrix4.obj
c:\hooman\gbc\game3121\ogre\build\ogremain\ogremain.dir\release\ogremovableplane.obj
c:\hooman\gbc\game3121\ogre\build\ogremain\ogremain.dir\release\ogrenumerics.obj
c:\hooman\gbc\game3121\ogre\build\ogremain\ogremain.dir\release\ogreoptimisedutilgeneral.obj
c:\hooman\gbc\game3121\ogre\build\ogremain\ogremain.dir\release\ogreparticleemittercommands.obj
c:\hooman\gbc\game3121\ogre\build\ogremain\ogremain.dir\release\ogrepass.obj
c:\hooman\gbc\game3121\ogre\build\ogremain\ogremain.dir\release\ogrepolygon.obj
c:\hooman\gbc\game3121\ogre\build\ogremain\ogremain.dir\release\ogrequaternion.obj
c:\hooman\gbc\game3121\ogre\build\ogremain\ogremain.dir\release\ogrerenderqueuesortinggrouping.obj
c:\hooman\gbc\game3121\ogre\build\ogremain\ogremain.dir\release\ogrerenderable.obj
c:\hooman\gbc\game3121\ogre\build\ogremain\ogremain.dir\release\ogreribbontrail.obj
c:\hooman\gbc\game3121\ogre\build\ogremain\ogremain.dir\release\ogrescenenode.obj
c:\hooman\gbc\game3121\ogre\build\ogremain\ogremain.dir\release\ogrescriptparser.obj
c:\hooman\gbc\game3121\ogre\build\ogremain\ogremain.dir\release\ogreshadowcamerasetuppssm.obj
c:\hooman\gbc\game3121\ogre\build\ogremain\ogremain.dir\release\ogreshadowrenderer.obj
c:\hooman\gbc\game3121\ogre\build\ogremain\ogremain.dir\release\ogrestaticgeometry.obj
c:\hooman\gbc\game3121\ogre\build\ogremain\ogremain.dir\release\ogreanimation.obj
c:\hooman\gbc\game3121\ogre\build\ogremain\ogremain.dir\release\ogredatastream.obj
c:\hooman\gbc\game3121\ogre\build\ogremain\ogremain.dir\release\ogredefaulthardwarebuffermanager.obj
c:\hooman\gbc\game3121\ogre\build\ogremain\ogremain.dir\release\ogredistancelodstrategy.obj
c:\hooman\gbc\game3121\ogre\build\ogremain\ogremain.dir\release\ogreentity.obj
c:\hooman\gbc\game3121\ogre\build\ogremain\ogremain.dir\release\ogrehardwareuniformbuffer.obj
c:\hooman\gbc\game3121\ogre\build\ogremain\ogremain.dir\release\ogreinstancebatchshader.obj
c:\hooman\gbc\game3121\ogre\build\ogremain\ogremain.dir\release\ogrelodstrategymanager.obj
c:\hooman\gbc\game3121\ogre\build\ogremain\ogremain.dir\release\ogrematerialmanager.obj
c:\hooman\gbc\game3121\ogre\build\ogremain\ogremain.dir\release\ogremesh.obj
c:\hooman\gbc\game3121\ogre\build\ogremain\ogremain.dir\release\ogrepose.obj
c:\hooman\gbc\game3121\ogre\build\ogremain\ogremain.dir\release\ogrerenderqueue.obj
c:\hooman\gbc\game3121\ogre\build\ogremain\ogremain.dir\release\ogrerendersystemcapabilities.obj
c:\hooman\gbc\game3121\ogre\build\ogremain\ogremain.dir\release\ogreresourcemanager.obj
c:\hooman\gbc\game3121\ogre\build\ogremain\ogremain.dir\release\ogrescriptcompiler.obj
c:\hooman\gbc\game3121\ogre\build\ogremain\ogremain.dir\release\ogrestring.obj
c:\hooman\gbc\game3121\ogre\build\ogremain\ogremain.dir\release\ogretagpoint.obj
c:\hooman\gbc\game3121\ogre\build\ogremain\ogremain.dir\release\ogretextureunitstate.obj
c:\hooman\gbc\game3121\ogre\build\ogremain\ogremain.dir\release\ogrewireboundingbox.obj
c:\hooman\gbc\game3121\ogre\build\ogremain\ogremain.dir\release\ogreetccodec.obj
c:\hooman\gbc\game3121\ogre\build\ogremain\ogremain.dir\release\ogreanimationtrack.obj
c:\hooman\gbc\game3121\ogre\build\ogremain\ogremain.dir\release\ogrecompositiontargetpass.obj
c:\hooman\gbc\game3121\ogre\build\ogremain\ogremain.dir\release\ogrecompositormanager.obj
c:\hooman\gbc\game3121\ogre\build\ogremain\ogremain.dir\release\ogregpuprogramusage.obj
c:\hooman\gbc\game3121\ogre\build\ogremain\ogremain.dir\release\ogrehardwareocclusionquery.obj
c:\hooman\gbc\game3121\ogre\build\ogremain\ogremain.dir\release\ogrehighlevelgpuprogram.obj
c:\hooman\gbc\game3121\ogre\build\ogremain\ogremain.dir\release\ogrekeyframe.obj
c:\hooman\gbc\game3121\ogre\build\ogremain\ogremain.dir\release\ogrelodstrategy.obj
c:\hooman\gbc\game3121\ogre\build\ogremain\ogremain.dir\release\ogrelogmanager.obj
c:\hooman\gbc\game3121\ogre\build\ogremain\ogremain.dir\release\ogrematrix3.obj
c:\hooman\gbc\game3121\ogre\build\ogremain\ogremain.dir\release\ogremeshserializer.obj
c:\hooman\gbc\game3121\ogre\build\ogremain\ogremain.dir\release\ogreparticleemitter.obj
c:\hooman\gbc\game3121\ogre\build\ogremain\ogremain.dir\release\ogreplatforminformation.obj
c:\hooman\gbc\game3121\ogre\build\ogremain\ogremain.dir\release\ogreprefabfactory.obj
c:\hooman\gbc\game3121\ogre\build\ogremain\ogremain.dir\release\ogrerendersystemcapabilitiesmanager.obj
c:\hooman\gbc\game3121\ogre\build\ogremain\ogremain.dir\release\ogreresource.obj
c:\hooman\gbc\game3121\ogre\build\ogremain\ogremain.dir\release\ogreroot.obj
c:\hooman\gbc\game3121\ogre\build\ogremain\ogremain.dir\release\ogreshadowtexturemanager.obj
c:\hooman\gbc\game3121\ogre\build\ogremain\ogremain.dir\release\ogresimplespline.obj
c:\hooman\gbc\game3121\ogre\build\ogremain\ogremain.dir\release\ogreskeletonserializer.obj
c:\hooman\gbc\game3121\ogre\build\ogremain\ogremain.dir\release\ogrestreamserialiser.obj
c:\hooman\gbc\game3121\ogre\build\ogremain\ogremain.dir\release\ogresubentity.obj
c:\hooman\gbc\game3121\ogre\build\ogremain\ogremain.dir\release\ogretexture.obj
c:\hooman\gbc\game3121\ogre\build\ogremain\ogremain.dir\release\ogreuserobjectbindings.obj
c:\hooman\gbc\game3121\ogre\build\ogremain\ogremain.dir\release\ogreddscodec.obj
c:\hooman\gbc\game3121\ogre\build\ogremain\ogremain.dir\release\ogrearchivemanager.obj
c:\hooman\gbc\game3121\ogre\build\ogremain\ogremain.dir\release\ogrecommon.obj
c:\hooman\gbc\game3121\ogre\build\ogremain\ogremain.dir\release\ogrecompositorinstance.obj
c:\hooman\gbc\game3121\ogre\build\ogremain\ogremain.dir\release\ogreinstancebatchhw.obj
c:\hooman\gbc\game3121\ogre\build\ogremain\ogremain.dir\release\ogreinstancedentity.obj
c:\hooman\gbc\game3121\ogre\build\ogremain\ogremain.dir\release\ogremovableobject.obj
c:\hooman\gbc\game3121\ogre\build\ogremain\ogremain.dir\release\ogreoptimisedutil.obj
c:\hooman\gbc\game3121\ogre\build\ogremain\ogremain.dir\release\ogreparticleiterator.obj
c:\hooman\gbc\game3121\ogre\build\ogremain\ogremain.dir\release\ogreparticlesystem.obj
c:\hooman\gbc\game3121\ogre\build\ogremain\ogremain.dir\release\ogrerendersystem.obj
c:\hooman\gbc\game3121\ogre\build\ogremain\ogremain.dir\release\ogrescenemanagerenumerator.obj
c:\hooman\gbc\game3121\ogre\build\ogremain\ogremain.dir\release\ogrescenequery.obj
c:\hooman\gbc\game3121\ogre\build\ogremain\ogremain.dir\release\ogreshadowcamerasetup.obj
c:\hooman\gbc\game3121\ogre\build\ogremain\ogremain.dir\release\ogreshadowcamerasetuplispsm.obj
c:\hooman\gbc\game3121\ogre\build\ogremain\ogremain.dir\release\ogreshadowcamerasetupplaneoptimal.obj
c:\hooman\gbc\game3121\ogre\build\ogremain\ogremain.dir\release\ogreshadowvolumeextrudeprogram.obj
c:\hooman\gbc\game3121\ogre\build\ogremain\ogremain.dir\release\ogreskeletoninstance.obj
c:\hooman\gbc\game3121\ogre\build\ogremain\ogremain.dir\release\ogreskyrenderer.obj
c:\hooman\gbc\game3121\ogre\build\ogremain\ogremain.dir\release\ogretangentspacecalc.obj
c:\hooman\gbc\game3121\ogre\build\ogremain\ogremain.dir\release\ogretimer.obj
c:\hooman\gbc\game3121\ogre\build\ogremain\ogremain.dir\release\ogreviewport.obj
c:\hooman\gbc\game3121\ogre\build\ogremain\ogremain.dir\release\ogreanimationstate.obj
c:\hooman\gbc\game3121\ogre\build\ogremain\ogremain.dir\release\ogrecamera.obj
c:\hooman\gbc\game3121\ogre\build\ogremain\ogremain.dir\release\ogrecontrollermanager.obj
c:\hooman\gbc\game3121\ogre\build\ogremain\ogremain.dir\release\ogredefaultscenequeries.obj
c:\hooman\gbc\game3121\ogre\build\ogremain\ogremain.dir\release\ogredeflate.obj
c:\hooman\gbc\game3121\ogre\build\ogremain\ogremain.dir\release\ogredynlib.obj
c:\hooman\gbc\game3121\ogre\build\ogremain\ogremain.dir\release\ogrefrustum.obj
c:\hooman\gbc\game3121\ogre\build\ogremain\ogremain.dir\release\ogrehardwarebuffermanager.obj
c:\hooman\gbc\game3121\ogre\build\ogremain\ogremain.dir\release\ogreinstancebatch.obj
c:\hooman\gbc\game3121\ogre\build\ogremain\ogremain.dir\release\ogreinstancemanager.obj
c:\hooman\gbc\game3121\ogre\build\ogremain\ogremain.dir\release\ogrematerial.obj
c:\hooman\gbc\game3121\ogre\build\ogremain\ogremain.dir\release\ogremeshmanager.obj
c:\hooman\gbc\game3121\ogre\build\ogremain\ogremain.dir\release\ogreoptimisedutilsse.obj
c:\hooman\gbc\game3121\ogre\build\ogremain\ogremain.dir\release\ogrepatchsurface.obj
c:\hooman\gbc\game3121\ogre\build\ogremain\ogremain.dir\release\ogrepixelcountlodstrategy.obj
c:\hooman\gbc\game3121\ogre\build\ogremain\ogremain.dir\release\ogrepredefinedcontrollers.obj
c:\hooman\gbc\game3121\ogre\build\ogremain\ogremain.dir\release\ogrerectangle2d.obj
c:\hooman\gbc\game3121\ogre\build\ogremain\ogremain.dir\release\ogrerendertarget.obj
c:\hooman\gbc\game3121\ogre\build\ogremain\ogremain.dir\release\ogrerendertovertexbuffer.obj
c:\hooman\gbc\game3121\ogre\build\ogremain\ogremain.dir\release\ogrerenderwindow.obj
c:\hooman\gbc\game3121\ogre\build\ogremain\ogremain.dir\release\ogreresourcegroupmanager.obj
c:\hooman\gbc\game3121\ogre\build\ogremain\ogremain.dir\release\ogreserializer.obj
c:\hooman\gbc\game3121\ogre\build\ogremain\ogremain.dir\release\ogreshadowcamerasetupfocused.obj
c:\hooman\gbc\game3121\ogre\build\ogremain\ogremain.dir\release\ogreshadowcaster.obj
c:\hooman\gbc\game3121\ogre\build\ogremain\ogremain.dir\release\ogresimplerenderable.obj
c:\hooman\gbc\game3121\ogre\build\ogremain\ogremain.dir\release\ogreskeletonmanager.obj
c:\hooman\gbc\game3121\ogre\build\ogremain\ogremain.dir\release\ogrestringconverter.obj
c:\hooman\gbc\game3121\ogre\build\ogremain\ogremain.dir\release\ogresubmesh.obj
c:\hooman\gbc\game3121\ogre\build\ogremain\ogremain.dir\release\ogrevector.obj
c:\hooman\gbc\game3121\ogre\build\ogremain\ogremain.dir\release\ogreworkqueue.obj
c:\hooman\gbc\game3121\ogre\build\ogremain\ogremain.dir\release\ogrezip.obj
c:\hooman\gbc\game3121\ogre\build\ogremain\ogremain.dir\release\ogrefilesystem.obj
c:\hooman\gbc\game3121\ogre\build\bin\release\ogremain.dll
c:\hooman\gbc\game3121\ogre\build\lib\release\ogremain.lib
c:\hooman\gbc\game3121\ogre\build\lib\release\ogremain.exp
c:\hooman\gbc\game3121\ogre\build\ogremain\ogremain.dir\release\ogremain.tlog\cl.command.1.tlog
c:\hooman\gbc\game3121\ogre\build\ogremain\ogremain.dir\release\ogremain.tlog\cl.read.1.tlog
c:\hooman\gbc\game3121\ogre\build\ogremain\ogremain.dir\release\ogremain.tlog\cl.write.1.tlog
c:\hooman\gbc\game3121\ogre\build\ogremain\ogremain.dir\release\ogremain.tlog\link.command.1.tlog
c:\hooman\gbc\game3121\ogre\build\ogremain\ogremain.dir\release\ogremain.tlog\link.read.1.tlog
c:\hooman\gbc\game3121\ogre\build\ogremain\ogremain.dir\release\ogremain.tlog\link.write.1.tlog
c:\hooman\gbc\game3121\ogre\build\ogremain\ogremain.dir\release\ogremain.tlog\ogremain.write.1u.tlog
