  OgreWin32Context.cpp
  OgreWin32GLSupport.cpp
  OgreWin32RenderTexture.cpp
  OgreWin32Window.cpp
  OgreGLSLPreprocessor.cpp
  OgreGLSLProgramCommon.cpp
  OgreGLSLProgramManagerCommon.cpp
  OgreGLSLShaderCommon.cpp
C:\Hooman\GBC\GAME3121\ogre\RenderSystems\GLSupport\src\GLSL\OgreGLSLPreprocessor.cpp(225,17): warning C4267: 'initializing': conversion from 'size_t' to 'int', possible loss of data
C:\Hooman\GBC\GAME3121\ogre\OgreMain\include\OgreRenderSystem.h(962,1): warning C4267: 'argument': conversion from 'size_t' to 'const T', possible loss of data
          with
          [
              T=long
          ] (compiling source file C:\Hooman\GBC\GAME3121\ogre\RenderSystems\GLSupport\src\win32\OgreWin32GLSupport.cpp)
C:\Hooman\GBC\GAME3121\ogre\OgreMain\include\OgreRenderSystem.h(962,1): warning C4267: 'argument': conversion from 'size_t' to 'const T', possible loss of data
          with
          [
              T=long
          ] (compiling source file C:\Hooman\GBC\GAME3121\ogre\RenderSystems\GLSupport\src\win32\OgreWin32RenderTexture.cpp)
C:\Hooman\GBC\GAME3121\ogre\OgreMain\include\OgreRenderSystem.h(962,1): warning C4267: 'argument': conversion from 'size_t' to 'const T', possible loss of data
          with
          [
              T=long
          ] (compiling source file C:\Hooman\GBC\GAME3121\ogre\RenderSystems\GLSupport\src\GLSL\OgreGLSLShaderCommon.cpp)
  OgreGLRenderSystemCommon.cpp
  OgreGLTextureCommon.cpp
C:\Hooman\GBC\GAME3121\ogre\OgreMain\include\OgreRenderSystem.h(962,1): warning C4267: 'argument': conversion from 'size_t' to 'const T', possible loss of data
          with
          [
              T=long
          ] (compiling source file C:\Hooman\GBC\GAME3121\ogre\RenderSystems\GLSupport\src\win32\OgreWin32Context.cpp)
  OgreGLDepthBufferCommon.cpp
C:\Hooman\GBC\GAME3121\ogre\OgreMain\include\OgreRenderSystem.h(962,1): warning C4267: 'argument': conversion from 'size_t' to 'const T', possible loss of data
          with
          [
              T=long
          ] (compiling source file C:\Hooman\GBC\GAME3121\ogre\RenderSystems\GLSupport\src\win32\OgreWin32Window.cpp)
C:\Hooman\GBC\GAME3121\ogre\OgreMain\include\OgreRenderSystem.h(962,1): warning C4267: 'argument': conversion from 'size_t' to 'const T', possible loss of data
          with
          [
              T=long
          ] (compiling source file C:\Hooman\GBC\GAME3121\ogre\RenderSystems\GLSupport\src\OgreGLRenderSystemCommon.cpp)
C:\Hooman\GBC\GAME3121\ogre\RenderSystems\GLSupport\src\win32\OgreWin32RenderTexture.cpp(44,5): warning C4267: 'argument': conversion from 'size_t' to 'Ogre::uint32', possible loss of data
  OgreGLRenderTexture.cpp
  OgreGLHardwarePixelBufferCommon.cpp
  OgreGLUniformCache.cpp
C:\Hooman\GBC\GAME3121\ogre\OgreMain\include\OgreRenderSystem.h(962,1): warning C4267: 'argument': conversion from 'size_t' to 'const T', possible loss of data
          with
          [
              T=long
          ] (compiling source file C:\Hooman\GBC\GAME3121\ogre\RenderSystems\GLSupport\src\OgreGLDepthBufferCommon.cpp)
  OgreGLVertexArrayObject.cpp
  OgreGLWindow.cpp
C:\Hooman\GBC\GAME3121\ogre\OgreMain\include\OgreRenderSystem.h(962,1): warning C4267: 'argument': conversion from 'size_t' to 'const T', possible loss of data
          with
          [
              T=long
          ] (compiling source file C:\Hooman\GBC\GAME3121\ogre\RenderSystems\GLSupport\src\OgreGLTextureCommon.cpp)
C:\Hooman\GBC\GAME3121\ogre\OgreMain\include\OgreRenderSystem.h(962,1): warning C4267: 'argument': conversion from 'size_t' to 'const T', possible loss of data
          with
          [
              T=long
          ] (compiling source file C:\Hooman\GBC\GAME3121\ogre\RenderSystems\GLSupport\src\OgreGLRenderTexture.cpp)
C:\Hooman\GBC\GAME3121\ogre\OgreMain\include\OgreRenderSystem.h(962,1): warning C4267: 'argument': conversion from 'size_t' to 'const T', possible loss of data
          with
          [
              T=long
          ] (compiling source file C:\Hooman\GBC\GAME3121\ogre\RenderSystems\GLSupport\src\OgreGLVertexArrayObject.cpp)
C:\Hooman\GBC\GAME3121\ogre\OgreMain\include\OgreRenderSystem.h(962,1): warning C4267: 'argument': conversion from 'size_t' to 'const T', possible loss of data
          with
          [
              T=long
          ] (compiling source file C:\Hooman\GBC\GAME3121\ogre\RenderSystems\GLSupport\src\OgreGLWindow.cpp)
  OgreGLSupport.vcxproj -> C:\Hooman\GBC\GAME3121\ogre\build\lib\Debug\OgreGLSupport_d.lib
