c:\hooman\gbc\game3121\course materials\gameenginedevelopment\ogre-sdk-v2.1\build\components\paging\ogrepaging.dir\debug\ogregrid3dpagestrategy.obj
c:\hooman\gbc\game3121\course materials\gameenginedevelopment\ogre-sdk-v2.1\build\components\paging\ogrepaging.dir\debug\ogrepage.obj
c:\hooman\gbc\game3121\course materials\gameenginedevelopment\ogre-sdk-v2.1\build\components\paging\ogrepaging.dir\debug\ogregrid2dpagestrategy.obj
c:\hooman\gbc\game3121\course materials\gameenginedevelopment\ogre-sdk-v2.1\build\components\paging\ogrepaging.dir\debug\ogrepagecontent.obj
c:\hooman\gbc\game3121\course materials\gameenginedevelopment\ogre-sdk-v2.1\build\components\paging\ogrepaging.dir\debug\ogresimplepagecontentcollection.obj
c:\hooman\gbc\game3121\course materials\gameenginedevelopment\ogre-sdk-v2.1\build\components\paging\ogrepaging.dir\debug\ogrepagemanager.obj
c:\hooman\gbc\game3121\course materials\gameenginedevelopment\ogre-sdk-v2.1\build\components\paging\ogrepaging.dir\debug\ogrepagedworldsection.obj
c:\hooman\gbc\game3121\course materials\gameenginedevelopment\ogre-sdk-v2.1\build\components\paging\ogrepaging.dir\debug\ogrepagecontentcollection.obj
c:\hooman\gbc\game3121\course materials\gameenginedevelopment\ogre-sdk-v2.1\build\components\paging\ogrepaging.dir\debug\ogrepagedworld.obj
c:\hooman\gbc\game3121\course materials\gameenginedevelopment\ogre-sdk-v2.1\build\components\paging\ogrepaging.dir\debug\vc142.pdb
c:\hooman\gbc\game3121\course materials\gameenginedevelopment\ogre-sdk-v2.1\build\bin\debug\ogrepaging_d.ilk
c:\hooman\gbc\game3121\course materials\gameenginedevelopment\ogre-sdk-v2.1\build\bin\debug\ogrepaging_d.dll
c:\hooman\gbc\game3121\course materials\gameenginedevelopment\ogre-sdk-v2.1\build\bin\debug\ogrepaging_d.pdb
c:\hooman\gbc\game3121\course materials\gameenginedevelopment\ogre-sdk-v2.1\build\lib\debug\ogrepaging_d.lib
c:\hooman\gbc\game3121\course materials\gameenginedevelopment\ogre-sdk-v2.1\build\lib\debug\ogrepaging_d.exp
c:\hooman\gbc\game3121\course materials\gameenginedevelopment\ogre-sdk-v2.1\build\components\paging\ogrepaging.dir\debug\ogrepaging.tlog\cl.31416.write.1.tlog
c:\hooman\gbc\game3121\course materials\gameenginedevelopment\ogre-sdk-v2.1\build\components\paging\ogrepaging.dir\debug\ogrepaging.tlog\cl.command.1.tlog
c:\hooman\gbc\game3121\course materials\gameenginedevelopment\ogre-sdk-v2.1\build\components\paging\ogrepaging.dir\debug\ogrepaging.tlog\cl.read.1.tlog
c:\hooman\gbc\game3121\course materials\gameenginedevelopment\ogre-sdk-v2.1\build\components\paging\ogrepaging.dir\debug\ogrepaging.tlog\link.command.1.tlog
c:\hooman\gbc\game3121\course materials\gameenginedevelopment\ogre-sdk-v2.1\build\components\paging\ogrepaging.dir\debug\ogrepaging.tlog\link.read.1.tlog
c:\hooman\gbc\game3121\course materials\gameenginedevelopment\ogre-sdk-v2.1\build\components\paging\ogrepaging.dir\debug\ogrepaging.tlog\link.write.1.tlog
c:\hooman\gbc\game3121\course materials\gameenginedevelopment\ogre-sdk-v2.1\build\components\paging\ogrepaging.dir\debug\ogrepaging.tlog\ogrepaging.write.1u.tlog
