c:\hooman\gbc\game3121\ogre\build\rendersystems\gl\rendersystem_gl.dir\release\glew.obj
c:\hooman\gbc\game3121\ogre\build\rendersystems\gl\rendersystem_gl.dir\release\ogreglsllinkprogrammanager.obj
c:\hooman\gbc\game3121\ogre\build\rendersystems\gl\rendersystem_gl.dir\release\_vs1.0_parser.obj
c:\hooman\gbc\game3121\ogre\build\rendersystems\gl\rendersystem_gl.dir\release\ts1.0_inst_list.obj
c:\hooman\gbc\game3121\ogre\build\rendersystems\gl\rendersystem_gl.dir\release\ogreglenginedll.obj
c:\hooman\gbc\game3121\ogre\build\rendersystems\gl\rendersystem_gl.dir\release\ogreglhardwareocclusionquery.obj
c:\hooman\gbc\game3121\ogre\build\rendersystems\gl\rendersystem_gl.dir\release\ogreglplugin.obj
c:\hooman\gbc\game3121\ogre\build\rendersystems\gl\rendersystem_gl.dir\release\ogreglslprogram.obj
c:\hooman\gbc\game3121\ogre\build\rendersystems\gl\rendersystem_gl.dir\release\_rc1.0_parser.obj
c:\hooman\gbc\game3121\ogre\build\rendersystems\gl\rendersystem_gl.dir\release\rc1.0_final.obj
c:\hooman\gbc\game3121\ogre\build\rendersystems\gl\rendersystem_gl.dir\release\vs1.0_inst.obj
c:\hooman\gbc\game3121\ogre\build\rendersystems\gl\rendersystem_gl.dir\release\ogreglframebufferobject.obj
c:\hooman\gbc\game3121\ogre\build\rendersystems\gl\rendersystem_gl.dir\release\ogreglpixelformat.obj
c:\hooman\gbc\game3121\ogre\build\rendersystems\gl\rendersystem_gl.dir\release\ogregltexture.obj
c:\hooman\gbc\game3121\ogre\build\rendersystems\gl\rendersystem_gl.dir\release\ati_fs_glgpuprogram.obj
c:\hooman\gbc\game3121\ogre\build\rendersystems\gl\rendersystem_gl.dir\release\ts1.0_inst.obj
c:\hooman\gbc\game3121\ogre\build\rendersystems\gl\rendersystem_gl.dir\release\ogregldepthbuffer.obj
c:\hooman\gbc\game3121\ogre\build\rendersystems\gl\rendersystem_gl.dir\release\ogreglhardwarebuffermanager.obj
c:\hooman\gbc\game3121\ogre\build\rendersystems\gl\rendersystem_gl.dir\release\ogregltexturemanager.obj
c:\hooman\gbc\game3121\ogre\build\rendersystems\gl\rendersystem_gl.dir\release\ogreglsllinkprogram.obj
c:\hooman\gbc\game3121\ogre\build\rendersystems\gl\rendersystem_gl.dir\release\_vs1.0_lexer.obj
c:\hooman\gbc\game3121\ogre\build\rendersystems\gl\rendersystem_gl.dir\release\rc1.0_combiners.obj
c:\hooman\gbc\game3121\ogre\build\rendersystems\gl\rendersystem_gl.dir\release\vsp1.0_impl.obj
c:\hooman\gbc\game3121\ogre\build\rendersystems\gl\rendersystem_gl.dir\release\ogreglgpunvparseprogram.obj
c:\hooman\gbc\game3121\ogre\build\rendersystems\gl\rendersystem_gl.dir\release\ogreglhardwarepixelbuffer.obj
c:\hooman\gbc\game3121\ogre\build\rendersystems\gl\rendersystem_gl.dir\release\ogreglslextsupport.obj
c:\hooman\gbc\game3121\ogre\build\rendersystems\gl\rendersystem_gl.dir\release\_ps1.0_parser.obj
c:\hooman\gbc\game3121\ogre\build\rendersystems\gl\rendersystem_gl.dir\release\nvparse_errors.obj
c:\hooman\gbc\game3121\ogre\build\rendersystems\gl\rendersystem_gl.dir\release\ps1.0_program.obj
c:\hooman\gbc\game3121\ogre\build\rendersystems\gl\rendersystem_gl.dir\release\ogreglcopyingrendertexture.obj
c:\hooman\gbc\game3121\ogre\build\rendersystems\gl\rendersystem_gl.dir\release\ogreglhardwareindexbuffer.obj
c:\hooman\gbc\game3121\ogre\build\rendersystems\gl\rendersystem_gl.dir\release\ogreglrendertovertexbuffer.obj
c:\hooman\gbc\game3121\ogre\build\rendersystems\gl\rendersystem_gl.dir\release\compiler2pass.obj
c:\hooman\gbc\game3121\ogre\build\rendersystems\gl\rendersystem_gl.dir\release\_ps1.0_lexer.obj
c:\hooman\gbc\game3121\ogre\build\rendersystems\gl\rendersystem_gl.dir\release\_rc1.0_lexer.obj
c:\hooman\gbc\game3121\ogre\build\rendersystems\gl\rendersystem_gl.dir\release\avp1.0_impl.obj
c:\hooman\gbc\game3121\ogre\build\rendersystems\gl\rendersystem_gl.dir\release\vp1.0_impl.obj
c:\hooman\gbc\game3121\ogre\build\rendersystems\gl\rendersystem_gl.dir\release\ogreglfbomultirendertarget.obj
c:\hooman\gbc\game3121\ogre\build\rendersystems\gl\rendersystem_gl.dir\release\ogreglhardwarevertexbuffer.obj
c:\hooman\gbc\game3121\ogre\build\rendersystems\gl\rendersystem_gl.dir\release\ogreglstatecachemanager.obj
c:\hooman\gbc\game3121\ogre\build\rendersystems\gl\rendersystem_gl.dir\release\ps_1_4.obj
c:\hooman\gbc\game3121\ogre\build\rendersystems\gl\rendersystem_gl.dir\release\_ts1.0_parser.obj
c:\hooman\gbc\game3121\ogre\build\rendersystems\gl\rendersystem_gl.dir\release\rc1.0_general.obj
c:\hooman\gbc\game3121\ogre\build\rendersystems\gl\rendersystem_gl.dir\release\vs1.0_inst_list.obj
c:\hooman\gbc\game3121\ogre\build\rendersystems\gl\rendersystem_gl.dir\release\ogreglgpuprogram.obj
c:\hooman\gbc\game3121\ogre\build\rendersystems\gl\rendersystem_gl.dir\release\ogreglgpuprogrammanager.obj
c:\hooman\gbc\game3121\ogre\build\rendersystems\gl\rendersystem_gl.dir\release\ogreglrendersystem.obj
c:\hooman\gbc\game3121\ogre\build\rendersystems\gl\rendersystem_gl.dir\release\ogreglslprogramfactory.obj
c:\hooman\gbc\game3121\ogre\build\rendersystems\gl\rendersystem_gl.dir\release\_ts1.0_lexer.obj
c:\hooman\gbc\game3121\ogre\build\rendersystems\gl\rendersystem_gl.dir\release\nvparse.obj
c:\hooman\gbc\game3121\ogre\build\rendersystems\gl\rendersystem_gl.dir\release\vcp1.0_impl.obj
c:\hooman\gbc\game3121\ogre\build\rendersystems\gl\rendersystem_gl.dir\release\ogreglfborendertexture.obj
c:\hooman\gbc\game3121\ogre\build\rendersystems\gl\rendersystem_gl.dir\release\ogreglpbrendertexture.obj
c:\hooman\gbc\game3121\ogre\build\bin\release\rendersystem_gl.dll
c:\hooman\gbc\game3121\ogre\build\lib\release\rendersystem_gl.lib
c:\hooman\gbc\game3121\ogre\build\lib\release\rendersystem_gl.exp
c:\hooman\gbc\game3121\ogre\build\rendersystems\gl\rendersystem_gl.dir\release\rendersystem_gl.tlog\cl.command.1.tlog
c:\hooman\gbc\game3121\ogre\build\rendersystems\gl\rendersystem_gl.dir\release\rendersystem_gl.tlog\cl.read.1.tlog
c:\hooman\gbc\game3121\ogre\build\rendersystems\gl\rendersystem_gl.dir\release\rendersystem_gl.tlog\cl.write.1.tlog
c:\hooman\gbc\game3121\ogre\build\rendersystems\gl\rendersystem_gl.dir\release\rendersystem_gl.tlog\link.command.1.tlog
c:\hooman\gbc\game3121\ogre\build\rendersystems\gl\rendersystem_gl.dir\release\rendersystem_gl.tlog\link.read.1.tlog
c:\hooman\gbc\game3121\ogre\build\rendersystems\gl\rendersystem_gl.dir\release\rendersystem_gl.tlog\link.write.1.tlog
c:\hooman\gbc\game3121\ogre\build\rendersystems\gl\rendersystem_gl.dir\release\rendersystem_gl.tlog\rendersystem_gl.write.1u.tlog
