  OgreBspLevel.cpp
  OgreBspNode.cpp
  OgreBspSceneLoader.cpp
  OgreBspSceneManager.cpp
  OgreBspSceneManagerDll.cpp
  OgreBspSceneManagerPlugin.cpp
  OgreBspSceneNode.cpp
  OgreQuake3Level.cpp
C:\Hooman\GBC\GAME3121\ogre\OgreMain\include\OgreRenderSystem.h(962,1): warning C4267: 'argument': conversion from 'size_t' to 'const T', possible loss of data
          with
          [
              T=long
          ] (compiling source file C:\Hooman\GBC\GAME3121\ogre\PlugIns\BSPSceneManager\src\OgreBspNode.cpp)
C:\Hooman\GBC\GAME3121\ogre\OgreMain\include\OgreRenderSystem.h(962,1): warning C4267: 'argument': conversion from 'size_t' to 'const T', possible loss of data
          with
          [
              T=long
          ] (compiling source file C:\Hooman\GBC\GAME3121\ogre\PlugIns\BSPSceneManager\src\OgreBspSceneManager.cpp)
C:\Hooman\GBC\GAME3121\ogre\OgreMain\include\OgreRenderSystem.h(962,1): warning C4267: 'argument': conversion from 'size_t' to 'const T', possible loss of data
          with
          [
              T=long
          ] (compiling source file C:\Hooman\GBC\GAME3121\ogre\PlugIns\BSPSceneManager\src\OgreBspSceneManagerDll.cpp)
C:\Hooman\GBC\GAME3121\ogre\OgreMain\include\OgreRenderSystem.h(962,1): warning C4267: 'argument': conversion from 'size_t' to 'const T', possible loss of data
          with
          [
              T=long
          ] (compiling source file C:\Hooman\GBC\GAME3121\ogre\PlugIns\BSPSceneManager\src\OgreBspSceneNode.cpp)
C:\Hooman\GBC\GAME3121\ogre\OgreMain\include\OgreRenderSystem.h(962,1): warning C4267: 'argument': conversion from 'size_t' to 'const T', possible loss of data
          with
          [
              T=long
          ] (compiling source file C:\Hooman\GBC\GAME3121\ogre\PlugIns\BSPSceneManager\src\OgreBspLevel.cpp)
C:\Hooman\GBC\GAME3121\ogre\OgreMain\include\OgreRenderSystem.h(962,1): warning C4267: 'argument': conversion from 'size_t' to 'const T', possible loss of data
          with
          [
              T=long
          ] (compiling source file C:\Hooman\GBC\GAME3121\ogre\PlugIns\BSPSceneManager\src\OgreBspSceneManagerPlugin.cpp)
C:\Hooman\GBC\GAME3121\ogre\OgreMain\include\OgreRenderSystem.h(962,1): warning C4267: 'argument': conversion from 'size_t' to 'const T', possible loss of data
          with
          [
              T=long
          ] (compiling source file C:\Hooman\GBC\GAME3121\ogre\PlugIns\BSPSceneManager\src\OgreBspSceneLoader.cpp)
  OgreQuake3Shader.cpp
  OgreQuake3ShaderManager.cpp
C:\Hooman\GBC\GAME3121\ogre\OgreMain\include\OgreRenderSystem.h(962,1): warning C4267: 'argument': conversion from 'size_t' to 'const T', possible loss of data
          with
          [
              T=long
          ] (compiling source file C:\Hooman\GBC\GAME3121\ogre\PlugIns\BSPSceneManager\src\OgreQuake3Shader.cpp)
     Creating library C:/Hooman/GBC/GAME3121/ogre/build/lib/Debug/Plugin_BSPSceneManager_d.lib and object C:/Hooman/GBC/GAME3121/ogre/build/lib/Debug/Plugin_BSPSceneManager_d.exp
  Plugin_BSPSceneManager.vcxproj -> C:\Hooman\GBC\GAME3121\ogre\build\bin\Debug\Plugin_BSPSceneManager_d.dll
