c:\hooman\gbc\game3121\ogre\build\plugins\bspscenemanager\plugin_bspscenemanager.dir\release\ogrebspscenemanagerdll.obj
c:\hooman\gbc\game3121\ogre\build\plugins\bspscenemanager\plugin_bspscenemanager.dir\release\ogrebspscenenode.obj
c:\hooman\gbc\game3121\ogre\build\plugins\bspscenemanager\plugin_bspscenemanager.dir\release\ogrebspscenemanager.obj
c:\hooman\gbc\game3121\ogre\build\plugins\bspscenemanager\plugin_bspscenemanager.dir\release\ogrebspsceneloader.obj
c:\hooman\gbc\game3121\ogre\build\plugins\bspscenemanager\plugin_bspscenemanager.dir\release\ogrequake3shadermanager.obj
c:\hooman\gbc\game3121\ogre\build\plugins\bspscenemanager\plugin_bspscenemanager.dir\release\ogrebspnode.obj
c:\hooman\gbc\game3121\ogre\build\plugins\bspscenemanager\plugin_bspscenemanager.dir\release\ogrequake3level.obj
c:\hooman\gbc\game3121\ogre\build\plugins\bspscenemanager\plugin_bspscenemanager.dir\release\ogrequake3shader.obj
c:\hooman\gbc\game3121\ogre\build\plugins\bspscenemanager\plugin_bspscenemanager.dir\release\ogrebspscenemanagerplugin.obj
c:\hooman\gbc\game3121\ogre\build\plugins\bspscenemanager\plugin_bspscenemanager.dir\release\ogrebsplevel.obj
c:\hooman\gbc\game3121\ogre\build\bin\release\plugin_bspscenemanager.dll
c:\hooman\gbc\game3121\ogre\build\lib\release\plugin_bspscenemanager.lib
c:\hooman\gbc\game3121\ogre\build\lib\release\plugin_bspscenemanager.exp
c:\hooman\gbc\game3121\ogre\build\plugins\bspscenemanager\plugin_bspscenemanager.dir\release\plugin_b.2ac86f48.tlog\cl.10336.write.1.tlog
c:\hooman\gbc\game3121\ogre\build\plugins\bspscenemanager\plugin_bspscenemanager.dir\release\plugin_b.2ac86f48.tlog\cl.command.1.tlog
c:\hooman\gbc\game3121\ogre\build\plugins\bspscenemanager\plugin_bspscenemanager.dir\release\plugin_b.2ac86f48.tlog\cl.read.1.tlog
c:\hooman\gbc\game3121\ogre\build\plugins\bspscenemanager\plugin_bspscenemanager.dir\release\plugin_b.2ac86f48.tlog\link.command.1.tlog
c:\hooman\gbc\game3121\ogre\build\plugins\bspscenemanager\plugin_bspscenemanager.dir\release\plugin_b.2ac86f48.tlog\link.read.1.tlog
c:\hooman\gbc\game3121\ogre\build\plugins\bspscenemanager\plugin_bspscenemanager.dir\release\plugin_b.2ac86f48.tlog\link.write.1.tlog
c:\hooman\gbc\game3121\ogre\build\plugins\bspscenemanager\plugin_bspscenemanager.dir\release\plugin_b.2ac86f48.tlog\plugin_bspscenemanager.write.1u.tlog
