c:\hooman\gbc\game3121\ogre\build\rendersystems\direct3d11\rendersystem_direct3d11.dir\release\ogred3d11driverlist.obj
c:\hooman\gbc\game3121\ogre\build\rendersystems\direct3d11\rendersystem_direct3d11.dir\release\ogred3d11hardwareindexbuffer.obj
c:\hooman\gbc\game3121\ogre\build\rendersystems\direct3d11\rendersystem_direct3d11.dir\release\ogred3d11mappings.obj
c:\hooman\gbc\game3121\ogre\build\rendersystems\direct3d11\rendersystem_direct3d11.dir\release\ogred3d11stereodrivernvidia.obj
c:\hooman\gbc\game3121\ogre\build\rendersystems\direct3d11\rendersystem_direct3d11.dir\release\ogred3d11videomode.obj
c:\hooman\gbc\game3121\ogre\build\rendersystems\direct3d11\rendersystem_direct3d11.dir\release\ogremonitorinfo.obj
c:\hooman\gbc\game3121\ogre\build\rendersystems\direct3d11\rendersystem_direct3d11.dir\release\ogred3d11device.obj
c:\hooman\gbc\game3121\ogre\build\rendersystems\direct3d11\rendersystem_direct3d11.dir\release\ogred3d11hardwarebuffermanager.obj
c:\hooman\gbc\game3121\ogre\build\rendersystems\direct3d11\rendersystem_direct3d11.dir\release\ogred3d11stereodriveramd.obj
c:\hooman\gbc\game3121\ogre\build\rendersystems\direct3d11\rendersystem_direct3d11.dir\release\ogred3d11texture.obj
c:\hooman\gbc\game3121\ogre\build\rendersystems\direct3d11\rendersystem_direct3d11.dir\release\ogred3d11driver.obj
c:\hooman\gbc\game3121\ogre\build\rendersystems\direct3d11\rendersystem_direct3d11.dir\release\ogred3d11hardwarebuffer.obj
c:\hooman\gbc\game3121\ogre\build\rendersystems\direct3d11\rendersystem_direct3d11.dir\release\ogred3d11plugin.obj
c:\hooman\gbc\game3121\ogre\build\rendersystems\direct3d11\rendersystem_direct3d11.dir\release\ogred3d11videomodelist.obj
c:\hooman\gbc\game3121\ogre\build\rendersystems\direct3d11\rendersystem_direct3d11.dir\release\ogred3d11depthbuffer.obj
c:\hooman\gbc\game3121\ogre\build\rendersystems\direct3d11\rendersystem_direct3d11.dir\release\ogred3d11hardwarevertexbuffer.obj
c:\hooman\gbc\game3121\ogre\build\rendersystems\direct3d11\rendersystem_direct3d11.dir\release\ogred3d11renderwindow.obj
c:\hooman\gbc\game3121\ogre\build\rendersystems\direct3d11\rendersystem_direct3d11.dir\release\ogred3d11hlslprogram.obj
c:\hooman\gbc\game3121\ogre\build\rendersystems\direct3d11\rendersystem_direct3d11.dir\release\ogred3d11rendersystem.obj
c:\hooman\gbc\game3121\ogre\build\rendersystems\direct3d11\rendersystem_direct3d11.dir\release\ogred3d11deviceresource.obj
c:\hooman\gbc\game3121\ogre\build\rendersystems\direct3d11\rendersystem_direct3d11.dir\release\ogred3d11hardwareocclusionquery.obj
c:\hooman\gbc\game3121\ogre\build\rendersystems\direct3d11\rendersystem_direct3d11.dir\release\ogred3d11multirendertarget.obj
c:\hooman\gbc\game3121\ogre\build\rendersystems\direct3d11\rendersystem_direct3d11.dir\release\ogred3d11vertexdeclaration.obj
c:\hooman\gbc\game3121\ogre\build\rendersystems\direct3d11\rendersystem_direct3d11.dir\release\ogred3d11hlslprogramfactory.obj
c:\hooman\gbc\game3121\ogre\build\rendersystems\direct3d11\rendersystem_direct3d11.dir\release\ogred3d11hardwareuniformbuffer.obj
c:\hooman\gbc\game3121\ogre\build\rendersystems\direct3d11\rendersystem_direct3d11.dir\release\ogred3d11rendertovertexbuffer.obj
c:\hooman\gbc\game3121\ogre\build\rendersystems\direct3d11\rendersystem_direct3d11.dir\release\ogrensightchecker.obj
c:\hooman\gbc\game3121\ogre\build\rendersystems\direct3d11\rendersystem_direct3d11.dir\release\ogred3d11enginedll.obj
c:\hooman\gbc\game3121\ogre\build\rendersystems\direct3d11\rendersystem_direct3d11.dir\release\ogred3d11hardwarepixelbuffer.obj
c:\hooman\gbc\game3121\ogre\build\rendersystems\direct3d11\rendersystem_direct3d11.dir\release\ogred3d11stereodriverbridge.obj
c:\hooman\gbc\game3121\ogre\build\rendersystems\direct3d11\rendersystem_direct3d11.dir\release\ogred3d11texturemanager.obj
c:\hooman\gbc\game3121\ogre\build\bin\release\rendersystem_direct3d11.dll
c:\hooman\gbc\game3121\ogre\build\lib\release\rendersystem_direct3d11.lib
c:\hooman\gbc\game3121\ogre\build\lib\release\rendersystem_direct3d11.exp
c:\hooman\gbc\game3121\ogre\build\rendersystems\direct3d11\rendersystem_direct3d11.dir\release\rendersy.c2fef7df.tlog\cl.13256.write.1.tlog
c:\hooman\gbc\game3121\ogre\build\rendersystems\direct3d11\rendersystem_direct3d11.dir\release\rendersy.c2fef7df.tlog\cl.command.1.tlog
c:\hooman\gbc\game3121\ogre\build\rendersystems\direct3d11\rendersystem_direct3d11.dir\release\rendersy.c2fef7df.tlog\cl.read.1.tlog
c:\hooman\gbc\game3121\ogre\build\rendersystems\direct3d11\rendersystem_direct3d11.dir\release\rendersy.c2fef7df.tlog\link.command.1.tlog
c:\hooman\gbc\game3121\ogre\build\rendersystems\direct3d11\rendersystem_direct3d11.dir\release\rendersy.c2fef7df.tlog\link.read.1.tlog
c:\hooman\gbc\game3121\ogre\build\rendersystems\direct3d11\rendersystem_direct3d11.dir\release\rendersy.c2fef7df.tlog\link.write.1.tlog
c:\hooman\gbc\game3121\ogre\build\rendersystems\direct3d11\rendersystem_direct3d11.dir\release\rendersy.c2fef7df.tlog\rendersystem_direct3d11.write.1u.tlog
