  OgreD3D11DepthBuffer.cpp
  OgreD3D11Device.cpp
  OgreD3D11DeviceResource.cpp
  OgreD3D11Driver.cpp
  OgreD3D11DriverList.cpp
  OgreD3D11EngineDll.cpp
  OgreD3D11HLSLProgram.cpp
  OgreD3D11HLSLProgramFactory.cpp
C:\Hooman\GBC\GAME3121\ogre\RenderSystems\Direct3D11\src\OgreD3D11Device.cpp(132,72): warning C4267: '=': conversion from 'size_t' to 'UINT', possible loss of data
  OgreD3D11HardwareBuffer.cpp
  OgreD3D11HardwareBufferManager.cpp
  OgreD3D11HardwareIndexBuffer.cpp
C:\Hooman\GBC\GAME3121\ogre\OgreMain\include\OgreRenderSystem.h(962,1): warning C4267: 'argument': conversion from 'size_t' to 'const T', possible loss of data
          with
          [
              T=long
          ] (compiling source file C:\Hooman\GBC\GAME3121\ogre\RenderSystems\Direct3D11\src\OgreD3D11EngineDll.cpp)
C:\Hooman\GBC\GAME3121\ogre\OgreMain\include\OgreRenderSystem.h(962,1): warning C4267: 'argument': conversion from 'size_t' to 'const T', possible loss of data
          with
          [
              T=long
          ] (compiling source file C:\Hooman\GBC\GAME3121\ogre\RenderSystems\Direct3D11\src\OgreD3D11DepthBuffer.cpp)
C:\Hooman\GBC\GAME3121\ogre\OgreMain\include\OgreRenderSystem.h(962,1): warning C4267: 'argument': conversion from 'size_t' to 'const T', possible loss of data
          with
          [
              T=long
          ] (compiling source file C:\Hooman\GBC\GAME3121\ogre\RenderSystems\Direct3D11\src\OgreD3D11HLSLProgram.cpp)
  OgreD3D11HardwareOcclusionQuery.cpp
  OgreD3D11HardwarePixelBuffer.cpp
  OgreD3D11HardwareUniformBuffer.cpp
C:\Hooman\GBC\GAME3121\ogre\OgreMain\include\OgreRenderSystem.h(962,1): warning C4267: 'argument': conversion from 'size_t' to 'const T', possible loss of data
          with
          [
              T=long
          ] (compiling source file C:\Hooman\GBC\GAME3121\ogre\RenderSystems\Direct3D11\src\OgreD3D11HardwareBuffer.cpp)
C:\Hooman\GBC\GAME3121\ogre\RenderSystems\Direct3D11\src\OgreD3D11HardwareBuffer.cpp(221,52): warning C4267: '=': conversion from 'size_t' to 'UINT', possible loss of data
  OgreD3D11HardwareVertexBuffer.cpp
C:\Hooman\GBC\GAME3121\ogre\RenderSystems\Direct3D11\src\OgreD3D11HLSLProgram.cpp(130,53): warning C4996: 'Ogre::ResourceGroupManager::openResource': was declared deprecated
C:\Hooman\GBC\GAME3121\ogre\RenderSystems\Direct3D11\src\OgreD3D11HLSLProgram.cpp(712,17): warning C4267: '+=': conversion from 'size_t' to 'Ogre::uint32', possible loss of data
C:\Hooman\GBC\GAME3121\ogre\RenderSystems\Direct3D11\src\OgreD3D11HLSLProgram.cpp(713,17): warning C4267: '+=': conversion from 'size_t' to 'Ogre::uint32', possible loss of data
C:\Hooman\GBC\GAME3121\ogre\RenderSystems\Direct3D11\src\OgreD3D11HLSLProgram.cpp(714,17): warning C4267: '+=': conversion from 'size_t' to 'Ogre::uint32', possible loss of data
C:\Hooman\GBC\GAME3121\ogre\RenderSystems\Direct3D11\src\OgreD3D11HLSLProgram.cpp(715,17): warning C4267: '+=': conversion from 'size_t' to 'Ogre::uint32', possible loss of data
C:\Hooman\GBC\GAME3121\ogre\RenderSystems\Direct3D11\src\OgreD3D11HLSLProgram.cpp(716,17): warning C4267: '+=': conversion from 'size_t' to 'Ogre::uint32', possible loss of data
C:\Hooman\GBC\GAME3121\ogre\RenderSystems\Direct3D11\src\OgreD3D11HLSLProgram.cpp(717,17): warning C4267: '+=': conversion from 'size_t' to 'Ogre::uint32', possible loss of data
C:\Hooman\GBC\GAME3121\ogre\RenderSystems\Direct3D11\src\OgreD3D11HLSLProgram.cpp(718,17): warning C4267: '+=': conversion from 'size_t' to 'Ogre::uint32', possible loss of data
C:\Hooman\GBC\GAME3121\ogre\RenderSystems\Direct3D11\src\OgreD3D11HLSLProgram.cpp(719,17): warning C4267: '+=': conversion from 'size_t' to 'Ogre::uint32', possible loss of data
C:\Hooman\GBC\GAME3121\ogre\RenderSystems\Direct3D11\src\OgreD3D11HLSLProgram.cpp(720,17): warning C4267: '+=': conversion from 'size_t' to 'Ogre::uint32', possible loss of data
C:\Hooman\GBC\GAME3121\ogre\RenderSystems\Direct3D11\src\OgreD3D11HLSLProgram.cpp(721,17): warning C4267: '+=': conversion from 'size_t' to 'Ogre::uint32', possible loss of data
C:\Hooman\GBC\GAME3121\ogre\RenderSystems\Direct3D11\src\OgreD3D11HLSLProgram.cpp(842,34): warning C4267: 'initializing': conversion from 'size_t' to 'int', possible loss of data
C:\Hooman\GBC\GAME3121\ogre\RenderSystems\Direct3D11\src\OgreD3D11HLSLProgram.cpp(880,57): warning C4267: 'initializing': conversion from 'size_t' to 'Ogre::uint32', possible loss of data
C:\Hooman\GBC\GAME3121\ogre\RenderSystems\Direct3D11\src\OgreD3D11HLSLProgram.cpp(1186,46): warning C4267: 'initializing': conversion from 'size_t' to 'int', possible loss of data
C:\Hooman\GBC\GAME3121\ogre\RenderSystems\Direct3D11\src\OgreD3D11HLSLProgram.cpp(1720,61): warning C4267: 'argument': conversion from 'size_t' to 'UINT', possible loss of data
C:\Hooman\GBC\GAME3121\ogre\RenderSystems\Direct3D11\src\OgreD3D11HLSLProgram.cpp(1859,60): warning C4267: 'initializing': conversion from 'size_t' to 'unsigned int', possible loss of data
C:\Hooman\GBC\GAME3121\ogre\RenderSystems\Direct3D11\src\OgreD3D11HLSLProgram.cpp(1911,60): warning C4267: 'initializing': conversion from 'size_t' to 'unsigned int', possible loss of data
C:\Hooman\GBC\GAME3121\ogre\RenderSystems\Direct3D11\src\OgreD3D11HLSLProgram.cpp(2005,50): warning C4267: 'return': conversion from 'size_t' to 'unsigned int', possible loss of data
C:\Hooman\GBC\GAME3121\ogre\RenderSystems\Direct3D11\src\OgreD3D11HLSLProgram.cpp(2010,51): warning C4267: 'return': conversion from 'size_t' to 'unsigned int', possible loss of data
  OgreD3D11Mappings.cpp
  OgreD3D11MultiRenderTarget.cpp
  OgreD3D11Plugin.cpp
  OgreD3D11RenderSystem.cpp
  OgreD3D11RenderToVertexBuffer.cpp
C:\Hooman\GBC\GAME3121\ogre\OgreMain\include\OgreRenderSystem.h(962,1): warning C4267: 'argument': conversion from 'size_t' to 'const T', possible loss of data
          with
          [
              T=long
          ] (compiling source file C:\Hooman\GBC\GAME3121\ogre\RenderSystems\Direct3D11\src\OgreD3D11HardwarePixelBuffer.cpp)
C:\Hooman\GBC\GAME3121\ogre\OgreMain\include\OgreRenderSystem.h(962,1): warning C4267: 'argument': conversion from 'size_t' to 'const T', possible loss of data
          with
          [
              T=long
          ] (compiling source file C:\Hooman\GBC\GAME3121\ogre\RenderSystems\Direct3D11\src\OgreD3D11Mappings.cpp)
  OgreD3D11RenderWindow.cpp
C:\Hooman\GBC\GAME3121\ogre\OgreMain\include\OgreRenderSystem.h(962,1): warning C4267: 'argument': conversion from 'size_t' to 'const T', possible loss of data
          with
          [
              T=long
          ] (compiling source file C:\Hooman\GBC\GAME3121\ogre\RenderSystems\Direct3D11\src\OgreD3D11MultiRenderTarget.cpp)
  OgreD3D11StereoDriverAMD.cpp
C:\Hooman\GBC\GAME3121\ogre\OgreMain\include\OgreRenderSystem.h(962,1): warning C4267: 'argument': conversion from 'size_t' to 'const T', possible loss of data
          with
          [
              T=long
          ] (compiling source file C:\Hooman\GBC\GAME3121\ogre\RenderSystems\Direct3D11\src\OgreD3D11Plugin.cpp)
C:\Hooman\GBC\GAME3121\ogre\OgreMain\include\OgreRenderSystem.h(962,1): warning C4267: 'argument': conversion from 'size_t' to 'const T', possible loss of data
          with
          [
              T=long
          ] (compiling source file C:\Hooman\GBC\GAME3121\ogre\RenderSystems\Direct3D11\src\OgreD3D11RenderSystem.cpp)
C:\Hooman\GBC\GAME3121\ogre\RenderSystems\Direct3D11\src\OgreD3D11HardwarePixelBuffer.cpp(71,5): warning C4267: 'argument': conversion from 'size_t' to 'Ogre::uint32', possible loss of data
C:\Hooman\GBC\GAME3121\ogre\RenderSystems\Direct3D11\src\OgreD3D11HardwarePixelBuffer.cpp(81,90): warning C4267: 'argument': conversion from 'size_t' to 'Ogre::uint32', possible loss of data
C:\Hooman\GBC\GAME3121\ogre\RenderSystems\Direct3D11\src\OgreD3D11HardwarePixelBuffer.cpp(329,90): warning C4267: 'initializing': conversion from 'size_t' to 'UINT', possible loss of data
C:\Hooman\GBC\GAME3121\ogre\RenderSystems\Direct3D11\src\OgreD3D11HardwarePixelBuffer.cpp(330,106): warning C4267: 'initializing': conversion from 'size_t' to 'UINT', possible loss of data
C:\Hooman\GBC\GAME3121\ogre\RenderSystems\Direct3D11\src\OgreD3D11HardwarePixelBuffer.cpp(454,118): warning C4267: 'argument': conversion from 'size_t' to 'UINT', possible loss of data
  OgreD3D11StereoDriverBridge.cpp
  OgreD3D11StereoDriverNVIDIA.cpp
  OgreD3D11Texture.cpp
  OgreD3D11TextureManager.cpp
  OgreD3D11VertexDeclaration.cpp
C:\Hooman\GBC\GAME3121\ogre\RenderSystems\Direct3D11\src\OgreD3D11RenderSystem.cpp(284,105): warning C4244: 'argument': conversion from '__int64' to 'UINT', possible loss of data
C:\Hooman\GBC\GAME3121\ogre\RenderSystems\Direct3D11\src\OgreD3D11RenderSystem.cpp(294,98): warning C4244: 'argument': conversion from '__int64' to 'UINT', possible loss of data
C:\Hooman\GBC\GAME3121\ogre\RenderSystems\Direct3D11\src\OgreD3D11RenderSystem.cpp(1396,100): warning C4996: 'Ogre::SceneManagerEnumerator::getSceneManagerIterator': was declared deprecated
C:\Hooman\GBC\GAME3121\ogre\RenderSystems\Direct3D11\src\OgreD3D11RenderSystem.cpp(1418,55): warning C4996: 'Ogre::SceneManagerEnumerator::getSceneManagerIterator': was declared deprecated
C:\Hooman\GBC\GAME3121\ogre\RenderSystems\Direct3D11\src\OgreD3D11RenderSystem.cpp(2100,118): warning C4267: 'argument': conversion from 'size_t' to 'UINT', possible loss of data
C:\Hooman\GBC\GAME3121\ogre\RenderSystems\Direct3D11\src\OgreD3D11RenderSystem.cpp(2109,119): warning C4267: 'argument': conversion from 'size_t' to 'UINT', possible loss of data
C:\Hooman\GBC\GAME3121\ogre\RenderSystems\Direct3D11\src\OgreD3D11RenderSystem.cpp(2926,56): warning C4267: 'argument': conversion from 'size_t' to 'unsigned int', possible loss of data
C:\Hooman\GBC\GAME3121\ogre\OgreMain\include\OgreRenderSystem.h(962,1): warning C4267: 'argument': conversion from 'size_t' to 'const T', possible loss of data
          with
          [
              T=long
          ] (compiling source file C:\Hooman\GBC\GAME3121\ogre\RenderSystems\Direct3D11\src\OgreD3D11RenderToVertexBuffer.cpp)
C:\Hooman\GBC\GAME3121\ogre\OgreMain\include\OgreRenderSystem.h(962,1): warning C4267: 'argument': conversion from 'size_t' to 'const T', possible loss of data
          with
          [
              T=long
          ] (compiling source file C:\Hooman\GBC\GAME3121\ogre\RenderSystems\Direct3D11\src\OgreD3D11Texture.cpp)
C:\Hooman\GBC\GAME3121\ogre\OgreMain\include\OgreRenderSystem.h(962,1): warning C4267: 'argument': conversion from 'size_t' to 'const T', possible loss of data
          with
          [
              T=long
          ] (compiling source file C:\Hooman\GBC\GAME3121\ogre\RenderSystems\Direct3D11\src\OgreD3D11RenderWindow.cpp)
  OgreD3D11VideoMode.cpp
  OgreD3D11VideoModeList.cpp
C:\Hooman\GBC\GAME3121\ogre\RenderSystems\Direct3D11\src\OgreD3D11Texture.cpp(241,17): warning C4101: 'hr': unreferenced local variable
C:\Hooman\GBC\GAME3121\ogre\RenderSystems\Direct3D11\src\OgreD3D11Texture.cpp(395,142): warning C4267: 'argument': conversion from 'size_t' to 'unsigned long', possible loss of data
C:\Hooman\GBC\GAME3121\ogre\RenderSystems\Direct3D11\src\OgreD3D11Texture.cpp(341,17): warning C4101: 'hr': unreferenced local variable
C:\Hooman\GBC\GAME3121\ogre\RenderSystems\Direct3D11\src\OgreD3D11Texture.cpp(445,17): warning C4101: 'hr': unreferenced local variable
C:\Hooman\GBC\GAME3121\ogre\RenderSystems\Direct3D11\src\OgreD3D11Texture.cpp(525,22): warning C4267: 'argument': conversion from 'size_t' to 'UINT', possible loss of data
  OgreMonitorInfo.cpp
  OgreNsightChecker.cpp
C:\Hooman\GBC\GAME3121\ogre\OgreMain\include\OgreRenderSystem.h(962,1): warning C4267: 'argument': conversion from 'size_t' to 'const T', possible loss of data
          with
          [
              T=long
          ] (compiling source file C:\Hooman\GBC\GAME3121\ogre\RenderSystems\Direct3D11\src\OgreD3D11VertexDeclaration.cpp)
C:\Hooman\GBC\GAME3121\ogre\RenderSystems\Direct3D11\src\OgreD3D11VertexDeclaration.cpp(121,90): warning C4267: '=': conversion from 'size_t' to 'UINT', possible loss of data
C:\Hooman\GBC\GAME3121\ogre\OgreMain\include\OgreRenderSystem.h(962,1): warning C4267: 'argument': conversion from 'size_t' to 'const T', possible loss of data
          with
          [
              T=long
          ] (compiling source file C:\Hooman\GBC\GAME3121\ogre\RenderSystems\Direct3D11\src\OgreD3D11TextureManager.cpp)
C:\Hooman\GBC\GAME3121\ogre\RenderSystems\Direct3D11\src\OgreNsightChecker.cpp(31,7): warning C4996: 'GetVersionExA': was declared deprecated
     Creating library C:/Hooman/GBC/GAME3121/ogre/build/lib/Release/RenderSystem_Direct3D11.lib and object C:/Hooman/GBC/GAME3121/ogre/build/lib/Release/RenderSystem_Direct3D11.exp
  RenderSystem_Direct3D11.vcxproj -> C:\Hooman\GBC\GAME3121\ogre\build\bin\Release\RenderSystem_Direct3D11.dll

Project Performance Summary:
        0 ms  C:\Hooman\GBC\GAME3121\ogre\build\OgreMain\OgreMain.vcxproj   4 calls
                  0 ms  GetTargetPath                              1 calls
                  0 ms  GetNativeManifest                          1 calls
                  0 ms  GetResolvedLinkLibs                        1 calls
                  0 ms  GetCopyToOutputDirectoryItems              1 calls
    37535 ms  C:\Hooman\GBC\GAME3121\ogre\build\RenderSystems\Direct3D11\RenderSystem_Direct3D11.vcxproj   1 calls
              37535 ms  Rebuild                                    1 calls

Target Performance Summary:
        0 ms  MakeDirsForResourceCompile                 1 calls
        0 ms  PreLinkEvent                               1 calls
        0 ms  DoLinkOutputFilesMatch                     1 calls
        0 ms  PrepareResourceNames                       1 calls
        0 ms  CreateCustomManifestResourceNames          1 calls
        0 ms  SplitResourcesByCulture                    1 calls
        0 ms  AssignTargetPaths                          1 calls
        0 ms  ComputeManifestInputsTargets               1 calls
        0 ms  ComputeReferenceLinkInputs                 1 calls
        0 ms  ComputeResolveLinkObj                      1 calls
        0 ms  ComputeLinkInputsFromProject               1 calls
        0 ms  ComputeCLGeneratedLinkInputs               1 calls
        0 ms  ComputeManifestGeneratedLinkerInputs       1 calls
        0 ms  ComputeLinkSwitches                        1 calls
        0 ms  ComputeRCGeneratedLinkInputs               1 calls
        0 ms  BeforeLink                                 1 calls
        0 ms  ComputeLegacyManifestEmbedding             1 calls
        0 ms  BuildLinkTraverse                          1 calls
        0 ms  BuildCompile                               1 calls
        0 ms  _BuildCompileAction                        1 calls
        0 ms  AfterBuildCompileEvent                     1 calls
        0 ms  _ResourceCompile                           1 calls
        0 ms  AfterResourceCompile                       1 calls
        0 ms  AfterRebuild                               1 calls
        0 ms  BeforeResourceCompile                      1 calls
        0 ms  _ClCompile                                 1 calls
        0 ms  AfterClCompile                             1 calls
        0 ms  ComputeRCOutputs                           1 calls
        0 ms  AfterLink                                  1 calls
        0 ms  _Link                                      1 calls
        0 ms  _ALink                                     1 calls
        0 ms  Build                                      1 calls
        0 ms  IncrementalClean                           1 calls
        0 ms  AfterBuild                                 1 calls
        0 ms  BuildLink                                  1 calls
        0 ms  _BuildLinkAction                           1 calls
        0 ms  PostBuildEvent                             1 calls
        0 ms  PrepareForRun                              1 calls
        0 ms  CopyFilesToOutputDirectory                 1 calls
        0 ms  _CheckForCompileOutputs                    1 calls
        0 ms  _CopySourceItemsToOutputDirectory          1 calls
        0 ms  _GetCopyToOutputDirectoryItemsFromThisProject   1 calls
        0 ms  GetCopyToOutputDirectoryXamlAppDefs        1 calls
        0 ms  _PopulateCommonStateForGetCopyToOutputDirectoryItems   1 calls
        0 ms  _Deploy                                    1 calls
        0 ms  _Appverifier                               1 calls
        0 ms  CreateSatelliteAssemblies                  1 calls
        0 ms  _GenerateSatelliteAssemblyInputs           1 calls
        0 ms  MakeDirsForFxc                             1 calls
        0 ms  BuiltProjectOutputGroup                    1 calls
        0 ms  _BscMake                                   1 calls
        0 ms  MakeDirsForBscMake                         1 calls
        0 ms  ComputeCLCompileGeneratedSbrFiles          1 calls
        0 ms  _XdcMake                                   1 calls
        0 ms  MakeDirsForXdcMake                         1 calls
        0 ms  ComputeCLCompileGeneratedXDCFiles          1 calls
        0 ms  ResolvedXDCMake                            1 calls
        0 ms  _Manifest                                  1 calls
        0 ms  SelectClCompile                            1 calls
        0 ms  MakeDirsForCl                              1 calls
        0 ms  Rebuild                                    1 calls
        0 ms  ResolveReferences                          1 calls
        0 ms  AfterCppClean                              1 calls
        0 ms  AfterResolveReferences                     1 calls
        0 ms  ResolveAssemblyReferences                  1 calls
        0 ms  ExpandSDKReferences                        1 calls
        0 ms  ResolveSDKReferences                       1 calls
        0 ms  BeforeClean                                1 calls
        0 ms  SetCABuildNativeEnvironmentVariables       1 calls
        0 ms  _SplitProjectReferencesByFileExistence     1 calls
        0 ms  GetResolvedWinMD                           1 calls
        0 ms  SetBuildDefaultEnvironmentVariables        1 calls
        0 ms  GetReferenceAssemblyPaths                  1 calls
        0 ms  _GetProjectReferenceTargetFrameworkProperties   1 calls
        0 ms  _RemoveNameMetadataFromProjectReferenceItems   1 calls
        0 ms  BeforeResolveReferences                    1 calls
        0 ms  _PrepareForReferenceResolution             1 calls
        0 ms  _PrepareForBuild                           1 calls
        0 ms  Clean                                      1 calls
        0 ms  PrepareProjectReferences                   1 calls
        0 ms  CppClean                                   1 calls
        0 ms  CleanReferencedProjects                    1 calls
        0 ms  AfterClean                                 1 calls
        0 ms  BeforeRebuild                              1 calls
        0 ms  BuildGenerateSourcesTraverse               1 calls
        0 ms  BeforeCppClean                             1 calls
        0 ms  PreBuildEvent                              1 calls
        0 ms  BuildGenerateSources                       1 calls
        0 ms  _BuildGenerateSourcesAction                1 calls
        0 ms  AfterBuildGenerateSourcesEvent             1 calls
        0 ms  AfterBuildGenerateSources                  1 calls
        0 ms  ComputeCLInputPDBName                      1 calls
        0 ms  _Midl                                      1 calls
        0 ms  BeforeBuildGenerateSources                 1 calls
        0 ms  AfterMidl                                  1 calls
        0 ms  ComputeMIDLGeneratedCompileInputs          1 calls
        0 ms  MakeDirsForMidl                            1 calls
        0 ms  _Xsd                                       1 calls
        0 ms  SetTelemetryEnvironmentVariables           1 calls
        0 ms  CopyFileToFolders                          1 calls
        0 ms  FindReferenceAssembliesForReferences       1 calls
        0 ms  ComputeCustomBuildOutput                   1 calls
        0 ms  ComputeReferenceCLInput                    1 calls
        0 ms  SelectCustomBuild                          1 calls
        0 ms  _SelectedFiles                             1 calls
        0 ms  _PrepareForRebuild                         1 calls
        0 ms  BuildCompileTraverse                       1 calls
        0 ms  BeforeClCompile                            1 calls
        1 ms  AssignProjectConfiguration                 1 calls
        1 ms  PGInstrumentedClean                        1 calls
        1 ms  _CheckForInvalidConfigurationAndPlatform   1 calls
        1 ms  ComputeLinkImportLibraryOutputsForClean    1 calls
        1 ms  CustomBuild                                1 calls
        1 ms  GetFrameworkPaths                          1 calls
        1 ms  ComputeCLOutputs                           1 calls
        1 ms  RegisterOutput                             1 calls
        1 ms  _PrepareForClean                           1 calls
        1 ms  _CheckWindowsSDKInstalled                  1 calls
        1 ms  CreateRecipeFile                           1 calls
        1 ms  SatelliteDllsProjectOutputGroup            1 calls
        1 ms  FixupCLCompileOptions                      1 calls
        1 ms  _CleanGetCurrentAndPriorFileWrites         1 calls
        2 ms  ContentFilesProjectOutputGroup             1 calls
        2 ms  FinalizeBuildStatus                        1 calls
        2 ms  MakeDirsForLink                            1 calls
        2 ms  PrepareForBuild                            1 calls
        2 ms  CoreClean                                  1 calls
        3 ms  InitializeBuildStatus                      1 calls
        3 ms  WarnCompileDuplicatedFilename              1 calls
        6 ms  _GetCopyToOutputDirectoryItemsFromTransitiveProjectReferences   1 calls
        6 ms  GetCopyToOutputDirectoryItems              1 calls
       18 ms  CleanPublishFolder                         1 calls
       21 ms  CoreCppClean                               1 calls
       35 ms  ResolvedLinkLib                            1 calls
      297 ms  Link                                       1 calls
     4473 ms  ResolveProjectReferences                   1 calls
    32652 ms  ClCompile                                  1 calls

Task Performance Summary:
        0 ms  Message                                    3 calls
        0 ms  GenerateDesktopDeployRecipe                1 calls
        0 ms  CreateItem                                 2 calls
        0 ms  AssignCulture                              1 calls
        0 ms  AssignTargetPath                           7 calls
        0 ms  GetOutOfDateItems                          3 calls
        0 ms  CheckVCToolsetVersion                      1 calls
        0 ms  ResolveNonMSBuildProjectOutput             1 calls
        0 ms  ConvertToAbsolutePath                      1 calls
        0 ms  RemoveDuplicates                           3 calls
        0 ms  FindUnderPath                              7 calls
        0 ms  ReadLinesFromFile                          3 calls
        0 ms  SetEnv                                     8 calls
        0 ms  AssignProjectConfiguration                 1 calls
        2 ms  MakeDir                                   12 calls
        2 ms  Delete                                     6 calls
        2 ms  Touch                                      2 calls
        4 ms  WriteLinesToFile                           4 calls
        6 ms  CallTarget                                 2 calls
       20 ms  CppClean                                   1 calls
      294 ms  Link                                       1 calls
     4513 ms  MSBuild                                    4 calls
    32649 ms  CL                                         1 calls
