c:\hooman\gbc\game3121\course materials\gameenginedevelopment\ogre-sdk-v2.1\build\plugins\bspscenemanager\plugin_bspscenemanager.dir\debug\ogrebspscenemanager.obj
c:\hooman\gbc\game3121\course materials\gameenginedevelopment\ogre-sdk-v2.1\build\plugins\bspscenemanager\plugin_bspscenemanager.dir\debug\ogrebsplevel.obj
c:\hooman\gbc\game3121\course materials\gameenginedevelopment\ogre-sdk-v2.1\build\plugins\bspscenemanager\plugin_bspscenemanager.dir\debug\ogrebspsceneloader.obj
c:\hooman\gbc\game3121\course materials\gameenginedevelopment\ogre-sdk-v2.1\build\plugins\bspscenemanager\plugin_bspscenemanager.dir\debug\ogrebspscenenode.obj
c:\hooman\gbc\game3121\course materials\gameenginedevelopment\ogre-sdk-v2.1\build\plugins\bspscenemanager\plugin_bspscenemanager.dir\debug\ogrequake3level.obj
c:\hooman\gbc\game3121\course materials\gameenginedevelopment\ogre-sdk-v2.1\build\plugins\bspscenemanager\plugin_bspscenemanager.dir\debug\ogrequake3shader.obj
c:\hooman\gbc\game3121\course materials\gameenginedevelopment\ogre-sdk-v2.1\build\plugins\bspscenemanager\plugin_bspscenemanager.dir\debug\ogrebspscenemanagerplugin.obj
c:\hooman\gbc\game3121\course materials\gameenginedevelopment\ogre-sdk-v2.1\build\plugins\bspscenemanager\plugin_bspscenemanager.dir\debug\ogrebspscenemanagerdll.obj
c:\hooman\gbc\game3121\course materials\gameenginedevelopment\ogre-sdk-v2.1\build\plugins\bspscenemanager\plugin_bspscenemanager.dir\debug\ogrequake3shadermanager.obj
c:\hooman\gbc\game3121\course materials\gameenginedevelopment\ogre-sdk-v2.1\build\plugins\bspscenemanager\plugin_bspscenemanager.dir\debug\ogrebspnode.obj
c:\hooman\gbc\game3121\course materials\gameenginedevelopment\ogre-sdk-v2.1\build\plugins\bspscenemanager\plugin_bspscenemanager.dir\debug\vc142.pdb
c:\hooman\gbc\game3121\course materials\gameenginedevelopment\ogre-sdk-v2.1\build\bin\debug\plugin_bspscenemanager_d.ilk
c:\hooman\gbc\game3121\course materials\gameenginedevelopment\ogre-sdk-v2.1\build\bin\debug\plugin_bspscenemanager_d.dll
c:\hooman\gbc\game3121\course materials\gameenginedevelopment\ogre-sdk-v2.1\build\bin\debug\plugin_bspscenemanager_d.pdb
c:\hooman\gbc\game3121\course materials\gameenginedevelopment\ogre-sdk-v2.1\build\lib\debug\plugin_bspscenemanager_d.lib
c:\hooman\gbc\game3121\course materials\gameenginedevelopment\ogre-sdk-v2.1\build\lib\debug\plugin_bspscenemanager_d.exp
c:\hooman\gbc\game3121\course materials\gameenginedevelopment\ogre-sdk-v2.1\build\plugins\bspscenemanager\plugin_bspscenemanager.dir\debug\plugin_b.40c55f28.tlog\cl.11848.write.1.tlog
c:\hooman\gbc\game3121\course materials\gameenginedevelopment\ogre-sdk-v2.1\build\plugins\bspscenemanager\plugin_bspscenemanager.dir\debug\plugin_b.40c55f28.tlog\cl.command.1.tlog
c:\hooman\gbc\game3121\course materials\gameenginedevelopment\ogre-sdk-v2.1\build\plugins\bspscenemanager\plugin_bspscenemanager.dir\debug\plugin_b.40c55f28.tlog\cl.read.1.tlog
c:\hooman\gbc\game3121\course materials\gameenginedevelopment\ogre-sdk-v2.1\build\plugins\bspscenemanager\plugin_bspscenemanager.dir\debug\plugin_b.40c55f28.tlog\link.command.1.tlog
c:\hooman\gbc\game3121\course materials\gameenginedevelopment\ogre-sdk-v2.1\build\plugins\bspscenemanager\plugin_bspscenemanager.dir\debug\plugin_b.40c55f28.tlog\link.read.1.tlog
c:\hooman\gbc\game3121\course materials\gameenginedevelopment\ogre-sdk-v2.1\build\plugins\bspscenemanager\plugin_bspscenemanager.dir\debug\plugin_b.40c55f28.tlog\link.write.1.tlog
c:\hooman\gbc\game3121\course materials\gameenginedevelopment\ogre-sdk-v2.1\build\plugins\bspscenemanager\plugin_bspscenemanager.dir\debug\plugin_b.40c55f28.tlog\plugin_bspscenemanager.write.1u.tlog
