c:\hooman\gbc\game3121\course materials\gameenginedevelopment\ogre-sdk-v2.1\build\rendersystems\glsupport\ogreglsupport.dir\debug\ogrewin32glsupport.obj
c:\hooman\gbc\game3121\course materials\gameenginedevelopment\ogre-sdk-v2.1\build\rendersystems\glsupport\ogreglsupport.dir\debug\ogrewin32context.obj
c:\hooman\gbc\game3121\course materials\gameenginedevelopment\ogre-sdk-v2.1\build\rendersystems\glsupport\ogreglsupport.dir\debug\ogreglrendertexture.obj
c:\hooman\gbc\game3121\course materials\gameenginedevelopment\ogre-sdk-v2.1\build\rendersystems\glsupport\ogreglsupport.dir\debug\ogrewin32rendertexture.obj
c:\hooman\gbc\game3121\course materials\gameenginedevelopment\ogre-sdk-v2.1\build\rendersystems\glsupport\ogreglsupport.dir\debug\ogreglvertexarrayobject.obj
c:\hooman\gbc\game3121\course materials\gameenginedevelopment\ogre-sdk-v2.1\build\rendersystems\glsupport\ogreglsupport.dir\debug\ogrewin32window.obj
c:\hooman\gbc\game3121\course materials\gameenginedevelopment\ogre-sdk-v2.1\build\rendersystems\glsupport\ogreglsupport.dir\debug\ogreglslpreprocessor.obj
c:\hooman\gbc\game3121\course materials\gameenginedevelopment\ogre-sdk-v2.1\build\rendersystems\glsupport\ogreglsupport.dir\debug\ogreglrendersystemcommon.obj
c:\hooman\gbc\game3121\course materials\gameenginedevelopment\ogre-sdk-v2.1\build\rendersystems\glsupport\ogreglsupport.dir\debug\ogregluniformcache.obj
c:\hooman\gbc\game3121\course materials\gameenginedevelopment\ogre-sdk-v2.1\build\rendersystems\glsupport\ogreglsupport.dir\debug\ogreglslprogrammanagercommon.obj
c:\hooman\gbc\game3121\course materials\gameenginedevelopment\ogre-sdk-v2.1\build\rendersystems\glsupport\ogreglsupport.dir\debug\ogregltexturecommon.obj
c:\hooman\gbc\game3121\course materials\gameenginedevelopment\ogre-sdk-v2.1\build\rendersystems\glsupport\ogreglsupport.dir\debug\ogreglslprogramcommon.obj
c:\hooman\gbc\game3121\course materials\gameenginedevelopment\ogre-sdk-v2.1\build\rendersystems\glsupport\ogreglsupport.dir\debug\ogregldepthbuffercommon.obj
c:\hooman\gbc\game3121\course materials\gameenginedevelopment\ogre-sdk-v2.1\build\rendersystems\glsupport\ogreglsupport.dir\debug\ogreglslshadercommon.obj
c:\hooman\gbc\game3121\course materials\gameenginedevelopment\ogre-sdk-v2.1\build\rendersystems\glsupport\ogreglsupport.dir\debug\ogreglhardwarepixelbuffercommon.obj
c:\hooman\gbc\game3121\course materials\gameenginedevelopment\ogre-sdk-v2.1\build\rendersystems\glsupport\ogreglsupport.dir\debug\ogreglsupport.pdb
c:\hooman\gbc\game3121\course materials\gameenginedevelopment\ogre-sdk-v2.1\build\lib\debug\ogreglsupport_d.lib
c:\hooman\gbc\game3121\course materials\gameenginedevelopment\ogre-sdk-v2.1\build\rendersystems\glsupport\ogreglsupport.dir\debug\ogreglsupport.tlog\cl.32124.write.1.tlog
c:\hooman\gbc\game3121\course materials\gameenginedevelopment\ogre-sdk-v2.1\build\rendersystems\glsupport\ogreglsupport.dir\debug\ogreglsupport.tlog\cl.command.1.tlog
c:\hooman\gbc\game3121\course materials\gameenginedevelopment\ogre-sdk-v2.1\build\rendersystems\glsupport\ogreglsupport.dir\debug\ogreglsupport.tlog\cl.read.1.tlog
c:\hooman\gbc\game3121\course materials\gameenginedevelopment\ogre-sdk-v2.1\build\rendersystems\glsupport\ogreglsupport.dir\debug\ogreglsupport.tlog\lib-link.read.1.tlog
c:\hooman\gbc\game3121\course materials\gameenginedevelopment\ogre-sdk-v2.1\build\rendersystems\glsupport\ogreglsupport.dir\debug\ogreglsupport.tlog\lib-link.write.1.tlog
c:\hooman\gbc\game3121\course materials\gameenginedevelopment\ogre-sdk-v2.1\build\rendersystems\glsupport\ogreglsupport.dir\debug\ogreglsupport.tlog\lib.command.1.tlog
