  OgreWin32Context.cpp
  OgreWin32GLSupport.cpp
  OgreWin32RenderTexture.cpp
  OgreWin32Window.cpp
  OgreGLSLPreprocessor.cpp
  OgreGLSLProgramCommon.cpp
  OgreGLSLProgramManagerCommon.cpp
  OgreGLSLShaderCommon.cpp
  OgreGLRenderSystemCommon.cpp
  OgreGLTextureCommon.cpp
  OgreGLDepthBufferCommon.cpp
  OgreGLRenderTexture.cpp
C:\Hooman\GBC\GAME3121\Course Materials\GameEngineDevelopment\ogre-sdk-v2.1\RenderSystems\GLSupport\src\win32\OgreWin32RenderTexture.cpp(44,5): warning C4267: 'argument': conversion from 'size_t' to 'Ogre::uint32', possible loss of data
  OgreGLHardwarePixelBufferCommon.cpp
  OgreGLUniformCache.cpp
  OgreGLVertexArrayObject.cpp
  OgreGLSupport.vcxproj -> C:\Hooman\GBC\GAME3121\Course Materials\GameEngineDevelopment\ogre-sdk-v2.1\build\lib\Debug\OgreGLSupport_d.lib

Project Performance Summary:
        0 ms  C:\Hooman\GBC\GAME3121\Course Materials\GameEngineDevelopment\ogre-sdk-v2.1\build\OgreMain\OgreMain.vcxproj   4 calls
                  0 ms  GetTargetPath                              1 calls
                  0 ms  GetNativeManifest                          1 calls
                  0 ms  GetResolvedLinkLibs                        1 calls
                  0 ms  GetCopyToOutputDirectoryItems              1 calls
    20974 ms  C:\Hooman\GBC\GAME3121\Course Materials\GameEngineDevelopment\ogre-sdk-v2.1\build\RenderSystems\GLSupport\OgreGLSupport.vcxproj   1 calls
              20974 ms  Rebuild                                    1 calls

Target Performance Summary:
        0 ms  _ClCompile                                 1 calls
        0 ms  ComputeCLGeneratedLibInputs                1 calls
        0 ms  CreateSatelliteAssemblies                  1 calls
        0 ms  ComputeRCGeneratedLibInputs                1 calls
        0 ms  ComputeRCOutputs                           1 calls
        0 ms  ComputeLibAdditionalOptions                1 calls
        0 ms  BeforeLib                                  1 calls
        0 ms  _ResourceCompile                           1 calls
        0 ms  AfterResourceCompile                       1 calls
        0 ms  MakeDirsForResourceCompile                 1 calls
        0 ms  BeforeResourceCompile                      1 calls
        0 ms  ComputeLibInputsFromProject                1 calls
        0 ms  AfterRebuild                               1 calls
        0 ms  _Appverifier                               1 calls
        0 ms  SelectClCompile                            1 calls
        0 ms  _Deploy                                    1 calls
        0 ms  FixupCLCompileOptions                      1 calls
        0 ms  _PopulateCommonStateForGetCopyToOutputDirectoryItems   1 calls
        0 ms  FindReferenceAssembliesForReferences       1 calls
        0 ms  ComputeCLInputPDBName                      1 calls
        0 ms  BeforeClCompile                            1 calls
        0 ms  BuildCompileTraverse                       1 calls
        0 ms  BuildGenerateSources                       1 calls
        0 ms  AfterClCompile                             1 calls
        0 ms  _BuildGenerateSourcesAction                1 calls
        0 ms  _GenerateSatelliteAssemblyInputs           1 calls
        0 ms  MakeDirsForLib                             1 calls
        0 ms  AssignTargetPaths                          1 calls
        0 ms  BuiltProjectOutputGroup                    1 calls
        0 ms  _BscMake                                   1 calls
        0 ms  MakeDirsForBscMake                         1 calls
        0 ms  SatelliteDllsProjectOutputGroup            1 calls
        0 ms  _XdcMake                                   1 calls
        0 ms  MakeDirsForXdcMake                         1 calls
        0 ms  ComputeCLCompileGeneratedXDCFiles          1 calls
        0 ms  ResolvedXDCMake                            1 calls
        0 ms  RegisterOutput                             1 calls
        0 ms  ComputeReferenceLibInputs                  1 calls
        0 ms  _Manifest                                  1 calls
        0 ms  ComputeLegacyManifestEmbedding             1 calls
        0 ms  BuildLinkTraverse                          1 calls
        0 ms  BuildCompile                               1 calls
        0 ms  _BuildCompileAction                        1 calls
        0 ms  AfterBuildCompileEvent                     1 calls
        0 ms  _Lib                                       1 calls
        0 ms  AfterLib                                   1 calls
        0 ms  MakeDirsForFxc                             1 calls
        0 ms  PreLinkEvent                               1 calls
        0 ms  DoLibOutputFilesMatch                      1 calls
        0 ms  _ALink                                     1 calls
        0 ms  CreateCustomManifestResourceNames          1 calls
        0 ms  AfterBuildGenerateSourcesEvent             1 calls
        0 ms  _Midl                                      1 calls
        0 ms  PostBuildEvent                             1 calls
        0 ms  _RemoveNameMetadataFromProjectReferenceItems   1 calls
        0 ms  BeforeResolveReferences                    1 calls
        0 ms  _BuildLinkAction                           1 calls
        0 ms  _PrepareForBuild                           1 calls
        0 ms  Clean                                      1 calls
        0 ms  CppClean                                   1 calls
        0 ms  PGInstrumentedClean                        1 calls
        0 ms  AfterCppClean                              1 calls
        0 ms  AfterBuildGenerateSources                  1 calls
        0 ms  BuildLink                                  1 calls
        0 ms  AfterClean                                 1 calls
        0 ms  AfterBuild                                 1 calls
        0 ms  CleanReferencedProjects                    1 calls
        0 ms  PrepareProjectReferences                   1 calls
        0 ms  _GetProjectReferenceTargetFrameworkProperties   1 calls
        0 ms  IncrementalClean                           1 calls
        0 ms  BeforeClean                                1 calls
        0 ms  BeforeRebuild                              1 calls
        0 ms  Build                                      1 calls
        0 ms  BeforeCppClean                             1 calls
        0 ms  SetBuildDefaultEnvironmentVariables        1 calls
        0 ms  GetFrameworkPaths                          1 calls
        0 ms  _CheckWindowsSDKInstalled                  1 calls
        0 ms  AfterMidl                                  1 calls
        0 ms  ComputeMIDLGeneratedCompileInputs          1 calls
        0 ms  MakeDirsForMidl                            1 calls
        0 ms  _Xsd                                       1 calls
        0 ms  GetCopyToOutputDirectoryXamlAppDefs        1 calls
        0 ms  _GetCopyToOutputDirectoryItemsFromThisProject   1 calls
        0 ms  _CopySourceItemsToOutputDirectory          1 calls
        0 ms  GetResolvedWinMD                           1 calls
        0 ms  _SelectedFiles                             1 calls
        0 ms  PreBuildEvent                              1 calls
        0 ms  SelectCustomBuild                          1 calls
        0 ms  BuildGenerateSourcesTraverse               1 calls
        0 ms  SetCABuildNativeEnvironmentVariables       1 calls
        0 ms  PrepareForRun                              1 calls
        0 ms  ResolveSDKReferences                       1 calls
        0 ms  BeforeBuildGenerateSources                 1 calls
        0 ms  ExpandSDKReferences                        1 calls
        0 ms  PrepareResourceNames                       1 calls
        0 ms  AfterResolveReferences                     1 calls
        0 ms  ResolveReferences                          1 calls
        0 ms  _CheckForCompileOutputs                    1 calls
        0 ms  ResolveAssemblyReferences                  1 calls
        1 ms  GetReferenceAssemblyPaths                  1 calls
        1 ms  ComputeReferenceCLInput                    1 calls
        1 ms  _PrepareForRebuild                         1 calls
        1 ms  SplitResourcesByCulture                    1 calls
        1 ms  _CleanGetCurrentAndPriorFileWrites         1 calls
        1 ms  _SplitProjectReferencesByFileExistence     1 calls
        1 ms  FinalizeBuildStatus                        1 calls
        1 ms  Rebuild                                    1 calls
        1 ms  AssignProjectConfiguration                 1 calls
        1 ms  ComputeCLOutputs                           1 calls
        1 ms  CleanPublishFolder                         1 calls
        1 ms  ComputeCustomBuildOutput                   1 calls
        1 ms  _PrepareForReferenceResolution             1 calls
        1 ms  CopyFileToFolders                          1 calls
        1 ms  CopyFilesToOutputDirectory                 1 calls
        2 ms  _PrepareForClean                           1 calls
        2 ms  ComputeCLCompileGeneratedSbrFiles          1 calls
        3 ms  CustomBuild                                1 calls
        3 ms  InitializeBuildStatus                      1 calls
        3 ms  WarnCompileDuplicatedFilename              1 calls
        4 ms  CoreClean                                  1 calls
        4 ms  MakeDirsForCl                              1 calls
        5 ms  SetTelemetryEnvironmentVariables           1 calls
        6 ms  CreateRecipeFile                           1 calls
        7 ms  PrepareForBuild                            1 calls
        8 ms  _GetCopyToOutputDirectoryItemsFromTransitiveProjectReferences   1 calls
        9 ms  GetCopyToOutputDirectoryItems              1 calls
       10 ms  ContentFilesProjectOutputGroup             1 calls
       12 ms  _CheckForInvalidConfigurationAndPlatform   1 calls
       26 ms  ResolvedLinkLib                            1 calls
      120 ms  CoreCppClean                               1 calls
      531 ms  Lib                                        1 calls
      744 ms  ResolveProjectReferences                   1 calls
    19462 ms  ClCompile                                  1 calls

Task Performance Summary:
        0 ms  ConvertToAbsolutePath                      1 calls
        0 ms  CreateItem                                 2 calls
        0 ms  ReadLinesFromFile                          3 calls
        0 ms  RemoveDuplicates                           3 calls
        0 ms  AssignTargetPath                           7 calls
        1 ms  AssignCulture                              1 calls
        1 ms  CheckVCToolsetVersion                      1 calls
        1 ms  ResolveNonMSBuildProjectOutput             1 calls
        1 ms  SetEnv                                     8 calls
        1 ms  AssignProjectConfiguration                 1 calls
        1 ms  Message                                    3 calls
        2 ms  FindUnderPath                              7 calls
        2 ms  Touch                                      2 calls
        2 ms  MakeDir                                   12 calls
        3 ms  Delete                                     7 calls
        4 ms  GetOutOfDateItems                          3 calls
        6 ms  GenerateDesktopDeployRecipe                1 calls
        8 ms  CallTarget                                 2 calls
       23 ms  CppClean                                   1 calls
       99 ms  WriteLinesToFile                           3 calls
      531 ms  LIB                                        1 calls
      765 ms  MSBuild                                    4 calls
    19461 ms  CL                                         1 calls
