  OgreGrid2DPageStrategy.cpp
  OgreGrid3DPageStrategy.cpp
  OgrePage.cpp
  OgrePageContent.cpp
  OgrePageContentCollection.cpp
  OgrePageManager.cpp
  OgrePagedWorld.cpp
  OgrePagedWorldSection.cpp
C:\Hooman\GBC\GAME3121\ogre\OgreMain\include\OgreRenderSystem.h(962,1): warning C4267: 'argument': conversion from 'size_t' to 'const T', possible loss of data
          with
          [
              T=long
          ] (compiling source file C:\Hooman\GBC\GAME3121\ogre\Components\Paging\src\OgrePage.cpp)
C:\Hooman\GBC\GAME3121\ogre\OgreMain\include\OgreRenderSystem.h(962,1): warning C4267: 'argument': conversion from 'size_t' to 'const T', possible loss of data
          with
          [
              T=long
          ] (compiling source file C:\Hooman\GBC\GAME3121\ogre\Components\Paging\src\OgreGrid3DPageStrategy.cpp)
  OgreSimplePageContentCollection.cpp
C:\Hooman\GBC\GAME3121\ogre\OgreMain\include\OgreRenderSystem.h(962,1): warning C4267: 'argument': conversion from 'size_t' to 'const T', possible loss of data
          with
          [
              T=long
          ] (compiling source file C:\Hooman\GBC\GAME3121\ogre\Components\Paging\src\OgrePagedWorldSection.cpp)
C:\Hooman\GBC\GAME3121\ogre\OgreMain\include\OgreRenderSystem.h(962,1): warning C4267: 'argument': conversion from 'size_t' to 'const T', possible loss of data
          with
          [
              T=long
          ] (compiling source file C:\Hooman\GBC\GAME3121\ogre\Components\Paging\src\OgrePageManager.cpp)
C:\Hooman\GBC\GAME3121\ogre\OgreMain\include\OgreRenderSystem.h(962,1): warning C4267: 'argument': conversion from 'size_t' to 'const T', possible loss of data
          with
          [
              T=long
          ] (compiling source file C:\Hooman\GBC\GAME3121\ogre\Components\Paging\src\OgreGrid2DPageStrategy.cpp)
     Creating library C:/Hooman/GBC/GAME3121/ogre/build/lib/Debug/OgrePaging_d.lib and object C:/Hooman/GBC/GAME3121/ogre/build/lib/Debug/OgrePaging_d.exp
  OgrePaging.vcxproj -> C:\Hooman\GBC\GAME3121\ogre\build\bin\Debug\OgrePaging_d.dll
