c:\hooman\gbc\game3121\ogre\build\samples\defaultsamples.dir\release\csmgpuconstants.obj
c:\hooman\gbc\game3121\ogre\build\samples\defaultsamples.dir\release\ssaologic.obj
c:\hooman\gbc\game3121\ogre\build\samples\defaultsamples.dir\release\randomtools.obj
c:\hooman\gbc\game3121\ogre\build\samples\defaultsamples.dir\release\rtshadersrssegmentedlights.obj
c:\hooman\gbc\game3121\ogre\build\samples\defaultsamples.dir\release\newinstancing.obj
c:\hooman\gbc\game3121\ogre\build\samples\defaultsamples.dir\release\helperlogics.obj
c:\hooman\gbc\game3121\ogre\build\samples\defaultsamples.dir\release\geomutils.obj
c:\hooman\gbc\game3121\ogre\build\samples\defaultsamples.dir\release\isosurf.obj
c:\hooman\gbc\game3121\ogre\build\samples\defaultsamples.dir\release\segmenteddynamiclightmanager.obj
c:\hooman\gbc\game3121\ogre\build\samples\defaultsamples.dir\release\volumecsg.obj
c:\hooman\gbc\game3121\ogre\build\samples\defaultsamples.dir\release\defaultsamplesplugin.obj
c:\hooman\gbc\game3121\ogre\build\samples\defaultsamples.dir\release\meshlod.obj
c:\hooman\gbc\game3121\ogre\build\samples\defaultsamples.dir\release\deferredlightcp.obj
c:\hooman\gbc\game3121\ogre\build\samples\defaultsamples.dir\release\materialgenerator.obj
c:\hooman\gbc\game3121\ogre\build\samples\defaultsamples.dir\release\materialcontrols.obj
c:\hooman\gbc\game3121\ogre\build\samples\defaultsamples.dir\release\ogreshaderexinstancedviewports.obj
c:\hooman\gbc\game3121\ogre\build\samples\defaultsamples.dir\release\shadersystemmultilight.obj
c:\hooman\gbc\game3121\ogre\build\samples\defaultsamples.dir\release\thingrenderable.obj
c:\hooman\gbc\game3121\ogre\build\samples\defaultsamples.dir\release\dlight.obj
c:\hooman\gbc\game3121\ogre\build\samples\defaultsamples.dir\release\gbuffermaterialgenerator.obj
c:\hooman\gbc\game3121\ogre\build\samples\defaultsamples.dir\release\particlegs.obj
c:\hooman\gbc\game3121\ogre\build\samples\defaultsamples.dir\release\shadersystemtexturedfog.obj
c:\hooman\gbc\game3121\ogre\build\samples\defaultsamples.dir\release\volumetex.obj
c:\hooman\gbc\game3121\ogre\build\samples\defaultsamples.dir\release\ambientlight.obj
c:\hooman\gbc\game3121\ogre\build\samples\defaultsamples.dir\release\gbufferschemehandler.obj
c:\hooman\gbc\game3121\ogre\build\samples\defaultsamples.dir\release\proceduraltools.obj
c:\hooman\gbc\game3121\ogre\build\samples\defaultsamples.dir\release\shadersystem.obj
c:\hooman\gbc\game3121\ogre\build\samples\defaultsamples.dir\release\volumerenderable.obj
c:\hooman\gbc\game3121\ogre\build\samples\defaultsamples.dir\release\deferredshading.obj
c:\hooman\gbc\game3121\ogre\build\samples\defaultsamples.dir\release\perlinnoiseterraingenerator.obj
c:\hooman\gbc\game3121\ogre\build\samples\defaultsamples.dir\release\proceduralmanualobject.obj
c:\hooman\gbc\game3121\ogre\build\samples\defaultsamples.dir\release\shaderexreflectionmap.obj
c:\hooman\gbc\game3121\ogre\build\samples\defaultsamples.dir\release\compute.obj
c:\hooman\gbc\game3121\ogre\build\samples\defaultsamples.dir\release\watermesh.obj
c:\hooman\gbc\game3121\ogre\build\samples\defaultsamples.dir\release\shadowcamerasetupstablecsm.obj
c:\hooman\gbc\game3121\ogre\build\samples\defaultsamples.dir\release\lightmaterialgenerator.obj
c:\hooman\gbc\game3121\ogre\build\samples\defaultsamples.dir\release\roomobject.obj
c:\hooman\gbc\game3121\ogre\build\samples\defaultsamples.dir\release\rtshadersrstexturedfog.obj
c:\hooman\gbc\game3121\ogre\build\samples\defaultsamples.dir\release\volumeterrain.obj
c:\hooman\gbc\game3121\ogre\build\lib\release\defaultsamples.lib
c:\hooman\gbc\game3121\ogre\build\lib\release\defaultsamples.exp
c:\hooman\gbc\game3121\ogre\build\bin\release\defaultsamples.dll
c:\hooman\gbc\game3121\ogre\build\samples\defaultsamples.dir\release\defaultsamples.tlog\cl.13280.write.1.tlog
c:\hooman\gbc\game3121\ogre\build\samples\defaultsamples.dir\release\defaultsamples.tlog\cl.command.1.tlog
c:\hooman\gbc\game3121\ogre\build\samples\defaultsamples.dir\release\defaultsamples.tlog\cl.read.1.tlog
c:\hooman\gbc\game3121\ogre\build\samples\defaultsamples.dir\release\defaultsamples.tlog\defaultsamples.write.1u.tlog
c:\hooman\gbc\game3121\ogre\build\samples\defaultsamples.dir\release\defaultsamples.tlog\link.command.1.tlog
c:\hooman\gbc\game3121\ogre\build\samples\defaultsamples.dir\release\defaultsamples.tlog\link.read.1.tlog
c:\hooman\gbc\game3121\ogre\build\samples\defaultsamples.dir\release\defaultsamples.tlog\link.write.1.tlog
