  DefaultSamplesPlugin.cpp
  CSMGpuConstants.cpp
  ShadowCameraSetupStableCSM.cpp
  HelperLogics.cpp
  AmbientLight.cpp
  DLight.cpp
  DeferredLightCP.cpp
  DeferredShading.cpp
C:\Hooman\GBC\GAME3121\ogre\OgreMain\include\OgreRenderSystem.h(962,1): warning C4267: 'argument': conversion from 'size_t' to 'const T', possible loss of data
          with
          [
              T=long
          ] (compiling source file C:\Hooman\GBC\GAME3121\ogre\Samples\DeferredShading\src\DeferredLightCP.cpp)
C:\Hooman\GBC\GAME3121\ogre\OgreMain\include\OgreRenderSystem.h(962,1): warning C4267: 'argument': conversion from 'size_t' to 'const T', possible loss of data
          with
          [
              T=long
          ] (compiling source file C:\Hooman\GBC\GAME3121\ogre\Samples\CSMShadows\src\CSMGpuConstants.cpp)
C:\Hooman\GBC\GAME3121\ogre\OgreMain\include\OgreRenderSystem.h(962,1): warning C4267: 'argument': conversion from 'size_t' to 'const T', possible loss of data
          with
          [
              T=long
          ] (compiling source file C:\Hooman\GBC\GAME3121\ogre\Samples\CSMShadows\src\ShadowCameraSetupStableCSM.cpp)
C:\Hooman\GBC\GAME3121\ogre\OgreMain\include\OgreRenderSystem.h(962,1): warning C4267: 'argument': conversion from 'size_t' to 'const T', possible loss of data
          with
          [
              T=long
          ] (compiling source file C:\Hooman\GBC\GAME3121\ogre\Samples\Common\src\DefaultSamplesPlugin.cpp)
C:\Hooman\GBC\GAME3121\ogre\OgreMain\include\OgreRenderSystem.h(962,1): warning C4267: 'argument': conversion from 'size_t' to 'const T', possible loss of data
          with
          [
              T=long
          ] (compiling source file C:\Hooman\GBC\GAME3121\ogre\Samples\DeferredShading\src\AmbientLight.cpp)
C:\Hooman\GBC\GAME3121\ogre\OgreMain\include\OgreRenderSystem.h(962,1): warning C4267: 'argument': conversion from 'size_t' to 'const T', possible loss of data
          with
          [
              T=long
          ] (compiling source file C:\Hooman\GBC\GAME3121\ogre\Samples\DeferredShading\src\DeferredShading.cpp)
C:\Hooman\GBC\GAME3121\ogre\OgreMain\include\OgreRenderSystem.h(962,1): warning C4267: 'argument': conversion from 'size_t' to 'const T', possible loss of data
          with
          [
              T=long
          ] (compiling source file C:\Hooman\GBC\GAME3121\ogre\Samples\DeferredShading\src\DLight.cpp)
C:\Hooman\GBC\GAME3121\ogre\OgreMain\include\OgreRenderSystem.h(962,1): warning C4267: 'argument': conversion from 'size_t' to 'const T', possible loss of data
          with
          [
              T=long
          ] (compiling source file C:\Hooman\GBC\GAME3121\ogre\Samples\Compositor\src\HelperLogics.cpp)
  GBufferMaterialGenerator.cpp
C:\Hooman\GBC\GAME3121\ogre\Samples\CSMShadows\src\CSMGpuConstants.cpp(43,24): warning C4244: 'initializing': conversion from 'double' to 'Ogre::Real', possible loss of data
  GBufferSchemeHandler.cpp
C:\Hooman\GBC\GAME3121\ogre\Samples\Common\include\SdkSample.h(136,29): warning C4244: '=': conversion from 'float' to 'int', possible loss of data (compiling source file C:\Hooman\GBC\GAME3121\ogre\Samples\DeferredShading\src\DeferredShading.cpp)
C:\Hooman\GBC\GAME3121\ogre\Samples\Common\include\SdkSample.h(137,29): warning C4244: '=': conversion from 'float' to 'int', possible loss of data (compiling source file C:\Hooman\GBC\GAME3121\ogre\Samples\DeferredShading\src\DeferredShading.cpp)
  GeomUtils.cpp
C:\Hooman\GBC\GAME3121\ogre\Samples\Common\include\SdkSample.h(136,29): warning C4244: '=': conversion from 'float' to 'int', possible loss of data (compiling source file C:\Hooman\GBC\GAME3121\ogre\Samples\Common\src\DefaultSamplesPlugin.cpp)
C:\Hooman\GBC\GAME3121\ogre\Samples\Common\include\SdkSample.h(137,29): warning C4244: '=': conversion from 'float' to 'int', possible loss of data (compiling source file C:\Hooman\GBC\GAME3121\ogre\Samples\Common\src\DefaultSamplesPlugin.cpp)
C:\Hooman\GBC\GAME3121\ogre\Samples\Simple\include\AtomicCounters.h(53,17): warning C4244: 'initializing': conversion from 'double' to 'float', possible loss of data (compiling source file C:\Hooman\GBC\GAME3121\ogre\Samples\Common\src\DefaultSamplesPlugin.cpp)
C:\Hooman\GBC\GAME3121\ogre\Samples\Simple\include\AtomicCounters.h(54,17): warning C4244: 'initializing': conversion from 'double' to 'float', possible loss of data (compiling source file C:\Hooman\GBC\GAME3121\ogre\Samples\Common\src\DefaultSamplesPlugin.cpp)
C:\Hooman\GBC\GAME3121\ogre\Samples\Character\include\SinbadCharacterController.h(299,28): warning C4244: '=': conversion from 'int' to 'Ogre::Real', possible loss of data (compiling source file C:\Hooman\GBC\GAME3121\ogre\Samples\Common\src\DefaultSamplesPlugin.cpp)
  LightMaterialGenerator.cpp
C:\Hooman\GBC\GAME3121\ogre\Samples\Compositor\include\Compositor.h(688,61): warning C4244: '=': conversion from 'Ogre::Real' to 'Ogre::uint8', possible loss of data (compiling source file C:\Hooman\GBC\GAME3121\ogre\Samples\Common\src\DefaultSamplesPlugin.cpp)
C:\Hooman\GBC\GAME3121\ogre\Samples\CSMShadows\include\CSMShadows.h(94,51): warning C4244: 'argument': conversion from 'int' to 'Ogre::Real', possible loss of data (compiling source file C:\Hooman\GBC\GAME3121\ogre\Samples\Common\src\DefaultSamplesPlugin.cpp)
C:\Hooman\GBC\GAME3121\ogre\Samples\CSMShadows\include\CSMShadows.h(94,39): warning C4244: 'argument': conversion from 'int' to 'Ogre::Real', possible loss of data (compiling source file C:\Hooman\GBC\GAME3121\ogre\Samples\Common\src\DefaultSamplesPlugin.cpp)
  MaterialGenerator.cpp
C:\Hooman\GBC\GAME3121\ogre\OgreMain\include\OgreRenderSystem.h(962,1): warning C4267: 'argument': conversion from 'size_t' to 'const T', possible loss of data
          with
          [
              T=long
          ] (compiling source file C:\Hooman\GBC\GAME3121\ogre\Samples\DeferredShading\src\GBufferMaterialGenerator.cpp)
C:\Hooman\GBC\GAME3121\ogre\Samples\DeferredShading\include\DeferredShadingDemo.h(180,56): warning C4244: 'argument': conversion from 'int' to 'Ogre::Real', possible loss of data (compiling source file C:\Hooman\GBC\GAME3121\ogre\Samples\Common\src\DefaultSamplesPlugin.cpp)
C:\Hooman\GBC\GAME3121\ogre\Samples\DeferredShading\include\DeferredShadingDemo.h(184,36): warning C4244: 'argument': conversion from 'int' to 'Ogre::Real', possible loss of data (compiling source file C:\Hooman\GBC\GAME3121\ogre\Samples\Common\src\DefaultSamplesPlugin.cpp)
C:\Hooman\GBC\GAME3121\ogre\Samples\DeferredShading\include\DeferredShadingDemo.h(185,37): warning C4244: 'argument': conversion from 'int' to 'Ogre::Real', possible loss of data (compiling source file C:\Hooman\GBC\GAME3121\ogre\Samples\Common\src\DefaultSamplesPlugin.cpp)
C:\Hooman\GBC\GAME3121\ogre\Samples\DeferredShading\include\DeferredShadingDemo.h(209,63): warning C4244: 'argument': conversion from 'int' to 'Ogre::Real', possible loss of data (compiling source file C:\Hooman\GBC\GAME3121\ogre\Samples\Common\src\DefaultSamplesPlugin.cpp)
C:\Hooman\GBC\GAME3121\ogre\Samples\DeferredShading\include\DeferredShadingDemo.h(227,56): warning C4244: 'argument': conversion from 'int' to 'Ogre::Real', possible loss of data (compiling source file C:\Hooman\GBC\GAME3121\ogre\Samples\Common\src\DefaultSamplesPlugin.cpp)
C:\Hooman\GBC\GAME3121\ogre\Samples\DeferredShading\include\DeferredShadingDemo.h(231,36): warning C4244: 'argument': conversion from 'int' to 'Ogre::Real', possible loss of data (compiling source file C:\Hooman\GBC\GAME3121\ogre\Samples\Common\src\DefaultSamplesPlugin.cpp)
C:\Hooman\GBC\GAME3121\ogre\Samples\Simple\include\DynTex.h(14,58): warning C4244: 'initializing': conversion from 'Ogre::Real' to 'const unsigned int', possible loss of data (compiling source file C:\Hooman\GBC\GAME3121\ogre\Samples\Common\src\DefaultSamplesPlugin.cpp)
C:\Hooman\GBC\GAME3121\ogre\Samples\Simple\include\DynTex.h(35,83): warning C4244: 'argument': conversion from 'const unsigned int' to 'Ogre::Real', possible loss of data (compiling source file C:\Hooman\GBC\GAME3121\ogre\Samples\Common\src\DefaultSamplesPlugin.cpp)
C:\Hooman\GBC\GAME3121\ogre\Samples\Simple\include\DynTex.h(161,83): warning C4244: 'argument': conversion from 'Ogre::Real' to 'const _Ty', possible loss of data
          with
          [
              _Ty=Ogre::uint8
          ] (compiling source file C:\Hooman\GBC\GAME3121\ogre\Samples\Common\src\DefaultSamplesPlugin.cpp)
  SSAOLogic.cpp
C:\Hooman\GBC\GAME3121\ogre\OgreMain\include\OgreRenderSystem.h(962,1): warning C4267: 'argument': conversion from 'size_t' to 'const T', possible loss of data
          with
          [
              T=long
          ] (compiling source file C:\Hooman\GBC\GAME3121\ogre\Samples\DeferredShading\src\GBufferSchemeHandler.cpp)
C:\Hooman\GBC\GAME3121\ogre\Samples\Simple\include\Terrain.h(94,38): warning C4244: 'initializing': conversion from 'int' to 'Ogre::Real', possible loss of data (compiling source file C:\Hooman\GBC\GAME3121\ogre\Samples\Common\src\DefaultSamplesPlugin.cpp)
C:\Hooman\GBC\GAME3121\ogre\Samples\Simple\include\Terrain.h(95,33): warning C4244: 'initializing': conversion from 'Ogre::Real' to 'long', possible loss of data (compiling source file C:\Hooman\GBC\GAME3121\ogre\Samples\Common\src\DefaultSamplesPlugin.cpp)
C:\Hooman\GBC\GAME3121\ogre\Samples\Simple\include\Terrain.h(96,33): warning C4244: 'initializing': conversion from 'Ogre::Real' to 'long', possible loss of data (compiling source file C:\Hooman\GBC\GAME3121\ogre\Samples\Common\src\DefaultSamplesPlugin.cpp)
C:\Hooman\GBC\GAME3121\ogre\Samples\Simple\include\Terrain.h(97,31): warning C4244: 'initializing': conversion from 'Ogre::Real' to 'long', possible loss of data (compiling source file C:\Hooman\GBC\GAME3121\ogre\Samples\Common\src\DefaultSamplesPlugin.cpp)
C:\Hooman\GBC\GAME3121\ogre\Samples\Simple\include\Terrain.h(98,30): warning C4244: 'initializing': conversion from 'Ogre::Real' to 'long', possible loss of data (compiling source file C:\Hooman\GBC\GAME3121\ogre\Samples\Common\src\DefaultSamplesPlugin.cpp)
C:\Hooman\GBC\GAME3121\ogre\Samples\Simple\include\Terrain.h(112,42): warning C4244: '=': conversion from 'double' to 'Ogre::Real', possible loss of data (compiling source file C:\Hooman\GBC\GAME3121\ogre\Samples\Common\src\DefaultSamplesPlugin.cpp)
C:\Hooman\GBC\GAME3121\ogre\Samples\Simple\include\Terrain.h(114,47): warning C4244: 'initializing': conversion from 'double' to 'float', possible loss of data (compiling source file C:\Hooman\GBC\GAME3121\ogre\Samples\Common\src\DefaultSamplesPlugin.cpp)
C:\Hooman\GBC\GAME3121\ogre\Samples\Simple\include\Terrain.h(133,33): warning C4244: 'initializing': conversion from 'Ogre::Real' to 'long', possible loss of data (compiling source file C:\Hooman\GBC\GAME3121\ogre\Samples\Common\src\DefaultSamplesPlugin.cpp)
C:\Hooman\GBC\GAME3121\ogre\Samples\Simple\include\Terrain.h(134,33): warning C4244: 'initializing': conversion from 'Ogre::Real' to 'long', possible loss of data (compiling source file C:\Hooman\GBC\GAME3121\ogre\Samples\Common\src\DefaultSamplesPlugin.cpp)
C:\Hooman\GBC\GAME3121\ogre\Samples\Simple\include\Terrain.h(135,31): warning C4244: 'initializing': conversion from 'Ogre::Real' to 'long', possible loss of data (compiling source file C:\Hooman\GBC\GAME3121\ogre\Samples\Common\src\DefaultSamplesPlugin.cpp)
C:\Hooman\GBC\GAME3121\ogre\Samples\Simple\include\Terrain.h(136,30): warning C4244: 'initializing': conversion from 'Ogre::Real' to 'long', possible loss of data (compiling source file C:\Hooman\GBC\GAME3121\ogre\Samples\Common\src\DefaultSamplesPlugin.cpp)
C:\Hooman\GBC\GAME3121\ogre\Samples\Simple\include\Terrain.h(150,42): warning C4244: '=': conversion from 'double' to 'Ogre::Real', possible loss of data (compiling source file C:\Hooman\GBC\GAME3121\ogre\Samples\Common\src\DefaultSamplesPlugin.cpp)
C:\Hooman\GBC\GAME3121\ogre\Samples\Simple\include\Terrain.h(153,41): warning C4244: 'initializing': conversion from 'Ogre::Real' to 'size_t', possible loss of data (compiling source file C:\Hooman\GBC\GAME3121\ogre\Samples\Common\src\DefaultSamplesPlugin.cpp)
C:\Hooman\GBC\GAME3121\ogre\Samples\Simple\include\Terrain.h(802,75): warning C4244: '=': conversion from 'double' to 'Ogre::Real', possible loss of data (compiling source file C:\Hooman\GBC\GAME3121\ogre\Samples\Common\src\DefaultSamplesPlugin.cpp)
C:\Hooman\GBC\GAME3121\ogre\Samples\Simple\include\Terrain.h(811,75): warning C4244: '=': conversion from 'double' to 'Ogre::Real', possible loss of data (compiling source file C:\Hooman\GBC\GAME3121\ogre\Samples\Common\src\DefaultSamplesPlugin.cpp)
C:\Hooman\GBC\GAME3121\ogre\Samples\Simple\include\Terrain.h(820,75): warning C4244: '=': conversion from 'double' to 'Ogre::Real', possible loss of data (compiling source file C:\Hooman\GBC\GAME3121\ogre\Samples\Common\src\DefaultSamplesPlugin.cpp)
C:\Hooman\GBC\GAME3121\ogre\Samples\Simple\include\Grass.h(205,38): warning C4244: 'argument': conversion from 'unsigned int' to 'Ogre::Real', possible loss of data (compiling source file C:\Hooman\GBC\GAME3121\ogre\Samples\Common\src\DefaultSamplesPlugin.cpp)
C:\Hooman\GBC\GAME3121\ogre\Samples\Simple\include\Grass.h(206,38): warning C4244: 'argument': conversion from 'unsigned int' to 'Ogre::Real', possible loss of data (compiling source file C:\Hooman\GBC\GAME3121\ogre\Samples\Common\src\DefaultSamplesPlugin.cpp)
C:\Hooman\GBC\GAME3121\ogre\Samples\Simple\include\Grass.h(221,25): warning C4244: '=': conversion from 'int' to 'float', possible loss of data (compiling source file C:\Hooman\GBC\GAME3121\ogre\Samples\Common\src\DefaultSamplesPlugin.cpp)
C:\Hooman\GBC\GAME3121\ogre\Samples\Simple\include\Grass.h(222,25): warning C4244: '=': conversion from 'unsigned int' to 'float', possible loss of data (compiling source file C:\Hooman\GBC\GAME3121\ogre\Samples\Common\src\DefaultSamplesPlugin.cpp)
C:\Hooman\GBC\GAME3121\ogre\Samples\Simple\include\Grass.h(310,23): warning C4244: 'initializing': conversion from 'double' to 'Ogre::Real', possible loss of data (compiling source file C:\Hooman\GBC\GAME3121\ogre\Samples\Common\src\DefaultSamplesPlugin.cpp)
C:\Hooman\GBC\GAME3121\ogre\Samples\Simple\include\Grass.h(311,23): warning C4244: 'initializing': conversion from 'double' to 'Ogre::Real', possible loss of data (compiling source file C:\Hooman\GBC\GAME3121\ogre\Samples\Common\src\DefaultSamplesPlugin.cpp)
C:\Hooman\GBC\GAME3121\ogre\Samples\Simple\include\Grass.h(323,1): warning C4244: '+=': conversion from 'double' to 'Ogre::Real', possible loss of data (compiling source file C:\Hooman\GBC\GAME3121\ogre\Samples\Common\src\DefaultSamplesPlugin.cpp)
C:\Hooman\GBC\GAME3121\ogre\Samples\Simple\include\Grass.h(324,1): warning C4244: '+=': conversion from 'double' to 'Ogre::Real', possible loss of data (compiling source file C:\Hooman\GBC\GAME3121\ogre\Samples\Common\src\DefaultSamplesPlugin.cpp)
C:\Hooman\GBC\GAME3121\ogre\Samples\Simple\include\Lighting.h(127,27): warning C4101: 'e': unreferenced local variable (compiling source file C:\Hooman\GBC\GAME3121\ogre\Samples\Common\src\DefaultSamplesPlugin.cpp)
C:\Hooman\GBC\GAME3121\ogre\Samples\Simple\include\LightShafts.h(77,36): warning C4244: 'initializing': conversion from 'uint64_t' to 'const Ogre::Real', possible loss of data (compiling source file C:\Hooman\GBC\GAME3121\ogre\Samples\Common\src\DefaultSamplesPlugin.cpp)
C:\Hooman\GBC\GAME3121\ogre\Samples\Simple\include\LightShafts.h(97,75): warning C4244: 'argument': conversion from 'uint64_t' to 'Ogre::Real', possible loss of data (compiling source file C:\Hooman\GBC\GAME3121\ogre\Samples\Common\src\DefaultSamplesPlugin.cpp)
C:\Hooman\GBC\GAME3121\ogre\Samples\Simple\include\PBR.h(30,98): warning C4244: 'argument': conversion from 'int' to 'Ogre::Real', possible loss of data (compiling source file C:\Hooman\GBC\GAME3121\ogre\Samples\Common\src\DefaultSamplesPlugin.cpp)
C:\Hooman\GBC\GAME3121\ogre\Samples\Simple\include\PBR.h(37,77): warning C4244: 'argument': conversion from 'int' to 'Ogre::Real', possible loss of data (compiling source file C:\Hooman\GBC\GAME3121\ogre\Samples\Common\src\DefaultSamplesPlugin.cpp)
C:\Hooman\GBC\GAME3121\ogre\Samples\ShaderSystemMultiLight\include\ShaderSystemMultiLight.h(230,47): warning C4244: 'argument': conversion from 'int' to 'Ogre::Real', possible loss of data (compiling source file C:\Hooman\GBC\GAME3121\ogre\Samples\Common\src\DefaultSamplesPlugin.cpp)
C:\Hooman\GBC\GAME3121\ogre\Samples\Simple\include\Shadows.h(281,94): warning C4244: 'argument': conversion from 'int' to 'T', possible loss of data
          with
          [
              T=Ogre::Real
          ] (compiling source file C:\Hooman\GBC\GAME3121\ogre\Samples\Common\src\DefaultSamplesPlugin.cpp)
C:\Hooman\GBC\GAME3121\ogre\Samples\Simple\include\Shadows.h(281,85): warning C4244: 'argument': conversion from 'int' to 'T', possible loss of data
          with
          [
              T=Ogre::Real
          ] (compiling source file C:\Hooman\GBC\GAME3121\ogre\Samples\Common\src\DefaultSamplesPlugin.cpp)
C:\Hooman\GBC\GAME3121\ogre\Samples\Simple\include\SkyBox.h(54,44): warning C4244: 'argument': conversion from 'double' to 'T', possible loss of data
          with
          [
              T=Ogre::Real
          ] (compiling source file C:\Hooman\GBC\GAME3121\ogre\Samples\Common\src\DefaultSamplesPlugin.cpp)
C:\Hooman\GBC\GAME3121\ogre\Samples\Simple\include\Smoke.h(25,79): warning C4244: 'argument': conversion from 'double' to 'Ogre::Real', possible loss of data (compiling source file C:\Hooman\GBC\GAME3121\ogre\Samples\Common\src\DefaultSamplesPlugin.cpp)
C:\Hooman\GBC\GAME3121\ogre\Samples\Simple\include\Smoke.h(26,52): warning C4244: 'argument': conversion from 'double' to 'Ogre::Real', possible loss of data (compiling source file C:\Hooman\GBC\GAME3121\ogre\Samples\Common\src\DefaultSamplesPlugin.cpp)
C:\Hooman\GBC\GAME3121\ogre\Samples\Simple\include\TextureArray.h(82,38): warning C4244: 'argument': conversion from 'int' to 'float', possible loss of data (compiling source file C:\Hooman\GBC\GAME3121\ogre\Samples\Common\src\DefaultSamplesPlugin.cpp)
C:\Hooman\GBC\GAME3121\ogre\Samples\Simple\include\TextureArray.h(84,48): warning C4244: 'argument': conversion from 'int' to 'float', possible loss of data (compiling source file C:\Hooman\GBC\GAME3121\ogre\Samples\Common\src\DefaultSamplesPlugin.cpp)
C:\Hooman\GBC\GAME3121\ogre\Samples\Simple\include\TextureArray.h(84,38): warning C4244: 'argument': conversion from 'int' to 'float', possible loss of data (compiling source file C:\Hooman\GBC\GAME3121\ogre\Samples\Common\src\DefaultSamplesPlugin.cpp)
C:\Hooman\GBC\GAME3121\ogre\Samples\Simple\include\TextureArray.h(85,61): warning C4244: 'argument': conversion from 'unsigned __int64' to 'float', possible loss of data (compiling source file C:\Hooman\GBC\GAME3121\ogre\Samples\Common\src\DefaultSamplesPlugin.cpp)
C:\Hooman\GBC\GAME3121\ogre\Samples\Simple\include\TextureArray.h(90,48): warning C4244: 'argument': conversion from 'int' to 'float', possible loss of data (compiling source file C:\Hooman\GBC\GAME3121\ogre\Samples\Common\src\DefaultSamplesPlugin.cpp)
C:\Hooman\GBC\GAME3121\ogre\Samples\Simple\include\TextureArray.h(90,38): warning C4244: 'argument': conversion from 'int' to 'float', possible loss of data (compiling source file C:\Hooman\GBC\GAME3121\ogre\Samples\Common\src\DefaultSamplesPlugin.cpp)
C:\Hooman\GBC\GAME3121\ogre\Samples\Simple\include\TextureArray.h(91,61): warning C4244: 'argument': conversion from 'unsigned __int64' to 'float', possible loss of data (compiling source file C:\Hooman\GBC\GAME3121\ogre\Samples\Common\src\DefaultSamplesPlugin.cpp)
C:\Hooman\GBC\GAME3121\ogre\Samples\Simple\include\TextureArray.h(92,41): warning C4244: 'argument': conversion from 'int' to 'float', possible loss of data (compiling source file C:\Hooman\GBC\GAME3121\ogre\Samples\Common\src\DefaultSamplesPlugin.cpp)
C:\Hooman\GBC\GAME3121\ogre\Samples\Simple\include\TextureArray.h(93,61): warning C4244: 'argument': conversion from 'unsigned __int64' to 'float', possible loss of data (compiling source file C:\Hooman\GBC\GAME3121\ogre\Samples\Common\src\DefaultSamplesPlugin.cpp)
C:\Hooman\GBC\GAME3121\ogre\Samples\Simple\include\TextureArray.h(99,52): warning C4244: 'argument': conversion from 'int' to 'Ogre::Real', possible loss of data (compiling source file C:\Hooman\GBC\GAME3121\ogre\Samples\Common\src\DefaultSamplesPlugin.cpp)
C:\Hooman\GBC\GAME3121\ogre\Samples\Simple\include\TextureArray.h(99,37): warning C4244: 'argument': conversion from 'int' to 'Ogre::Real', possible loss of data (compiling source file C:\Hooman\GBC\GAME3121\ogre\Samples\Common\src\DefaultSamplesPlugin.cpp)
C:\Hooman\GBC\GAME3121\ogre\Samples\Simple\include\TextureFX.h(48,51): warning C4244: 'argument': conversion from 'int' to 'Ogre::Real', possible loss of data (compiling source file C:\Hooman\GBC\GAME3121\ogre\Samples\Common\src\DefaultSamplesPlugin.cpp)
C:\Hooman\GBC\GAME3121\ogre\Samples\Simple\include\TextureFX.h(48,33): warning C4244: 'argument': conversion from 'int' to 'Ogre::Real', possible loss of data (compiling source file C:\Hooman\GBC\GAME3121\ogre\Samples\Common\src\DefaultSamplesPlugin.cpp)
C:\Hooman\GBC\GAME3121\ogre\Samples\Simple\include\Transparency.h(32,58): warning C4244: 'argument': conversion from 'double' to 'Ogre::Real', possible loss of data (compiling source file C:\Hooman\GBC\GAME3121\ogre\Samples\Common\src\DefaultSamplesPlugin.cpp)
C:\Hooman\GBC\GAME3121\ogre\Samples\Simple\include\Transparency.h(35,53): warning C4244: 'argument': conversion from 'double' to 'Ogre::Real', possible loss of data (compiling source file C:\Hooman\GBC\GAME3121\ogre\Samples\Common\src\DefaultSamplesPlugin.cpp)
C:\Hooman\GBC\GAME3121\ogre\Samples\Water\include\Water.h(44,21): warning C4244: 'initializing': conversion from 'double' to 'Ogre::Real', possible loss of data (compiling source file C:\Hooman\GBC\GAME3121\ogre\Samples\Common\src\DefaultSamplesPlugin.cpp)
C:\Hooman\GBC\GAME3121\ogre\Samples\Water\include\Water.h(47,53): warning C4244: 'argument': conversion from 'int' to 'Ogre::Real', possible loss of data (compiling source file C:\Hooman\GBC\GAME3121\ogre\Samples\Common\src\DefaultSamplesPlugin.cpp)
C:\Hooman\GBC\GAME3121\ogre\Samples\Water\include\Water.h(127,57): warning C4244: '=': conversion from 'double' to 'float', possible loss of data (compiling source file C:\Hooman\GBC\GAME3121\ogre\Samples\Common\src\DefaultSamplesPlugin.cpp)
C:\Hooman\GBC\GAME3121\ogre\Samples\Water\include\Water.h(129,57): warning C4244: '=': conversion from 'double' to 'float', possible loss of data (compiling source file C:\Hooman\GBC\GAME3121\ogre\Samples\Common\src\DefaultSamplesPlugin.cpp)
C:\Hooman\GBC\GAME3121\ogre\Samples\Water\include\Water.h(147,26): warning C4244: 'initializing': conversion from 'double' to 'float', possible loss of data (compiling source file C:\Hooman\GBC\GAME3121\ogre\Samples\Common\src\DefaultSamplesPlugin.cpp)
C:\Hooman\GBC\GAME3121\ogre\Samples\Water\include\Water.h(148,26): warning C4244: 'initializing': conversion from 'double' to 'float', possible loss of data (compiling source file C:\Hooman\GBC\GAME3121\ogre\Samples\Common\src\DefaultSamplesPlugin.cpp)
C:\Hooman\GBC\GAME3121\ogre\Samples\Water\include\Water.h(149,26): warning C4244: '=': conversion from 'double' to 'float', possible loss of data (compiling source file C:\Hooman\GBC\GAME3121\ogre\Samples\Common\src\DefaultSamplesPlugin.cpp)
C:\Hooman\GBC\GAME3121\ogre\Samples\Water\include\Water.h(152,24): warning C4244: '=': conversion from 'double' to 'float', possible loss of data (compiling source file C:\Hooman\GBC\GAME3121\ogre\Samples\Common\src\DefaultSamplesPlugin.cpp)
C:\Hooman\GBC\GAME3121\ogre\Samples\Water\include\Water.h(154,24): warning C4244: '=': conversion from 'double' to 'float', possible loss of data (compiling source file C:\Hooman\GBC\GAME3121\ogre\Samples\Common\src\DefaultSamplesPlugin.cpp)
C:\Hooman\GBC\GAME3121\ogre\Samples\Water\include\Water.h(333,45): warning C4244: 'argument': conversion from 'int' to 'Ogre::Real', possible loss of data (compiling source file C:\Hooman\GBC\GAME3121\ogre\Samples\Common\src\DefaultSamplesPlugin.cpp)
C:\Hooman\GBC\GAME3121\ogre\Samples\Water\include\Water.h(337,33): warning C4244: 'argument': conversion from 'int' to 'T', possible loss of data
          with
          [
              T=Ogre::Real
          ] (compiling source file C:\Hooman\GBC\GAME3121\ogre\Samples\Common\src\DefaultSamplesPlugin.cpp)
C:\Hooman\GBC\GAME3121\ogre\Samples\Water\include\Water.h(336,37): warning C4244: 'argument': conversion from 'int' to 'T', possible loss of data
          with
          [
              T=Ogre::Real
          ] (compiling source file C:\Hooman\GBC\GAME3121\ogre\Samples\Common\src\DefaultSamplesPlugin.cpp)
C:\Hooman\GBC\GAME3121\ogre\Samples\Water\include\Water.h(335,33): warning C4244: 'argument': conversion from 'int' to 'T', possible loss of data
          with
          [
              T=Ogre::Real
          ] (compiling source file C:\Hooman\GBC\GAME3121\ogre\Samples\Common\src\DefaultSamplesPlugin.cpp)
C:\Hooman\GBC\GAME3121\ogre\Samples\Water\include\Water.h(457,25): warning C4244: 'initializing': conversion from 'int' to 'float', possible loss of data (compiling source file C:\Hooman\GBC\GAME3121\ogre\Samples\Common\src\DefaultSamplesPlugin.cpp)
C:\Hooman\GBC\GAME3121\ogre\Samples\Water\include\Water.h(532,17): warning C4244: 'initializing': conversion from 'double' to 'Ogre::Real', possible loss of data (compiling source file C:\Hooman\GBC\GAME3121\ogre\Samples\Common\src\DefaultSamplesPlugin.cpp)
C:\Hooman\GBC\GAME3121\ogre\Samples\Water\include\Water.h(533,17): warning C4244: 'initializing': conversion from 'double' to 'Ogre::Real', possible loss of data (compiling source file C:\Hooman\GBC\GAME3121\ogre\Samples\Common\src\DefaultSamplesPlugin.cpp)
  PerlinNoiseTerrainGenerator.cpp
  Isosurf.cpp
  ProceduralTools.cpp
C:\Hooman\GBC\GAME3121\ogre\OgreMain\include\OgreRenderSystem.h(962,1): warning C4267: 'argument': conversion from 'size_t' to 'const T', possible loss of data
          with
          [
              T=long
          ] (compiling source file C:\Hooman\GBC\GAME3121\ogre\Samples\DeferredShading\src\SSAOLogic.cpp)
  MaterialControls.cpp
  RoomObject.cpp
  ParticleGS.cpp
C:\Hooman\GBC\GAME3121\ogre\OgreMain\include\OgreRenderSystem.h(962,1): warning C4267: 'argument': conversion from 'size_t' to 'const T', possible loss of data
          with
          [
              T=long
          ] (compiling source file C:\Hooman\GBC\GAME3121\ogre\Samples\Isosurf\src\Isosurf.cpp)
C:\Hooman\GBC\GAME3121\ogre\OgreMain\include\OgreRenderSystem.h(962,1): warning C4267: 'argument': conversion from 'size_t' to 'const T', possible loss of data
          with
          [
              T=long
          ] (compiling source file C:\Hooman\GBC\GAME3121\ogre\Samples\EndlessWorld\src\PerlinNoiseTerrainGenerator.cpp)
C:\Hooman\GBC\GAME3121\ogre\OgreMain\include\OgreRenderSystem.h(962,1): warning C4267: 'argument': conversion from 'size_t' to 'const T', possible loss of data
          with
          [
              T=long
          ] (compiling source file C:\Hooman\GBC\GAME3121\ogre\Samples\Isosurf\src\ProceduralTools.cpp)
C:\Hooman\GBC\GAME3121\ogre\Samples\OceanDemo\src\MaterialControls.cpp(115,29): warning C4101: 'e': unreferenced local variable
C:\Hooman\GBC\GAME3121\ogre\OgreMain\include\OgreRenderSystem.h(962,1): warning C4267: 'argument': conversion from 'size_t' to 'const T', possible loss of data
          with
          [
              T=long
          ] (compiling source file C:\Hooman\GBC\GAME3121\ogre\Samples\PCZTestApp\src\RoomObject.cpp)
C:\Hooman\GBC\GAME3121\ogre\OgreMain\include\OgreRenderSystem.h(962,1): warning C4267: 'argument': conversion from 'size_t' to 'const T', possible loss of data
          with
          [
              T=long
          ] (compiling source file C:\Hooman\GBC\GAME3121\ogre\Samples\ParticleGS\src\ParticleGS.cpp)
  ProceduralManualObject.cpp
  RandomTools.cpp
  OgreShaderExInstancedViewports.cpp
C:\Hooman\GBC\GAME3121\ogre\Samples\Common\include\SdkSample.h(136,29): warning C4244: '=': conversion from 'float' to 'int', possible loss of data (compiling source file C:\Hooman\GBC\GAME3121\ogre\Samples\Isosurf\src\Isosurf.cpp)
C:\Hooman\GBC\GAME3121\ogre\Samples\Common\include\SdkSample.h(137,29): warning C4244: '=': conversion from 'float' to 'int', possible loss of data (compiling source file C:\Hooman\GBC\GAME3121\ogre\Samples\Isosurf\src\Isosurf.cpp)
C:\Hooman\GBC\GAME3121\ogre\Samples\Isosurf\src\Isosurf.cpp(83,22): warning C4244: 'initializing': conversion from 'double' to 'Ogre::Real', possible loss of data
C:\Hooman\GBC\GAME3121\ogre\Samples\Isosurf\src\Isosurf.cpp(91,77): warning C4244: 'argument': conversion from 'double' to 'T', possible loss of data
          with
          [
              T=Ogre::Real
          ]
C:\Hooman\GBC\GAME3121\ogre\Samples\Isosurf\src\Isosurf.cpp(91,21): warning C4244: 'argument': conversion from 'double' to 'T', possible loss of data
          with
          [
              T=Ogre::Real
          ]
  ShaderExReflectionMap.cpp
C:\Hooman\GBC\GAME3121\ogre\OgreMain\include\OgreRenderSystem.h(962,1): warning C4267: 'argument': conversion from 'size_t' to 'const T', possible loss of data
          with
          [
              T=long
          ] (compiling source file C:\Hooman\GBC\GAME3121\ogre\Samples\ParticleGS\src\RandomTools.cpp)
  ShaderSystem.cpp
C:\Hooman\GBC\GAME3121\ogre\Samples\Common\include\SdkSample.h(136,29): warning C4244: '=': conversion from 'float' to 'int', possible loss of data (compiling source file C:\Hooman\GBC\GAME3121\ogre\Samples\ParticleGS\src\ParticleGS.cpp)
C:\Hooman\GBC\GAME3121\ogre\Samples\Common\include\SdkSample.h(137,29): warning C4244: '=': conversion from 'float' to 'int', possible loss of data (compiling source file C:\Hooman\GBC\GAME3121\ogre\Samples\ParticleGS\src\ParticleGS.cpp)
C:\Hooman\GBC\GAME3121\ogre\OgreMain\include\OgreRenderSystem.h(962,1): warning C4267: 'argument': conversion from 'size_t' to 'const T', possible loss of data
          with
          [
              T=long
          ] (compiling source file C:\Hooman\GBC\GAME3121\ogre\Samples\ShaderSystem\src\OgreShaderExInstancedViewports.cpp)
  RTShaderSRSSegmentedLights.cpp
  SegmentedDynamicLightManager.cpp
C:\Hooman\GBC\GAME3121\ogre\OgreMain\include\OgreRenderSystem.h(962,1): warning C4267: 'argument': conversion from 'size_t' to 'const T', possible loss of data
          with
          [
              T=long
          ] (compiling source file C:\Hooman\GBC\GAME3121\ogre\Samples\ShaderSystem\src\ShaderSystem.cpp)
C:\Hooman\GBC\GAME3121\ogre\OgreMain\include\OgreRenderSystem.h(962,1): warning C4267: 'argument': conversion from 'size_t' to 'const T', possible loss of data
          with
          [
              T=long
          ] (compiling source file C:\Hooman\GBC\GAME3121\ogre\Samples\ShaderSystem\src\ShaderExReflectionMap.cpp)
  ShaderSystemMultiLight.cpp
  RTShaderSRSTexturedFog.cpp
  ShaderSystemTexturedFog.cpp
C:\Hooman\GBC\GAME3121\ogre\OgreMain\include\OgreRenderSystem.h(962,1): warning C4267: 'argument': conversion from 'size_t' to 'const T', possible loss of data
          with
          [
              T=long
          ] (compiling source file C:\Hooman\GBC\GAME3121\ogre\Samples\ShaderSystemMultiLight\src\RTShaderSRSSegmentedLights.cpp)
  Compute.cpp
C:\Hooman\GBC\GAME3121\ogre\OgreMain\include\OgreRenderSystem.h(962,1): warning C4267: 'argument': conversion from 'size_t' to 'const T', possible loss of data
          with
          [
              T=long
          ] (compiling source file C:\Hooman\GBC\GAME3121\ogre\Samples\ShaderSystemMultiLight\src\SegmentedDynamicLightManager.cpp)
  MeshLod.cpp
C:\Hooman\GBC\GAME3121\ogre\OgreMain\include\OgreRenderSystem.h(962,1): warning C4267: 'argument': conversion from 'size_t' to 'const T', possible loss of data
          with
          [
              T=long
          ] (compiling source file C:\Hooman\GBC\GAME3121\ogre\Samples\ShaderSystemMultiLight\src\ShaderSystemMultiLight.cpp)
C:\Hooman\GBC\GAME3121\ogre\OgreMain\include\OgreRenderSystem.h(962,1): warning C4267: 'argument': conversion from 'size_t' to 'const T', possible loss of data
          with
          [
              T=long
          ] (compiling source file C:\Hooman\GBC\GAME3121\ogre\Samples\ShaderSystemTexturedFog\src\RTShaderSRSTexturedFog.cpp)
C:\Hooman\GBC\GAME3121\ogre\OgreMain\include\OgreRenderSystem.h(962,1): warning C4267: 'argument': conversion from 'size_t' to 'const T', possible loss of data
          with
          [
              T=long
          ] (compiling source file C:\Hooman\GBC\GAME3121\ogre\Samples\ShaderSystemTexturedFog\src\ShaderSystemTexturedFog.cpp)
C:\Hooman\GBC\GAME3121\ogre\Samples\Common\include\SdkSample.h(136,29): warning C4244: '=': conversion from 'float' to 'int', possible loss of data (compiling source file C:\Hooman\GBC\GAME3121\ogre\Samples\ShaderSystem\src\ShaderSystem.cpp)
C:\Hooman\GBC\GAME3121\ogre\Samples\Common\include\SdkSample.h(137,29): warning C4244: '=': conversion from 'float' to 'int', possible loss of data (compiling source file C:\Hooman\GBC\GAME3121\ogre\Samples\ShaderSystem\src\ShaderSystem.cpp)
C:\Hooman\GBC\GAME3121\ogre\Samples\ShaderSystem\src\ShaderSystem.cpp(232,66): warning C4244: 'argument': conversion from 'double' to 'Ogre::Real', possible loss of data
C:\Hooman\GBC\GAME3121\ogre\Samples\ShaderSystem\src\ShaderSystem.cpp(1531,61): warning C4244: 'argument': conversion from 'Ogre::Real' to 'size_t', possible loss of data
C:\Hooman\GBC\GAME3121\ogre\Samples\ShaderSystem\src\ShaderSystem.cpp(1575,73): warning C4244: 'argument': conversion from 'Ogre::Real' to 'const size_t', possible loss of data
C:\Hooman\GBC\GAME3121\ogre\Samples\ShaderSystem\src\ShaderSystem.cpp(1612,19): warning C4244: 'initializing': conversion from 'double' to 'int', possible loss of data
C:\Hooman\GBC\GAME3121\ogre\Samples\ShaderSystem\src\ShaderSystem.cpp(1613,18): warning C4244: 'initializing': conversion from 'double' to 'int', possible loss of data
C:\Hooman\GBC\GAME3121\ogre\Samples\ShaderSystem\src\ShaderSystem.cpp(1635,40): warning C4244: 'argument': conversion from 'size_t' to 'float', possible loss of data
C:\Hooman\GBC\GAME3121\ogre\Samples\ShaderSystem\src\ShaderSystem.cpp(1638,56): warning C4244: 'argument': conversion from 'int' to 'float', possible loss of data
C:\Hooman\GBC\GAME3121\ogre\Samples\ShaderSystem\src\ShaderSystem.cpp(1638,40): warning C4244: 'argument': conversion from 'size_t' to 'float', possible loss of data
C:\Hooman\GBC\GAME3121\ogre\Samples\ShaderSystem\src\ShaderSystem.cpp(1639,44): warning C4244: 'argument': conversion from 'int' to 'float', possible loss of data
C:\Hooman\GBC\GAME3121\ogre\Samples\ShaderSystem\src\ShaderSystem.cpp(1641,63): warning C4244: 'argument': conversion from 'int' to 'float', possible loss of data
C:\Hooman\GBC\GAME3121\ogre\Samples\ShaderSystem\src\ShaderSystem.cpp(1641,46): warning C4244: 'argument': conversion from 'size_t' to 'float', possible loss of data
C:\Hooman\GBC\GAME3121\ogre\Samples\ShaderSystem\src\ShaderSystem.cpp(1642,51): warning C4244: 'argument': conversion from 'int' to 'float', possible loss of data
C:\Hooman\GBC\GAME3121\ogre\Samples\ShaderSystem\src\ShaderSystem.cpp(1642,42): warning C4244: 'argument': conversion from 'int' to 'float', possible loss of data
C:\Hooman\GBC\GAME3121\ogre\Samples\ShaderSystem\src\ShaderSystem.cpp(1645,40): warning C4244: 'argument': conversion from 'size_t' to 'float', possible loss of data
C:\Hooman\GBC\GAME3121\ogre\Samples\ShaderSystem\src\ShaderSystem.cpp(1648,62): warning C4244: 'argument': conversion from 'int' to 'float', possible loss of data
C:\Hooman\GBC\GAME3121\ogre\Samples\ShaderSystem\src\ShaderSystem.cpp(1648,46): warning C4244: 'argument': conversion from 'size_t' to 'float', possible loss of data
C:\Hooman\GBC\GAME3121\ogre\Samples\ShaderSystem\src\ShaderSystem.cpp(1649,51): warning C4244: 'argument': conversion from 'int' to 'float', possible loss of data
C:\Hooman\GBC\GAME3121\ogre\Samples\ShaderSystem\src\ShaderSystem.cpp(1649,42): warning C4244: 'argument': conversion from 'int' to 'float', possible loss of data
C:\Hooman\GBC\GAME3121\ogre\Samples\ShaderSystem\src\ShaderSystem.cpp(1651,46): warning C4244: 'argument': conversion from 'size_t' to 'float', possible loss of data
C:\Hooman\GBC\GAME3121\ogre\Samples\ShaderSystem\src\ShaderSystem.cpp(1652,42): warning C4244: 'argument': conversion from 'int' to 'float', possible loss of data
C:\Hooman\GBC\GAME3121\ogre\Samples\ShaderSystem\src\ShaderSystem.cpp(1674,56): warning C4244: 'argument': conversion from 'int' to 'float', possible loss of data
C:\Hooman\GBC\GAME3121\ogre\Samples\ShaderSystem\src\ShaderSystem.cpp(1674,40): warning C4244: 'argument': conversion from 'size_t' to 'float', possible loss of data
C:\Hooman\GBC\GAME3121\ogre\Samples\ShaderSystem\src\ShaderSystem.cpp(1676,65): warning C4244: 'argument': conversion from 'size_t' to 'float', possible loss of data
C:\Hooman\GBC\GAME3121\ogre\Samples\ShaderSystem\src\ShaderSystem.cpp(1678,66): warning C4244: 'argument': conversion from 'int' to 'float', possible loss of data
C:\Hooman\GBC\GAME3121\ogre\Samples\ShaderSystem\src\ShaderSystem.cpp(1678,40): warning C4244: 'argument': conversion from 'size_t' to 'float', possible loss of data
C:\Hooman\GBC\GAME3121\ogre\Samples\ShaderSystem\src\ShaderSystem.cpp(1679,44): warning C4244: 'argument': conversion from 'int' to 'float', possible loss of data
C:\Hooman\GBC\GAME3121\ogre\Samples\ShaderSystem\src\ShaderSystem.cpp(1680,65): warning C4244: 'argument': conversion from 'size_t' to 'float', possible loss of data
C:\Hooman\GBC\GAME3121\ogre\Samples\ShaderSystem\src\ShaderSystem.cpp(1682,73): warning C4244: 'argument': conversion from 'int' to 'float', possible loss of data
C:\Hooman\GBC\GAME3121\ogre\Samples\ShaderSystem\src\ShaderSystem.cpp(1682,46): warning C4244: 'argument': conversion from 'size_t' to 'float', possible loss of data
C:\Hooman\GBC\GAME3121\ogre\Samples\ShaderSystem\src\ShaderSystem.cpp(1683,51): warning C4244: 'argument': conversion from 'int' to 'float', possible loss of data
C:\Hooman\GBC\GAME3121\ogre\Samples\ShaderSystem\src\ShaderSystem.cpp(1683,42): warning C4244: 'argument': conversion from 'int' to 'float', possible loss of data
C:\Hooman\GBC\GAME3121\ogre\Samples\ShaderSystem\src\ShaderSystem.cpp(1684,65): warning C4244: 'argument': conversion from 'size_t' to 'float', possible loss of data
C:\Hooman\GBC\GAME3121\ogre\Samples\ShaderSystem\src\ShaderSystem.cpp(1687,56): warning C4244: 'argument': conversion from 'int' to 'float', possible loss of data
C:\Hooman\GBC\GAME3121\ogre\Samples\ShaderSystem\src\ShaderSystem.cpp(1687,40): warning C4244: 'argument': conversion from 'size_t' to 'float', possible loss of data
C:\Hooman\GBC\GAME3121\ogre\Samples\ShaderSystem\src\ShaderSystem.cpp(1689,65): warning C4244: 'argument': conversion from 'size_t' to 'float', possible loss of data
C:\Hooman\GBC\GAME3121\ogre\Samples\ShaderSystem\src\ShaderSystem.cpp(1691,72): warning C4244: 'argument': conversion from 'int' to 'float', possible loss of data
C:\Hooman\GBC\GAME3121\ogre\Samples\ShaderSystem\src\ShaderSystem.cpp(1691,46): warning C4244: 'argument': conversion from 'size_t' to 'float', possible loss of data
C:\Hooman\GBC\GAME3121\ogre\Samples\ShaderSystem\src\ShaderSystem.cpp(1692,51): warning C4244: 'argument': conversion from 'int' to 'float', possible loss of data
C:\Hooman\GBC\GAME3121\ogre\Samples\ShaderSystem\src\ShaderSystem.cpp(1692,42): warning C4244: 'argument': conversion from 'int' to 'float', possible loss of data
C:\Hooman\GBC\GAME3121\ogre\Samples\ShaderSystem\src\ShaderSystem.cpp(1693,65): warning C4244: 'argument': conversion from 'size_t' to 'float', possible loss of data
C:\Hooman\GBC\GAME3121\ogre\Samples\ShaderSystem\src\ShaderSystem.cpp(1695,62): warning C4244: 'argument': conversion from 'int' to 'float', possible loss of data
C:\Hooman\GBC\GAME3121\ogre\Samples\ShaderSystem\src\ShaderSystem.cpp(1695,46): warning C4244: 'argument': conversion from 'size_t' to 'float', possible loss of data
C:\Hooman\GBC\GAME3121\ogre\Samples\ShaderSystem\src\ShaderSystem.cpp(1696,42): warning C4244: 'argument': conversion from 'int' to 'float', possible loss of data
C:\Hooman\GBC\GAME3121\ogre\Samples\ShaderSystem\src\ShaderSystem.cpp(1697,65): warning C4244: 'argument': conversion from 'size_t' to 'float', possible loss of data
  NewInstancing.cpp
  VolumeCSG.cpp
C:\Hooman\GBC\GAME3121\ogre\OgreMain\include\OgreRenderSystem.h(962,1): warning C4267: 'argument': conversion from 'size_t' to 'const T', possible loss of data
          with
          [
              T=long
          ] (compiling source file C:\Hooman\GBC\GAME3121\ogre\Samples\Simple\src\Compute.cpp)
C:\Hooman\GBC\GAME3121\ogre\OgreMain\include\OgreRenderSystem.h(962,1): warning C4267: 'argument': conversion from 'size_t' to 'const T', possible loss of data
          with
          [
              T=long
          ] (compiling source file C:\Hooman\GBC\GAME3121\ogre\Samples\Simple\src\MeshLod.cpp)
C:\Hooman\GBC\GAME3121\ogre\Samples\Common\include\SdkSample.h(136,29): warning C4244: '=': conversion from 'float' to 'int', possible loss of data (compiling source file C:\Hooman\GBC\GAME3121\ogre\Samples\ShaderSystemMultiLight\src\ShaderSystemMultiLight.cpp)
C:\Hooman\GBC\GAME3121\ogre\Samples\Common\include\SdkSample.h(137,29): warning C4244: '=': conversion from 'float' to 'int', possible loss of data (compiling source file C:\Hooman\GBC\GAME3121\ogre\Samples\ShaderSystemMultiLight\src\ShaderSystemMultiLight.cpp)
C:\Hooman\GBC\GAME3121\ogre\Samples\ShaderSystemMultiLight\include\ShaderSystemMultiLight.h(230,47): warning C4244: 'argument': conversion from 'int' to 'Ogre::Real', possible loss of data (compiling source file C:\Hooman\GBC\GAME3121\ogre\Samples\ShaderSystemMultiLight\src\ShaderSystemMultiLight.cpp)
  VolumeTerrain.cpp
C:\Hooman\GBC\GAME3121\ogre\Samples\Common\include\SdkSample.h(136,29): warning C4244: '=': conversion from 'float' to 'int', possible loss of data (compiling source file C:\Hooman\GBC\GAME3121\ogre\Samples\ShaderSystemTexturedFog\src\ShaderSystemTexturedFog.cpp)
C:\Hooman\GBC\GAME3121\ogre\Samples\Common\include\SdkSample.h(137,29): warning C4244: '=': conversion from 'float' to 'int', possible loss of data (compiling source file C:\Hooman\GBC\GAME3121\ogre\Samples\ShaderSystemTexturedFog\src\ShaderSystemTexturedFog.cpp)
C:\Hooman\GBC\GAME3121\ogre\OgreMain\include\OgreRenderSystem.h(962,1): warning C4267: 'argument': conversion from 'size_t' to 'const T', possible loss of data
          with
          [
              T=long
          ] (compiling source file C:\Hooman\GBC\GAME3121\ogre\Samples\Simple\src\NewInstancing.cpp)
C:\Hooman\GBC\GAME3121\ogre\OgreMain\include\OgreRenderSystem.h(962,1): warning C4267: 'argument': conversion from 'size_t' to 'const T', possible loss of data
          with
          [
              T=long
          ] (compiling source file C:\Hooman\GBC\GAME3121\ogre\Samples\Simple\src\VolumeCSG.cpp)
  ThingRenderable.cpp
C:\Hooman\GBC\GAME3121\ogre\Samples\Common\include\SdkSample.h(136,29): warning C4244: '=': conversion from 'float' to 'int', possible loss of data (compiling source file C:\Hooman\GBC\GAME3121\ogre\Samples\Simple\src\Compute.cpp)
C:\Hooman\GBC\GAME3121\ogre\Samples\Common\include\SdkSample.h(137,29): warning C4244: '=': conversion from 'float' to 'int', possible loss of data (compiling source file C:\Hooman\GBC\GAME3121\ogre\Samples\Simple\src\Compute.cpp)
  VolumeRenderable.cpp
  VolumeTex.cpp
C:\Hooman\GBC\GAME3121\ogre\OgreMain\include\OgreRenderSystem.h(962,1): warning C4267: 'argument': conversion from 'size_t' to 'const T', possible loss of data
          with
          [
              T=long
          ] (compiling source file C:\Hooman\GBC\GAME3121\ogre\Samples\Simple\src\VolumeTerrain.cpp)
C:\Hooman\GBC\GAME3121\ogre\Samples\Common\include\SdkSample.h(136,29): warning C4244: '=': conversion from 'float' to 'int', possible loss of data (compiling source file C:\Hooman\GBC\GAME3121\ogre\Samples\Simple\src\MeshLod.cpp)
C:\Hooman\GBC\GAME3121\ogre\Samples\Common\include\SdkSample.h(137,29): warning C4244: '=': conversion from 'float' to 'int', possible loss of data (compiling source file C:\Hooman\GBC\GAME3121\ogre\Samples\Simple\src\MeshLod.cpp)
C:\Hooman\GBC\GAME3121\ogre\Samples\Simple\src\MeshLod.cpp(169,65): warning C4267: 'argument': conversion from 'size_t' to 'unsigned int', possible loss of data
C:\Hooman\GBC\GAME3121\ogre\Samples\Simple\src\MeshLod.cpp(169,34): warning C4244: 'argument': conversion from 'size_t' to 'Ogre::Real', possible loss of data
C:\Hooman\GBC\GAME3121\ogre\Samples\Simple\src\MeshLod.cpp(328,22): warning C4244: 'initializing': conversion from 'double' to 'Ogre::Real', possible loss of data
C:\Hooman\GBC\GAME3121\ogre\Samples\Simple\src\MeshLod.cpp(406,33): warning C4244: 'initializing': conversion from 'double' to 'Ogre::Real', possible loss of data
C:\Hooman\GBC\GAME3121\ogre\Samples\Simple\src\MeshLod.cpp(406,24): warning C4244: 'initializing': conversion from 'double' to 'const Ogre::Real', possible loss of data
  WaterMesh.cpp
C:\Hooman\GBC\GAME3121\ogre\Samples\Common\include\SdkSample.h(136,29): warning C4244: '=': conversion from 'float' to 'int', possible loss of data (compiling source file C:\Hooman\GBC\GAME3121\ogre\Samples\Simple\src\VolumeCSG.cpp)
C:\Hooman\GBC\GAME3121\ogre\Samples\Common\include\SdkSample.h(137,29): warning C4244: '=': conversion from 'float' to 'int', possible loss of data (compiling source file C:\Hooman\GBC\GAME3121\ogre\Samples\Simple\src\VolumeCSG.cpp)
C:\Hooman\GBC\GAME3121\ogre\Samples\Common\include\SdkSample.h(136,29): warning C4244: '=': conversion from 'float' to 'int', possible loss of data (compiling source file C:\Hooman\GBC\GAME3121\ogre\Samples\Simple\src\NewInstancing.cpp)
C:\Hooman\GBC\GAME3121\ogre\Samples\Common\include\SdkSample.h(137,29): warning C4244: '=': conversion from 'float' to 'int', possible loss of data (compiling source file C:\Hooman\GBC\GAME3121\ogre\Samples\Simple\src\NewInstancing.cpp)
C:\Hooman\GBC\GAME3121\ogre\Samples\Simple\src\NewInstancing.cpp(631,33): warning C4244: 'argument': conversion from 'int' to 'Ogre::Real', possible loss of data
C:\Hooman\GBC\GAME3121\ogre\OgreMain\include\OgreRenderSystem.h(962,1): warning C4267: 'argument': conversion from 'size_t' to 'const T', possible loss of data
          with
          [
              T=long
          ] (compiling source file C:\Hooman\GBC\GAME3121\ogre\Samples\VolumeTex\src\VolumeTex.cpp)
C:\Hooman\GBC\GAME3121\ogre\Samples\Common\include\SdkSample.h(136,29): warning C4244: '=': conversion from 'float' to 'int', possible loss of data (compiling source file C:\Hooman\GBC\GAME3121\ogre\Samples\Simple\src\VolumeTerrain.cpp)
C:\Hooman\GBC\GAME3121\ogre\Samples\Common\include\SdkSample.h(137,29): warning C4244: '=': conversion from 'float' to 'int', possible loss of data (compiling source file C:\Hooman\GBC\GAME3121\ogre\Samples\Simple\src\VolumeTerrain.cpp)
C:\Hooman\GBC\GAME3121\ogre\OgreMain\include\OgreRenderSystem.h(962,1): warning C4267: 'argument': conversion from 'size_t' to 'const T', possible loss of data
          with
          [
              T=long
          ] (compiling source file C:\Hooman\GBC\GAME3121\ogre\Samples\Water\src\WaterMesh.cpp)
C:\Hooman\GBC\GAME3121\ogre\Samples\Common\include\SdkSample.h(136,29): warning C4244: '=': conversion from 'float' to 'int', possible loss of data (compiling source file C:\Hooman\GBC\GAME3121\ogre\Samples\VolumeTex\src\VolumeTex.cpp)
C:\Hooman\GBC\GAME3121\ogre\Samples\Common\include\SdkSample.h(137,29): warning C4244: '=': conversion from 'float' to 'int', possible loss of data (compiling source file C:\Hooman\GBC\GAME3121\ogre\Samples\VolumeTex\src\VolumeTex.cpp)
     Creating library C:/Hooman/GBC/GAME3121/ogre/build/lib/Release/DefaultSamples.lib and object C:/Hooman/GBC/GAME3121/ogre/build/lib/Release/DefaultSamples.exp
  DefaultSamples.vcxproj -> C:\Hooman\GBC\GAME3121\ogre\build\bin\Release\DefaultSamples.dll

Project Performance Summary:
        0 ms  C:\Hooman\GBC\GAME3121\ogre\build\Components\RTShaderSystem\OgreRTShaderSystem.vcxproj   4 calls
                  0 ms  GetTargetPath                              1 calls
                  0 ms  GetNativeManifest                          1 calls
                  0 ms  GetResolvedLinkLibs                        1 calls
                  0 ms  GetCopyToOutputDirectoryItems              1 calls
        0 ms  C:\Hooman\GBC\GAME3121\ogre\build\Components\Terrain\OgreTerrain.vcxproj   4 calls
                  0 ms  GetTargetPath                              1 calls
                  0 ms  GetNativeManifest                          1 calls
                  0 ms  GetResolvedLinkLibs                        1 calls
                  0 ms  GetCopyToOutputDirectoryItems              1 calls
        0 ms  C:\Hooman\GBC\GAME3121\ogre\build\OgreMain\OgreMain.vcxproj   4 calls
                  0 ms  GetTargetPath                              1 calls
                  0 ms  GetNativeManifest                          1 calls
                  0 ms  GetResolvedLinkLibs                        1 calls
                  0 ms  GetCopyToOutputDirectoryItems              1 calls
        0 ms  C:\Hooman\GBC\GAME3121\ogre\build\Components\MeshLodGenerator\OgreMeshLodGenerator.vcxproj   4 calls
                  0 ms  GetTargetPath                              1 calls
                  0 ms  GetNativeManifest                          1 calls
                  0 ms  GetResolvedLinkLibs                        1 calls
                  0 ms  GetCopyToOutputDirectoryItems              1 calls
        0 ms  C:\Hooman\GBC\GAME3121\ogre\build\Components\Overlay\OgreOverlay.vcxproj   4 calls
                  0 ms  GetTargetPath                              1 calls
                  0 ms  GetNativeManifest                          1 calls
                  0 ms  GetResolvedLinkLibs                        1 calls
                  0 ms  GetCopyToOutputDirectoryItems              1 calls
        0 ms  C:\Hooman\GBC\GAME3121\ogre\build\Components\Paging\OgrePaging.vcxproj   4 calls
                  0 ms  GetTargetPath                              1 calls
                  0 ms  GetNativeManifest                          1 calls
                  0 ms  GetResolvedLinkLibs                        1 calls
                  0 ms  GetCopyToOutputDirectoryItems              1 calls
        0 ms  C:\Hooman\GBC\GAME3121\ogre\build\PlugIns\PCZSceneManager\Plugin_PCZSceneManager.vcxproj   4 calls
                  0 ms  GetTargetPath                              1 calls
                  0 ms  GetNativeManifest                          1 calls
                  0 ms  GetResolvedLinkLibs                        1 calls
                  0 ms  GetCopyToOutputDirectoryItems              1 calls
        2 ms  C:\Hooman\GBC\GAME3121\ogre\build\Components\Bites\OgreBites.vcxproj   4 calls
                  1 ms  GetTargetPath                              1 calls
                  0 ms  GetNativeManifest                          1 calls
                  0 ms  GetResolvedLinkLibs                        1 calls
                  1 ms  GetCopyToOutputDirectoryItems              1 calls
        2 ms  C:\Hooman\GBC\GAME3121\ogre\build\Components\Volume\OgreVolume.vcxproj   4 calls
                  1 ms  GetTargetPath                              1 calls
                  0 ms  GetNativeManifest                          1 calls
                  0 ms  GetResolvedLinkLibs                        1 calls
                  1 ms  GetCopyToOutputDirectoryItems              1 calls
    18284 ms  C:\Hooman\GBC\GAME3121\ogre\build\Samples\DefaultSamples.vcxproj   1 calls
              18284 ms  Rebuild                                    1 calls

Target Performance Summary:
        0 ms  _CheckForInvalidConfigurationAndPlatform   1 calls
        0 ms  ComputeLinkSwitches                        1 calls
        0 ms  PreLinkEvent                               1 calls
        0 ms  PrepareResourceNames                       1 calls
        0 ms  CreateCustomManifestResourceNames          1 calls
        0 ms  SplitResourcesByCulture                    1 calls
        0 ms  AssignTargetPaths                          1 calls
        0 ms  ComputeManifestInputsTargets               1 calls
        0 ms  ComputeResolveLinkObj                      1 calls
        0 ms  GetResolvedLinkLibs                        2 calls
        0 ms  ComputeLinkInputsFromProject               1 calls
        0 ms  ComputeCLGeneratedLinkInputs               1 calls
        0 ms  ComputeCLOutputs                           1 calls
        0 ms  ComputeManifestGeneratedLinkerInputs       1 calls
        0 ms  ComputeRCGeneratedLinkInputs               1 calls
        0 ms  ComputeRCOutputs                           1 calls
        0 ms  BeforeLink                                 1 calls
        0 ms  BuildLinkTraverse                          1 calls
        0 ms  BuildCompile                               1 calls
        0 ms  _BuildCompileAction                        1 calls
        0 ms  AfterBuildCompileEvent                     1 calls
        0 ms  _ResourceCompile                           1 calls
        0 ms  AfterResourceCompile                       1 calls
        0 ms  MakeDirsForResourceCompile                 1 calls
        0 ms  AfterRebuild                               1 calls
        0 ms  _ClCompile                                 1 calls
        0 ms  AfterClCompile                             1 calls
        0 ms  SelectClCompile                            1 calls
        0 ms  AfterLink                                  1 calls
        0 ms  _Link                                      1 calls
        0 ms  _ALink                                     1 calls
        0 ms  _Manifest                                  1 calls
        0 ms  Build                                      1 calls
        0 ms  IncrementalClean                           1 calls
        0 ms  _CleanGetCurrentAndPriorFileWrites         1 calls
        0 ms  AfterBuild                                 1 calls
        0 ms  BuildLink                                  1 calls
        0 ms  _BuildLinkAction                           1 calls
        0 ms  PostBuildEvent                             1 calls
        0 ms  PrepareForRun                              1 calls
        0 ms  CopyFilesToOutputDirectory                 1 calls
        0 ms  _CopySourceItemsToOutputDirectory          1 calls
        0 ms  _GetCopyToOutputDirectoryItemsFromThisProject   1 calls
        0 ms  GetCopyToOutputDirectoryXamlAppDefs        1 calls
        0 ms  _PopulateCommonStateForGetCopyToOutputDirectoryItems   1 calls
        0 ms  MakeDirsForCl                              1 calls
        0 ms  _Deploy                                    1 calls
        0 ms  CreateSatelliteAssemblies                  1 calls
        0 ms  _GenerateSatelliteAssemblyInputs           1 calls
        0 ms  MakeDirsForFxc                             1 calls
        0 ms  SatelliteDllsProjectOutputGroup            1 calls
        0 ms  BuiltProjectOutputGroup                    1 calls
        0 ms  _BscMake                                   1 calls
        0 ms  MakeDirsForBscMake                         1 calls
        0 ms  ComputeCLCompileGeneratedSbrFiles          1 calls
        0 ms  _XdcMake                                   1 calls
        0 ms  MakeDirsForXdcMake                         1 calls
        0 ms  ComputeCLCompileGeneratedXDCFiles          1 calls
        0 ms  ResolvedXDCMake                            1 calls
        0 ms  RegisterOutput                             1 calls
        0 ms  _Appverifier                               1 calls
        0 ms  ComputeReferenceCLInput                    1 calls
        0 ms  BeforeResourceCompile                      1 calls
        0 ms  Rebuild                                    1 calls
        0 ms  PrepareProjectReferences                   1 calls
        0 ms  ResolveReferences                          1 calls
        0 ms  AfterResolveReferences                     1 calls
        0 ms  ExpandSDKReferences                        1 calls
        0 ms  ResolveSDKReferences                       1 calls
        0 ms  CleanReferencedProjects                    1 calls
        0 ms  CleanPublishFolder                         1 calls
        0 ms  SetCABuildNativeEnvironmentVariables       1 calls
        0 ms  AfterClean                                 1 calls
        0 ms  _PrepareForBuild                           1 calls
        0 ms  BeforeCppClean                             1 calls
        0 ms  GetResolvedWinMD                           1 calls
        0 ms  GetReferenceAssemblyPaths                  1 calls
        0 ms  GetFrameworkPaths                          1 calls
        0 ms  GetNativeManifest                          2 calls
        0 ms  GetTargetPath                              2 calls
        0 ms  CppClean                                   1 calls
        0 ms  _RemoveNameMetadataFromProjectReferenceItems   1 calls
        0 ms  BeforeResolveReferences                    1 calls
        0 ms  _PrepareForReferenceResolution             1 calls
        0 ms  FindReferenceAssembliesForReferences       1 calls
        0 ms  BuildGenerateSourcesTraverse               1 calls
        0 ms  Clean                                      1 calls
        0 ms  BeforeBuildGenerateSources                 1 calls
        0 ms  _PrepareForRebuild                         1 calls
        0 ms  BeforeRebuild                              1 calls
        0 ms  BeforeClCompile                            1 calls
        0 ms  _PrepareForClean                           1 calls
        0 ms  BuildCompileTraverse                       1 calls
        0 ms  BuildGenerateSources                       1 calls
        0 ms  _BuildGenerateSourcesAction                1 calls
        0 ms  AfterBuildGenerateSourcesEvent             1 calls
        0 ms  AfterBuildGenerateSources                  1 calls
        0 ms  _Midl                                      1 calls
        0 ms  _GetProjectReferenceTargetFrameworkProperties   1 calls
        0 ms  AfterMidl                                  1 calls
        0 ms  MakeDirsForMidl                            1 calls
        0 ms  _Xsd                                       1 calls
        0 ms  CopyFileToFolders                          1 calls
        0 ms  BeforeClean                                1 calls
        0 ms  ComputeCustomBuildOutput                   1 calls
        0 ms  SelectCustomBuild                          1 calls
        0 ms  _SelectedFiles                             1 calls
        0 ms  PreBuildEvent                              1 calls
        0 ms  ComputeMIDLGeneratedCompileInputs          1 calls
        0 ms  PGInstrumentedClean                        1 calls
        1 ms  _CheckForCompileOutputs                    1 calls
        1 ms  AfterCppClean                              1 calls
        1 ms  DoLinkOutputFilesMatch                     1 calls
        1 ms  ComputeLegacyManifestEmbedding             1 calls
        1 ms  ResolveAssemblyReferences                  1 calls
        1 ms  _CheckWindowsSDKInstalled                  1 calls
        1 ms  SetTelemetryEnvironmentVariables           1 calls
        1 ms  FinalizeBuildStatus                        1 calls
        1 ms  AssignProjectConfiguration                 1 calls
        1 ms  ComputeCLInputPDBName                      1 calls
        1 ms  MakeDirsForLink                            1 calls
        1 ms  ComputeReferenceLinkInputs                 1 calls
        1 ms  GetTargetPathWithTargetPlatformMoniker     2 calls
        1 ms  CustomBuild                                1 calls
        1 ms  ContentFilesProjectOutputGroup             1 calls
        1 ms  SetBuildDefaultEnvironmentVariables        1 calls
        1 ms  CoreClean                                  1 calls
        2 ms  _SplitProjectReferencesByFileExistence     1 calls
        2 ms  FixupCLCompileOptions                      1 calls
        2 ms  InitializeBuildStatus                      1 calls
        2 ms  ComputeLinkImportLibraryOutputsForClean    1 calls
        2 ms  CreateRecipeFile                           1 calls
        3 ms  PrepareForBuild                            1 calls
        3 ms  WarnCompileDuplicatedFilename              1 calls
        5 ms  _GetCopyToOutputDirectoryItemsFromTransitiveProjectReferences   1 calls
        5 ms  ResolvedLinkLib                            1 calls
        6 ms  GetCopyToOutputDirectoryItems              1 calls
       24 ms  CoreCppClean                               1 calls
      120 ms  ResolveProjectReferences                   1 calls
      254 ms  Link                                       1 calls
    17839 ms  ClCompile                                  1 calls

Task Performance Summary:
        0 ms  Message                                    3 calls
        0 ms  CreateItem                                 2 calls
        0 ms  AssignCulture                              1 calls
        0 ms  AssignTargetPath                           7 calls
        0 ms  GetOutOfDateItems                          3 calls
        0 ms  CheckVCToolsetVersion                      1 calls
        0 ms  ResolveNonMSBuildProjectOutput             1 calls
        0 ms  ConvertToAbsolutePath                      1 calls
        0 ms  RemoveDuplicates                           3 calls
        0 ms  FindUnderPath                              7 calls
        0 ms  ReadLinesFromFile                          3 calls
        0 ms  Delete                                     6 calls
        1 ms  GenerateDesktopDeployRecipe                1 calls
        1 ms  AssignProjectConfiguration                 1 calls
        1 ms  Touch                                      2 calls
        1 ms  SetEnv                                     8 calls
        2 ms  MakeDir                                   12 calls
        3 ms  WriteLinesToFile                           4 calls
        6 ms  CallTarget                                 2 calls
       23 ms  CppClean                                   1 calls
      131 ms  MSBuild                                    4 calls
      251 ms  Link                                       1 calls
    17835 ms  CL                                         1 calls
