c:\hooman\gbc\game3121\course materials\gameenginedevelopment\ogre-sdk-v2.1\build\rendersystems\direct3d11\rendersystem_direct3d11.dir\debug\ogred3d11hlslprogramfactory.obj
c:\hooman\gbc\game3121\course materials\gameenginedevelopment\ogre-sdk-v2.1\build\rendersystems\direct3d11\rendersystem_direct3d11.dir\debug\ogred3d11hardwarepixelbuffer.obj
c:\hooman\gbc\game3121\course materials\gameenginedevelopment\ogre-sdk-v2.1\build\rendersystems\direct3d11\rendersystem_direct3d11.dir\debug\ogred3d11stereodrivernvidia.obj
c:\hooman\gbc\game3121\course materials\gameenginedevelopment\ogre-sdk-v2.1\build\rendersystems\direct3d11\rendersystem_direct3d11.dir\debug\ogred3d11vertexdeclaration.obj
c:\hooman\gbc\game3121\course materials\gameenginedevelopment\ogre-sdk-v2.1\build\rendersystems\direct3d11\rendersystem_direct3d11.dir\debug\ogred3d11driver.obj
c:\hooman\gbc\game3121\course materials\gameenginedevelopment\ogre-sdk-v2.1\build\rendersystems\direct3d11\rendersystem_direct3d11.dir\debug\ogred3d11hardwareocclusionquery.obj
c:\hooman\gbc\game3121\course materials\gameenginedevelopment\ogre-sdk-v2.1\build\rendersystems\direct3d11\rendersystem_direct3d11.dir\debug\ogred3d11rendersystem.obj
c:\hooman\gbc\game3121\course materials\gameenginedevelopment\ogre-sdk-v2.1\build\rendersystems\direct3d11\rendersystem_direct3d11.dir\debug\ogred3d11depthbuffer.obj
c:\hooman\gbc\game3121\course materials\gameenginedevelopment\ogre-sdk-v2.1\build\rendersystems\direct3d11\rendersystem_direct3d11.dir\debug\ogred3d11multirendertarget.obj
c:\hooman\gbc\game3121\course materials\gameenginedevelopment\ogre-sdk-v2.1\build\rendersystems\direct3d11\rendersystem_direct3d11.dir\debug\ogred3d11texture.obj
c:\hooman\gbc\game3121\course materials\gameenginedevelopment\ogre-sdk-v2.1\build\rendersystems\direct3d11\rendersystem_direct3d11.dir\debug\ogred3d11device.obj
c:\hooman\gbc\game3121\course materials\gameenginedevelopment\ogre-sdk-v2.1\build\rendersystems\direct3d11\rendersystem_direct3d11.dir\debug\ogred3d11hardwarebuffermanager.obj
c:\hooman\gbc\game3121\course materials\gameenginedevelopment\ogre-sdk-v2.1\build\rendersystems\direct3d11\rendersystem_direct3d11.dir\debug\ogred3d11stereodriverbridge.obj
c:\hooman\gbc\game3121\course materials\gameenginedevelopment\ogre-sdk-v2.1\build\rendersystems\direct3d11\rendersystem_direct3d11.dir\debug\ogred3d11videomode.obj
c:\hooman\gbc\game3121\course materials\gameenginedevelopment\ogre-sdk-v2.1\build\rendersystems\direct3d11\rendersystem_direct3d11.dir\debug\ogred3d11deviceresource.obj
c:\hooman\gbc\game3121\course materials\gameenginedevelopment\ogre-sdk-v2.1\build\rendersystems\direct3d11\rendersystem_direct3d11.dir\debug\ogred3d11hardwarebuffer.obj
c:\hooman\gbc\game3121\course materials\gameenginedevelopment\ogre-sdk-v2.1\build\rendersystems\direct3d11\rendersystem_direct3d11.dir\debug\ogred3d11hardwareuniformbuffer.obj
c:\hooman\gbc\game3121\course materials\gameenginedevelopment\ogre-sdk-v2.1\build\rendersystems\direct3d11\rendersystem_direct3d11.dir\debug\ogred3d11rendertovertexbuffer.obj
c:\hooman\gbc\game3121\course materials\gameenginedevelopment\ogre-sdk-v2.1\build\rendersystems\direct3d11\rendersystem_direct3d11.dir\debug\ogred3d11texturemanager.obj
c:\hooman\gbc\game3121\course materials\gameenginedevelopment\ogre-sdk-v2.1\build\rendersystems\direct3d11\rendersystem_direct3d11.dir\debug\ogred3d11enginedll.obj
c:\hooman\gbc\game3121\course materials\gameenginedevelopment\ogre-sdk-v2.1\build\rendersystems\direct3d11\rendersystem_direct3d11.dir\debug\ogred3d11mappings.obj
c:\hooman\gbc\game3121\course materials\gameenginedevelopment\ogre-sdk-v2.1\build\rendersystems\direct3d11\rendersystem_direct3d11.dir\debug\ogred3d11stereodriveramd.obj
c:\hooman\gbc\game3121\course materials\gameenginedevelopment\ogre-sdk-v2.1\build\rendersystems\direct3d11\rendersystem_direct3d11.dir\debug\ogred3d11videomodelist.obj
c:\hooman\gbc\game3121\course materials\gameenginedevelopment\ogre-sdk-v2.1\build\rendersystems\direct3d11\rendersystem_direct3d11.dir\debug\ogred3d11driverlist.obj
c:\hooman\gbc\game3121\course materials\gameenginedevelopment\ogre-sdk-v2.1\build\rendersystems\direct3d11\rendersystem_direct3d11.dir\debug\ogred3d11hardwareindexbuffer.obj
c:\hooman\gbc\game3121\course materials\gameenginedevelopment\ogre-sdk-v2.1\build\rendersystems\direct3d11\rendersystem_direct3d11.dir\debug\ogred3d11hardwarevertexbuffer.obj
c:\hooman\gbc\game3121\course materials\gameenginedevelopment\ogre-sdk-v2.1\build\rendersystems\direct3d11\rendersystem_direct3d11.dir\debug\ogred3d11renderwindow.obj
c:\hooman\gbc\game3121\course materials\gameenginedevelopment\ogre-sdk-v2.1\build\rendersystems\direct3d11\rendersystem_direct3d11.dir\debug\ogrensightchecker.obj
c:\hooman\gbc\game3121\course materials\gameenginedevelopment\ogre-sdk-v2.1\build\rendersystems\direct3d11\rendersystem_direct3d11.dir\debug\ogred3d11hlslprogram.obj
c:\hooman\gbc\game3121\course materials\gameenginedevelopment\ogre-sdk-v2.1\build\rendersystems\direct3d11\rendersystem_direct3d11.dir\debug\ogred3d11plugin.obj
c:\hooman\gbc\game3121\course materials\gameenginedevelopment\ogre-sdk-v2.1\build\rendersystems\direct3d11\rendersystem_direct3d11.dir\debug\ogremonitorinfo.obj
c:\hooman\gbc\game3121\course materials\gameenginedevelopment\ogre-sdk-v2.1\build\rendersystems\direct3d11\rendersystem_direct3d11.dir\debug\vc142.pdb
c:\hooman\gbc\game3121\course materials\gameenginedevelopment\ogre-sdk-v2.1\build\bin\debug\rendersystem_direct3d11_d.ilk
c:\hooman\gbc\game3121\course materials\gameenginedevelopment\ogre-sdk-v2.1\build\bin\debug\rendersystem_direct3d11_d.dll
c:\hooman\gbc\game3121\course materials\gameenginedevelopment\ogre-sdk-v2.1\build\bin\debug\rendersystem_direct3d11_d.pdb
c:\hooman\gbc\game3121\course materials\gameenginedevelopment\ogre-sdk-v2.1\build\lib\debug\rendersystem_direct3d11_d.lib
c:\hooman\gbc\game3121\course materials\gameenginedevelopment\ogre-sdk-v2.1\build\lib\debug\rendersystem_direct3d11_d.exp
c:\hooman\gbc\game3121\course materials\gameenginedevelopment\ogre-sdk-v2.1\build\rendersystems\direct3d11\rendersystem_direct3d11.dir\debug\rendersy.1ef252f6.tlog\cl.30692.write.1.tlog
c:\hooman\gbc\game3121\course materials\gameenginedevelopment\ogre-sdk-v2.1\build\rendersystems\direct3d11\rendersystem_direct3d11.dir\debug\rendersy.1ef252f6.tlog\cl.command.1.tlog
c:\hooman\gbc\game3121\course materials\gameenginedevelopment\ogre-sdk-v2.1\build\rendersystems\direct3d11\rendersystem_direct3d11.dir\debug\rendersy.1ef252f6.tlog\cl.read.1.tlog
c:\hooman\gbc\game3121\course materials\gameenginedevelopment\ogre-sdk-v2.1\build\rendersystems\direct3d11\rendersystem_direct3d11.dir\debug\rendersy.1ef252f6.tlog\link.command.1.tlog
c:\hooman\gbc\game3121\course materials\gameenginedevelopment\ogre-sdk-v2.1\build\rendersystems\direct3d11\rendersystem_direct3d11.dir\debug\rendersy.1ef252f6.tlog\link.read.1.tlog
c:\hooman\gbc\game3121\course materials\gameenginedevelopment\ogre-sdk-v2.1\build\rendersystems\direct3d11\rendersystem_direct3d11.dir\debug\rendersy.1ef252f6.tlog\link.write.1.tlog
c:\hooman\gbc\game3121\course materials\gameenginedevelopment\ogre-sdk-v2.1\build\rendersystems\direct3d11\rendersystem_direct3d11.dir\debug\rendersy.1ef252f6.tlog\rendersystem_direct3d11.write.1u.tlog
